c:\bci2000.python3\build\cmakefiles\contrib\signalsource\fileplayback\release\fileplayback_core.pch
c:\bci2000.python3\build\cmakefiles\contrib\signalsource\fileplayback\fileplayback.dir\release\corepch.obj
c:\bci2000.python3\build\cmakefiles\contrib\signalsource\fileplayback\fileplayback.dir\release\winmain.obj
c:\bci2000.python3\build\cmakefiles\contrib\signalsource\fileplayback\fileplayback.dir\release\version.obj
c:\bci2000.python3\build\cmakefiles\contrib\signalsource\fileplayback\fileplayback.dir\release\bcistream_module.obj
c:\bci2000.python3\build\cmakefiles\contrib\signalsource\fileplayback\fileplayback.dir\release\coremodule.obj
c:\bci2000.python3\build\cmakefiles\contrib\signalsource\fileplayback\fileplayback.dir\release\coremain.obj
c:\bci2000.python3\build\cmakefiles\contrib\signalsource\fileplayback\fileplayback.dir\release\fileplaybackadc.obj
c:\bci2000.python3\build\cmakefiles\contrib\signalsource\fileplayback\cmakefiles\generate.stamp
c:\bci2000.python3\build\cmakefiles\contrib\signalsource\fileplayback\release\fileplayback.exe
c:\bci2000.python3\build\cmakefiles\contrib\signalsource\fileplayback\fileplayback.dir\release\version.res
c:\bci2000.python3\build\cmakefiles\contrib\signalsource\fileplayback\fileplayback.dir\release\appicon.res
c:\bci2000.python3\build\cmakefiles\contrib\signalsource\fileplayback\fileplayback.dir\release\fileplayback.tlog\cl.command.1.tlog
c:\bci2000.python3\build\cmakefiles\contrib\signalsource\fileplayback\fileplayback.dir\release\fileplayback.tlog\cl.read.1.tlog
c:\bci2000.python3\build\cmakefiles\contrib\signalsource\fileplayback\fileplayback.dir\release\fileplayback.tlog\cl.write.1.tlog
c:\bci2000.python3\build\cmakefiles\contrib\signalsource\fileplayback\fileplayback.dir\release\fileplayback.tlog\custombuild.command.1.tlog
c:\bci2000.python3\build\cmakefiles\contrib\signalsource\fileplayback\fileplayback.dir\release\fileplayback.tlog\custombuild.read.1.tlog
c:\bci2000.python3\build\cmakefiles\contrib\signalsource\fileplayback\fileplayback.dir\release\fileplayback.tlog\custombuild.write.1.tlog
c:\bci2000.python3\build\cmakefiles\contrib\signalsource\fileplayback\fileplayback.dir\release\fileplayback.tlog\link.command.1.tlog
c:\bci2000.python3\build\cmakefiles\contrib\signalsource\fileplayback\fileplayback.dir\release\fileplayback.tlog\link.read.1.tlog
c:\bci2000.python3\build\cmakefiles\contrib\signalsource\fileplayback\fileplayback.dir\release\fileplayback.tlog\link.write.1.tlog
c:\bci2000.python3\build\cmakefiles\contrib\signalsource\fileplayback\fileplayback.dir\release\fileplayback.tlog\rc.command.1.tlog
c:\bci2000.python3\build\cmakefiles\contrib\signalsource\fileplayback\fileplayback.dir\release\fileplayback.tlog\rc.read.1.tlog
c:\bci2000.python3\build\cmakefiles\contrib\signalsource\fileplayback\fileplayback.dir\release\fileplayback.tlog\rc.write.1.tlog
