c:\bci2000.python3\build\cmakefiles\core\signalprocessing\p3\release\p3signalprocessing_core.pch
c:\bci2000.python3\build\cmakefiles\core\signalprocessing\p3\p3signalprocessing.dir\release\corepch.obj
c:\bci2000.python3\build\cmakefiles\core\signalprocessing\p3\p3signalprocessing.dir\release\winmain.obj
c:\bci2000.python3\build\cmakefiles\core\signalprocessing\p3\p3signalprocessing.dir\release\version.obj
c:\bci2000.python3\build\cmakefiles\core\signalprocessing\p3\p3signalprocessing.dir\release\bcistream_module.obj
c:\bci2000.python3\build\cmakefiles\core\signalprocessing\p3\p3signalprocessing.dir\release\coremodule.obj
c:\bci2000.python3\build\cmakefiles\core\signalprocessing\p3\p3signalprocessing.dir\release\coremain.obj
c:\bci2000.python3\build\cmakefiles\core\signalprocessing\p3\p3signalprocessing.dir\release\pipedefinition.obj
c:\bci2000.python3\build\cmakefiles\core\signalprocessing\p3\cmakefiles\generate.stamp
c:\bci2000.python3\build\cmakefiles\core\signalprocessing\p3\release\p3signalprocessing.exe
c:\bci2000.python3\build\cmakefiles\core\signalprocessing\p3\p3signalprocessing.dir\release\version.res
c:\bci2000.python3\build\cmakefiles\core\signalprocessing\p3\p3signalprocessing.dir\release\appicon.res
c:\bci2000.python3\build\cmakefiles\core\signalprocessing\p3\p3signalprocessing.dir\release\p3signal.aff31969.tlog\cl.command.1.tlog
c:\bci2000.python3\build\cmakefiles\core\signalprocessing\p3\p3signalprocessing.dir\release\p3signal.aff31969.tlog\cl.read.1.tlog
c:\bci2000.python3\build\cmakefiles\core\signalprocessing\p3\p3signalprocessing.dir\release\p3signal.aff31969.tlog\cl.write.1.tlog
c:\bci2000.python3\build\cmakefiles\core\signalprocessing\p3\p3signalprocessing.dir\release\p3signal.aff31969.tlog\custombuild.command.1.tlog
c:\bci2000.python3\build\cmakefiles\core\signalprocessing\p3\p3signalprocessing.dir\release\p3signal.aff31969.tlog\custombuild.read.1.tlog
c:\bci2000.python3\build\cmakefiles\core\signalprocessing\p3\p3signalprocessing.dir\release\p3signal.aff31969.tlog\custombuild.write.1.tlog
c:\bci2000.python3\build\cmakefiles\core\signalprocessing\p3\p3signalprocessing.dir\release\p3signal.aff31969.tlog\link.command.1.tlog
c:\bci2000.python3\build\cmakefiles\core\signalprocessing\p3\p3signalprocessing.dir\release\p3signal.aff31969.tlog\link.read.1.tlog
c:\bci2000.python3\build\cmakefiles\core\signalprocessing\p3\p3signalprocessing.dir\release\p3signal.aff31969.tlog\link.write.1.tlog
c:\bci2000.python3\build\cmakefiles\core\signalprocessing\p3\p3signalprocessing.dir\release\p3signal.aff31969.tlog\rc.command.1.tlog
c:\bci2000.python3\build\cmakefiles\core\signalprocessing\p3\p3signalprocessing.dir\release\p3signal.aff31969.tlog\rc.read.1.tlog
c:\bci2000.python3\build\cmakefiles\core\signalprocessing\p3\p3signalprocessing.dir\release\p3signal.aff31969.tlog\rc.write.1.tlog
