c:\bci2000.python3\build\cmakefiles\contrib\signalsource\ripple\release\grapevine_core.pch
c:\bci2000.python3\build\cmakefiles\contrib\signalsource\ripple\grapevine.dir\release\corepch.obj
c:\bci2000.python3\build\cmakefiles\contrib\signalsource\ripple\grapevine.dir\release\winmain.obj
c:\bci2000.python3\build\cmakefiles\contrib\signalsource\ripple\grapevine.dir\release\version.obj
c:\bci2000.python3\build\cmakefiles\contrib\signalsource\ripple\grapevine.dir\release\bcistream_module.obj
c:\bci2000.python3\build\cmakefiles\contrib\signalsource\ripple\grapevine.dir\release\coremodule.obj
c:\bci2000.python3\build\cmakefiles\contrib\signalsource\ripple\grapevine.dir\release\coremain.obj
c:\bci2000.python3\build\cmakefiles\contrib\signalsource\ripple\grapevine.dir\release\grapevineadc.obj
c:\bci2000.python3\build\cmakefiles\contrib\signalsource\ripple\cmakefiles\generate.stamp
c:\bci2000.python3\build\cmakefiles\contrib\signalsource\ripple\release\grapevine.exe
c:\bci2000.python3\build\cmakefiles\contrib\signalsource\ripple\grapevine.dir\release\version.res
c:\bci2000.python3\build\cmakefiles\contrib\signalsource\ripple\grapevine.dir\release\appicon.res
c:\bci2000.python3\build\cmakefiles\contrib\signalsource\ripple\grapevine.dir\release\grapevine.tlog\cl.command.1.tlog
c:\bci2000.python3\build\cmakefiles\contrib\signalsource\ripple\grapevine.dir\release\grapevine.tlog\cl.read.1.tlog
c:\bci2000.python3\build\cmakefiles\contrib\signalsource\ripple\grapevine.dir\release\grapevine.tlog\cl.write.1.tlog
c:\bci2000.python3\build\cmakefiles\contrib\signalsource\ripple\grapevine.dir\release\grapevine.tlog\custombuild.command.1.tlog
c:\bci2000.python3\build\cmakefiles\contrib\signalsource\ripple\grapevine.dir\release\grapevine.tlog\custombuild.read.1.tlog
c:\bci2000.python3\build\cmakefiles\contrib\signalsource\ripple\grapevine.dir\release\grapevine.tlog\custombuild.write.1.tlog
c:\bci2000.python3\build\cmakefiles\contrib\signalsource\ripple\grapevine.dir\release\grapevine.tlog\link.command.1.tlog
c:\bci2000.python3\build\cmakefiles\contrib\signalsource\ripple\grapevine.dir\release\grapevine.tlog\link.read.1.tlog
c:\bci2000.python3\build\cmakefiles\contrib\signalsource\ripple\grapevine.dir\release\grapevine.tlog\link.write.1.tlog
c:\bci2000.python3\build\cmakefiles\contrib\signalsource\ripple\grapevine.dir\release\grapevine.tlog\rc.command.1.tlog
c:\bci2000.python3\build\cmakefiles\contrib\signalsource\ripple\grapevine.dir\release\grapevine.tlog\rc.read.1.tlog
c:\bci2000.python3\build\cmakefiles\contrib\signalsource\ripple\grapevine.dir\release\grapevine.tlog\rc.write.1.tlog
