c:\bci2000.python3\build\cmakefiles\core\signalprocessing\dummy\release\dummysignalprocessing_core.pch
c:\bci2000.python3\build\cmakefiles\core\signalprocessing\dummy\dummysignalprocessing.dir\release\corepch.obj
c:\bci2000.python3\build\cmakefiles\core\signalprocessing\dummy\dummysignalprocessing.dir\release\winmain.obj
c:\bci2000.python3\build\cmakefiles\core\signalprocessing\dummy\dummysignalprocessing.dir\release\version.obj
c:\bci2000.python3\build\cmakefiles\core\signalprocessing\dummy\dummysignalprocessing.dir\release\bcistream_module.obj
c:\bci2000.python3\build\cmakefiles\core\signalprocessing\dummy\dummysignalprocessing.dir\release\coremodule.obj
c:\bci2000.python3\build\cmakefiles\core\signalprocessing\dummy\dummysignalprocessing.dir\release\coremain.obj
c:\bci2000.python3\build\cmakefiles\core\signalprocessing\dummy\dummysignalprocessing.dir\release\pipedefinition.obj
c:\bci2000.python3\build\cmakefiles\core\signalprocessing\dummy\cmakefiles\generate.stamp
c:\bci2000.python3\build\cmakefiles\core\signalprocessing\dummy\release\dummysignalprocessing.exe
c:\bci2000.python3\build\cmakefiles\core\signalprocessing\dummy\dummysignalprocessing.dir\release\version.res
c:\bci2000.python3\build\cmakefiles\core\signalprocessing\dummy\dummysignalprocessing.dir\release\appicon.res
c:\bci2000.python3\build\cmakefiles\core\signalprocessing\dummy\dummysignalprocessing.dir\release\dummysig.4bc3d885.tlog\cl.command.1.tlog
c:\bci2000.python3\build\cmakefiles\core\signalprocessing\dummy\dummysignalprocessing.dir\release\dummysig.4bc3d885.tlog\cl.read.1.tlog
c:\bci2000.python3\build\cmakefiles\core\signalprocessing\dummy\dummysignalprocessing.dir\release\dummysig.4bc3d885.tlog\cl.write.1.tlog
c:\bci2000.python3\build\cmakefiles\core\signalprocessing\dummy\dummysignalprocessing.dir\release\dummysig.4bc3d885.tlog\custombuild.command.1.tlog
c:\bci2000.python3\build\cmakefiles\core\signalprocessing\dummy\dummysignalprocessing.dir\release\dummysig.4bc3d885.tlog\custombuild.read.1.tlog
c:\bci2000.python3\build\cmakefiles\core\signalprocessing\dummy\dummysignalprocessing.dir\release\dummysig.4bc3d885.tlog\custombuild.write.1.tlog
c:\bci2000.python3\build\cmakefiles\core\signalprocessing\dummy\dummysignalprocessing.dir\release\dummysig.4bc3d885.tlog\link.command.1.tlog
c:\bci2000.python3\build\cmakefiles\core\signalprocessing\dummy\dummysignalprocessing.dir\release\dummysig.4bc3d885.tlog\link.read.1.tlog
c:\bci2000.python3\build\cmakefiles\core\signalprocessing\dummy\dummysignalprocessing.dir\release\dummysig.4bc3d885.tlog\link.write.1.tlog
c:\bci2000.python3\build\cmakefiles\core\signalprocessing\dummy\dummysignalprocessing.dir\release\dummysig.4bc3d885.tlog\rc.command.1.tlog
c:\bci2000.python3\build\cmakefiles\core\signalprocessing\dummy\dummysignalprocessing.dir\release\dummysig.4bc3d885.tlog\rc.read.1.tlog
c:\bci2000.python3\build\cmakefiles\core\signalprocessing\dummy\dummysignalprocessing.dir\release\dummysig.4bc3d885.tlog\rc.write.1.tlog
