c:\bci2000.python3\build\cmakefiles\contrib\signalsource\micromed\release\micromed_core.pch
c:\bci2000.python3\build\cmakefiles\contrib\signalsource\micromed\micromed.dir\release\corepch.obj
c:\bci2000.python3\build\cmakefiles\contrib\signalsource\micromed\micromed.dir\release\winmain.obj
c:\bci2000.python3\build\cmakefiles\contrib\signalsource\micromed\micromed.dir\release\version.obj
c:\bci2000.python3\build\cmakefiles\contrib\signalsource\micromed\micromed.dir\release\bcistream_module.obj
c:\bci2000.python3\build\cmakefiles\contrib\signalsource\micromed\micromed.dir\release\coremodule.obj
c:\bci2000.python3\build\cmakefiles\contrib\signalsource\micromed\micromed.dir\release\coremain.obj
c:\bci2000.python3\build\cmakefiles\contrib\signalsource\micromed\micromed.dir\release\micromedadc.obj
c:\bci2000.python3\build\cmakefiles\contrib\signalsource\micromed\cmakefiles\generate.stamp
c:\bci2000.python3\build\cmakefiles\contrib\signalsource\micromed\release\micromed.exe
c:\bci2000.python3\build\cmakefiles\contrib\signalsource\micromed\micromed.dir\release\version.res
c:\bci2000.python3\build\cmakefiles\contrib\signalsource\micromed\micromed.dir\release\appicon.res
c:\bci2000.python3\build\cmakefiles\contrib\signalsource\micromed\micromed.dir\release\micromed.tlog\cl.command.1.tlog
c:\bci2000.python3\build\cmakefiles\contrib\signalsource\micromed\micromed.dir\release\micromed.tlog\cl.read.1.tlog
c:\bci2000.python3\build\cmakefiles\contrib\signalsource\micromed\micromed.dir\release\micromed.tlog\cl.write.1.tlog
c:\bci2000.python3\build\cmakefiles\contrib\signalsource\micromed\micromed.dir\release\micromed.tlog\custombuild.command.1.tlog
c:\bci2000.python3\build\cmakefiles\contrib\signalsource\micromed\micromed.dir\release\micromed.tlog\custombuild.read.1.tlog
c:\bci2000.python3\build\cmakefiles\contrib\signalsource\micromed\micromed.dir\release\micromed.tlog\custombuild.write.1.tlog
c:\bci2000.python3\build\cmakefiles\contrib\signalsource\micromed\micromed.dir\release\micromed.tlog\link.command.1.tlog
c:\bci2000.python3\build\cmakefiles\contrib\signalsource\micromed\micromed.dir\release\micromed.tlog\link.read.1.tlog
c:\bci2000.python3\build\cmakefiles\contrib\signalsource\micromed\micromed.dir\release\micromed.tlog\link.write.1.tlog
c:\bci2000.python3\build\cmakefiles\contrib\signalsource\micromed\micromed.dir\release\micromed.tlog\rc.command.1.tlog
c:\bci2000.python3\build\cmakefiles\contrib\signalsource\micromed\micromed.dir\release\micromed.tlog\rc.read.1.tlog
c:\bci2000.python3\build\cmakefiles\contrib\signalsource\micromed\micromed.dir\release\micromed.tlog\rc.write.1.tlog
