c:\bci2000.python3\build\cmakefiles\contrib\signalprocessing\coherence\release\coherencesignalprocessing_core.pch
c:\bci2000.python3\build\cmakefiles\contrib\signalprocessing\coherence\coherencesignalprocessing.dir\release\corepch.obj
c:\bci2000.python3\build\cmakefiles\contrib\signalprocessing\coherence\coherencesignalprocessing.dir\release\winmain.obj
c:\bci2000.python3\build\cmakefiles\contrib\signalprocessing\coherence\coherencesignalprocessing.dir\release\version.obj
c:\bci2000.python3\build\cmakefiles\contrib\signalprocessing\coherence\coherencesignalprocessing.dir\release\bcistream_module.obj
c:\bci2000.python3\build\cmakefiles\contrib\signalprocessing\coherence\coherencesignalprocessing.dir\release\coremodule.obj
c:\bci2000.python3\build\cmakefiles\contrib\signalprocessing\coherence\coherencesignalprocessing.dir\release\coremain.obj
c:\bci2000.python3\build\cmakefiles\contrib\signalprocessing\coherence\coherencesignalprocessing.dir\release\coherencefilter.obj
c:\bci2000.python3\build\cmakefiles\contrib\signalprocessing\coherence\coherencesignalprocessing.dir\release\pipedefinition.obj
c:\bci2000.python3\build\cmakefiles\contrib\signalprocessing\coherence\cmakefiles\generate.stamp
c:\bci2000.python3\build\cmakefiles\contrib\signalprocessing\coherence\release\coherencesignalprocessing.exe
c:\bci2000.python3\build\cmakefiles\contrib\signalprocessing\coherence\coherencesignalprocessing.dir\release\version.res
c:\bci2000.python3\build\cmakefiles\contrib\signalprocessing\coherence\coherencesignalprocessing.dir\release\appicon.res
c:\bci2000.python3\build\cmakefiles\contrib\signalprocessing\coherence\coherencesignalprocessing.dir\release\coherenc.0f3020e5.tlog\cl.command.1.tlog
c:\bci2000.python3\build\cmakefiles\contrib\signalprocessing\coherence\coherencesignalprocessing.dir\release\coherenc.0f3020e5.tlog\cl.read.1.tlog
c:\bci2000.python3\build\cmakefiles\contrib\signalprocessing\coherence\coherencesignalprocessing.dir\release\coherenc.0f3020e5.tlog\cl.write.1.tlog
c:\bci2000.python3\build\cmakefiles\contrib\signalprocessing\coherence\coherencesignalprocessing.dir\release\coherenc.0f3020e5.tlog\custombuild.command.1.tlog
c:\bci2000.python3\build\cmakefiles\contrib\signalprocessing\coherence\coherencesignalprocessing.dir\release\coherenc.0f3020e5.tlog\custombuild.read.1.tlog
c:\bci2000.python3\build\cmakefiles\contrib\signalprocessing\coherence\coherencesignalprocessing.dir\release\coherenc.0f3020e5.tlog\custombuild.write.1.tlog
c:\bci2000.python3\build\cmakefiles\contrib\signalprocessing\coherence\coherencesignalprocessing.dir\release\coherenc.0f3020e5.tlog\link.command.1.tlog
c:\bci2000.python3\build\cmakefiles\contrib\signalprocessing\coherence\coherencesignalprocessing.dir\release\coherenc.0f3020e5.tlog\link.read.1.tlog
c:\bci2000.python3\build\cmakefiles\contrib\signalprocessing\coherence\coherencesignalprocessing.dir\release\coherenc.0f3020e5.tlog\link.write.1.tlog
c:\bci2000.python3\build\cmakefiles\contrib\signalprocessing\coherence\coherencesignalprocessing.dir\release\coherenc.0f3020e5.tlog\rc.command.1.tlog
c:\bci2000.python3\build\cmakefiles\contrib\signalprocessing\coherence\coherencesignalprocessing.dir\release\coherenc.0f3020e5.tlog\rc.read.1.tlog
c:\bci2000.python3\build\cmakefiles\contrib\signalprocessing\coherence\coherencesignalprocessing.dir\release\coherenc.0f3020e5.tlog\rc.write.1.tlog
