c:\bci2000.python3\build\cmakefiles\extlib\portaudio\portaudio.dir\release\pa_win_coinitialize.obj
c:\bci2000.python3\build\cmakefiles\extlib\portaudio\portaudio.dir\release\pa_win_wdmks_utils.obj
c:\bci2000.python3\build\cmakefiles\extlib\portaudio\portaudio.dir\release\pa_win_waveformat.obj
c:\bci2000.python3\build\cmakefiles\extlib\portaudio\portaudio.dir\release\pa_win_util.obj
c:\bci2000.python3\build\cmakefiles\extlib\portaudio\portaudio.dir\release\pa_win_hostapis.obj
c:\bci2000.python3\build\cmakefiles\extlib\portaudio\portaudio.dir\release\pa_win_ds_dynlink.obj
c:\bci2000.python3\build\cmakefiles\extlib\portaudio\portaudio.dir\release\pa_win_ds.obj
c:\bci2000.python3\build\cmakefiles\extlib\portaudio\portaudio.dir\release\pa_trace.obj
c:\bci2000.python3\build\cmakefiles\extlib\portaudio\portaudio.dir\release\pa_stream.obj
c:\bci2000.python3\build\cmakefiles\extlib\portaudio\portaudio.dir\release\pa_ringbuffer.obj
c:\bci2000.python3\build\cmakefiles\extlib\portaudio\portaudio.dir\release\pa_process.obj
c:\bci2000.python3\build\cmakefiles\extlib\portaudio\portaudio.dir\release\pa_front.obj
c:\bci2000.python3\build\cmakefiles\extlib\portaudio\portaudio.dir\release\pa_dither.obj
c:\bci2000.python3\build\cmakefiles\extlib\portaudio\portaudio.dir\release\pa_debugprint.obj
c:\bci2000.python3\build\cmakefiles\extlib\portaudio\portaudio.dir\release\pa_cpuload.obj
c:\bci2000.python3\build\cmakefiles\extlib\portaudio\portaudio.dir\release\pa_converters.obj
c:\bci2000.python3\build\cmakefiles\extlib\portaudio\portaudio.dir\release\pa_allocation.obj
c:\bci2000.python3\build\cmakefiles\extlib\portaudio\cmakefiles\generate.stamp
c:\bci2000.python3\build\cmakefiles\extlib\portaudio\release\portaudio.lib
c:\bci2000.python3\build\cmakefiles\extlib\portaudio\portaudio.dir\release\portaudio.tlog\cl.command.1.tlog
c:\bci2000.python3\build\cmakefiles\extlib\portaudio\portaudio.dir\release\portaudio.tlog\cl.read.1.tlog
c:\bci2000.python3\build\cmakefiles\extlib\portaudio\portaudio.dir\release\portaudio.tlog\cl.write.1.tlog
c:\bci2000.python3\build\cmakefiles\extlib\portaudio\portaudio.dir\release\portaudio.tlog\custombuild.command.1.tlog
c:\bci2000.python3\build\cmakefiles\extlib\portaudio\portaudio.dir\release\portaudio.tlog\custombuild.read.1.tlog
c:\bci2000.python3\build\cmakefiles\extlib\portaudio\portaudio.dir\release\portaudio.tlog\custombuild.write.1.tlog
c:\bci2000.python3\build\cmakefiles\extlib\portaudio\portaudio.dir\release\portaudio.tlog\lib-link.read.1.tlog
c:\bci2000.python3\build\cmakefiles\extlib\portaudio\portaudio.dir\release\portaudio.tlog\lib-link.write.1.tlog
c:\bci2000.python3\build\cmakefiles\extlib\portaudio\portaudio.dir\release\portaudio.tlog\lib.command.1.tlog
