c:\bci2000.python3\build\cmakefiles\core\tools\cmdline\release\bci_stream2mat_core.pch
c:\bci2000.python3\build\cmakefiles\core\tools\cmdline\bci_stream2mat.dir\release\corepch.obj
c:\bci2000.python3\build\cmakefiles\core\tools\cmdline\bci_stream2mat.dir\release\version.obj
c:\bci2000.python3\build\cmakefiles\core\tools\cmdline\bci_stream2mat.dir\release\bcistream_tool.obj
c:\bci2000.python3\build\cmakefiles\core\tools\cmdline\bci_stream2mat.dir\release\bci_stream2mat.obj
c:\bci2000.python3\build\cmakefiles\core\tools\cmdline\bci_stream2mat.dir\release\bci_tool.obj
c:\bci2000.python3\build\cmakefiles\core\tools\cmdline\cmakefiles\generate.stamp
c:\bci2000.python3\build\cmakefiles\core\tools\cmdline\release\bci_stream2mat.exe
c:\bci2000.python3\build\cmakefiles\core\tools\cmdline\bci_stream2mat.dir\release\version.res
c:\bci2000.python3\build\cmakefiles\core\tools\cmdline\bci_stream2mat.dir\release\appicon.res
c:\bci2000.python3\build\cmakefiles\core\tools\cmdline\bci_stream2mat.dir\release\bci_stream2mat.tlog\cl.command.1.tlog
c:\bci2000.python3\build\cmakefiles\core\tools\cmdline\bci_stream2mat.dir\release\bci_stream2mat.tlog\cl.read.1.tlog
c:\bci2000.python3\build\cmakefiles\core\tools\cmdline\bci_stream2mat.dir\release\bci_stream2mat.tlog\cl.write.1.tlog
c:\bci2000.python3\build\cmakefiles\core\tools\cmdline\bci_stream2mat.dir\release\bci_stream2mat.tlog\custombuild.command.1.tlog
c:\bci2000.python3\build\cmakefiles\core\tools\cmdline\bci_stream2mat.dir\release\bci_stream2mat.tlog\custombuild.read.1.tlog
c:\bci2000.python3\build\cmakefiles\core\tools\cmdline\bci_stream2mat.dir\release\bci_stream2mat.tlog\custombuild.write.1.tlog
c:\bci2000.python3\build\cmakefiles\core\tools\cmdline\bci_stream2mat.dir\release\bci_stream2mat.tlog\link.command.1.tlog
c:\bci2000.python3\build\cmakefiles\core\tools\cmdline\bci_stream2mat.dir\release\bci_stream2mat.tlog\link.read.1.tlog
c:\bci2000.python3\build\cmakefiles\core\tools\cmdline\bci_stream2mat.dir\release\bci_stream2mat.tlog\link.write.1.tlog
c:\bci2000.python3\build\cmakefiles\core\tools\cmdline\bci_stream2mat.dir\release\bci_stream2mat.tlog\rc.command.1.tlog
c:\bci2000.python3\build\cmakefiles\core\tools\cmdline\bci_stream2mat.dir\release\bci_stream2mat.tlog\rc.read.1.tlog
c:\bci2000.python3\build\cmakefiles\core\tools\cmdline\bci_stream2mat.dir\release\bci_stream2mat.tlog\rc.write.1.tlog
