c:\bci2000.python3\build\cmakefiles\core\tools\bci2000exportqt\release\bci2000export_core.pch
c:\bci2000.python3\build\cmakefiles\core\tools\bci2000exportqt\bci2000export.dir\release\corepch.obj
c:\bci2000.python3\build\cmakefiles\core\tools\bci2000exportqt\bci2000export.dir\release\winmain.obj
c:\bci2000.python3\build\cmakefiles\core\tools\bci2000exportqt\bci2000export.dir\release\version.obj
c:\bci2000.python3\build\cmakefiles\core\tools\bci2000exportqt\bci2000export.dir\release\moc_mainwindow.obj
c:\bci2000.python3\build\cmakefiles\core\tools\bci2000exportqt\bci2000export.dir\release\qtmessagehandler.obj
c:\bci2000.python3\build\cmakefiles\core\tools\bci2000exportqt\bci2000export.dir\release\qtmain.obj
c:\bci2000.python3\build\cmakefiles\core\tools\bci2000exportqt\bci2000export.dir\release\colorlistchooser.obj
c:\bci2000.python3\build\cmakefiles\core\tools\bci2000exportqt\bci2000export.dir\release\settings.obj
c:\bci2000.python3\build\cmakefiles\core\tools\bci2000exportqt\bci2000export.dir\release\executablehelp.obj
c:\bci2000.python3\build\cmakefiles\core\tools\bci2000exportqt\bci2000export.dir\release\aboutbox.obj
c:\bci2000.python3\build\cmakefiles\core\tools\bci2000exportqt\bci2000export.dir\release\bcistream_guiapp.obj
c:\bci2000.python3\build\cmakefiles\core\tools\bci2000exportqt\bci2000export.dir\release\brainvisionconverter.obj
c:\bci2000.python3\build\cmakefiles\core\tools\bci2000exportqt\bci2000export.dir\release\asciiconverter.obj
c:\bci2000.python3\build\cmakefiles\core\tools\bci2000exportqt\bci2000export.dir\release\bcireader.obj
c:\bci2000.python3\build\cmakefiles\core\tools\bci2000exportqt\bci2000export.dir\release\mainwindow.obj
c:\bci2000.python3\build\cmakefiles\core\tools\bci2000exportqt\bci2000export.dir\release\main.obj
c:\bci2000.python3\build\cmakefiles\core\tools\bci2000exportqt\moc_mainwindow.cpp
c:\bci2000.python3\build\cmakefiles\core\tools\bci2000exportqt\cmakefiles\generate.stamp
c:\bci2000.python3\build\cmakefiles\core\tools\bci2000exportqt\release\bci2000export.exe
c:\bci2000.python3\build\cmakefiles\core\tools\bci2000exportqt\bci2000export.dir\release\version.res
c:\bci2000.python3\build\cmakefiles\core\tools\bci2000exportqt\bci2000export.dir\release\appicon.res
c:\bci2000.python3\build\cmakefiles\core\tools\bci2000exportqt\bci2000export.dir\release\bci2000export.tlog\cl.command.1.tlog
c:\bci2000.python3\build\cmakefiles\core\tools\bci2000exportqt\bci2000export.dir\release\bci2000export.tlog\cl.read.1.tlog
c:\bci2000.python3\build\cmakefiles\core\tools\bci2000exportqt\bci2000export.dir\release\bci2000export.tlog\cl.write.1.tlog
c:\bci2000.python3\build\cmakefiles\core\tools\bci2000exportqt\bci2000export.dir\release\bci2000export.tlog\custombuild.command.1.tlog
c:\bci2000.python3\build\cmakefiles\core\tools\bci2000exportqt\bci2000export.dir\release\bci2000export.tlog\custombuild.read.1.tlog
c:\bci2000.python3\build\cmakefiles\core\tools\bci2000exportqt\bci2000export.dir\release\bci2000export.tlog\custombuild.write.1.tlog
c:\bci2000.python3\build\cmakefiles\core\tools\bci2000exportqt\bci2000export.dir\release\bci2000export.tlog\link.command.1.tlog
c:\bci2000.python3\build\cmakefiles\core\tools\bci2000exportqt\bci2000export.dir\release\bci2000export.tlog\link.read.1.tlog
c:\bci2000.python3\build\cmakefiles\core\tools\bci2000exportqt\bci2000export.dir\release\bci2000export.tlog\link.write.1.tlog
c:\bci2000.python3\build\cmakefiles\core\tools\bci2000exportqt\bci2000export.dir\release\bci2000export.tlog\rc.command.1.tlog
c:\bci2000.python3\build\cmakefiles\core\tools\bci2000exportqt\bci2000export.dir\release\bci2000export.tlog\rc.read.1.tlog
c:\bci2000.python3\build\cmakefiles\core\tools\bci2000exportqt\bci2000export.dir\release\bci2000export.tlog\rc.write.1.tlog
