c:\bci2000.python3\build\cmakefiles\frameworks\sigprocmodulelib\release\bci2000frameworksigprocmodule_core.pch
c:\bci2000.python3\build\cmakefiles\frameworks\sigprocmodulelib\bci2000frameworksigprocmodule.dir\release\corepch.obj
c:\bci2000.python3\build\cmakefiles\frameworks\sigprocmodulelib\bci2000frameworksigprocmodule.dir\release\bciregistry.obj
c:\bci2000.python3\build\cmakefiles\frameworks\sigprocmodulelib\bci2000frameworksigprocmodule.dir\release\multithreading.obj
c:\bci2000.python3\build\cmakefiles\frameworks\sigprocmodulelib\bci2000frameworksigprocmodule.dir\release\randomfilter.obj
c:\bci2000.python3\build\cmakefiles\frameworks\sigprocmodulelib\bci2000frameworksigprocmodule.dir\release\averagedisplay.obj
c:\bci2000.python3\build\cmakefiles\frameworks\sigprocmodulelib\bci2000frameworksigprocmodule.dir\release\frequencyestimator.obj
c:\bci2000.python3\build\cmakefiles\frameworks\sigprocmodulelib\bci2000frameworksigprocmodule.dir\release\normalizer.obj
c:\bci2000.python3\build\cmakefiles\frameworks\sigprocmodulelib\bci2000frameworksigprocmodule.dir\release\expressionfilter.obj
c:\bci2000.python3\build\cmakefiles\frameworks\sigprocmodulelib\bci2000frameworksigprocmodule.dir\release\lpfilter.obj
c:\bci2000.python3\build\cmakefiles\frameworks\sigprocmodulelib\bci2000frameworksigprocmodule.dir\release\linearclassifier.obj
c:\bci2000.python3\build\cmakefiles\frameworks\sigprocmodulelib\bci2000frameworksigprocmodule.dir\release\p3temporalfilter.obj
c:\bci2000.python3\build\cmakefiles\frameworks\sigprocmodulelib\bci2000frameworksigprocmodule.dir\release\arfilter.obj
c:\bci2000.python3\build\cmakefiles\frameworks\sigprocmodulelib\bci2000frameworksigprocmodule.dir\release\spectralestimator.obj
c:\bci2000.python3\build\cmakefiles\frameworks\sigprocmodulelib\bci2000frameworksigprocmodule.dir\release\fftspectrum.obj
c:\bci2000.python3\build\cmakefiles\frameworks\sigprocmodulelib\bci2000frameworksigprocmodule.dir\release\arspectrum.obj
c:\bci2000.python3\build\cmakefiles\frameworks\sigprocmodulelib\bci2000frameworksigprocmodule.dir\release\spectrum.obj
c:\bci2000.python3\build\cmakefiles\frameworks\sigprocmodulelib\bci2000frameworksigprocmodule.dir\release\windowingfilter.obj
c:\bci2000.python3\build\cmakefiles\frameworks\sigprocmodulelib\bci2000frameworksigprocmodule.dir\release\threadedfilter.obj
c:\bci2000.python3\build\cmakefiles\frameworks\sigprocmodulelib\bci2000frameworksigprocmodule.dir\release\iirbandpass.obj
c:\bci2000.python3\build\cmakefiles\frameworks\sigprocmodulelib\bci2000frameworksigprocmodule.dir\release\iirfilterbase.obj
c:\bci2000.python3\build\cmakefiles\frameworks\sigprocmodulelib\bci2000frameworksigprocmodule.dir\release\spatialfilter.obj
c:\bci2000.python3\build\cmakefiles\frameworks\sigprocmodulelib\bci2000frameworksigprocmodule.dir\release\fftw3.imports.obj
c:\bci2000.python3\build\cmakefiles\frameworks\sigprocmodulelib\bci2000frameworksigprocmodule.dir\release\fftlibwrap.obj
c:\bci2000.python3\build\cmakefiles\frameworks\sigprocmodulelib\bci2000frameworksigprocmodule.dir\release\filterdesign.obj
c:\bci2000.python3\build\cmakefiles\frameworks\sigprocmodulelib\cmakefiles\generate.stamp
c:\bci2000.python3\build\cmakefiles\frameworks\sigprocmodulelib\sigprocregistry.inc
c:\bci2000.python3\build\cmakefiles\frameworks\sigprocmodulelib\release\bci2000frameworksigprocmodule.lib
c:\bci2000.python3\build\cmakefiles\frameworks\sigprocmodulelib\bci2000frameworksigprocmodule.dir\release\bci2000f.a322ea3f.tlog\cl.command.1.tlog
c:\bci2000.python3\build\cmakefiles\frameworks\sigprocmodulelib\bci2000frameworksigprocmodule.dir\release\bci2000f.a322ea3f.tlog\cl.read.1.tlog
c:\bci2000.python3\build\cmakefiles\frameworks\sigprocmodulelib\bci2000frameworksigprocmodule.dir\release\bci2000f.a322ea3f.tlog\cl.write.1.tlog
c:\bci2000.python3\build\cmakefiles\frameworks\sigprocmodulelib\bci2000frameworksigprocmodule.dir\release\bci2000f.a322ea3f.tlog\custombuild.command.1.tlog
c:\bci2000.python3\build\cmakefiles\frameworks\sigprocmodulelib\bci2000frameworksigprocmodule.dir\release\bci2000f.a322ea3f.tlog\custombuild.read.1.tlog
c:\bci2000.python3\build\cmakefiles\frameworks\sigprocmodulelib\bci2000frameworksigprocmodule.dir\release\bci2000f.a322ea3f.tlog\custombuild.write.1.tlog
c:\bci2000.python3\build\cmakefiles\frameworks\sigprocmodulelib\bci2000frameworksigprocmodule.dir\release\bci2000f.a322ea3f.tlog\lib-link.read.1.tlog
c:\bci2000.python3\build\cmakefiles\frameworks\sigprocmodulelib\bci2000frameworksigprocmodule.dir\release\bci2000f.a322ea3f.tlog\lib-link.write.1.tlog
c:\bci2000.python3\build\cmakefiles\frameworks\sigprocmodulelib\bci2000frameworksigprocmodule.dir\release\bci2000f.a322ea3f.tlog\lib.command.1.tlog
