  Generating SigProcRegistry.inc
  Building Custom Rule C:/BCI2000.python3/build/cmake/frameworks/SigProcModuleLib/CMakeLists.txt
  CMake does not need to re-run because C:/BCI2000.python3/build/CMakeFiles/frameworks/SigProcModuleLib/CMakeFiles/generate.stamp is up-to-date.
  CorePCH.cpp
  SpatialFilter.cpp
  IIRFilterBase.cpp
  IIRBandpass.cpp
  ThreadedFilter.cpp
  WindowingFilter.cpp
  Spectrum.cpp
  ARSpectrum.cpp
  FFTSpectrum.cpp
  SpectralEstimator.cpp
  ARFilter.cpp
  P3TemporalFilter.cpp
  LinearClassifier.cpp
  LPFilter.cpp
  ExpressionFilter.cpp
  Normalizer.cpp
  FrequencyEstimator.cpp
  AverageDisplay.cpp
  RandomFilter.cpp
  Multithreading.cpp
  BCIRegistry.cpp
  Generating Code...
  Compiling...
  FilterDesign.cpp
  FFTLibWrap.cpp
  fftw3.imports.cpp
  Generating Code...
  BCI2000FrameworkSigProcModule.vcxproj -> C:\BCI2000.python3\build\CMakeFiles\frameworks\SigProcModuleLib\Release\BCI2000FrameworkSigProcModule.lib
