c:\bci2000.python3\build\cmakefiles\buildutils\bootstrapcustomprojects\newbci2000filter.dir\release\templatefilter.h.in.res.obj
c:\bci2000.python3\build\cmakefiles\buildutils\bootstrapcustomprojects\newbci2000filter.dir\release\templatefilter.cpp.in.res.obj
c:\bci2000.python3\build\cmakefiles\buildutils\bootstrapcustomprojects\newbci2000filter.dir\release\templatebufferedadc.h.in.res.obj
c:\bci2000.python3\build\cmakefiles\buildutils\bootstrapcustomprojects\newbci2000filter.dir\release\templatebufferedadc.cpp.in.res.obj
c:\bci2000.python3\build\cmakefiles\buildutils\bootstrapcustomprojects\newbci2000filter.dir\release\templateapplication.h.in.res.obj
c:\bci2000.python3\build\cmakefiles\buildutils\bootstrapcustomprojects\newbci2000filter.dir\release\templateapplication.cpp.in.res.obj
c:\bci2000.python3\build\cmakefiles\buildutils\bootstrapcustomprojects\newbci2000filter.dir\release\pipedefinition.cpp.in.res.obj
c:\bci2000.python3\build\cmakefiles\buildutils\bootstrapcustomprojects\newbci2000filter.dir\release\cmakelists-signalsource.txt.in.res.obj
c:\bci2000.python3\build\cmakefiles\buildutils\bootstrapcustomprojects\newbci2000filter.dir\release\cmakelists-signalprocessing.txt.in.res.obj
c:\bci2000.python3\build\cmakefiles\buildutils\bootstrapcustomprojects\newbci2000filter.dir\release\cmakelists-application.txt.in.res.obj
c:\bci2000.python3\build\cmakefiles\buildutils\bootstrapcustomprojects\newbci2000filter.dir\release\bootstrapcustomprojects.obj
c:\bci2000.python3\build\cmakefiles\buildutils\bootstrapcustomprojects\newbci2000filter\cmakelists-application.txt.in.res.cpp
c:\bci2000.python3\build\cmakefiles\buildutils\bootstrapcustomprojects\newbci2000filter\cmakelists-signalprocessing.txt.in.res.cpp
c:\bci2000.python3\build\cmakefiles\buildutils\bootstrapcustomprojects\newbci2000filter\cmakelists-signalsource.txt.in.res.cpp
c:\bci2000.python3\build\cmakefiles\buildutils\bootstrapcustomprojects\newbci2000filter\pipedefinition.cpp.in.res.cpp
c:\bci2000.python3\build\cmakefiles\buildutils\bootstrapcustomprojects\newbci2000filter\templateapplication.cpp.in.res.cpp
c:\bci2000.python3\build\cmakefiles\buildutils\bootstrapcustomprojects\newbci2000filter\templateapplication.h.in.res.cpp
c:\bci2000.python3\build\cmakefiles\buildutils\bootstrapcustomprojects\newbci2000filter\templatebufferedadc.cpp.in.res.cpp
c:\bci2000.python3\build\cmakefiles\buildutils\bootstrapcustomprojects\newbci2000filter\templatebufferedadc.h.in.res.cpp
c:\bci2000.python3\build\cmakefiles\buildutils\bootstrapcustomprojects\newbci2000filter\templatefilter.cpp.in.res.cpp
c:\bci2000.python3\build\cmakefiles\buildutils\bootstrapcustomprojects\newbci2000filter\templatefilter.h.in.res.cpp
c:\bci2000.python3\build\cmakefiles\buildutils\bootstrapcustomprojects\cmakefiles\generate.stamp
c:\bci2000.python3\build\cmakefiles\buildutils\bootstrapcustomprojects\release\newbci2000filter.exe
c:\bci2000.python3\build\cmakefiles\buildutils\bootstrapcustomprojects\newbci2000filter.dir\release\newbci2000filter.tlog\cl.command.1.tlog
c:\bci2000.python3\build\cmakefiles\buildutils\bootstrapcustomprojects\newbci2000filter.dir\release\newbci2000filter.tlog\cl.read.1.tlog
c:\bci2000.python3\build\cmakefiles\buildutils\bootstrapcustomprojects\newbci2000filter.dir\release\newbci2000filter.tlog\cl.write.1.tlog
c:\bci2000.python3\build\cmakefiles\buildutils\bootstrapcustomprojects\newbci2000filter.dir\release\newbci2000filter.tlog\custombuild.command.1.tlog
c:\bci2000.python3\build\cmakefiles\buildutils\bootstrapcustomprojects\newbci2000filter.dir\release\newbci2000filter.tlog\custombuild.read.1.tlog
c:\bci2000.python3\build\cmakefiles\buildutils\bootstrapcustomprojects\newbci2000filter.dir\release\newbci2000filter.tlog\custombuild.write.1.tlog
c:\bci2000.python3\build\cmakefiles\buildutils\bootstrapcustomprojects\newbci2000filter.dir\release\newbci2000filter.tlog\link.command.1.tlog
c:\bci2000.python3\build\cmakefiles\buildutils\bootstrapcustomprojects\newbci2000filter.dir\release\newbci2000filter.tlog\link.read.1.tlog
c:\bci2000.python3\build\cmakefiles\buildutils\bootstrapcustomprojects\newbci2000filter.dir\release\newbci2000filter.tlog\link.write.1.tlog
