c:\bci2000.python3\build\cmakefiles\contrib\signalprocessing\sw\release\swsignalprocessing_core.pch
c:\bci2000.python3\build\cmakefiles\contrib\signalprocessing\sw\swsignalprocessing.dir\release\corepch.obj
c:\bci2000.python3\build\cmakefiles\contrib\signalprocessing\sw\swsignalprocessing.dir\release\winmain.obj
c:\bci2000.python3\build\cmakefiles\contrib\signalprocessing\sw\swsignalprocessing.dir\release\version.obj
c:\bci2000.python3\build\cmakefiles\contrib\signalprocessing\sw\swsignalprocessing.dir\release\fftw3.imports.obj
c:\bci2000.python3\build\cmakefiles\contrib\signalprocessing\sw\swsignalprocessing.dir\release\fftlibwrap.obj
c:\bci2000.python3\build\cmakefiles\contrib\signalprocessing\sw\swsignalprocessing.dir\release\bcistream_module.obj
c:\bci2000.python3\build\cmakefiles\contrib\signalprocessing\sw\swsignalprocessing.dir\release\coremodule.obj
c:\bci2000.python3\build\cmakefiles\contrib\signalprocessing\sw\swsignalprocessing.dir\release\coremain.obj
c:\bci2000.python3\build\cmakefiles\contrib\signalprocessing\sw\swsignalprocessing.dir\release\fftfilter.obj
c:\bci2000.python3\build\cmakefiles\contrib\signalprocessing\sw\swsignalprocessing.dir\release\pipedefinition.obj
c:\bci2000.python3\build\cmakefiles\contrib\signalprocessing\sw\swsignalprocessing.dir\release\swfilter.obj
c:\bci2000.python3\build\cmakefiles\contrib\signalprocessing\sw\swsignalprocessing.dir\release\setbaseline.obj
c:\bci2000.python3\build\cmakefiles\contrib\signalprocessing\sw\swsignalprocessing.dir\release\fbartecorrection.obj
c:\bci2000.python3\build\cmakefiles\contrib\signalprocessing\sw\cmakefiles\generate.stamp
c:\bci2000.python3\build\cmakefiles\contrib\signalprocessing\sw\release\swsignalprocessing.exe
c:\bci2000.python3\build\cmakefiles\contrib\signalprocessing\sw\swsignalprocessing.dir\release\version.res
c:\bci2000.python3\build\cmakefiles\contrib\signalprocessing\sw\swsignalprocessing.dir\release\appicon.res
c:\bci2000.python3\build\cmakefiles\contrib\signalprocessing\sw\swsignalprocessing.dir\release\swsignal.21ee7bef.tlog\cl.command.1.tlog
c:\bci2000.python3\build\cmakefiles\contrib\signalprocessing\sw\swsignalprocessing.dir\release\swsignal.21ee7bef.tlog\cl.read.1.tlog
c:\bci2000.python3\build\cmakefiles\contrib\signalprocessing\sw\swsignalprocessing.dir\release\swsignal.21ee7bef.tlog\cl.write.1.tlog
c:\bci2000.python3\build\cmakefiles\contrib\signalprocessing\sw\swsignalprocessing.dir\release\swsignal.21ee7bef.tlog\custombuild.command.1.tlog
c:\bci2000.python3\build\cmakefiles\contrib\signalprocessing\sw\swsignalprocessing.dir\release\swsignal.21ee7bef.tlog\custombuild.read.1.tlog
c:\bci2000.python3\build\cmakefiles\contrib\signalprocessing\sw\swsignalprocessing.dir\release\swsignal.21ee7bef.tlog\custombuild.write.1.tlog
c:\bci2000.python3\build\cmakefiles\contrib\signalprocessing\sw\swsignalprocessing.dir\release\swsignal.21ee7bef.tlog\link.command.1.tlog
c:\bci2000.python3\build\cmakefiles\contrib\signalprocessing\sw\swsignalprocessing.dir\release\swsignal.21ee7bef.tlog\link.read.1.tlog
c:\bci2000.python3\build\cmakefiles\contrib\signalprocessing\sw\swsignalprocessing.dir\release\swsignal.21ee7bef.tlog\link.write.1.tlog
c:\bci2000.python3\build\cmakefiles\contrib\signalprocessing\sw\swsignalprocessing.dir\release\swsignal.21ee7bef.tlog\rc.command.1.tlog
c:\bci2000.python3\build\cmakefiles\contrib\signalprocessing\sw\swsignalprocessing.dir\release\swsignal.21ee7bef.tlog\rc.read.1.tlog
c:\bci2000.python3\build\cmakefiles\contrib\signalprocessing\sw\swsignalprocessing.dir\release\swsignal.21ee7bef.tlog\rc.write.1.tlog
