  Building Custom Rule C:/BCI2000.python3/src/contrib/SignalProcessing/SW/CMakeLists.txt
  CMake does not need to re-run because C:/BCI2000.python3/build/CMakeFiles/contrib/SignalProcessing/SW/CMakeFiles/generate.stamp is up-to-date.
  CorePCH.cpp
  FBArteCorrection.cpp
  SetBaseline.cpp
  SWFilter.cpp
  PipeDefinition.cpp
  FFTFilter.cpp
  CoreMain.cpp
  CoreModule.cpp
  BCIStream_module.cpp
  FFTLibWrap.cpp
  fftw3.imports.cpp
  Version.cpp
  WinMain.cpp
  Generating Code...
  SWSignalProcessing.vcxproj -> C:\BCI2000.python3\build\CMakeFiles\contrib\SignalProcessing\SW\Release\SWSignalProcessing.exe
  	Deploying executable
  copying files:
  Copying SWSignalProcessing.exe ...
  Copying msvcp140.dll ...
  Copying vcruntime140.dll ...
  Copying vcomp140.dll ...
  Copying libfftw3-3.dll ...
  Done.
