c:\bci2000.python3\build\cmakefiles\core\operator\operatorlib\release\operatorlib_core.pch
c:\bci2000.python3\build\cmakefiles\core\operator\operatorlib\operatorlib.dir\release\corepch.obj
c:\bci2000.python3\build\cmakefiles\core\operator\operatorlib\operatorlib.dir\release\messagetypes.obj
c:\bci2000.python3\build\cmakefiles\core\operator\operatorlib\operatorlib.dir\release\vispropertytypes.obj
c:\bci2000.python3\build\cmakefiles\core\operator\operatorlib\operatorlib.dir\release\signaltypes.obj
c:\bci2000.python3\build\cmakefiles\core\operator\operatorlib\operatorlib.dir\release\variabletypes.obj
c:\bci2000.python3\build\cmakefiles\core\operator\operatorlib\operatorlib.dir\release\eventtypes.obj
c:\bci2000.python3\build\cmakefiles\core\operator\operatorlib\operatorlib.dir\release\statetypes.obj
c:\bci2000.python3\build\cmakefiles\core\operator\operatorlib\operatorlib.dir\release\parametertypes.obj
c:\bci2000.python3\build\cmakefiles\core\operator\operatorlib\operatorlib.dir\release\systemstates.obj
c:\bci2000.python3\build\cmakefiles\core\operator\operatorlib\operatorlib.dir\release\systemtypes.obj
c:\bci2000.python3\build\cmakefiles\core\operator\operatorlib\operatorlib.dir\release\impliedtype.obj
c:\bci2000.python3\build\cmakefiles\core\operator\operatorlib\operatorlib.dir\release\conditiontype.obj
c:\bci2000.python3\build\cmakefiles\core\operator\operatorlib\operatorlib.dir\release\objecttype.obj
c:\bci2000.python3\build\cmakefiles\core\operator\operatorlib\operatorlib.dir\release\commandinterpreter.obj
c:\bci2000.python3\build\cmakefiles\core\operator\operatorlib\operatorlib.dir\release\scriptinterpreter.obj
c:\bci2000.python3\build\cmakefiles\core\operator\operatorlib\operatorlib.dir\release\telnetserver.obj
c:\bci2000.python3\build\cmakefiles\core\operator\operatorlib\operatorlib.dir\release\eventlink.obj
c:\bci2000.python3\build\cmakefiles\core\operator\operatorlib\operatorlib.dir\release\coreclient.obj
c:\bci2000.python3\build\cmakefiles\core\operator\operatorlib\operatorlib.dir\release\statemachine.obj
c:\bci2000.python3\build\cmakefiles\core\operator\operatorlib\operatorlib.dir\release\callbackbase.obj
c:\bci2000.python3\build\cmakefiles\core\operator\operatorlib\operatorlib.dir\release\bci_operatorlib.obj
c:\bci2000.python3\build\cmakefiles\core\operator\operatorlib\operatorlib.dir\release\version.obj
c:\bci2000.python3\build\cmakefiles\core\operator\operatorlib\operatorlib.dir\release\main.obj
c:\bci2000.python3\build\cmakefiles\core\operator\operatorlib\operatorlib.dir\release\bcistream_opdll.obj
c:\bci2000.python3\build\cmakefiles\core\operator\operatorlib\operatorlib.dir\release\scriptparser.obj
c:\bci2000.python3\build\cmakefiles\core\operator\operatorlib\operatorlib.dir\release\parsernodes.obj
c:\bci2000.python3\build\cmakefiles\core\operator\operatorlib\operatorlib.dir\release\parsertoken.obj
c:\bci2000.python3\build\cmakefiles\core\operator\operatorlib\operatorlib.dir\release\script.obj
c:\bci2000.python3\build\cmakefiles\core\operator\operatorlib\operatorlib.dir\release\processtype.obj
c:\bci2000.python3\build\cmakefiles\core\operator\operatorlib\operatorlib.dir\release\linetype.obj
c:\bci2000.python3\build\cmakefiles\core\operator\operatorlib\operatorlib.dir\release\filesystemtypes.obj
c:\bci2000.python3\build\cmakefiles\core\operator\operatorlib\operatorlib.dir\release\expressiontype.obj
c:\bci2000.python3\build\cmakefiles\core\operator\operatorlib\operatorlib.dir\release\watchtypes.obj
c:\bci2000.python3\build\cmakefiles\core\operator\operatorlib\operatorlib.dir\release\watches.obj
c:\bci2000.python3\build\cmakefiles\core\operator\operatorlib\operatorlib.dir\release\interpreterexpression.obj
c:\bci2000.python3\build\cmakefiles\core\operator\operatorlib\operatorlib.dir\release\scriptevents.obj
c:\bci2000.python3\build\cmakefiles\core\operator\operatorlib\operatorlib.dir\release\scripttype.obj
c:\bci2000.python3\build\cmakefiles\core\operator\operatorlib\release\operatorlib.dll
c:\bci2000.python3\build\cmakefiles\core\operator\operatorlib\release\operatorlib.lib
c:\bci2000.python3\build\cmakefiles\core\operator\operatorlib\release\operatorlib.exp
c:\bci2000.python3\build\cmakefiles\core\operator\operatorlib\operatorlib.dir\release\version.res
c:\bci2000.python3\build\cmakefiles\core\operator\operatorlib\operatorlib.dir\release\appicon.res
c:\bci2000.python3\build\cmakefiles\core\operator\operatorlib\operatorlib.dir\release\operatorlib.tlog\cl.command.1.tlog
c:\bci2000.python3\build\cmakefiles\core\operator\operatorlib\operatorlib.dir\release\operatorlib.tlog\cl.read.1.tlog
c:\bci2000.python3\build\cmakefiles\core\operator\operatorlib\operatorlib.dir\release\operatorlib.tlog\cl.write.1.tlog
c:\bci2000.python3\build\cmakefiles\core\operator\operatorlib\operatorlib.dir\release\operatorlib.tlog\link.command.1.tlog
c:\bci2000.python3\build\cmakefiles\core\operator\operatorlib\operatorlib.dir\release\operatorlib.tlog\link.read.1.tlog
c:\bci2000.python3\build\cmakefiles\core\operator\operatorlib\operatorlib.dir\release\operatorlib.tlog\link.write.1.tlog
c:\bci2000.python3\build\cmakefiles\core\operator\operatorlib\operatorlib.dir\release\operatorlib.tlog\operatorlib.write.1u.tlog
c:\bci2000.python3\build\cmakefiles\core\operator\operatorlib\operatorlib.dir\release\operatorlib.tlog\rc.command.1.tlog
c:\bci2000.python3\build\cmakefiles\core\operator\operatorlib\operatorlib.dir\release\operatorlib.tlog\rc.read.1.tlog
c:\bci2000.python3\build\cmakefiles\core\operator\operatorlib\operatorlib.dir\release\operatorlib.tlog\rc.write.1.tlog
