c:\bci2000.python3\build\cmakefiles\contrib\signalprocessing\statistics\release\statisticssignalprocessing2_core.pch
c:\bci2000.python3\build\cmakefiles\contrib\signalprocessing\statistics\statisticssignalprocessing2.dir\release\corepch.obj
c:\bci2000.python3\build\cmakefiles\contrib\signalprocessing\statistics\statisticssignalprocessing2.dir\release\winmain.obj
c:\bci2000.python3\build\cmakefiles\contrib\signalprocessing\statistics\statisticssignalprocessing2.dir\release\version.obj
c:\bci2000.python3\build\cmakefiles\contrib\signalprocessing\statistics\statisticssignalprocessing2.dir\release\histogram.obj
c:\bci2000.python3\build\cmakefiles\contrib\signalprocessing\statistics\statisticssignalprocessing2.dir\release\histogramobserver.obj
c:\bci2000.python3\build\cmakefiles\contrib\signalprocessing\statistics\statisticssignalprocessing2.dir\release\powersumobserver.obj
c:\bci2000.python3\build\cmakefiles\contrib\signalprocessing\statistics\statisticssignalprocessing2.dir\release\observerbase.obj
c:\bci2000.python3\build\cmakefiles\contrib\signalprocessing\statistics\statisticssignalprocessing2.dir\release\observermemory.obj
c:\bci2000.python3\build\cmakefiles\contrib\signalprocessing\statistics\statisticssignalprocessing2.dir\release\bcistream_module.obj
c:\bci2000.python3\build\cmakefiles\contrib\signalprocessing\statistics\statisticssignalprocessing2.dir\release\coremodule.obj
c:\bci2000.python3\build\cmakefiles\contrib\signalprocessing\statistics\statisticssignalprocessing2.dir\release\coremain.obj
c:\bci2000.python3\build\cmakefiles\contrib\signalprocessing\statistics\statisticssignalprocessing2.dir\release\statisticsfilter.obj
c:\bci2000.python3\build\cmakefiles\contrib\signalprocessing\statistics\statisticssignalprocessing2.dir\release\viewsource.obj
c:\bci2000.python3\build\cmakefiles\contrib\signalprocessing\statistics\statisticssignalprocessing2.dir\release\observersource.obj
c:\bci2000.python3\build\cmakefiles\contrib\signalprocessing\statistics\statisticssignalprocessing2.dir\release\functionsource.obj
c:\bci2000.python3\build\cmakefiles\contrib\signalprocessing\statistics\statisticssignalprocessing2.dir\release\expressionsource.obj
c:\bci2000.python3\build\cmakefiles\contrib\signalprocessing\statistics\statisticssignalprocessing2.dir\release\datasource.obj
c:\bci2000.python3\build\cmakefiles\contrib\signalprocessing\statistics\statisticssignalprocessing2.dir\release\channelsetsource.obj
c:\bci2000.python3\build\cmakefiles\contrib\signalprocessing\statistics\statisticssignalprocessing2.dir\release\pipedefinition.obj
c:\bci2000.python3\build\cmakefiles\contrib\signalprocessing\statistics\cmakefiles\generate.stamp
c:\bci2000.python3\build\cmakefiles\contrib\signalprocessing\statistics\release\statisticssignalprocessing2.exe
c:\bci2000.python3\build\cmakefiles\contrib\signalprocessing\statistics\statisticssignalprocessing2.dir\release\version.res
c:\bci2000.python3\build\cmakefiles\contrib\signalprocessing\statistics\statisticssignalprocessing2.dir\release\appicon.res
c:\bci2000.python3\build\cmakefiles\contrib\signalprocessing\statistics\statisticssignalprocessing2.dir\release\statisti.5e05877c.tlog\cl.command.1.tlog
c:\bci2000.python3\build\cmakefiles\contrib\signalprocessing\statistics\statisticssignalprocessing2.dir\release\statisti.5e05877c.tlog\cl.read.1.tlog
c:\bci2000.python3\build\cmakefiles\contrib\signalprocessing\statistics\statisticssignalprocessing2.dir\release\statisti.5e05877c.tlog\cl.write.1.tlog
c:\bci2000.python3\build\cmakefiles\contrib\signalprocessing\statistics\statisticssignalprocessing2.dir\release\statisti.5e05877c.tlog\custombuild.command.1.tlog
c:\bci2000.python3\build\cmakefiles\contrib\signalprocessing\statistics\statisticssignalprocessing2.dir\release\statisti.5e05877c.tlog\custombuild.read.1.tlog
c:\bci2000.python3\build\cmakefiles\contrib\signalprocessing\statistics\statisticssignalprocessing2.dir\release\statisti.5e05877c.tlog\custombuild.write.1.tlog
c:\bci2000.python3\build\cmakefiles\contrib\signalprocessing\statistics\statisticssignalprocessing2.dir\release\statisti.5e05877c.tlog\link.command.1.tlog
c:\bci2000.python3\build\cmakefiles\contrib\signalprocessing\statistics\statisticssignalprocessing2.dir\release\statisti.5e05877c.tlog\link.read.1.tlog
c:\bci2000.python3\build\cmakefiles\contrib\signalprocessing\statistics\statisticssignalprocessing2.dir\release\statisti.5e05877c.tlog\link.write.1.tlog
c:\bci2000.python3\build\cmakefiles\contrib\signalprocessing\statistics\statisticssignalprocessing2.dir\release\statisti.5e05877c.tlog\rc.command.1.tlog
c:\bci2000.python3\build\cmakefiles\contrib\signalprocessing\statistics\statisticssignalprocessing2.dir\release\statisti.5e05877c.tlog\rc.read.1.tlog
c:\bci2000.python3\build\cmakefiles\contrib\signalprocessing\statistics\statisticssignalprocessing2.dir\release\statisti.5e05877c.tlog\rc.write.1.tlog
