  Building Custom Rule C:/BCI2000.python3/src/contrib/SignalProcessing/Statistics/CMakeLists.txt
  CMake does not need to re-run because C:/BCI2000.python3/build/CMakeFiles/contrib/SignalProcessing/Statistics/CMakeFiles/generate.stamp is up-to-date.
  CorePCH.cpp
  PipeDefinition.cpp
  ChannelSetSource.cpp
  DataSource.cpp
  ExpressionSource.cpp
  FunctionSource.cpp
  ObserverSource.cpp
  ViewSource.cpp
  StatisticsFilter.cpp
  CoreMain.cpp
  CoreModule.cpp
  BCIStream_module.cpp
  ObserverMemory.cpp
  ObserverBase.cpp
  PowerSumObserver.cpp
  HistogramObserver.cpp
  Histogram.cpp
  Version.cpp
  WinMain.cpp
  Generating Code...
  StatisticsSignalProcessing2.vcxproj -> C:\BCI2000.python3\build\CMakeFiles\contrib\SignalProcessing\Statistics\Release\StatisticsSignalProcessing2.exe
  	Deploying executable
  copying files:
  The process cannot access the file because it is being used by another process.
  The system cannot find the file C:\BCI2000.python3\build\CMakeFiles\contrib\SignalProcessing\Statistics\Release\.depends.
  Copying StatisticsSignalProcessing2.exe ...
  Copying libfftw3-3.dll ...
  Done.
