c:\bci2000.python3\build\cmakefiles\frameworks\libtiny\staticcrt\libtiny_staticcrt.dir\debug\libtiny_staticcrt.pdb
c:\bci2000.python3\build\cmakefiles\frameworks\libtiny\staticcrt\libtiny_staticcrt.dir\debug\stringutils.obj
c:\bci2000.python3\build\cmakefiles\frameworks\libtiny\staticcrt\libtiny_staticcrt.dir\debug\sharedmemory.obj
c:\bci2000.python3\build\cmakefiles\frameworks\libtiny\staticcrt\libtiny_staticcrt.dir\debug\syserror.obj
c:\bci2000.python3\build\cmakefiles\frameworks\libtiny\staticcrt\libtiny_staticcrt.dir\debug\dylibimports.obj
c:\bci2000.python3\build\cmakefiles\frameworks\libtiny\staticcrt\libtiny_staticcrt.dir\debug\fileutils.obj
c:\bci2000.python3\build\cmakefiles\frameworks\libtiny\staticcrt\libtiny_staticcrt.dir\debug\filepath.obj
c:\bci2000.python3\build\cmakefiles\frameworks\libtiny\staticcrt\libtiny_staticcrt.dir\debug\processutils.obj
c:\bci2000.python3\build\cmakefiles\frameworks\libtiny\staticcrt\libtiny_staticcrt.dir\debug\childprocess.obj
c:\bci2000.python3\build\cmakefiles\frameworks\libtiny\staticcrt\libtiny_staticcrt.dir\debug\threadutils.obj
c:\bci2000.python3\build\cmakefiles\frameworks\libtiny\staticcrt\libtiny_staticcrt.dir\debug\threadlocal.obj
c:\bci2000.python3\build\cmakefiles\frameworks\libtiny\staticcrt\libtiny_staticcrt.dir\debug\reusablethread.obj
c:\bci2000.python3\build\cmakefiles\frameworks\libtiny\staticcrt\libtiny_staticcrt.dir\debug\thread.obj
c:\bci2000.python3\build\cmakefiles\frameworks\libtiny\staticcrt\libtiny_staticcrt.dir\debug\waitableimplementation.obj
c:\bci2000.python3\build\cmakefiles\frameworks\libtiny\staticcrt\libtiny_staticcrt.dir\debug\semaphore.obj
c:\bci2000.python3\build\cmakefiles\frameworks\libtiny\staticcrt\libtiny_staticcrt.dir\debug\waitableevent.obj
c:\bci2000.python3\build\cmakefiles\frameworks\libtiny\staticcrt\libtiny_staticcrt.dir\debug\waitable.obj
c:\bci2000.python3\build\cmakefiles\frameworks\libtiny\staticcrt\libtiny_staticcrt.dir\debug\selfpipe.obj
c:\bci2000.python3\build\cmakefiles\frameworks\libtiny\staticcrt\libtiny_staticcrt.dir\debug\mutex.obj
c:\bci2000.python3\build\cmakefiles\frameworks\libtiny\staticcrt\libtiny_staticcrt.dir\debug\broadcaster.obj
c:\bci2000.python3\build\cmakefiles\frameworks\libtiny\staticcrt\libtiny_staticcrt.dir\debug\lockable.obj
c:\bci2000.python3\build\cmakefiles\frameworks\libtiny\staticcrt\libtiny_staticcrt.dir\debug\timeutils.obj
c:\bci2000.python3\build\cmakefiles\frameworks\libtiny\staticcrt\libtiny_staticcrt.dir\debug\streambuf.obj
c:\bci2000.python3\build\cmakefiles\frameworks\libtiny\staticcrt\libtiny_staticcrt.dir\debug\sockets.obj
c:\bci2000.python3\build\cmakefiles\frameworks\libtiny\staticcrt\libtiny_staticcrt.dir\debug\ratio.obj
c:\bci2000.python3\build\cmakefiles\frameworks\libtiny\staticcrt\libtiny_staticcrt.dir\debug\peheader.obj
c:\bci2000.python3\build\cmakefiles\frameworks\libtiny\staticcrt\libtiny_staticcrt.dir\debug\memorybuffer.obj
c:\bci2000.python3\build\cmakefiles\frameworks\libtiny\staticcrt\libtiny_staticcrt.dir\debug\lcrandomgenerator.obj
c:\bci2000.python3\build\cmakefiles\frameworks\libtiny\staticcrt\libtiny_staticcrt.dir\debug\ioobjects.obj
c:\bci2000.python3\build\cmakefiles\frameworks\libtiny\staticcrt\libtiny_staticcrt.dir\debug\files.obj
c:\bci2000.python3\build\cmakefiles\frameworks\libtiny\staticcrt\libtiny_staticcrt.dir\debug\filemapping.obj
c:\bci2000.python3\build\cmakefiles\frameworks\libtiny\staticcrt\libtiny_staticcrt.dir\debug\fdobject.obj
c:\bci2000.python3\build\cmakefiles\frameworks\libtiny\staticcrt\libtiny_staticcrt.dir\debug\exceptioncatcher.obj
c:\bci2000.python3\build\cmakefiles\frameworks\libtiny\staticcrt\libtiny_staticcrt.dir\debug\exception.obj
c:\bci2000.python3\build\cmakefiles\frameworks\libtiny\staticcrt\libtiny_staticcrt.dir\debug\escapedstring.obj
c:\bci2000.python3\build\cmakefiles\frameworks\libtiny\staticcrt\libtiny_staticcrt.dir\debug\envvariable.obj
c:\bci2000.python3\build\cmakefiles\frameworks\libtiny\staticcrt\libtiny_staticcrt.dir\debug\debugging.obj
c:\bci2000.python3\build\cmakefiles\frameworks\libtiny\staticcrt\libtiny_staticcrt.dir\debug\clock.obj
c:\bci2000.python3\build\cmakefiles\frameworks\libtiny\staticcrt\libtiny_staticcrt.dir\debug\classname.obj
c:\bci2000.python3\build\cmakefiles\frameworks\libtiny\staticcrt\libtiny_staticcrt.dir\debug\binarydata.obj
c:\bci2000.python3\build\cmakefiles\frameworks\libtiny\staticcrt\libtiny_staticcrt.dir\debug\msvc_stdlib.obj
c:\bci2000.python3\build\cmakefiles\frameworks\libtiny\staticcrt\libtiny_staticcrt.dir\debug\sockstream.obj
c:\bci2000.python3\build\cmakefiles\frameworks\libtiny\staticcrt\libtiny_staticcrt.dir\debug\wildcardmatch.obj
c:\bci2000.python3\build\cmakefiles\frameworks\libtiny\staticcrt\cmakefiles\generate.stamp
c:\bci2000.python3\build\cmakefiles\frameworks\libtiny\staticcrt\debug\libtiny_staticcrt.lib
c:\bci2000.python3\build\cmakefiles\frameworks\libtiny\staticcrt\debug\libtiny_staticcrt.pdb
c:\bci2000.python3\build\cmakefiles\frameworks\libtiny\staticcrt\libtiny_staticcrt.dir\debug\libtiny_.7c2d4ab7.tlog\cl.command.1.tlog
c:\bci2000.python3\build\cmakefiles\frameworks\libtiny\staticcrt\libtiny_staticcrt.dir\debug\libtiny_.7c2d4ab7.tlog\cl.read.1.tlog
c:\bci2000.python3\build\cmakefiles\frameworks\libtiny\staticcrt\libtiny_staticcrt.dir\debug\libtiny_.7c2d4ab7.tlog\cl.write.1.tlog
c:\bci2000.python3\build\cmakefiles\frameworks\libtiny\staticcrt\libtiny_staticcrt.dir\debug\libtiny_.7c2d4ab7.tlog\custombuild.command.1.tlog
c:\bci2000.python3\build\cmakefiles\frameworks\libtiny\staticcrt\libtiny_staticcrt.dir\debug\libtiny_.7c2d4ab7.tlog\custombuild.read.1.tlog
c:\bci2000.python3\build\cmakefiles\frameworks\libtiny\staticcrt\libtiny_staticcrt.dir\debug\libtiny_.7c2d4ab7.tlog\custombuild.write.1.tlog
c:\bci2000.python3\build\cmakefiles\frameworks\libtiny\staticcrt\libtiny_staticcrt.dir\debug\libtiny_.7c2d4ab7.tlog\lib-link.read.1.tlog
c:\bci2000.python3\build\cmakefiles\frameworks\libtiny\staticcrt\libtiny_staticcrt.dir\debug\libtiny_.7c2d4ab7.tlog\lib-link.write.1.tlog
c:\bci2000.python3\build\cmakefiles\frameworks\libtiny\staticcrt\libtiny_staticcrt.dir\debug\libtiny_.7c2d4ab7.tlog\lib.command.1.tlog
