  Building Custom Rule C:/BCI2000.python3/src/core/SignalSource/SoundcardSource/CMakeLists.txt
  CMake does not need to re-run because C:/BCI2000.python3/build/CMakeFiles/core/SignalSource/SoundcardSource/CMakeFiles/generate.stamp is up-to-date.
  CorePCH.cpp
  SoundcardADC.cpp
  AudioDevice.cpp
  ClockTick.cpp
  CoreMain.cpp
  CoreModule.cpp
  BCIStream_module.cpp
  ObserverMemory.cpp
  ObserverBase.cpp
  PowerSumObserver.cpp
  HistogramObserver.cpp
  Histogram.cpp
  Version.cpp
  WinMain.cpp
  Generating Code...
  SoundcardSource.vcxproj -> C:\BCI2000.python3\build\CMakeFiles\core\SignalSource\SoundcardSource\Release\SoundcardSource.exe
  	Deploying executable
  copying files:
  Copying SoundcardSource.exe ...
  Copying msvcp140.dll ...
  Copying vcruntime140.dll ...
  Done.
