c:\bci2000.python3\build\cmakefiles\core\signalsource\soundcardsource\release\soundcardsource_core.pch
c:\bci2000.python3\build\cmakefiles\core\signalsource\soundcardsource\soundcardsource.dir\release\corepch.obj
c:\bci2000.python3\build\cmakefiles\core\signalsource\soundcardsource\soundcardsource.dir\release\winmain.obj
c:\bci2000.python3\build\cmakefiles\core\signalsource\soundcardsource\soundcardsource.dir\release\version.obj
c:\bci2000.python3\build\cmakefiles\core\signalsource\soundcardsource\soundcardsource.dir\release\histogram.obj
c:\bci2000.python3\build\cmakefiles\core\signalsource\soundcardsource\soundcardsource.dir\release\histogramobserver.obj
c:\bci2000.python3\build\cmakefiles\core\signalsource\soundcardsource\soundcardsource.dir\release\powersumobserver.obj
c:\bci2000.python3\build\cmakefiles\core\signalsource\soundcardsource\soundcardsource.dir\release\observerbase.obj
c:\bci2000.python3\build\cmakefiles\core\signalsource\soundcardsource\soundcardsource.dir\release\observermemory.obj
c:\bci2000.python3\build\cmakefiles\core\signalsource\soundcardsource\soundcardsource.dir\release\bcistream_module.obj
c:\bci2000.python3\build\cmakefiles\core\signalsource\soundcardsource\soundcardsource.dir\release\coremodule.obj
c:\bci2000.python3\build\cmakefiles\core\signalsource\soundcardsource\soundcardsource.dir\release\coremain.obj
c:\bci2000.python3\build\cmakefiles\core\signalsource\soundcardsource\soundcardsource.dir\release\clocktick.obj
c:\bci2000.python3\build\cmakefiles\core\signalsource\soundcardsource\soundcardsource.dir\release\audiodevice.obj
c:\bci2000.python3\build\cmakefiles\core\signalsource\soundcardsource\soundcardsource.dir\release\soundcardadc.obj
c:\bci2000.python3\build\cmakefiles\core\signalsource\soundcardsource\cmakefiles\generate.stamp
c:\bci2000.python3\build\cmakefiles\core\signalsource\soundcardsource\release\soundcardsource.exe
c:\bci2000.python3\build\cmakefiles\core\signalsource\soundcardsource\soundcardsource.dir\release\version.res
c:\bci2000.python3\build\cmakefiles\core\signalsource\soundcardsource\soundcardsource.dir\release\appicon.res
c:\bci2000.python3\build\cmakefiles\core\signalsource\soundcardsource\soundcardsource.dir\release\soundcardsource.tlog\cl.command.1.tlog
c:\bci2000.python3\build\cmakefiles\core\signalsource\soundcardsource\soundcardsource.dir\release\soundcardsource.tlog\cl.read.1.tlog
c:\bci2000.python3\build\cmakefiles\core\signalsource\soundcardsource\soundcardsource.dir\release\soundcardsource.tlog\cl.write.1.tlog
c:\bci2000.python3\build\cmakefiles\core\signalsource\soundcardsource\soundcardsource.dir\release\soundcardsource.tlog\custombuild.command.1.tlog
c:\bci2000.python3\build\cmakefiles\core\signalsource\soundcardsource\soundcardsource.dir\release\soundcardsource.tlog\custombuild.read.1.tlog
c:\bci2000.python3\build\cmakefiles\core\signalsource\soundcardsource\soundcardsource.dir\release\soundcardsource.tlog\custombuild.write.1.tlog
c:\bci2000.python3\build\cmakefiles\core\signalsource\soundcardsource\soundcardsource.dir\release\soundcardsource.tlog\link.command.1.tlog
c:\bci2000.python3\build\cmakefiles\core\signalsource\soundcardsource\soundcardsource.dir\release\soundcardsource.tlog\link.read.1.tlog
c:\bci2000.python3\build\cmakefiles\core\signalsource\soundcardsource\soundcardsource.dir\release\soundcardsource.tlog\link.write.1.tlog
c:\bci2000.python3\build\cmakefiles\core\signalsource\soundcardsource\soundcardsource.dir\release\soundcardsource.tlog\rc.command.1.tlog
c:\bci2000.python3\build\cmakefiles\core\signalsource\soundcardsource\soundcardsource.dir\release\soundcardsource.tlog\rc.read.1.tlog
c:\bci2000.python3\build\cmakefiles\core\signalsource\soundcardsource\soundcardsource.dir\release\soundcardsource.tlog\rc.write.1.tlog
