  Building Custom Rule C:/BCI2000.python3/src/core/Application/Dummy/CMakeLists.txt
  CMake does not need to re-run because C:/BCI2000.python3/build/CMakeFiles/core/Application/Dummy/CMakeFiles/generate.stamp is up-to-date.
  CorePCH.cpp
  CoreMain.cpp
  CoreModule.cpp
  BCIStream_module.cpp
  CoreModule_Qt.cpp
  QtMessageHandler.cpp
  Version.cpp
  WinMain.cpp
  Generating Code...
  DummyApplication.vcxproj -> C:\BCI2000.python3\build\CMakeFiles\core\Application\Dummy\Release\DummyApplication.exe
  	Deploying executable
  copying files:
  Copying DummyApplication.exe ...
  Copying Qt5Gui.dll ...
  Copying Qt5Widgets.dll ...
  Copying Qt5Core.dll ...
  Copying msvcp140.dll ...
  Copying vcruntime140.dll ...
  Copying qwindows.dll ...
  Done.
