c:\bci2000.python3\build\cmakefiles\core\application\dummy\release\dummyapplication_core.pch
c:\bci2000.python3\build\cmakefiles\core\application\dummy\dummyapplication.dir\release\corepch.obj
c:\bci2000.python3\build\cmakefiles\core\application\dummy\dummyapplication.dir\release\winmain.obj
c:\bci2000.python3\build\cmakefiles\core\application\dummy\dummyapplication.dir\release\version.obj
c:\bci2000.python3\build\cmakefiles\core\application\dummy\dummyapplication.dir\release\qtmessagehandler.obj
c:\bci2000.python3\build\cmakefiles\core\application\dummy\dummyapplication.dir\release\coremodule_qt.obj
c:\bci2000.python3\build\cmakefiles\core\application\dummy\dummyapplication.dir\release\bcistream_module.obj
c:\bci2000.python3\build\cmakefiles\core\application\dummy\dummyapplication.dir\release\coremodule.obj
c:\bci2000.python3\build\cmakefiles\core\application\dummy\dummyapplication.dir\release\coremain.obj
c:\bci2000.python3\build\cmakefiles\core\application\dummy\cmakefiles\generate.stamp
c:\bci2000.python3\build\cmakefiles\core\application\dummy\release\dummyapplication.exe
c:\bci2000.python3\build\cmakefiles\core\application\dummy\dummyapplication.dir\release\version.res
c:\bci2000.python3\build\cmakefiles\core\application\dummy\dummyapplication.dir\release\appicon.res
c:\bci2000.python3\build\cmakefiles\core\application\dummy\dummyapplication.dir\release\dummyapplication.tlog\cl.command.1.tlog
c:\bci2000.python3\build\cmakefiles\core\application\dummy\dummyapplication.dir\release\dummyapplication.tlog\cl.read.1.tlog
c:\bci2000.python3\build\cmakefiles\core\application\dummy\dummyapplication.dir\release\dummyapplication.tlog\cl.write.1.tlog
c:\bci2000.python3\build\cmakefiles\core\application\dummy\dummyapplication.dir\release\dummyapplication.tlog\custombuild.command.1.tlog
c:\bci2000.python3\build\cmakefiles\core\application\dummy\dummyapplication.dir\release\dummyapplication.tlog\custombuild.read.1.tlog
c:\bci2000.python3\build\cmakefiles\core\application\dummy\dummyapplication.dir\release\dummyapplication.tlog\custombuild.write.1.tlog
c:\bci2000.python3\build\cmakefiles\core\application\dummy\dummyapplication.dir\release\dummyapplication.tlog\link.command.1.tlog
c:\bci2000.python3\build\cmakefiles\core\application\dummy\dummyapplication.dir\release\dummyapplication.tlog\link.read.1.tlog
c:\bci2000.python3\build\cmakefiles\core\application\dummy\dummyapplication.dir\release\dummyapplication.tlog\link.write.1.tlog
c:\bci2000.python3\build\cmakefiles\core\application\dummy\dummyapplication.dir\release\dummyapplication.tlog\rc.command.1.tlog
c:\bci2000.python3\build\cmakefiles\core\application\dummy\dummyapplication.dir\release\dummyapplication.tlog\rc.read.1.tlog
c:\bci2000.python3\build\cmakefiles\core\application\dummy\dummyapplication.dir\release\dummyapplication.tlog\rc.write.1.tlog
