  Building Custom Rule C:/BCI2000.python3/src/core/SignalProcessing/Matlab/CMakeLists.txt
  CMake does not need to re-run because C:/BCI2000.python3/build/CMakeFiles/core/SignalProcessing/Matlab/CMakeFiles/generate.stamp is up-to-date.
  CorePCH.cpp
  PipeDefinition.cpp
  MatlabFilter.cpp
  MatlabWrapper.cpp
  CoreMain.cpp
  CoreModule.cpp
  BCIStream_module.cpp
  libeng.imports.cpp
  libmx.imports.cpp
  Version.cpp
  WinMain.cpp
  Generating Code...
  MatlabSignalProcessing.vcxproj -> C:\BCI2000.python3\build\CMakeFiles\core\SignalProcessing\Matlab\Release\MatlabSignalProcessing.exe
  				Deploying executable
  copying files:
  Copying MatlabSignalProcessing.exe ...
  Copying msvcp140.dll ...
  Copying vcruntime140.dll ...
  Copying vcomp140.dll ...
  Copying libfftw3-3.dll ...
  Done.
