c:\bci2000.python3\build\cmakefiles\core\signalprocessing\matlab\release\matlabsignalprocessing_core.pch
c:\bci2000.python3\build\cmakefiles\core\signalprocessing\matlab\matlabsignalprocessing.dir\release\corepch.obj
c:\bci2000.python3\build\cmakefiles\core\signalprocessing\matlab\matlabsignalprocessing.dir\release\winmain.obj
c:\bci2000.python3\build\cmakefiles\core\signalprocessing\matlab\matlabsignalprocessing.dir\release\version.obj
c:\bci2000.python3\build\cmakefiles\core\signalprocessing\matlab\matlabsignalprocessing.dir\release\libmx.imports.obj
c:\bci2000.python3\build\cmakefiles\core\signalprocessing\matlab\matlabsignalprocessing.dir\release\libeng.imports.obj
c:\bci2000.python3\build\cmakefiles\core\signalprocessing\matlab\matlabsignalprocessing.dir\release\bcistream_module.obj
c:\bci2000.python3\build\cmakefiles\core\signalprocessing\matlab\matlabsignalprocessing.dir\release\coremodule.obj
c:\bci2000.python3\build\cmakefiles\core\signalprocessing\matlab\matlabsignalprocessing.dir\release\coremain.obj
c:\bci2000.python3\build\cmakefiles\core\signalprocessing\matlab\matlabsignalprocessing.dir\release\matlabwrapper.obj
c:\bci2000.python3\build\cmakefiles\core\signalprocessing\matlab\matlabsignalprocessing.dir\release\matlabfilter.obj
c:\bci2000.python3\build\cmakefiles\core\signalprocessing\matlab\matlabsignalprocessing.dir\release\pipedefinition.obj
c:\bci2000.python3\build\cmakefiles\core\signalprocessing\matlab\cmakefiles\generate.stamp
c:\bci2000.python3\build\cmakefiles\core\signalprocessing\matlab\release\matlabsignalprocessing.exe
c:\bci2000.python3\build\cmakefiles\core\signalprocessing\matlab\matlabsignalprocessing.dir\release\version.res
c:\bci2000.python3\build\cmakefiles\core\signalprocessing\matlab\matlabsignalprocessing.dir\release\appicon.res
c:\bci2000.python3\build\cmakefiles\core\signalprocessing\matlab\matlabsignalprocessing.dir\release\matlabsi.c4b22c23.tlog\cl.command.1.tlog
c:\bci2000.python3\build\cmakefiles\core\signalprocessing\matlab\matlabsignalprocessing.dir\release\matlabsi.c4b22c23.tlog\cl.read.1.tlog
c:\bci2000.python3\build\cmakefiles\core\signalprocessing\matlab\matlabsignalprocessing.dir\release\matlabsi.c4b22c23.tlog\cl.write.1.tlog
c:\bci2000.python3\build\cmakefiles\core\signalprocessing\matlab\matlabsignalprocessing.dir\release\matlabsi.c4b22c23.tlog\custombuild.command.1.tlog
c:\bci2000.python3\build\cmakefiles\core\signalprocessing\matlab\matlabsignalprocessing.dir\release\matlabsi.c4b22c23.tlog\custombuild.read.1.tlog
c:\bci2000.python3\build\cmakefiles\core\signalprocessing\matlab\matlabsignalprocessing.dir\release\matlabsi.c4b22c23.tlog\custombuild.write.1.tlog
c:\bci2000.python3\build\cmakefiles\core\signalprocessing\matlab\matlabsignalprocessing.dir\release\matlabsi.c4b22c23.tlog\link.command.1.tlog
c:\bci2000.python3\build\cmakefiles\core\signalprocessing\matlab\matlabsignalprocessing.dir\release\matlabsi.c4b22c23.tlog\link.read.1.tlog
c:\bci2000.python3\build\cmakefiles\core\signalprocessing\matlab\matlabsignalprocessing.dir\release\matlabsi.c4b22c23.tlog\link.write.1.tlog
c:\bci2000.python3\build\cmakefiles\core\signalprocessing\matlab\matlabsignalprocessing.dir\release\matlabsi.c4b22c23.tlog\rc.command.1.tlog
c:\bci2000.python3\build\cmakefiles\core\signalprocessing\matlab\matlabsignalprocessing.dir\release\matlabsi.c4b22c23.tlog\rc.read.1.tlog
c:\bci2000.python3\build\cmakefiles\core\signalprocessing\matlab\matlabsignalprocessing.dir\release\matlabsi.c4b22c23.tlog\rc.write.1.tlog
