  Building Custom Rule C:/BCI2000.python3/src/contrib/SignalProcessing/Statistics/CMakeLists.txt
  CMake does not need to re-run because C:/BCI2000.python3/build/CMakeFiles/contrib/SignalProcessing/Statistics/CMakeFiles/generate.stamp is up-to-date.
  CorePCH.cpp
  PipeDefinition.cpp
  ChannelSetSource.cpp
  DataSource.cpp
  ExpressionSource.cpp
  FunctionSource.cpp
  ObserverSource.cpp
  ViewSource.cpp
  StatisticsFilter.cpp
  CoreMain.cpp
  CoreModule.cpp
  BCIStream_module.cpp
  ObserverMemory.cpp
  ObserverBase.cpp
  PowerSumObserver.cpp
  HistogramObserver.cpp
  Histogram.cpp
  Version.cpp
  WinMain.cpp
  Generating Code...
  StatisticsSignalProcessing4.vcxproj -> C:\BCI2000.python3\build\CMakeFiles\contrib\SignalProcessing\Statistics\Release\StatisticsSignalProcessing4.exe
  	Deploying executable
  copying files:
  Copying StatisticsSignalProcessing4.exe ...
  Copying msvcp140.dll ...
  Copying vcruntime140.dll ...
  Copying vcomp140.dll ...
  Copying libfftw3-3.dll ...
  Done.
