c:\bci2000.python3\build\cmakefiles\contrib\signalsource\tuckerdavis\release\tuckerdavis_core.pch
c:\bci2000.python3\build\cmakefiles\contrib\signalsource\tuckerdavis\tuckerdavis.dir\release\corepch.obj
c:\bci2000.python3\build\cmakefiles\contrib\signalsource\tuckerdavis\tuckerdavis.dir\release\winmain.obj
c:\bci2000.python3\build\cmakefiles\contrib\signalsource\tuckerdavis\tuckerdavis.dir\release\version.obj
c:\bci2000.python3\build\cmakefiles\contrib\signalsource\tuckerdavis\tuckerdavis.dir\release\bcistream_module.obj
c:\bci2000.python3\build\cmakefiles\contrib\signalsource\tuckerdavis\tuckerdavis.dir\release\coremodule.obj
c:\bci2000.python3\build\cmakefiles\contrib\signalsource\tuckerdavis\tuckerdavis.dir\release\coremain.obj
c:\bci2000.python3\build\cmakefiles\contrib\signalsource\tuckerdavis\tuckerdavis.dir\release\tdtadc.obj
c:\bci2000.python3\build\cmakefiles\contrib\signalsource\tuckerdavis\cmakefiles\generate.stamp
c:\bci2000.python3\build\cmakefiles\contrib\signalsource\tuckerdavis\release\tuckerdavis.exe
c:\bci2000.python3\build\cmakefiles\contrib\signalsource\tuckerdavis\tuckerdavis.dir\release\version.res
c:\bci2000.python3\build\cmakefiles\contrib\signalsource\tuckerdavis\tuckerdavis.dir\release\appicon.res
c:\bci2000.python3\build\cmakefiles\contrib\signalsource\tuckerdavis\tuckerdavis.dir\release\rpcox.tli
c:\bci2000.python3\build\cmakefiles\contrib\signalsource\tuckerdavis\tuckerdavis.dir\release\zbusx.tli
c:\bci2000.python3\build\cmakefiles\contrib\signalsource\tuckerdavis\tuckerdavis.dir\release\rpcox.tlh
c:\bci2000.python3\build\cmakefiles\contrib\signalsource\tuckerdavis\tuckerdavis.dir\release\zbusx.tlh
c:\bci2000.python3\build\cmakefiles\contrib\signalsource\tuckerdavis\tuckerdavis.dir\release\tuckerdavis.tlog\cl.command.1.tlog
c:\bci2000.python3\build\cmakefiles\contrib\signalsource\tuckerdavis\tuckerdavis.dir\release\tuckerdavis.tlog\cl.read.1.tlog
c:\bci2000.python3\build\cmakefiles\contrib\signalsource\tuckerdavis\tuckerdavis.dir\release\tuckerdavis.tlog\cl.write.1.tlog
c:\bci2000.python3\build\cmakefiles\contrib\signalsource\tuckerdavis\tuckerdavis.dir\release\tuckerdavis.tlog\custombuild.command.1.tlog
c:\bci2000.python3\build\cmakefiles\contrib\signalsource\tuckerdavis\tuckerdavis.dir\release\tuckerdavis.tlog\custombuild.read.1.tlog
c:\bci2000.python3\build\cmakefiles\contrib\signalsource\tuckerdavis\tuckerdavis.dir\release\tuckerdavis.tlog\custombuild.write.1.tlog
c:\bci2000.python3\build\cmakefiles\contrib\signalsource\tuckerdavis\tuckerdavis.dir\release\tuckerdavis.tlog\link.command.1.tlog
c:\bci2000.python3\build\cmakefiles\contrib\signalsource\tuckerdavis\tuckerdavis.dir\release\tuckerdavis.tlog\link.read.1.tlog
c:\bci2000.python3\build\cmakefiles\contrib\signalsource\tuckerdavis\tuckerdavis.dir\release\tuckerdavis.tlog\link.write.1.tlog
c:\bci2000.python3\build\cmakefiles\contrib\signalsource\tuckerdavis\tuckerdavis.dir\release\tuckerdavis.tlog\rc.command.1.tlog
c:\bci2000.python3\build\cmakefiles\contrib\signalsource\tuckerdavis\tuckerdavis.dir\release\tuckerdavis.tlog\rc.read.1.tlog
c:\bci2000.python3\build\cmakefiles\contrib\signalsource\tuckerdavis\tuckerdavis.dir\release\tuckerdavis.tlog\rc.write.1.tlog
