  Building Custom Rule C:/BCI2000.python3/src/contrib/SignalSource/vAmp/CMakeLists.txt
  CMake does not need to re-run because C:/BCI2000.python3/build/CMakeFiles/contrib/SignalSource/vAmp/CMakeFiles/generate.stamp is up-to-date.
  CorePCH.cpp
  vAmpADC.cpp
  vAmpChannelInfo.cpp
  vAmpThread.cpp
  vAmpDisplay.cpp
  QtMain.cpp
  FirstAmp.imports.cpp
  CoreMain.cpp
  CoreModule.cpp
  BCIStream_module.cpp
  CoreModule_Qt.cpp
  FilterDesign.cpp
  QtMessageHandler.cpp
  Version.cpp
  WinMain.cpp
  Generating Code...
  vAmpSource.vcxproj -> C:\BCI2000.python3\build\CMakeFiles\contrib\SignalSource\vAmp\Release\vAmpSource.exe
  	Deploying executable
  copying files:
  Done.
  Copying vAmpSource.exe ...
  Copying Qt5Gui.dll ...
  Copying Qt5Widgets.dll ...
  Copying Qt5Core.dll ...
  Copying FirstAmp32.dll ...
  Copying msvcr100.dll ...
  Copying msvcp140.dll ...
  Copying vcruntime140.dll ...
  Copying qwindows.dll ...
