c:\bci2000.python3\build\cmakefiles\contrib\signalsource\vamp\release\vampsource_core.pch
c:\bci2000.python3\build\cmakefiles\contrib\signalsource\vamp\vampsource.dir\release\corepch.obj
c:\bci2000.python3\build\cmakefiles\contrib\signalsource\vamp\vampsource.dir\release\winmain.obj
c:\bci2000.python3\build\cmakefiles\contrib\signalsource\vamp\vampsource.dir\release\version.obj
c:\bci2000.python3\build\cmakefiles\contrib\signalsource\vamp\vampsource.dir\release\qtmessagehandler.obj
c:\bci2000.python3\build\cmakefiles\contrib\signalsource\vamp\vampsource.dir\release\filterdesign.obj
c:\bci2000.python3\build\cmakefiles\contrib\signalsource\vamp\vampsource.dir\release\coremodule_qt.obj
c:\bci2000.python3\build\cmakefiles\contrib\signalsource\vamp\vampsource.dir\release\bcistream_module.obj
c:\bci2000.python3\build\cmakefiles\contrib\signalsource\vamp\vampsource.dir\release\coremodule.obj
c:\bci2000.python3\build\cmakefiles\contrib\signalsource\vamp\vampsource.dir\release\coremain.obj
c:\bci2000.python3\build\cmakefiles\contrib\signalsource\vamp\vampsource.dir\release\firstamp.imports.obj
c:\bci2000.python3\build\cmakefiles\contrib\signalsource\vamp\vampsource.dir\release\qtmain.obj
c:\bci2000.python3\build\cmakefiles\contrib\signalsource\vamp\vampsource.dir\release\vampdisplay.obj
c:\bci2000.python3\build\cmakefiles\contrib\signalsource\vamp\vampsource.dir\release\vampthread.obj
c:\bci2000.python3\build\cmakefiles\contrib\signalsource\vamp\vampsource.dir\release\vampchannelinfo.obj
c:\bci2000.python3\build\cmakefiles\contrib\signalsource\vamp\vampsource.dir\release\vampadc.obj
c:\bci2000.python3\build\cmakefiles\contrib\signalsource\vamp\cmakefiles\generate.stamp
c:\bci2000.python3\build\cmakefiles\contrib\signalsource\vamp\release\vampsource.exe
c:\bci2000.python3\build\cmakefiles\contrib\signalsource\vamp\vampsource.dir\release\version.res
c:\bci2000.python3\build\cmakefiles\contrib\signalsource\vamp\vampsource.dir\release\appicon.res
c:\bci2000.python3\build\cmakefiles\contrib\signalsource\vamp\vampsource.dir\release\vampsource.tlog\cl.command.1.tlog
c:\bci2000.python3\build\cmakefiles\contrib\signalsource\vamp\vampsource.dir\release\vampsource.tlog\cl.read.1.tlog
c:\bci2000.python3\build\cmakefiles\contrib\signalsource\vamp\vampsource.dir\release\vampsource.tlog\cl.write.1.tlog
c:\bci2000.python3\build\cmakefiles\contrib\signalsource\vamp\vampsource.dir\release\vampsource.tlog\custombuild.command.1.tlog
c:\bci2000.python3\build\cmakefiles\contrib\signalsource\vamp\vampsource.dir\release\vampsource.tlog\custombuild.read.1.tlog
c:\bci2000.python3\build\cmakefiles\contrib\signalsource\vamp\vampsource.dir\release\vampsource.tlog\custombuild.write.1.tlog
c:\bci2000.python3\build\cmakefiles\contrib\signalsource\vamp\vampsource.dir\release\vampsource.tlog\link.command.1.tlog
c:\bci2000.python3\build\cmakefiles\contrib\signalsource\vamp\vampsource.dir\release\vampsource.tlog\link.read.1.tlog
c:\bci2000.python3\build\cmakefiles\contrib\signalsource\vamp\vampsource.dir\release\vampsource.tlog\link.write.1.tlog
c:\bci2000.python3\build\cmakefiles\contrib\signalsource\vamp\vampsource.dir\release\vampsource.tlog\rc.command.1.tlog
c:\bci2000.python3\build\cmakefiles\contrib\signalsource\vamp\vampsource.dir\release\vampsource.tlog\rc.read.1.tlog
c:\bci2000.python3\build\cmakefiles\contrib\signalsource\vamp\vampsource.dir\release\vampsource.tlog\rc.write.1.tlog
