c:\bci2000.python3\build\cmakefiles\core\signalprocessing\fft\release\fftsignalprocessing_core.pch
c:\bci2000.python3\build\cmakefiles\core\signalprocessing\fft\fftsignalprocessing.dir\release\corepch.obj
c:\bci2000.python3\build\cmakefiles\core\signalprocessing\fft\fftsignalprocessing.dir\release\winmain.obj
c:\bci2000.python3\build\cmakefiles\core\signalprocessing\fft\fftsignalprocessing.dir\release\version.obj
c:\bci2000.python3\build\cmakefiles\core\signalprocessing\fft\fftsignalprocessing.dir\release\fftw3.imports.obj
c:\bci2000.python3\build\cmakefiles\core\signalprocessing\fft\fftsignalprocessing.dir\release\fftlibwrap.obj
c:\bci2000.python3\build\cmakefiles\core\signalprocessing\fft\fftsignalprocessing.dir\release\bcistream_module.obj
c:\bci2000.python3\build\cmakefiles\core\signalprocessing\fft\fftsignalprocessing.dir\release\coremodule.obj
c:\bci2000.python3\build\cmakefiles\core\signalprocessing\fft\fftsignalprocessing.dir\release\coremain.obj
c:\bci2000.python3\build\cmakefiles\core\signalprocessing\fft\fftsignalprocessing.dir\release\fftfilter.obj
c:\bci2000.python3\build\cmakefiles\core\signalprocessing\fft\fftsignalprocessing.dir\release\pipedefinition.obj
c:\bci2000.python3\build\cmakefiles\core\signalprocessing\fft\cmakefiles\generate.stamp
c:\bci2000.python3\build\cmakefiles\core\signalprocessing\fft\release\fftsignalprocessing.exe
c:\bci2000.python3\build\cmakefiles\core\signalprocessing\fft\fftsignalprocessing.dir\release\version.res
c:\bci2000.python3\build\cmakefiles\core\signalprocessing\fft\fftsignalprocessing.dir\release\appicon.res
c:\bci2000.python3\build\cmakefiles\core\signalprocessing\fft\fftsignalprocessing.dir\release\fftsigna.fd5ba970.tlog\cl.command.1.tlog
c:\bci2000.python3\build\cmakefiles\core\signalprocessing\fft\fftsignalprocessing.dir\release\fftsigna.fd5ba970.tlog\cl.read.1.tlog
c:\bci2000.python3\build\cmakefiles\core\signalprocessing\fft\fftsignalprocessing.dir\release\fftsigna.fd5ba970.tlog\cl.write.1.tlog
c:\bci2000.python3\build\cmakefiles\core\signalprocessing\fft\fftsignalprocessing.dir\release\fftsigna.fd5ba970.tlog\custombuild.command.1.tlog
c:\bci2000.python3\build\cmakefiles\core\signalprocessing\fft\fftsignalprocessing.dir\release\fftsigna.fd5ba970.tlog\custombuild.read.1.tlog
c:\bci2000.python3\build\cmakefiles\core\signalprocessing\fft\fftsignalprocessing.dir\release\fftsigna.fd5ba970.tlog\custombuild.write.1.tlog
c:\bci2000.python3\build\cmakefiles\core\signalprocessing\fft\fftsignalprocessing.dir\release\fftsigna.fd5ba970.tlog\link.command.1.tlog
c:\bci2000.python3\build\cmakefiles\core\signalprocessing\fft\fftsignalprocessing.dir\release\fftsigna.fd5ba970.tlog\link.read.1.tlog
c:\bci2000.python3\build\cmakefiles\core\signalprocessing\fft\fftsignalprocessing.dir\release\fftsigna.fd5ba970.tlog\link.write.1.tlog
c:\bci2000.python3\build\cmakefiles\core\signalprocessing\fft\fftsignalprocessing.dir\release\fftsigna.fd5ba970.tlog\rc.command.1.tlog
c:\bci2000.python3\build\cmakefiles\core\signalprocessing\fft\fftsignalprocessing.dir\release\fftsigna.fd5ba970.tlog\rc.read.1.tlog
c:\bci2000.python3\build\cmakefiles\core\signalprocessing\fft\fftsignalprocessing.dir\release\fftsigna.fd5ba970.tlog\rc.write.1.tlog
