c:\bci2000.python3\build\cmakefiles\contrib\signalsource\blackrock\release\blackrock_core.pch
c:\bci2000.python3\build\cmakefiles\contrib\signalsource\blackrock\blackrock.dir\release\corepch.obj
c:\bci2000.python3\build\cmakefiles\contrib\signalsource\blackrock\blackrock.dir\release\winmain.obj
c:\bci2000.python3\build\cmakefiles\contrib\signalsource\blackrock\blackrock.dir\release\version.obj
c:\bci2000.python3\build\cmakefiles\contrib\signalsource\blackrock\blackrock.dir\release\bcistream_module.obj
c:\bci2000.python3\build\cmakefiles\contrib\signalsource\blackrock\blackrock.dir\release\coremodule.obj
c:\bci2000.python3\build\cmakefiles\contrib\signalsource\blackrock\blackrock.dir\release\coremain.obj
c:\bci2000.python3\build\cmakefiles\contrib\signalsource\blackrock\blackrock.dir\release\cbsdk.imports.obj
c:\bci2000.python3\build\cmakefiles\contrib\signalsource\blackrock\blackrock.dir\release\blackrockadc.obj
c:\bci2000.python3\build\cmakefiles\contrib\signalsource\blackrock\cmakefiles\generate.stamp
c:\bci2000.python3\build\cmakefiles\contrib\signalsource\blackrock\release\blackrock.exe
c:\bci2000.python3\build\cmakefiles\contrib\signalsource\blackrock\blackrock.dir\release\version.res
c:\bci2000.python3\build\cmakefiles\contrib\signalsource\blackrock\blackrock.dir\release\appicon.res
c:\bci2000.python3\build\cmakefiles\contrib\signalsource\blackrock\blackrock.dir\release\blackrock.tlog\cl.command.1.tlog
c:\bci2000.python3\build\cmakefiles\contrib\signalsource\blackrock\blackrock.dir\release\blackrock.tlog\cl.read.1.tlog
c:\bci2000.python3\build\cmakefiles\contrib\signalsource\blackrock\blackrock.dir\release\blackrock.tlog\cl.write.1.tlog
c:\bci2000.python3\build\cmakefiles\contrib\signalsource\blackrock\blackrock.dir\release\blackrock.tlog\custombuild.command.1.tlog
c:\bci2000.python3\build\cmakefiles\contrib\signalsource\blackrock\blackrock.dir\release\blackrock.tlog\custombuild.read.1.tlog
c:\bci2000.python3\build\cmakefiles\contrib\signalsource\blackrock\blackrock.dir\release\blackrock.tlog\custombuild.write.1.tlog
c:\bci2000.python3\build\cmakefiles\contrib\signalsource\blackrock\blackrock.dir\release\blackrock.tlog\link.command.1.tlog
c:\bci2000.python3\build\cmakefiles\contrib\signalsource\blackrock\blackrock.dir\release\blackrock.tlog\link.read.1.tlog
c:\bci2000.python3\build\cmakefiles\contrib\signalsource\blackrock\blackrock.dir\release\blackrock.tlog\link.write.1.tlog
c:\bci2000.python3\build\cmakefiles\contrib\signalsource\blackrock\blackrock.dir\release\blackrock.tlog\rc.command.1.tlog
c:\bci2000.python3\build\cmakefiles\contrib\signalsource\blackrock\blackrock.dir\release\blackrock.tlog\rc.read.1.tlog
c:\bci2000.python3\build\cmakefiles\contrib\signalsource\blackrock\blackrock.dir\release\blackrock.tlog\rc.write.1.tlog
