  CorePCH.cpp
  StimulusPresentationTask.cpp
  CoreMain.cpp
  CoreModule.cpp
  BCIStream_module.cpp
  CoreModule_Qt.cpp
  QtMessageHandler.cpp
  Version.cpp
  WinMain.cpp
  Generating Code...
MSVCRT.lib(initializers.obj) : warning LNK4098: defaultlib 'libcmt.lib' conflicts with use of other libs; use /NODEFAULTLIB:library
  StimulusPresentation.vcxproj -> C:\BCI2000.python3\build\CMakeFiles\core\Application\StimulusPresentation\Release\StimulusPresentation.exe
  					Deploying executable
  copying files:
  Copying StimulusPresentation.exe ...
  Copying Qt5Gui.dll ...
  Copying Qt5Widgets.dll ...
  Copying Qt5Core.dll ...
  Copying msvcp140.dll ...
  Copying vcruntime140.dll ...
  Copying qwindows.dll ...
  Done.
