c:\bci2000.python3\build\cmakefiles\core\application\stimuluspresentation\release\stimuluspresentation_core.pch
c:\bci2000.python3\build\cmakefiles\core\application\stimuluspresentation\stimuluspresentation.dir\release\corepch.obj
c:\bci2000.python3\build\cmakefiles\core\application\stimuluspresentation\stimuluspresentation.dir\release\winmain.obj
c:\bci2000.python3\build\cmakefiles\core\application\stimuluspresentation\stimuluspresentation.dir\release\version.obj
c:\bci2000.python3\build\cmakefiles\core\application\stimuluspresentation\stimuluspresentation.dir\release\qtmessagehandler.obj
c:\bci2000.python3\build\cmakefiles\core\application\stimuluspresentation\stimuluspresentation.dir\release\coremodule_qt.obj
c:\bci2000.python3\build\cmakefiles\core\application\stimuluspresentation\stimuluspresentation.dir\release\bcistream_module.obj
c:\bci2000.python3\build\cmakefiles\core\application\stimuluspresentation\stimuluspresentation.dir\release\coremodule.obj
c:\bci2000.python3\build\cmakefiles\core\application\stimuluspresentation\stimuluspresentation.dir\release\coremain.obj
c:\bci2000.python3\build\cmakefiles\core\application\stimuluspresentation\stimuluspresentation.dir\release\stimuluspresentationtask.obj
c:\bci2000.python3\build\cmakefiles\core\application\stimuluspresentation\release\stimuluspresentation.exe
c:\bci2000.python3\build\cmakefiles\core\application\stimuluspresentation\stimuluspresentation.dir\release\version.res
c:\bci2000.python3\build\cmakefiles\core\application\stimuluspresentation\stimuluspresentation.dir\release\appicon.res
c:\bci2000.python3\build\cmakefiles\core\application\stimuluspresentation\stimuluspresentation.dir\release\stimulus.1ad4b0ff.tlog\cl.command.1.tlog
c:\bci2000.python3\build\cmakefiles\core\application\stimuluspresentation\stimuluspresentation.dir\release\stimulus.1ad4b0ff.tlog\cl.read.1.tlog
c:\bci2000.python3\build\cmakefiles\core\application\stimuluspresentation\stimuluspresentation.dir\release\stimulus.1ad4b0ff.tlog\cl.write.1.tlog
c:\bci2000.python3\build\cmakefiles\core\application\stimuluspresentation\stimuluspresentation.dir\release\stimulus.1ad4b0ff.tlog\link.command.1.tlog
c:\bci2000.python3\build\cmakefiles\core\application\stimuluspresentation\stimuluspresentation.dir\release\stimulus.1ad4b0ff.tlog\link.read.1.tlog
c:\bci2000.python3\build\cmakefiles\core\application\stimuluspresentation\stimuluspresentation.dir\release\stimulus.1ad4b0ff.tlog\link.write.1.tlog
c:\bci2000.python3\build\cmakefiles\core\application\stimuluspresentation\stimuluspresentation.dir\release\stimulus.1ad4b0ff.tlog\rc.command.1.tlog
c:\bci2000.python3\build\cmakefiles\core\application\stimuluspresentation\stimuluspresentation.dir\release\stimulus.1ad4b0ff.tlog\rc.read.1.tlog
c:\bci2000.python3\build\cmakefiles\core\application\stimuluspresentation\stimuluspresentation.dir\release\stimulus.1ad4b0ff.tlog\rc.write.1.tlog
