c:\bci2000.python3\build\cmakefiles\frameworks\sigsrcmodulelib\release\bci2000frameworksigsrcmodule_core.pch
c:\bci2000.python3\build\cmakefiles\frameworks\sigsrcmodulelib\bci2000frameworksigsrcmodule.dir\release\corepch.obj
c:\bci2000.python3\build\cmakefiles\frameworks\sigsrcmodulelib\bci2000frameworksigsrcmodule.dir\release\bciregistry.obj
c:\bci2000.python3\build\cmakefiles\frameworks\sigsrcmodulelib\bci2000frameworksigsrcmodule.dir\release\keylogger.obj
c:\bci2000.python3\build\cmakefiles\frameworks\sigsrcmodulelib\bci2000frameworksigsrcmodule.dir\release\joysticklogger.obj
c:\bci2000.python3\build\cmakefiles\frameworks\sigsrcmodulelib\bci2000frameworksigsrcmodule.dir\release\eventlink.obj
c:\bci2000.python3\build\cmakefiles\frameworks\sigsrcmodulelib\bci2000frameworksigsrcmodule.dir\release\transmissionfilter.obj
c:\bci2000.python3\build\cmakefiles\frameworks\sigsrcmodulelib\bci2000frameworksigsrcmodule.dir\release\dataiofilter.obj
c:\bci2000.python3\build\cmakefiles\frameworks\sigsrcmodulelib\bci2000frameworksigsrcmodule.dir\release\alignmentfilter.obj
c:\bci2000.python3\build\cmakefiles\frameworks\sigsrcmodulelib\bci2000frameworksigsrcmodule.dir\release\bufferedadc.obj
c:\bci2000.python3\build\cmakefiles\frameworks\sigsrcmodulelib\bci2000frameworksigsrcmodule.dir\release\gdfoutputformat.obj
c:\bci2000.python3\build\cmakefiles\frameworks\sigsrcmodulelib\bci2000frameworksigsrcmodule.dir\release\gdffilewriter.obj
c:\bci2000.python3\build\cmakefiles\frameworks\sigsrcmodulelib\bci2000frameworksigsrcmodule.dir\release\gdf.obj
c:\bci2000.python3\build\cmakefiles\frameworks\sigsrcmodulelib\bci2000frameworksigsrcmodule.dir\release\edfoutputformat.obj
c:\bci2000.python3\build\cmakefiles\frameworks\sigsrcmodulelib\bci2000frameworksigsrcmodule.dir\release\edfoutputbase.obj
c:\bci2000.python3\build\cmakefiles\frameworks\sigsrcmodulelib\bci2000frameworksigsrcmodule.dir\release\edffilewriter.obj
c:\bci2000.python3\build\cmakefiles\frameworks\sigsrcmodulelib\bci2000frameworksigsrcmodule.dir\release\edfheader.obj
c:\bci2000.python3\build\cmakefiles\frameworks\sigsrcmodulelib\bci2000frameworksigsrcmodule.dir\release\bci2000outputformat.obj
c:\bci2000.python3\build\cmakefiles\frameworks\sigsrcmodulelib\bci2000frameworksigsrcmodule.dir\release\bci2000filewriter.obj
c:\bci2000.python3\build\cmakefiles\frameworks\sigsrcmodulelib\bci2000frameworksigsrcmodule.dir\release\nullfilewriter.obj
c:\bci2000.python3\build\cmakefiles\frameworks\sigsrcmodulelib\bci2000frameworksigsrcmodule.dir\release\genericfilewriter.obj
c:\bci2000.python3\build\cmakefiles\frameworks\sigsrcmodulelib\bci2000frameworksigsrcmodule.dir\release\filewriterbase.obj
c:\bci2000.python3\build\cmakefiles\frameworks\sigsrcmodulelib\cmakefiles\generate.stamp
c:\bci2000.python3\build\cmakefiles\frameworks\sigsrcmodulelib\sigsrcregistry.inc
c:\bci2000.python3\build\cmakefiles\frameworks\sigsrcmodulelib\release\bci2000frameworksigsrcmodule.lib
c:\bci2000.python3\build\cmakefiles\frameworks\sigsrcmodulelib\bci2000frameworksigsrcmodule.dir\release\bci2000f.b433e419.tlog\cl.command.1.tlog
c:\bci2000.python3\build\cmakefiles\frameworks\sigsrcmodulelib\bci2000frameworksigsrcmodule.dir\release\bci2000f.b433e419.tlog\cl.read.1.tlog
c:\bci2000.python3\build\cmakefiles\frameworks\sigsrcmodulelib\bci2000frameworksigsrcmodule.dir\release\bci2000f.b433e419.tlog\cl.write.1.tlog
c:\bci2000.python3\build\cmakefiles\frameworks\sigsrcmodulelib\bci2000frameworksigsrcmodule.dir\release\bci2000f.b433e419.tlog\custombuild.command.1.tlog
c:\bci2000.python3\build\cmakefiles\frameworks\sigsrcmodulelib\bci2000frameworksigsrcmodule.dir\release\bci2000f.b433e419.tlog\custombuild.read.1.tlog
c:\bci2000.python3\build\cmakefiles\frameworks\sigsrcmodulelib\bci2000frameworksigsrcmodule.dir\release\bci2000f.b433e419.tlog\custombuild.write.1.tlog
c:\bci2000.python3\build\cmakefiles\frameworks\sigsrcmodulelib\bci2000frameworksigsrcmodule.dir\release\bci2000f.b433e419.tlog\lib-link.read.1.tlog
c:\bci2000.python3\build\cmakefiles\frameworks\sigsrcmodulelib\bci2000frameworksigsrcmodule.dir\release\bci2000f.b433e419.tlog\lib-link.write.1.tlog
c:\bci2000.python3\build\cmakefiles\frameworks\sigsrcmodulelib\bci2000frameworksigsrcmodule.dir\release\bci2000f.b433e419.tlog\lib.command.1.tlog
