c:\bci2000.python3\build\cmakefiles\core\signalsource\g.mobilabplus\release\gmobilabplus_core.pch
c:\bci2000.python3\build\cmakefiles\core\signalsource\g.mobilabplus\gmobilabplus.dir\release\corepch.obj
c:\bci2000.python3\build\cmakefiles\core\signalsource\g.mobilabplus\gmobilabplus.dir\release\winmain.obj
c:\bci2000.python3\build\cmakefiles\core\signalsource\g.mobilabplus\gmobilabplus.dir\release\version.obj
c:\bci2000.python3\build\cmakefiles\core\signalsource\g.mobilabplus\gmobilabplus.dir\release\filterdesign.obj
c:\bci2000.python3\build\cmakefiles\core\signalsource\g.mobilabplus\gmobilabplus.dir\release\iirfilterbase.obj
c:\bci2000.python3\build\cmakefiles\core\signalsource\g.mobilabplus\gmobilabplus.dir\release\sourcefilter.obj
c:\bci2000.python3\build\cmakefiles\core\signalsource\g.mobilabplus\gmobilabplus.dir\release\bcistream_module.obj
c:\bci2000.python3\build\cmakefiles\core\signalsource\g.mobilabplus\gmobilabplus.dir\release\coremodule.obj
c:\bci2000.python3\build\cmakefiles\core\signalsource\g.mobilabplus\gmobilabplus.dir\release\coremain.obj
c:\bci2000.python3\build\cmakefiles\core\signalsource\g.mobilabplus\gmobilabplus.dir\release\gmobilabplus.imports.obj
c:\bci2000.python3\build\cmakefiles\core\signalsource\g.mobilabplus\gmobilabplus.dir\release\gmobilabadc.obj
c:\bci2000.python3\build\cmakefiles\core\signalsource\g.mobilabplus\cmakefiles\generate.stamp
c:\bci2000.python3\build\cmakefiles\core\signalsource\g.mobilabplus\release\gmobilabplus.exe
c:\bci2000.python3\build\cmakefiles\core\signalsource\g.mobilabplus\gmobilabplus.dir\release\version.res
c:\bci2000.python3\build\cmakefiles\core\signalsource\g.mobilabplus\gmobilabplus.dir\release\appicon.res
c:\bci2000.python3\build\cmakefiles\core\signalsource\g.mobilabplus\gmobilabplus.dir\release\gmobilabplus.tlog\cl.command.1.tlog
c:\bci2000.python3\build\cmakefiles\core\signalsource\g.mobilabplus\gmobilabplus.dir\release\gmobilabplus.tlog\cl.read.1.tlog
c:\bci2000.python3\build\cmakefiles\core\signalsource\g.mobilabplus\gmobilabplus.dir\release\gmobilabplus.tlog\cl.write.1.tlog
c:\bci2000.python3\build\cmakefiles\core\signalsource\g.mobilabplus\gmobilabplus.dir\release\gmobilabplus.tlog\custombuild.command.1.tlog
c:\bci2000.python3\build\cmakefiles\core\signalsource\g.mobilabplus\gmobilabplus.dir\release\gmobilabplus.tlog\custombuild.read.1.tlog
c:\bci2000.python3\build\cmakefiles\core\signalsource\g.mobilabplus\gmobilabplus.dir\release\gmobilabplus.tlog\custombuild.write.1.tlog
c:\bci2000.python3\build\cmakefiles\core\signalsource\g.mobilabplus\gmobilabplus.dir\release\gmobilabplus.tlog\link.command.1.tlog
c:\bci2000.python3\build\cmakefiles\core\signalsource\g.mobilabplus\gmobilabplus.dir\release\gmobilabplus.tlog\link.read.1.tlog
c:\bci2000.python3\build\cmakefiles\core\signalsource\g.mobilabplus\gmobilabplus.dir\release\gmobilabplus.tlog\link.write.1.tlog
c:\bci2000.python3\build\cmakefiles\core\signalsource\g.mobilabplus\gmobilabplus.dir\release\gmobilabplus.tlog\rc.command.1.tlog
c:\bci2000.python3\build\cmakefiles\core\signalsource\g.mobilabplus\gmobilabplus.dir\release\gmobilabplus.tlog\rc.read.1.tlog
c:\bci2000.python3\build\cmakefiles\core\signalsource\g.mobilabplus\gmobilabplus.dir\release\gmobilabplus.tlog\rc.write.1.tlog
