c:\bci2000.python3\build\cmakefiles\contrib\signalsource\modulareeg\release\modulareeg_core.pch
c:\bci2000.python3\build\cmakefiles\contrib\signalsource\modulareeg\modulareeg.dir\release\corepch.obj
c:\bci2000.python3\build\cmakefiles\contrib\signalsource\modulareeg\modulareeg.dir\release\winmain.obj
c:\bci2000.python3\build\cmakefiles\contrib\signalsource\modulareeg\modulareeg.dir\release\version.obj
c:\bci2000.python3\build\cmakefiles\contrib\signalsource\modulareeg\modulareeg.dir\release\bcistream_module.obj
c:\bci2000.python3\build\cmakefiles\contrib\signalsource\modulareeg\modulareeg.dir\release\coremodule.obj
c:\bci2000.python3\build\cmakefiles\contrib\signalsource\modulareeg\modulareeg.dir\release\coremain.obj
c:\bci2000.python3\build\cmakefiles\contrib\signalsource\modulareeg\modulareeg.dir\release\modular_eeg_parser.obj
c:\bci2000.python3\build\cmakefiles\contrib\signalsource\modulareeg\modulareeg.dir\release\modulareegadc.obj
c:\bci2000.python3\build\cmakefiles\contrib\signalsource\modulareeg\cmakefiles\generate.stamp
c:\bci2000.python3\build\cmakefiles\contrib\signalsource\modulareeg\release\modulareeg.exe
c:\bci2000.python3\build\cmakefiles\contrib\signalsource\modulareeg\modulareeg.dir\release\version.res
c:\bci2000.python3\build\cmakefiles\contrib\signalsource\modulareeg\modulareeg.dir\release\appicon.res
c:\bci2000.python3\build\cmakefiles\contrib\signalsource\modulareeg\modulareeg.dir\release\modulareeg.tlog\cl.command.1.tlog
c:\bci2000.python3\build\cmakefiles\contrib\signalsource\modulareeg\modulareeg.dir\release\modulareeg.tlog\cl.read.1.tlog
c:\bci2000.python3\build\cmakefiles\contrib\signalsource\modulareeg\modulareeg.dir\release\modulareeg.tlog\cl.write.1.tlog
c:\bci2000.python3\build\cmakefiles\contrib\signalsource\modulareeg\modulareeg.dir\release\modulareeg.tlog\custombuild.command.1.tlog
c:\bci2000.python3\build\cmakefiles\contrib\signalsource\modulareeg\modulareeg.dir\release\modulareeg.tlog\custombuild.read.1.tlog
c:\bci2000.python3\build\cmakefiles\contrib\signalsource\modulareeg\modulareeg.dir\release\modulareeg.tlog\custombuild.write.1.tlog
c:\bci2000.python3\build\cmakefiles\contrib\signalsource\modulareeg\modulareeg.dir\release\modulareeg.tlog\link.command.1.tlog
c:\bci2000.python3\build\cmakefiles\contrib\signalsource\modulareeg\modulareeg.dir\release\modulareeg.tlog\link.read.1.tlog
c:\bci2000.python3\build\cmakefiles\contrib\signalsource\modulareeg\modulareeg.dir\release\modulareeg.tlog\link.write.1.tlog
c:\bci2000.python3\build\cmakefiles\contrib\signalsource\modulareeg\modulareeg.dir\release\modulareeg.tlog\rc.command.1.tlog
c:\bci2000.python3\build\cmakefiles\contrib\signalsource\modulareeg\modulareeg.dir\release\modulareeg.tlog\rc.read.1.tlog
c:\bci2000.python3\build\cmakefiles\contrib\signalsource\modulareeg\modulareeg.dir\release\modulareeg.tlog\rc.write.1.tlog
