c:\bci2000.python3\build\cmakefiles\contrib\signalsource\actichamp\release\actichampsource_core.pch
c:\bci2000.python3\build\cmakefiles\contrib\signalsource\actichamp\actichampsource.dir\release\corepch.obj
c:\bci2000.python3\build\cmakefiles\contrib\signalsource\actichamp\actichampsource.dir\release\winmain.obj
c:\bci2000.python3\build\cmakefiles\contrib\signalsource\actichamp\actichampsource.dir\release\version.obj
c:\bci2000.python3\build\cmakefiles\contrib\signalsource\actichamp\actichampsource.dir\release\bcistream_module.obj
c:\bci2000.python3\build\cmakefiles\contrib\signalsource\actichamp\actichampsource.dir\release\coremodule.obj
c:\bci2000.python3\build\cmakefiles\contrib\signalsource\actichamp\actichampsource.dir\release\coremain.obj
c:\bci2000.python3\build\cmakefiles\contrib\signalsource\actichamp\actichampsource.dir\release\actichamp.imports.obj
c:\bci2000.python3\build\cmakefiles\contrib\signalsource\actichamp\actichampsource.dir\release\channelrouter.obj
c:\bci2000.python3\build\cmakefiles\contrib\signalsource\actichamp\actichampsource.dir\release\actichampdevice.obj
c:\bci2000.python3\build\cmakefiles\contrib\signalsource\actichamp\actichampsource.dir\release\actichampbufferedadc.obj
c:\bci2000.python3\build\cmakefiles\contrib\signalsource\actichamp\cmakefiles\generate.stamp
c:\bci2000.python3\build\cmakefiles\contrib\signalsource\actichamp\release\actichampsource.exe
c:\bci2000.python3\build\cmakefiles\contrib\signalsource\actichamp\actichampsource.dir\release\version.res
c:\bci2000.python3\build\cmakefiles\contrib\signalsource\actichamp\actichampsource.dir\release\appicon.res
c:\bci2000.python3\build\cmakefiles\contrib\signalsource\actichamp\actichampsource.dir\release\actichampsource.tlog\cl.command.1.tlog
c:\bci2000.python3\build\cmakefiles\contrib\signalsource\actichamp\actichampsource.dir\release\actichampsource.tlog\cl.read.1.tlog
c:\bci2000.python3\build\cmakefiles\contrib\signalsource\actichamp\actichampsource.dir\release\actichampsource.tlog\cl.write.1.tlog
c:\bci2000.python3\build\cmakefiles\contrib\signalsource\actichamp\actichampsource.dir\release\actichampsource.tlog\custombuild.command.1.tlog
c:\bci2000.python3\build\cmakefiles\contrib\signalsource\actichamp\actichampsource.dir\release\actichampsource.tlog\custombuild.read.1.tlog
c:\bci2000.python3\build\cmakefiles\contrib\signalsource\actichamp\actichampsource.dir\release\actichampsource.tlog\custombuild.write.1.tlog
c:\bci2000.python3\build\cmakefiles\contrib\signalsource\actichamp\actichampsource.dir\release\actichampsource.tlog\link.command.1.tlog
c:\bci2000.python3\build\cmakefiles\contrib\signalsource\actichamp\actichampsource.dir\release\actichampsource.tlog\link.read.1.tlog
c:\bci2000.python3\build\cmakefiles\contrib\signalsource\actichamp\actichampsource.dir\release\actichampsource.tlog\link.write.1.tlog
c:\bci2000.python3\build\cmakefiles\contrib\signalsource\actichamp\actichampsource.dir\release\actichampsource.tlog\rc.command.1.tlog
c:\bci2000.python3\build\cmakefiles\contrib\signalsource\actichamp\actichampsource.dir\release\actichampsource.tlog\rc.read.1.tlog
c:\bci2000.python3\build\cmakefiles\contrib\signalsource\actichamp\actichampsource.dir\release\actichampsource.tlog\rc.write.1.tlog
