c:\bci2000.python3\build\cmakefiles\contrib\signalsource\neuroscan\release\neuroscanclient_core.pch
c:\bci2000.python3\build\cmakefiles\contrib\signalsource\neuroscan\neuroscanclient.dir\release\corepch.obj
c:\bci2000.python3\build\cmakefiles\contrib\signalsource\neuroscan\neuroscanclient.dir\release\winmain.obj
c:\bci2000.python3\build\cmakefiles\contrib\signalsource\neuroscan\neuroscanclient.dir\release\version.obj
c:\bci2000.python3\build\cmakefiles\contrib\signalsource\neuroscan\neuroscanclient.dir\release\bcistream_module.obj
c:\bci2000.python3\build\cmakefiles\contrib\signalsource\neuroscan\neuroscanclient.dir\release\coremodule.obj
c:\bci2000.python3\build\cmakefiles\contrib\signalsource\neuroscan\neuroscanclient.dir\release\coremain.obj
c:\bci2000.python3\build\cmakefiles\contrib\signalsource\neuroscan\neuroscanclient.dir\release\neuroscanadc.obj
c:\bci2000.python3\build\cmakefiles\contrib\signalsource\neuroscan\cmakefiles\generate.stamp
c:\bci2000.python3\build\cmakefiles\contrib\signalsource\neuroscan\release\neuroscanclient.exe
c:\bci2000.python3\build\cmakefiles\contrib\signalsource\neuroscan\neuroscanclient.dir\release\version.res
c:\bci2000.python3\build\cmakefiles\contrib\signalsource\neuroscan\neuroscanclient.dir\release\appicon.res
c:\bci2000.python3\build\cmakefiles\contrib\signalsource\neuroscan\neuroscanclient.dir\release\neuroscanclient.tlog\cl.command.1.tlog
c:\bci2000.python3\build\cmakefiles\contrib\signalsource\neuroscan\neuroscanclient.dir\release\neuroscanclient.tlog\cl.read.1.tlog
c:\bci2000.python3\build\cmakefiles\contrib\signalsource\neuroscan\neuroscanclient.dir\release\neuroscanclient.tlog\cl.write.1.tlog
c:\bci2000.python3\build\cmakefiles\contrib\signalsource\neuroscan\neuroscanclient.dir\release\neuroscanclient.tlog\custombuild.command.1.tlog
c:\bci2000.python3\build\cmakefiles\contrib\signalsource\neuroscan\neuroscanclient.dir\release\neuroscanclient.tlog\custombuild.read.1.tlog
c:\bci2000.python3\build\cmakefiles\contrib\signalsource\neuroscan\neuroscanclient.dir\release\neuroscanclient.tlog\custombuild.write.1.tlog
c:\bci2000.python3\build\cmakefiles\contrib\signalsource\neuroscan\neuroscanclient.dir\release\neuroscanclient.tlog\link.command.1.tlog
c:\bci2000.python3\build\cmakefiles\contrib\signalsource\neuroscan\neuroscanclient.dir\release\neuroscanclient.tlog\link.read.1.tlog
c:\bci2000.python3\build\cmakefiles\contrib\signalsource\neuroscan\neuroscanclient.dir\release\neuroscanclient.tlog\link.write.1.tlog
c:\bci2000.python3\build\cmakefiles\contrib\signalsource\neuroscan\neuroscanclient.dir\release\neuroscanclient.tlog\rc.command.1.tlog
c:\bci2000.python3\build\cmakefiles\contrib\signalsource\neuroscan\neuroscanclient.dir\release\neuroscanclient.tlog\rc.read.1.tlog
c:\bci2000.python3\build\cmakefiles\contrib\signalsource\neuroscan\neuroscanclient.dir\release\neuroscanclient.tlog\rc.write.1.tlog
