c:\bci2000.python3\build\cmakefiles\contrib\signalsource\enobio\enobio3g\release\enobio3g_core.pch
c:\bci2000.python3\build\cmakefiles\contrib\signalsource\enobio\enobio3g\enobio3g.dir\release\corepch.obj
c:\bci2000.python3\build\cmakefiles\contrib\signalsource\enobio\enobio3g\enobio3g.dir\release\winmain.obj
c:\bci2000.python3\build\cmakefiles\contrib\signalsource\enobio\enobio3g\enobio3g.dir\release\version.obj
c:\bci2000.python3\build\cmakefiles\contrib\signalsource\enobio\enobio3g\enobio3g.dir\release\bcistream_module.obj
c:\bci2000.python3\build\cmakefiles\contrib\signalsource\enobio\enobio3g\enobio3g.dir\release\coremodule.obj
c:\bci2000.python3\build\cmakefiles\contrib\signalsource\enobio\enobio3g\enobio3g.dir\release\coremain.obj
c:\bci2000.python3\build\cmakefiles\contrib\signalsource\enobio\enobio3g\enobio3g.dir\release\filterdesign.obj
c:\bci2000.python3\build\cmakefiles\contrib\signalsource\enobio\enobio3g\enobio3g.dir\release\iirfilterbase.obj
c:\bci2000.python3\build\cmakefiles\contrib\signalsource\enobio\enobio3g\enobio3g.dir\release\sourcefilter.obj
c:\bci2000.python3\build\cmakefiles\contrib\signalsource\enobio\enobio3g\enobio3g.dir\release\enobiodataconsumer.obj
c:\bci2000.python3\build\cmakefiles\contrib\signalsource\enobio\enobio3g\enobio3g.dir\release\enobiostatusconsumer.obj
c:\bci2000.python3\build\cmakefiles\contrib\signalsource\enobio\enobio3g\enobio3g.dir\release\enobioadc.obj
c:\bci2000.python3\build\cmakefiles\contrib\signalsource\enobio\enobio3g\cmakefiles\generate.stamp
c:\bci2000.python3\build\cmakefiles\contrib\signalsource\enobio\enobio3g\release\enobio3g.exe
c:\bci2000.python3\build\cmakefiles\contrib\signalsource\enobio\enobio3g\enobio3g.dir\release\version.res
c:\bci2000.python3\build\cmakefiles\contrib\signalsource\enobio\enobio3g\enobio3g.dir\release\appicon.res
c:\bci2000.python3\build\cmakefiles\contrib\signalsource\enobio\enobio3g\enobio3g.dir\release\enobio3g.tlog\cl.command.1.tlog
c:\bci2000.python3\build\cmakefiles\contrib\signalsource\enobio\enobio3g\enobio3g.dir\release\enobio3g.tlog\cl.read.1.tlog
c:\bci2000.python3\build\cmakefiles\contrib\signalsource\enobio\enobio3g\enobio3g.dir\release\enobio3g.tlog\cl.write.1.tlog
c:\bci2000.python3\build\cmakefiles\contrib\signalsource\enobio\enobio3g\enobio3g.dir\release\enobio3g.tlog\custombuild.command.1.tlog
c:\bci2000.python3\build\cmakefiles\contrib\signalsource\enobio\enobio3g\enobio3g.dir\release\enobio3g.tlog\custombuild.read.1.tlog
c:\bci2000.python3\build\cmakefiles\contrib\signalsource\enobio\enobio3g\enobio3g.dir\release\enobio3g.tlog\custombuild.write.1.tlog
c:\bci2000.python3\build\cmakefiles\contrib\signalsource\enobio\enobio3g\enobio3g.dir\release\enobio3g.tlog\link.command.1.tlog
c:\bci2000.python3\build\cmakefiles\contrib\signalsource\enobio\enobio3g\enobio3g.dir\release\enobio3g.tlog\link.read.1.tlog
c:\bci2000.python3\build\cmakefiles\contrib\signalsource\enobio\enobio3g\enobio3g.dir\release\enobio3g.tlog\link.write.1.tlog
c:\bci2000.python3\build\cmakefiles\contrib\signalsource\enobio\enobio3g\enobio3g.dir\release\enobio3g.tlog\rc.command.1.tlog
c:\bci2000.python3\build\cmakefiles\contrib\signalsource\enobio\enobio3g\enobio3g.dir\release\enobio3g.tlog\rc.read.1.tlog
c:\bci2000.python3\build\cmakefiles\contrib\signalsource\enobio\enobio3g\enobio3g.dir\release\enobio3g.tlog\rc.write.1.tlog
