  Building Custom Rule C:/BCI2000.python3/src/contrib/SignalSource/Enobio/Enobio3G/CMakeLists.txt
  CMake does not need to re-run because C:/BCI2000.python3/build/CMakeFiles/contrib/SignalSource/Enobio/Enobio3G/CMakeFiles/generate.stamp is up-to-date.
  CorePCH.cpp
  ENOBIOADC.cpp
  EnobioStatusConsumer.cpp
  EnobioDataConsumer.cpp
  SourceFilter.cpp
  IIRFilterBase.cpp
  FilterDesign.cpp
  CoreMain.cpp
  CoreModule.cpp
  BCIStream_module.cpp
  Version.cpp
  WinMain.cpp
  Generating Code...
  ENOBIO3G.vcxproj -> C:\BCI2000.python3\build\CMakeFiles\contrib\SignalSource\Enobio\Enobio3G\Release\ENOBIO3G.exe
  	Deploying executable
  copying files:
  Copying ENOBIO3G.exe ...
  Copying Enobio3GAPI.dll ...
  Copying WinBluetoothAPI.dll ...
  Copying QtCoreneuroelectrics4.dll ...
  Done.
  Copying msvcp140.dll ...
  Copying vcruntime140.dll ...
