  Building Custom Rule C:/BCI2000.python3/src/contrib/SignalSource/Emotiv/CMakeLists.txt
  CMake does not need to re-run because C:/BCI2000.python3/build/CMakeFiles/contrib/SignalSource/Emotiv/CMakeFiles/generate.stamp is up-to-date.
  CorePCH.cpp
  EmotivADC.cpp
  edk.imports.cpp
  CoreMain.cpp
  CoreModule.cpp
  BCIStream_module.cpp
  SourceFilter.cpp
  IIRFilterBase.cpp
  FilterDesign.cpp
  Version.cpp
  WinMain.cpp
  Generating Code...
  Emotiv.vcxproj -> C:\BCI2000.python3\build\CMakeFiles\contrib\SignalSource\Emotiv\Release\Emotiv.exe
  	Deploying executable
  copying files:
  Copying Emotiv.exe ...
  Copying edk.dll ...
  Copying edk_utils.dll ...
  Copying msvcp140.dll ...
  Copying vcruntime140.dll ...
  Done.
