c:\bci2000.python3\build\cmakefiles\contrib\signalsource\emotiv\release\emotiv_core.pch
c:\bci2000.python3\build\cmakefiles\contrib\signalsource\emotiv\emotiv.dir\release\corepch.obj
c:\bci2000.python3\build\cmakefiles\contrib\signalsource\emotiv\emotiv.dir\release\winmain.obj
c:\bci2000.python3\build\cmakefiles\contrib\signalsource\emotiv\emotiv.dir\release\version.obj
c:\bci2000.python3\build\cmakefiles\contrib\signalsource\emotiv\emotiv.dir\release\filterdesign.obj
c:\bci2000.python3\build\cmakefiles\contrib\signalsource\emotiv\emotiv.dir\release\iirfilterbase.obj
c:\bci2000.python3\build\cmakefiles\contrib\signalsource\emotiv\emotiv.dir\release\sourcefilter.obj
c:\bci2000.python3\build\cmakefiles\contrib\signalsource\emotiv\emotiv.dir\release\bcistream_module.obj
c:\bci2000.python3\build\cmakefiles\contrib\signalsource\emotiv\emotiv.dir\release\coremodule.obj
c:\bci2000.python3\build\cmakefiles\contrib\signalsource\emotiv\emotiv.dir\release\coremain.obj
c:\bci2000.python3\build\cmakefiles\contrib\signalsource\emotiv\emotiv.dir\release\edk.imports.obj
c:\bci2000.python3\build\cmakefiles\contrib\signalsource\emotiv\emotiv.dir\release\emotivadc.obj
c:\bci2000.python3\build\cmakefiles\contrib\signalsource\emotiv\cmakefiles\generate.stamp
c:\bci2000.python3\build\cmakefiles\contrib\signalsource\emotiv\release\emotiv.exe
c:\bci2000.python3\build\cmakefiles\contrib\signalsource\emotiv\emotiv.dir\release\version.res
c:\bci2000.python3\build\cmakefiles\contrib\signalsource\emotiv\emotiv.dir\release\appicon.res
c:\bci2000.python3\build\cmakefiles\contrib\signalsource\emotiv\emotiv.dir\release\emotiv.tlog\cl.command.1.tlog
c:\bci2000.python3\build\cmakefiles\contrib\signalsource\emotiv\emotiv.dir\release\emotiv.tlog\cl.read.1.tlog
c:\bci2000.python3\build\cmakefiles\contrib\signalsource\emotiv\emotiv.dir\release\emotiv.tlog\cl.write.1.tlog
c:\bci2000.python3\build\cmakefiles\contrib\signalsource\emotiv\emotiv.dir\release\emotiv.tlog\custombuild.command.1.tlog
c:\bci2000.python3\build\cmakefiles\contrib\signalsource\emotiv\emotiv.dir\release\emotiv.tlog\custombuild.read.1.tlog
c:\bci2000.python3\build\cmakefiles\contrib\signalsource\emotiv\emotiv.dir\release\emotiv.tlog\custombuild.write.1.tlog
c:\bci2000.python3\build\cmakefiles\contrib\signalsource\emotiv\emotiv.dir\release\emotiv.tlog\link.command.1.tlog
c:\bci2000.python3\build\cmakefiles\contrib\signalsource\emotiv\emotiv.dir\release\emotiv.tlog\link.read.1.tlog
c:\bci2000.python3\build\cmakefiles\contrib\signalsource\emotiv\emotiv.dir\release\emotiv.tlog\link.write.1.tlog
c:\bci2000.python3\build\cmakefiles\contrib\signalsource\emotiv\emotiv.dir\release\emotiv.tlog\rc.command.1.tlog
c:\bci2000.python3\build\cmakefiles\contrib\signalsource\emotiv\emotiv.dir\release\emotiv.tlog\rc.read.1.tlog
c:\bci2000.python3\build\cmakefiles\contrib\signalsource\emotiv\emotiv.dir\release\emotiv.tlog\rc.write.1.tlog
