  moc_QtSignalConnector.cpp
  moc_ConfigWindow.cpp
  moc_ConnectionInfo.cpp
  moc_EditMatrix.cpp
  moc_MainWindow.cpp
  moc_ParamDisplay.cpp
  moc_PrefDialog.cpp
  moc_ShowParameters.cpp
  moc_ShowStates.cpp
  moc_SysLog.cpp
  moc_VisDisplay.cpp
  moc_VisDisplayBase.cpp
  moc_VisDisplayBitmap.cpp
  moc_VisDisplayGraph.cpp
  moc_VisDisplayLayer.cpp
  moc_VisDisplayMemo.cpp
  moc_VisDisplayWindow.cpp
  moc_WatchesWindow.cpp
  Version.cpp
  ConfigWindow.cpp
  Generating Code...
  Compiling...
  EditMatrix.cpp
  MainWindow.cpp
  PrefDialog.cpp
  ShowParameters.cpp
  Generating Code...
  Operator.vcxproj -> C:\BCI2000.python3\build\CMakeFiles\core\Operator\OperatorQt\Debug\Operator.exe
  	Deploying executable
  copying files:
  Cannot list dependencies, executable depends on modules that failed to load:
   OperatorLib.dll
  Executable may fail to run when moved to a different machine.
  Copying Operator.exe ...
  Copying Qt5Guid.dll ...
  Copying Qt5Widgetsd.dll ...
  Copying Qt5Cored.dll ...
  Copying qwindowsd.dll ...
  Done.
