c:\bci2000.python3\build\cmakefiles\buildutils\dylibtool\dylibtool.dir\release\version.obj
c:\bci2000.python3\build\cmakefiles\buildutils\dylibtool\dylibtool.dir\release\cdecl_imports.cpp.in.res.obj
c:\bci2000.python3\build\cmakefiles\buildutils\dylibtool\dylibtool.dir\release\imports.cpp.in.res.obj
c:\bci2000.python3\build\cmakefiles\buildutils\dylibtool\dylibtool.dir\release\imports.h.in.res.obj
c:\bci2000.python3\build\cmakefiles\buildutils\dylibtool\dylibtool.dir\release\dylibtool.obj
c:\bci2000.python3\build\cmakefiles\buildutils\dylibtool\dylibtool\imports.h.in.res.cpp
c:\bci2000.python3\build\cmakefiles\buildutils\dylibtool\dylibtool\imports.cpp.in.res.cpp
c:\bci2000.python3\build\cmakefiles\buildutils\dylibtool\dylibtool\cdecl_imports.cpp.in.res.cpp
c:\bci2000.python3\build\cmakefiles\buildutils\dylibtool\cmakefiles\generate.stamp
c:\bci2000.python3\build\cmakefiles\buildutils\dylibtool\release\dylibtool.exe
c:\bci2000.python3\build\cmakefiles\buildutils\dylibtool\dylibtool.dir\release\version.res
c:\bci2000.python3\build\cmakefiles\buildutils\dylibtool\dylibtool.dir\release\dylibtool.tlog\cl.command.1.tlog
c:\bci2000.python3\build\cmakefiles\buildutils\dylibtool\dylibtool.dir\release\dylibtool.tlog\cl.read.1.tlog
c:\bci2000.python3\build\cmakefiles\buildutils\dylibtool\dylibtool.dir\release\dylibtool.tlog\cl.write.1.tlog
c:\bci2000.python3\build\cmakefiles\buildutils\dylibtool\dylibtool.dir\release\dylibtool.tlog\custombuild.command.1.tlog
c:\bci2000.python3\build\cmakefiles\buildutils\dylibtool\dylibtool.dir\release\dylibtool.tlog\custombuild.read.1.tlog
c:\bci2000.python3\build\cmakefiles\buildutils\dylibtool\dylibtool.dir\release\dylibtool.tlog\custombuild.write.1.tlog
c:\bci2000.python3\build\cmakefiles\buildutils\dylibtool\dylibtool.dir\release\dylibtool.tlog\link.command.1.tlog
c:\bci2000.python3\build\cmakefiles\buildutils\dylibtool\dylibtool.dir\release\dylibtool.tlog\link.read.1.tlog
c:\bci2000.python3\build\cmakefiles\buildutils\dylibtool\dylibtool.dir\release\dylibtool.tlog\link.write.1.tlog
c:\bci2000.python3\build\cmakefiles\buildutils\dylibtool\dylibtool.dir\release\dylibtool.tlog\rc.command.1.tlog
c:\bci2000.python3\build\cmakefiles\buildutils\dylibtool\dylibtool.dir\release\dylibtool.tlog\rc.read.1.tlog
c:\bci2000.python3\build\cmakefiles\buildutils\dylibtool\dylibtool.dir\release\dylibtool.tlog\rc.write.1.tlog
