  Checking Build System
  CMake does not need to re-run because C:/BCI2000.python3/build/CMakeFiles/generate.stamp is up-to-date.
  CMake does not need to re-run because C:/BCI2000.python3/build/CMakeFiles/frameworks/CMakeFiles/generate.stamp is up-to-date.
  CMake does not need to re-run because C:/BCI2000.python3/build/CMakeFiles/frameworks/LibTiny/CMakeFiles/generate.stamp is up-to-date.
  CMake does not need to re-run because C:/BCI2000.python3/build/CMakeFiles/frameworks/LibTiny/StaticCrt/CMakeFiles/generate.stamp is up-to-date.
  CMake does not need to re-run because C:/BCI2000.python3/build/CMakeFiles/frameworks/LibTiny/DynamicCrt/CMakeFiles/generate.stamp is up-to-date.
  CMake does not need to re-run because C:/BCI2000.python3/build/CMakeFiles/frameworks/CoreLib/CMakeFiles/generate.stamp is up-to-date.
  CMake does not need to re-run because C:/BCI2000.python3/build/CMakeFiles/frameworks/CoreLib/StaticCrt/CMakeFiles/generate.stamp is up-to-date.
  CMake does not need to re-run because C:/BCI2000.python3/build/CMakeFiles/frameworks/CoreLib/DynamicCrt/CMakeFiles/generate.stamp is up-to-date.
  CMake does not need to re-run because C:/BCI2000.python3/build/CMakeFiles/frameworks/SigSrcModuleLib/CMakeFiles/generate.stamp is up-to-date.
  CMake does not need to re-run because C:/BCI2000.python3/build/CMakeFiles/frameworks/SigProcModuleLib/CMakeFiles/generate.stamp is up-to-date.
  CMake does not need to re-run because C:/BCI2000.python3/build/CMakeFiles/frameworks/AppModuleLib/CMakeFiles/generate.stamp is up-to-date.
  CMake does not need to re-run because C:/BCI2000.python3/build/CMakeFiles/extlib/CMakeFiles/generate.stamp is up-to-date.
  CMake does not need to re-run because C:/BCI2000.python3/build/CMakeFiles/extlib/3DAPI/Demo/CMakeFiles/generate.stamp is up-to-date.
  CMake does not need to re-run because C:/BCI2000.python3/build/CMakeFiles/extlib/math/statistics/test/CMakeFiles/generate.stamp is up-to-date.
  CMake does not need to re-run because C:/BCI2000.python3/build/CMakeFiles/extlib/portaudio/CMakeFiles/generate.stamp is up-to-date.
  CMake does not need to re-run because C:/BCI2000.python3/build/CMakeFiles/extlib/libsndfile/CMakeFiles/generate.stamp is up-to-date.
  CMake does not need to re-run because C:/BCI2000.python3/build/CMakeFiles/shared/CMakeFiles/generate.stamp is up-to-date.
  CMake does not need to re-run because C:/BCI2000.python3/build/CMakeFiles/private/CMakeFiles/generate.stamp is up-to-date.
  CMake does not need to re-run because C:/BCI2000.python3/build/CMakeFiles/private/Extensions/CMakeFiles/generate.stamp is up-to-date.
  CMake does not need to re-run because C:/BCI2000.python3/build/CMakeFiles/buildutils/CMakeFiles/generate.stamp is up-to-date.
  CMake does not need to re-run because C:/BCI2000.python3/build/CMakeFiles/buildutils/BootstrapCustomProjects/CMakeFiles/generate.stamp is up-to-date.
  CMake does not need to re-run because C:/BCI2000.python3/build/CMakeFiles/buildutils/DylibTool/CMakeFiles/generate.stamp is up-to-date.
  CMake does not need to re-run because C:/BCI2000.python3/build/CMakeFiles/buildutils/SchedulingTool/CMakeFiles/generate.stamp is up-to-date.
  CMake does not need to re-run because C:/BCI2000.python3/build/CMakeFiles/buildutils/AppCopier/CMakeFiles/generate.stamp is up-to-date.
  CMake does not need to re-run because C:/BCI2000.python3/build/CMakeFiles/core/CMakeFiles/generate.stamp is up-to-date.
  CMake does not need to re-run because C:/BCI2000.python3/build/CMakeFiles/core/SignalProcessing/CMakeFiles/generate.stamp is up-to-date.
  CMake does not need to re-run because C:/BCI2000.python3/build/CMakeFiles/core/SignalProcessing/AR/CMakeFiles/generate.stamp is up-to-date.
  CMake does not need to re-run because C:/BCI2000.python3/build/CMakeFiles/core/SignalProcessing/P3/CMakeFiles/generate.stamp is up-to-date.
  CMake does not need to re-run because C:/BCI2000.python3/build/CMakeFiles/core/SignalProcessing/FFT/CMakeFiles/generate.stamp is up-to-date.
  CMake does not need to re-run because C:/BCI2000.python3/build/CMakeFiles/core/SignalProcessing/Matlab/CMakeFiles/generate.stamp is up-to-date.
  CMake does not need to re-run because C:/BCI2000.python3/build/CMakeFiles/core/SignalProcessing/Spectral/CMakeFiles/generate.stamp is up-to-date.
  CMake does not need to re-run because C:/BCI2000.python3/build/CMakeFiles/core/SignalProcessing/Dummy/CMakeFiles/generate.stamp is up-to-date.
  CMake does not need to re-run because C:/BCI2000.python3/build/CMakeFiles/core/SignalSource/CMakeFiles/generate.stamp is up-to-date.
  CMake does not need to re-run because C:/BCI2000.python3/build/CMakeFiles/core/SignalSource/SignalGenerator/CMakeFiles/generate.stamp is up-to-date.
  CMake does not need to re-run because C:/BCI2000.python3/build/CMakeFiles/core/SignalSource/SoundcardSource/CMakeFiles/generate.stamp is up-to-date.
  CMake does not need to re-run because C:/BCI2000.python3/build/CMakeFiles/core/SignalSource/g.USBamp/CMakeFiles/generate.stamp is up-to-date.
  CMake does not need to re-run because C:/BCI2000.python3/build/CMakeFiles/core/SignalSource/g.USBamp/getinfo/CMakeFiles/generate.stamp is up-to-date.
  CMake does not need to re-run because C:/BCI2000.python3/build/CMakeFiles/core/SignalSource/g.MOBIlab/CMakeFiles/generate.stamp is up-to-date.
  CMake does not need to re-run because C:/BCI2000.python3/build/CMakeFiles/core/SignalSource/g.MOBIlabPlus/CMakeFiles/generate.stamp is up-to-date.
  CMake does not need to re-run because C:/BCI2000.python3/build/CMakeFiles/core/SignalSource/g.HIampSource/CMakeFiles/generate.stamp is up-to-date.
  CMake does not need to re-run because C:/BCI2000.python3/build/CMakeFiles/core/SignalSource/g.NautilusSource/CMakeFiles/generate.stamp is up-to-date.
  CMake does not need to re-run because C:/BCI2000.python3/build/CMakeFiles/core/SignalSource/g.Unicorn/CMakeFiles/generate.stamp is up-to-date.
  CMake does not need to re-run because C:/BCI2000.python3/build/CMakeFiles/core/Application/CMakeFiles/generate.stamp is up-to-date.
  CMake does not need to re-run because C:/BCI2000.python3/build/CMakeFiles/core/Application/StimulusPresentation/CMakeFiles/generate.stamp is up-to-date.
  CMake does not need to re-run because C:/BCI2000.python3/build/CMakeFiles/core/Application/P3Speller/CMakeFiles/generate.stamp is up-to-date.
  CMake does not need to re-run because C:/BCI2000.python3/build/CMakeFiles/core/Application/FeedbackDemo/CMakeFiles/generate.stamp is up-to-date.
  CMake does not need to re-run because C:/BCI2000.python3/build/CMakeFiles/core/Application/CursorTask/CMakeFiles/generate.stamp is up-to-date.
  CMake does not need to re-run because C:/BCI2000.python3/build/CMakeFiles/core/Application/Dummy/CMakeFiles/generate.stamp is up-to-date.
  CMake does not need to re-run because C:/BCI2000.python3/build/CMakeFiles/core/Operator/CMakeFiles/generate.stamp is up-to-date.
  CMake does not need to re-run because C:/BCI2000.python3/build/CMakeFiles/core/Operator/OperatorLib/CMakeFiles/generate.stamp is up-to-date.
  CMake does not need to re-run because C:/BCI2000.python3/build/CMakeFiles/core/Operator/OperatorQt/CMakeFiles/generate.stamp is up-to-date.
  CMake does not need to re-run because C:/BCI2000.python3/build/CMakeFiles/core/Operator/BCI2000Remote/CMakeFiles/generate.stamp is up-to-date.
  CMake does not need to re-run because C:/BCI2000.python3/build/CMakeFiles/core/Operator/BCI2000Shell/CMakeFiles/generate.stamp is up-to-date.
  CMake does not need to re-run because C:/BCI2000.python3/build/CMakeFiles/core/Operator/MessageBox/CMakeFiles/generate.stamp is up-to-date.
  CMake does not need to re-run because C:/BCI2000.python3/build/CMakeFiles/core/Tools/CMakeFiles/generate.stamp is up-to-date.
  CMake does not need to re-run because C:/BCI2000.python3/build/CMakeFiles/core/Tools/BCI2000FileInfoQt/CMakeFiles/generate.stamp is up-to-date.
  CMake does not need to re-run because C:/BCI2000.python3/build/CMakeFiles/core/Tools/BCI2000ViewerQt/CMakeFiles/generate.stamp is up-to-date.
  CMake does not need to re-run because C:/BCI2000.python3/build/CMakeFiles/core/Tools/BCI2000ExportQt/CMakeFiles/generate.stamp is up-to-date.
  CMake does not need to re-run because C:/BCI2000.python3/build/CMakeFiles/core/Tools/BCI2000LauncherQt/CMakeFiles/generate.stamp is up-to-date.
  CMake does not need to re-run because C:/BCI2000.python3/build/CMakeFiles/core/Tools/BCI2000MediaPlayer/CMakeFiles/generate.stamp is up-to-date.
  CMake does not need to re-run because C:/BCI2000.python3/build/CMakeFiles/core/Tools/P300Classifier/CMakeFiles/generate.stamp is up-to-date.
  CMake does not need to re-run because C:/BCI2000.python3/build/CMakeFiles/core/Tools/BCI2000Certification/CMakeFiles/generate.stamp is up-to-date.
  CMake does not need to re-run because C:/BCI2000.python3/build/CMakeFiles/core/Tools/BCI2000Certification/BCI2000CertificationTester/CMakeFiles/generate.stamp is up-to-date.
  CMake does not need to re-run because C:/BCI2000.python3/build/CMakeFiles/core/Tools/BCI2000Certification/BCI2000CertificationAnalysis/CMakeFiles/generate.stamp is up-to-date.
  CMake does not need to re-run because C:/BCI2000.python3/build/CMakeFiles/core/Tools/cmdline/CMakeFiles/generate.stamp is up-to-date.
  CMake does not need to re-run because C:/BCI2000.python3/build/CMakeFiles/core/Tools/mex/CMakeFiles/generate.stamp is up-to-date.
  CMake does not need to re-run because C:/BCI2000.python3/build/CMakeFiles/contrib/CMakeFiles/generate.stamp is up-to-date.
  CMake does not need to re-run because C:/BCI2000.python3/build/CMakeFiles/contrib/Extensions/CMakeFiles/generate.stamp is up-to-date.
  CMake does not need to re-run because C:/BCI2000.python3/build/CMakeFiles/contrib/Extensions/WiimoteLogger/CMakeFiles/generate.stamp is up-to-date.
  CMake does not need to re-run because C:/BCI2000.python3/build/CMakeFiles/contrib/SignalSource/CMakeFiles/generate.stamp is up-to-date.
  CMake does not need to re-run because C:/BCI2000.python3/build/CMakeFiles/contrib/SignalSource/actiCHamp/CMakeFiles/generate.stamp is up-to-date.
  CMake does not need to re-run because C:/BCI2000.python3/build/CMakeFiles/contrib/SignalSource/AmpServerPro/CMakeFiles/generate.stamp is up-to-date.
  CMake does not need to re-run because C:/BCI2000.python3/build/CMakeFiles/contrib/SignalSource/BioRadio/CMakeFiles/generate.stamp is up-to-date.
  CMake does not need to re-run because C:/BCI2000.python3/build/CMakeFiles/contrib/SignalSource/Biosemi/CMakeFiles/generate.stamp is up-to-date.
  CMake does not need to re-run because C:/BCI2000.python3/build/CMakeFiles/contrib/SignalSource/B-Alert/CMakeFiles/generate.stamp is up-to-date.
  CMake does not need to re-run because C:/BCI2000.python3/build/CMakeFiles/contrib/SignalSource/DASSource/CMakeFiles/generate.stamp is up-to-date.
  CMake does not need to re-run because C:/BCI2000.python3/build/CMakeFiles/contrib/SignalSource/Emotiv/CMakeFiles/generate.stamp is up-to-date.
  CMake does not need to re-run because C:/BCI2000.python3/build/CMakeFiles/contrib/SignalSource/Enobio/CMakeFiles/generate.stamp is up-to-date.
  CMake does not need to re-run because C:/BCI2000.python3/build/CMakeFiles/contrib/SignalSource/Enobio/Enobio3G/CMakeFiles/generate.stamp is up-to-date.
  CMake does not need to re-run because C:/BCI2000.python3/build/CMakeFiles/contrib/SignalSource/Micromed/CMakeFiles/generate.stamp is up-to-date.
  CMake does not need to re-run because C:/BCI2000.python3/build/CMakeFiles/contrib/SignalSource/ModularEEG/CMakeFiles/generate.stamp is up-to-date.
  CMake does not need to re-run because C:/BCI2000.python3/build/CMakeFiles/contrib/SignalSource/Neuralynx/CMakeFiles/generate.stamp is up-to-date.
  CMake does not need to re-run because C:/BCI2000.python3/build/CMakeFiles/contrib/SignalSource/NeuroscanAccessSDK/CMakeFiles/generate.stamp is up-to-date.
  CMake does not need to re-run because C:/BCI2000.python3/build/CMakeFiles/contrib/SignalSource/NeuroSky/CMakeFiles/generate.stamp is up-to-date.
  CMake does not need to re-run because C:/BCI2000.python3/build/CMakeFiles/contrib/SignalSource/NIDAQ-MX/CMakeFiles/generate.stamp is up-to-date.
  CMake does not need to re-run because C:/BCI2000.python3/build/CMakeFiles/contrib/SignalSource/TMSi/CMakeFiles/generate.stamp is up-to-date.
  CMake does not need to re-run because C:/BCI2000.python3/build/CMakeFiles/contrib/SignalSource/TuckerDavis/CMakeFiles/generate.stamp is up-to-date.
  CMake does not need to re-run because C:/BCI2000.python3/build/CMakeFiles/contrib/SignalSource/TuckerDavis/TDTSampleRate/CMakeFiles/generate.stamp is up-to-date.
  CMake does not need to re-run because C:/BCI2000.python3/build/CMakeFiles/contrib/SignalSource/vAmp/CMakeFiles/generate.stamp is up-to-date.
  CMake does not need to re-run because C:/BCI2000.python3/build/CMakeFiles/contrib/SignalSource/EEGOSource/CMakeFiles/generate.stamp is up-to-date.
  CMake does not need to re-run because C:/BCI2000.python3/build/CMakeFiles/contrib/SignalSource/LiveAmp/CMakeFiles/generate.stamp is up-to-date.
  CMake does not need to re-run because C:/BCI2000.python3/build/CMakeFiles/contrib/SignalSource/RDAClient/CMakeFiles/generate.stamp is up-to-date.
  CMake does not need to re-run because C:/BCI2000.python3/build/CMakeFiles/contrib/SignalSource/RDAClient/getparams/CMakeFiles/generate.stamp is up-to-date.
  CMake does not need to re-run because C:/BCI2000.python3/build/CMakeFiles/contrib/SignalSource/Neuroscan/CMakeFiles/generate.stamp is up-to-date.
  CMake does not need to re-run because C:/BCI2000.python3/build/CMakeFiles/contrib/SignalSource/FieldTripBufferSource/CMakeFiles/generate.stamp is up-to-date.
  CMake does not need to re-run because C:/BCI2000.python3/build/CMakeFiles/contrib/SignalSource/FilePlayback/CMakeFiles/generate.stamp is up-to-date.
  CMake does not need to re-run because C:/BCI2000.python3/build/CMakeFiles/contrib/SignalSource/Blackrock/CMakeFiles/generate.stamp is up-to-date.
  CMake does not need to re-run because C:/BCI2000.python3/build/CMakeFiles/contrib/SignalSource/Ripple/CMakeFiles/generate.stamp is up-to-date.
  CMake does not need to re-run because C:/BCI2000.python3/build/CMakeFiles/contrib/SignalSource/DSISerial/CMakeFiles/generate.stamp is up-to-date.
  CMake does not need to re-run because C:/BCI2000.python3/build/CMakeFiles/contrib/SignalSource/LSLSource/CMakeFiles/generate.stamp is up-to-date.
  CMake does not need to re-run because C:/BCI2000.python3/build/CMakeFiles/contrib/SignalSource/OpenBCISource/CMakeFiles/generate.stamp is up-to-date.
  CMake does not need to re-run because C:/BCI2000.python3/build/CMakeFiles/contrib/SignalProcessing/CMakeFiles/generate.stamp is up-to-date.
  CMake does not need to re-run because C:/BCI2000.python3/build/CMakeFiles/contrib/SignalProcessing/FieldTripBuffer/CMakeFiles/generate.stamp is up-to-date.
  CMake does not need to re-run because C:/BCI2000.python3/build/CMakeFiles/contrib/SignalProcessing/FIR/CMakeFiles/generate.stamp is up-to-date.
  CMake does not need to re-run because C:/BCI2000.python3/build/CMakeFiles/contrib/SignalProcessing/PeakDetector/CMakeFiles/generate.stamp is up-to-date.
  CMake does not need to re-run because C:/BCI2000.python3/build/CMakeFiles/contrib/SignalProcessing/SW/CMakeFiles/generate.stamp is up-to-date.
  CMake does not need to re-run because C:/BCI2000.python3/build/CMakeFiles/contrib/SignalProcessing/Coherence/CMakeFiles/generate.stamp is up-to-date.
  CMake does not need to re-run because C:/BCI2000.python3/build/CMakeFiles/contrib/SignalProcessing/CoherenceFFT/CMakeFiles/generate.stamp is up-to-date.
  CMake does not need to re-run because C:/BCI2000.python3/build/CMakeFiles/contrib/SignalProcessing/Statistics/CMakeFiles/generate.stamp is up-to-date.
  CMake does not need to re-run because C:/BCI2000.python3/build/CMakeFiles/contrib/SignalProcessing/Statistics/Cmdline/CMakeFiles/generate.stamp is up-to-date.
  CMake does not need to re-run because C:/BCI2000.python3/build/CMakeFiles/contrib/SignalProcessing/HilbertSignalProcessing/CMakeFiles/generate.stamp is up-to-date.
  CMake does not need to re-run because C:/BCI2000.python3/build/CMakeFiles/contrib/SignalProcessing/HilbertSignalProcessing/cmdline/CMakeFiles/generate.stamp is up-to-date.
  CMake does not need to re-run because C:/BCI2000.python3/build/CMakeFiles/contrib/SignalProcessing/VisualizationDemo/CMakeFiles/generate.stamp is up-to-date.
  CMake does not need to re-run because C:/BCI2000.python3/build/CMakeFiles/contrib/SignalProcessing/SignalSharingDemo/CMakeFiles/generate.stamp is up-to-date.
  CMake does not need to re-run because C:/BCI2000.python3/build/CMakeFiles/contrib/Application/CMakeFiles/generate.stamp is up-to-date.
  CMake does not need to re-run because C:/BCI2000.python3/build/CMakeFiles/contrib/AppConnectorApplications/CMakeFiles/generate.stamp is up-to-date.
  CMake does not need to re-run because C:/BCI2000.python3/build/CMakeFiles/contrib/AppConnectorApplications/AppConnectorExample/CMakeFiles/generate.stamp is up-to-date.
  CMake does not need to re-run because C:/BCI2000.python3/build/CMakeFiles/contrib/AppConnectorApplications/AppConnectorExample/src/CMakeFiles/generate.stamp is up-to-date.
  CMake does not need to re-run because C:/BCI2000.python3/build/CMakeFiles/contrib/AppConnectorApplications/ParallelSwitch/CMakeFiles/generate.stamp is up-to-date.
  CMake does not need to re-run because C:/BCI2000.python3/build/CMakeFiles/contrib/AppConnectorApplications/SimpleExample/CMakeFiles/generate.stamp is up-to-date.
  CMake does not need to re-run because C:/BCI2000.python3/build/CMakeFiles/contrib/OperatorLibApplications/CMakeFiles/generate.stamp is up-to-date.
  CMake does not need to re-run because C:/BCI2000.python3/build/CMakeFiles/contrib/OperatorLibApplications/OperatorLibDemo/CMakeFiles/generate.stamp is up-to-date.
  CMake does not need to re-run because C:/BCI2000.python3/build/CMakeFiles/contrib/ExternalLinks/CMakeFiles/generate.stamp is up-to-date.
  CMake does not need to re-run because C:/BCI2000.python3/build/CMakeFiles/contrib/ExternalLinks/BCI2000Automation/CMakeFiles/generate.stamp is up-to-date.
  CMake does not need to re-run because C:/BCI2000.python3/build/CMakeFiles/contrib/ExternalLinks/BCI2000Command/CMakeFiles/generate.stamp is up-to-date.
  CMake does not need to re-run because C:/BCI2000.python3/build/CMakeFiles/contrib/ExternalLinks/BCI2000PresentationLink/CMakeFiles/generate.stamp is up-to-date.
  CMake does not need to re-run because C:/BCI2000.python3/build/CMakeFiles/contrib/ExternalLinks/BCI2000PythonBindings/CMakeFiles/generate.stamp is up-to-date.
  CMake does not need to re-run because C:/BCI2000.python3/build/CMakeFiles/contrib/ExternalLinks/PyffApplication/CMakeFiles/generate.stamp is up-to-date.
  CMake does not need to re-run because C:/BCI2000.python3/build/CMakeFiles/contrib/BCPy2000/CMakeFiles/generate.stamp is up-to-date.
  CMake does not need to re-run because C:/BCI2000.python3/build/CMakeFiles/contrib/BCPy2000/foundation/CMakeFiles/generate.stamp is up-to-date.
  CMake does not need to re-run because C:/BCI2000.python3/build/CMakeFiles/contrib/BCPy2000/foundation/Application/CMakeFiles/generate.stamp is up-to-date.
  CMake does not need to re-run because C:/BCI2000.python3/build/CMakeFiles/contrib/BCPy2000/foundation/SignalProcessing/CMakeFiles/generate.stamp is up-to-date.
  CMake does not need to re-run because C:/BCI2000.python3/build/CMakeFiles/contrib/BCPy2000/foundation/SignalSource/CMakeFiles/generate.stamp is up-to-date.
