c:\bci2000.python3\build\cmakefiles\generate.stamp
c:\bci2000.python3\build\cmakefiles\frameworks\cmakefiles\generate.stamp
c:\bci2000.python3\build\cmakefiles\frameworks\libtiny\cmakefiles\generate.stamp
c:\bci2000.python3\build\cmakefiles\frameworks\libtiny\staticcrt\cmakefiles\generate.stamp
c:\bci2000.python3\build\cmakefiles\frameworks\libtiny\dynamiccrt\cmakefiles\generate.stamp
c:\bci2000.python3\build\cmakefiles\frameworks\corelib\cmakefiles\generate.stamp
c:\bci2000.python3\build\cmakefiles\frameworks\corelib\staticcrt\cmakefiles\generate.stamp
c:\bci2000.python3\build\cmakefiles\frameworks\corelib\dynamiccrt\cmakefiles\generate.stamp
c:\bci2000.python3\build\cmakefiles\frameworks\sigsrcmodulelib\cmakefiles\generate.stamp
c:\bci2000.python3\build\cmakefiles\frameworks\sigprocmodulelib\cmakefiles\generate.stamp
c:\bci2000.python3\build\cmakefiles\frameworks\appmodulelib\cmakefiles\generate.stamp
c:\bci2000.python3\build\cmakefiles\extlib\cmakefiles\generate.stamp
c:\bci2000.python3\build\cmakefiles\extlib\3dapi\demo\cmakefiles\generate.stamp
c:\bci2000.python3\build\cmakefiles\extlib\math\statistics\test\cmakefiles\generate.stamp
c:\bci2000.python3\build\cmakefiles\extlib\portaudio\cmakefiles\generate.stamp
c:\bci2000.python3\build\cmakefiles\extlib\libsndfile\cmakefiles\generate.stamp
c:\bci2000.python3\build\cmakefiles\shared\cmakefiles\generate.stamp
c:\bci2000.python3\build\cmakefiles\private\cmakefiles\generate.stamp
c:\bci2000.python3\build\cmakefiles\private\extensions\cmakefiles\generate.stamp
c:\bci2000.python3\build\cmakefiles\buildutils\cmakefiles\generate.stamp
c:\bci2000.python3\build\cmakefiles\buildutils\bootstrapcustomprojects\cmakefiles\generate.stamp
c:\bci2000.python3\build\cmakefiles\buildutils\dylibtool\cmakefiles\generate.stamp
c:\bci2000.python3\build\cmakefiles\buildutils\schedulingtool\cmakefiles\generate.stamp
c:\bci2000.python3\build\cmakefiles\buildutils\appcopier\cmakefiles\generate.stamp
c:\bci2000.python3\build\cmakefiles\core\cmakefiles\generate.stamp
c:\bci2000.python3\build\cmakefiles\core\signalprocessing\cmakefiles\generate.stamp
c:\bci2000.python3\build\cmakefiles\core\signalprocessing\ar\cmakefiles\generate.stamp
c:\bci2000.python3\build\cmakefiles\core\signalprocessing\p3\cmakefiles\generate.stamp
c:\bci2000.python3\build\cmakefiles\core\signalprocessing\fft\cmakefiles\generate.stamp
c:\bci2000.python3\build\cmakefiles\core\signalprocessing\matlab\cmakefiles\generate.stamp
c:\bci2000.python3\build\cmakefiles\core\signalprocessing\spectral\cmakefiles\generate.stamp
c:\bci2000.python3\build\cmakefiles\core\signalprocessing\dummy\cmakefiles\generate.stamp
c:\bci2000.python3\build\cmakefiles\core\signalsource\cmakefiles\generate.stamp
c:\bci2000.python3\build\cmakefiles\core\signalsource\signalgenerator\cmakefiles\generate.stamp
c:\bci2000.python3\build\cmakefiles\core\signalsource\soundcardsource\cmakefiles\generate.stamp
c:\bci2000.python3\build\cmakefiles\core\signalsource\g.usbamp\cmakefiles\generate.stamp
c:\bci2000.python3\build\cmakefiles\core\signalsource\g.usbamp\getinfo\cmakefiles\generate.stamp
c:\bci2000.python3\build\cmakefiles\core\signalsource\g.mobilab\cmakefiles\generate.stamp
c:\bci2000.python3\build\cmakefiles\core\signalsource\g.mobilabplus\cmakefiles\generate.stamp
c:\bci2000.python3\build\cmakefiles\core\signalsource\g.hiampsource\cmakefiles\generate.stamp
c:\bci2000.python3\build\cmakefiles\core\signalsource\g.nautilussource\cmakefiles\generate.stamp
c:\bci2000.python3\build\cmakefiles\core\signalsource\g.unicorn\cmakefiles\generate.stamp
c:\bci2000.python3\build\cmakefiles\core\application\cmakefiles\generate.stamp
c:\bci2000.python3\build\cmakefiles\core\application\stimuluspresentation\cmakefiles\generate.stamp
c:\bci2000.python3\build\cmakefiles\core\application\p3speller\cmakefiles\generate.stamp
c:\bci2000.python3\build\cmakefiles\core\application\feedbackdemo\cmakefiles\generate.stamp
c:\bci2000.python3\build\cmakefiles\core\application\cursortask\cmakefiles\generate.stamp
c:\bci2000.python3\build\cmakefiles\core\application\dummy\cmakefiles\generate.stamp
c:\bci2000.python3\build\cmakefiles\core\operator\cmakefiles\generate.stamp
c:\bci2000.python3\build\cmakefiles\core\operator\operatorlib\cmakefiles\generate.stamp
c:\bci2000.python3\build\cmakefiles\core\operator\operatorqt\cmakefiles\generate.stamp
c:\bci2000.python3\build\cmakefiles\core\operator\bci2000remote\cmakefiles\generate.stamp
c:\bci2000.python3\build\cmakefiles\core\operator\bci2000shell\cmakefiles\generate.stamp
c:\bci2000.python3\build\cmakefiles\core\operator\messagebox\cmakefiles\generate.stamp
c:\bci2000.python3\build\cmakefiles\core\tools\cmakefiles\generate.stamp
c:\bci2000.python3\build\cmakefiles\core\tools\bci2000fileinfoqt\cmakefiles\generate.stamp
c:\bci2000.python3\build\cmakefiles\core\tools\bci2000viewerqt\cmakefiles\generate.stamp
c:\bci2000.python3\build\cmakefiles\core\tools\bci2000exportqt\cmakefiles\generate.stamp
c:\bci2000.python3\build\cmakefiles\core\tools\bci2000launcherqt\cmakefiles\generate.stamp
c:\bci2000.python3\build\cmakefiles\core\tools\bci2000mediaplayer\cmakefiles\generate.stamp
c:\bci2000.python3\build\cmakefiles\core\tools\p300classifier\cmakefiles\generate.stamp
c:\bci2000.python3\build\cmakefiles\core\tools\bci2000certification\cmakefiles\generate.stamp
c:\bci2000.python3\build\cmakefiles\core\tools\bci2000certification\bci2000certificationtester\cmakefiles\generate.stamp
c:\bci2000.python3\build\cmakefiles\core\tools\bci2000certification\bci2000certificationanalysis\cmakefiles\generate.stamp
c:\bci2000.python3\build\cmakefiles\core\tools\cmdline\cmakefiles\generate.stamp
c:\bci2000.python3\build\cmakefiles\core\tools\mex\cmakefiles\generate.stamp
c:\bci2000.python3\build\cmakefiles\contrib\cmakefiles\generate.stamp
c:\bci2000.python3\build\cmakefiles\contrib\extensions\cmakefiles\generate.stamp
c:\bci2000.python3\build\cmakefiles\contrib\extensions\wiimotelogger\cmakefiles\generate.stamp
c:\bci2000.python3\build\cmakefiles\contrib\signalsource\cmakefiles\generate.stamp
c:\bci2000.python3\build\cmakefiles\contrib\signalsource\actichamp\cmakefiles\generate.stamp
c:\bci2000.python3\build\cmakefiles\contrib\signalsource\ampserverpro\cmakefiles\generate.stamp
c:\bci2000.python3\build\cmakefiles\contrib\signalsource\bioradio\cmakefiles\generate.stamp
c:\bci2000.python3\build\cmakefiles\contrib\signalsource\biosemi\cmakefiles\generate.stamp
c:\bci2000.python3\build\cmakefiles\contrib\signalsource\b-alert\cmakefiles\generate.stamp
c:\bci2000.python3\build\cmakefiles\contrib\signalsource\dassource\cmakefiles\generate.stamp
c:\bci2000.python3\build\cmakefiles\contrib\signalsource\emotiv\cmakefiles\generate.stamp
c:\bci2000.python3\build\cmakefiles\contrib\signalsource\enobio\cmakefiles\generate.stamp
c:\bci2000.python3\build\cmakefiles\contrib\signalsource\enobio\enobio3g\cmakefiles\generate.stamp
c:\bci2000.python3\build\cmakefiles\contrib\signalsource\micromed\cmakefiles\generate.stamp
c:\bci2000.python3\build\cmakefiles\contrib\signalsource\modulareeg\cmakefiles\generate.stamp
c:\bci2000.python3\build\cmakefiles\contrib\signalsource\neuralynx\cmakefiles\generate.stamp
c:\bci2000.python3\build\cmakefiles\contrib\signalsource\neuroscanaccesssdk\cmakefiles\generate.stamp
c:\bci2000.python3\build\cmakefiles\contrib\signalsource\neurosky\cmakefiles\generate.stamp
c:\bci2000.python3\build\cmakefiles\contrib\signalsource\nidaq-mx\cmakefiles\generate.stamp
c:\bci2000.python3\build\cmakefiles\contrib\signalsource\tmsi\cmakefiles\generate.stamp
c:\bci2000.python3\build\cmakefiles\contrib\signalsource\tuckerdavis\cmakefiles\generate.stamp
c:\bci2000.python3\build\cmakefiles\contrib\signalsource\tuckerdavis\tdtsamplerate\cmakefiles\generate.stamp
c:\bci2000.python3\build\cmakefiles\contrib\signalsource\vamp\cmakefiles\generate.stamp
c:\bci2000.python3\build\cmakefiles\contrib\signalsource\eegosource\cmakefiles\generate.stamp
c:\bci2000.python3\build\cmakefiles\contrib\signalsource\liveamp\cmakefiles\generate.stamp
c:\bci2000.python3\build\cmakefiles\contrib\signalsource\rdaclient\cmakefiles\generate.stamp
c:\bci2000.python3\build\cmakefiles\contrib\signalsource\rdaclient\getparams\cmakefiles\generate.stamp
c:\bci2000.python3\build\cmakefiles\contrib\signalsource\neuroscan\cmakefiles\generate.stamp
c:\bci2000.python3\build\cmakefiles\contrib\signalsource\fieldtripbuffersource\cmakefiles\generate.stamp
c:\bci2000.python3\build\cmakefiles\contrib\signalsource\fileplayback\cmakefiles\generate.stamp
c:\bci2000.python3\build\cmakefiles\contrib\signalsource\blackrock\cmakefiles\generate.stamp
c:\bci2000.python3\build\cmakefiles\contrib\signalsource\ripple\cmakefiles\generate.stamp
c:\bci2000.python3\build\cmakefiles\contrib\signalsource\dsiserial\cmakefiles\generate.stamp
c:\bci2000.python3\build\cmakefiles\contrib\signalsource\lslsource\cmakefiles\generate.stamp
c:\bci2000.python3\build\cmakefiles\contrib\signalsource\openbcisource\cmakefiles\generate.stamp
c:\bci2000.python3\build\cmakefiles\contrib\signalprocessing\cmakefiles\generate.stamp
c:\bci2000.python3\build\cmakefiles\contrib\signalprocessing\fieldtripbuffer\cmakefiles\generate.stamp
c:\bci2000.python3\build\cmakefiles\contrib\signalprocessing\fir\cmakefiles\generate.stamp
c:\bci2000.python3\build\cmakefiles\contrib\signalprocessing\peakdetector\cmakefiles\generate.stamp
c:\bci2000.python3\build\cmakefiles\contrib\signalprocessing\sw\cmakefiles\generate.stamp
c:\bci2000.python3\build\cmakefiles\contrib\signalprocessing\coherence\cmakefiles\generate.stamp
c:\bci2000.python3\build\cmakefiles\contrib\signalprocessing\coherencefft\cmakefiles\generate.stamp
c:\bci2000.python3\build\cmakefiles\contrib\signalprocessing\statistics\cmakefiles\generate.stamp
c:\bci2000.python3\build\cmakefiles\contrib\signalprocessing\statistics\cmdline\cmakefiles\generate.stamp
c:\bci2000.python3\build\cmakefiles\contrib\signalprocessing\hilbertsignalprocessing\cmakefiles\generate.stamp
c:\bci2000.python3\build\cmakefiles\contrib\signalprocessing\hilbertsignalprocessing\cmdline\cmakefiles\generate.stamp
c:\bci2000.python3\build\cmakefiles\contrib\signalprocessing\visualizationdemo\cmakefiles\generate.stamp
c:\bci2000.python3\build\cmakefiles\contrib\signalprocessing\signalsharingdemo\cmakefiles\generate.stamp
c:\bci2000.python3\build\cmakefiles\contrib\application\cmakefiles\generate.stamp
c:\bci2000.python3\build\cmakefiles\contrib\appconnectorapplications\cmakefiles\generate.stamp
c:\bci2000.python3\build\cmakefiles\contrib\appconnectorapplications\appconnectorexample\cmakefiles\generate.stamp
c:\bci2000.python3\build\cmakefiles\contrib\appconnectorapplications\appconnectorexample\src\cmakefiles\generate.stamp
c:\bci2000.python3\build\cmakefiles\contrib\appconnectorapplications\parallelswitch\cmakefiles\generate.stamp
c:\bci2000.python3\build\cmakefiles\contrib\appconnectorapplications\simpleexample\cmakefiles\generate.stamp
c:\bci2000.python3\build\cmakefiles\contrib\operatorlibapplications\cmakefiles\generate.stamp
c:\bci2000.python3\build\cmakefiles\contrib\operatorlibapplications\operatorlibdemo\cmakefiles\generate.stamp
c:\bci2000.python3\build\cmakefiles\contrib\externallinks\cmakefiles\generate.stamp
c:\bci2000.python3\build\cmakefiles\contrib\externallinks\bci2000automation\cmakefiles\generate.stamp
c:\bci2000.python3\build\cmakefiles\contrib\externallinks\bci2000command\cmakefiles\generate.stamp
c:\bci2000.python3\build\cmakefiles\contrib\externallinks\bci2000presentationlink\cmakefiles\generate.stamp
c:\bci2000.python3\build\cmakefiles\contrib\externallinks\bci2000pythonbindings\cmakefiles\generate.stamp
c:\bci2000.python3\build\cmakefiles\contrib\externallinks\pyffapplication\cmakefiles\generate.stamp
c:\bci2000.python3\build\cmakefiles\contrib\bcpy2000\cmakefiles\generate.stamp
c:\bci2000.python3\build\cmakefiles\contrib\bcpy2000\foundation\cmakefiles\generate.stamp
c:\bci2000.python3\build\cmakefiles\contrib\bcpy2000\foundation\application\cmakefiles\generate.stamp
c:\bci2000.python3\build\cmakefiles\contrib\bcpy2000\foundation\signalprocessing\cmakefiles\generate.stamp
c:\bci2000.python3\build\cmakefiles\contrib\bcpy2000\foundation\signalsource\cmakefiles\generate.stamp
c:\bci2000.python3\build\win32\release\zero_check\zero_check.tlog\custombuild.command.1.tlog
c:\bci2000.python3\build\win32\release\zero_check\zero_check.tlog\custombuild.read.1.tlog
c:\bci2000.python3\build\win32\release\zero_check\zero_check.tlog\custombuild.write.1.tlog
