c:\bci2000.python3\build\cmakefiles\core\signalsource\g.usbamp\release\gusbampsource_core.pch
c:\bci2000.python3\build\cmakefiles\core\signalsource\g.usbamp\gusbampsource.dir\release\corepch.obj
c:\bci2000.python3\build\cmakefiles\core\signalsource\g.usbamp\gusbampsource.dir\release\winmain.obj
c:\bci2000.python3\build\cmakefiles\core\signalsource\g.usbamp\gusbampsource.dir\release\version.obj
c:\bci2000.python3\build\cmakefiles\core\signalsource\g.usbamp\gusbampsource.dir\release\bcistream_module.obj
c:\bci2000.python3\build\cmakefiles\core\signalsource\g.usbamp\gusbampsource.dir\release\coremodule.obj
c:\bci2000.python3\build\cmakefiles\core\signalsource\g.usbamp\gusbampsource.dir\release\coremain.obj
c:\bci2000.python3\build\cmakefiles\core\signalsource\g.usbamp\gusbampsource.dir\release\gusbamp.imports.obj
c:\bci2000.python3\build\cmakefiles\core\signalsource\g.usbamp\gusbampsource.dir\release\gusbampadc.obj
c:\bci2000.python3\build\cmakefiles\core\signalsource\g.usbamp\cmakefiles\generate.stamp
c:\bci2000.python3\build\cmakefiles\core\signalsource\g.usbamp\release\gusbampsource.exe
c:\bci2000.python3\build\cmakefiles\core\signalsource\g.usbamp\gusbampsource.dir\release\version.res
c:\bci2000.python3\build\cmakefiles\core\signalsource\g.usbamp\gusbampsource.dir\release\appicon.res
c:\bci2000.python3\build\cmakefiles\core\signalsource\g.usbamp\gusbampsource.dir\release\gusbampsource.tlog\cl.command.1.tlog
c:\bci2000.python3\build\cmakefiles\core\signalsource\g.usbamp\gusbampsource.dir\release\gusbampsource.tlog\cl.read.1.tlog
c:\bci2000.python3\build\cmakefiles\core\signalsource\g.usbamp\gusbampsource.dir\release\gusbampsource.tlog\cl.write.1.tlog
c:\bci2000.python3\build\cmakefiles\core\signalsource\g.usbamp\gusbampsource.dir\release\gusbampsource.tlog\custombuild.command.1.tlog
c:\bci2000.python3\build\cmakefiles\core\signalsource\g.usbamp\gusbampsource.dir\release\gusbampsource.tlog\custombuild.read.1.tlog
c:\bci2000.python3\build\cmakefiles\core\signalsource\g.usbamp\gusbampsource.dir\release\gusbampsource.tlog\custombuild.write.1.tlog
c:\bci2000.python3\build\cmakefiles\core\signalsource\g.usbamp\gusbampsource.dir\release\gusbampsource.tlog\link.command.1.tlog
c:\bci2000.python3\build\cmakefiles\core\signalsource\g.usbamp\gusbampsource.dir\release\gusbampsource.tlog\link.read.1.tlog
c:\bci2000.python3\build\cmakefiles\core\signalsource\g.usbamp\gusbampsource.dir\release\gusbampsource.tlog\link.write.1.tlog
c:\bci2000.python3\build\cmakefiles\core\signalsource\g.usbamp\gusbampsource.dir\release\gusbampsource.tlog\rc.command.1.tlog
c:\bci2000.python3\build\cmakefiles\core\signalsource\g.usbamp\gusbampsource.dir\release\gusbampsource.tlog\rc.read.1.tlog
c:\bci2000.python3\build\cmakefiles\core\signalsource\g.usbamp\gusbampsource.dir\release\gusbampsource.tlog\rc.write.1.tlog
