  Building Custom Rule C:/BCI2000.python3/src/contrib/SignalProcessing/FieldTripBuffer/CMakeLists.txt
  CMake does not need to re-run because C:/BCI2000.python3/build/CMakeFiles/contrib/SignalProcessing/FieldTripBuffer/CMakeFiles/generate.stamp is up-to-date.
  CorePCH.cpp
  FieldTripBufferFilter.cpp
  PipeDefinition.cpp
  CoreMain.cpp
  CoreModule.cpp
  BCIStream_module.cpp
  cleanup.c
  clientrequest.c
  dmarequest.c
  endianutil.c
  extern.c
  printstruct.c
  swapbytes.c
  tcprequest.c
  tcpserver.c
  tcpsocket.c
  util.c
  gettimeofday.c
  Version.cpp
  WinMain.cpp
  Generating Code...
  FieldTripBuffer.vcxproj -> C:\BCI2000.python3\build\CMakeFiles\contrib\SignalProcessing\FieldTripBuffer\Release\FieldTripBuffer.exe
  	Deploying executable
  copying files:
  Copying FieldTripBuffer.exe ...
  Copying pthreadVC2.dll ...
  Copying msvcp140.dll ...
  Copying vcruntime140.dll ...
  Copying vcomp140.dll ...
  Copying libfftw3-3.dll ...
  Done.
