c:\bci2000.python3\build\cmakefiles\contrib\signalprocessing\fieldtripbuffer\release\fieldtripbuffer_core.pch
c:\bci2000.python3\build\cmakefiles\contrib\signalprocessing\fieldtripbuffer\fieldtripbuffer.dir\release\corepch.obj
c:\bci2000.python3\build\cmakefiles\contrib\signalprocessing\fieldtripbuffer\fieldtripbuffer.dir\release\winmain.obj
c:\bci2000.python3\build\cmakefiles\contrib\signalprocessing\fieldtripbuffer\fieldtripbuffer.dir\release\version.obj
c:\bci2000.python3\build\cmakefiles\contrib\signalprocessing\fieldtripbuffer\fieldtripbuffer.dir\release\gettimeofday.obj
c:\bci2000.python3\build\cmakefiles\contrib\signalprocessing\fieldtripbuffer\fieldtripbuffer.dir\release\util.obj
c:\bci2000.python3\build\cmakefiles\contrib\signalprocessing\fieldtripbuffer\fieldtripbuffer.dir\release\tcpsocket.obj
c:\bci2000.python3\build\cmakefiles\contrib\signalprocessing\fieldtripbuffer\fieldtripbuffer.dir\release\tcpserver.obj
c:\bci2000.python3\build\cmakefiles\contrib\signalprocessing\fieldtripbuffer\fieldtripbuffer.dir\release\tcprequest.obj
c:\bci2000.python3\build\cmakefiles\contrib\signalprocessing\fieldtripbuffer\fieldtripbuffer.dir\release\swapbytes.obj
c:\bci2000.python3\build\cmakefiles\contrib\signalprocessing\fieldtripbuffer\fieldtripbuffer.dir\release\printstruct.obj
c:\bci2000.python3\build\cmakefiles\contrib\signalprocessing\fieldtripbuffer\fieldtripbuffer.dir\release\extern.obj
c:\bci2000.python3\build\cmakefiles\contrib\signalprocessing\fieldtripbuffer\fieldtripbuffer.dir\release\endianutil.obj
c:\bci2000.python3\build\cmakefiles\contrib\signalprocessing\fieldtripbuffer\fieldtripbuffer.dir\release\dmarequest.obj
c:\bci2000.python3\build\cmakefiles\contrib\signalprocessing\fieldtripbuffer\fieldtripbuffer.dir\release\clientrequest.obj
c:\bci2000.python3\build\cmakefiles\contrib\signalprocessing\fieldtripbuffer\fieldtripbuffer.dir\release\cleanup.obj
c:\bci2000.python3\build\cmakefiles\contrib\signalprocessing\fieldtripbuffer\fieldtripbuffer.dir\release\bcistream_module.obj
c:\bci2000.python3\build\cmakefiles\contrib\signalprocessing\fieldtripbuffer\fieldtripbuffer.dir\release\coremodule.obj
c:\bci2000.python3\build\cmakefiles\contrib\signalprocessing\fieldtripbuffer\fieldtripbuffer.dir\release\coremain.obj
c:\bci2000.python3\build\cmakefiles\contrib\signalprocessing\fieldtripbuffer\fieldtripbuffer.dir\release\pipedefinition.obj
c:\bci2000.python3\build\cmakefiles\contrib\signalprocessing\fieldtripbuffer\fieldtripbuffer.dir\release\fieldtripbufferfilter.obj
c:\bci2000.python3\build\cmakefiles\contrib\signalprocessing\fieldtripbuffer\cmakefiles\generate.stamp
c:\bci2000.python3\build\cmakefiles\contrib\signalprocessing\fieldtripbuffer\release\fieldtripbuffer.exe
c:\bci2000.python3\build\cmakefiles\contrib\signalprocessing\fieldtripbuffer\fieldtripbuffer.dir\release\version.res
c:\bci2000.python3\build\cmakefiles\contrib\signalprocessing\fieldtripbuffer\fieldtripbuffer.dir\release\appicon.res
c:\bci2000.python3\build\cmakefiles\contrib\signalprocessing\fieldtripbuffer\fieldtripbuffer.dir\release\fieldtripbuffer.tlog\cl.command.1.tlog
c:\bci2000.python3\build\cmakefiles\contrib\signalprocessing\fieldtripbuffer\fieldtripbuffer.dir\release\fieldtripbuffer.tlog\cl.read.1.tlog
c:\bci2000.python3\build\cmakefiles\contrib\signalprocessing\fieldtripbuffer\fieldtripbuffer.dir\release\fieldtripbuffer.tlog\cl.write.1.tlog
c:\bci2000.python3\build\cmakefiles\contrib\signalprocessing\fieldtripbuffer\fieldtripbuffer.dir\release\fieldtripbuffer.tlog\custombuild.command.1.tlog
c:\bci2000.python3\build\cmakefiles\contrib\signalprocessing\fieldtripbuffer\fieldtripbuffer.dir\release\fieldtripbuffer.tlog\custombuild.read.1.tlog
c:\bci2000.python3\build\cmakefiles\contrib\signalprocessing\fieldtripbuffer\fieldtripbuffer.dir\release\fieldtripbuffer.tlog\custombuild.write.1.tlog
c:\bci2000.python3\build\cmakefiles\contrib\signalprocessing\fieldtripbuffer\fieldtripbuffer.dir\release\fieldtripbuffer.tlog\link.command.1.tlog
c:\bci2000.python3\build\cmakefiles\contrib\signalprocessing\fieldtripbuffer\fieldtripbuffer.dir\release\fieldtripbuffer.tlog\link.read.1.tlog
c:\bci2000.python3\build\cmakefiles\contrib\signalprocessing\fieldtripbuffer\fieldtripbuffer.dir\release\fieldtripbuffer.tlog\link.write.1.tlog
c:\bci2000.python3\build\cmakefiles\contrib\signalprocessing\fieldtripbuffer\fieldtripbuffer.dir\release\fieldtripbuffer.tlog\rc.command.1.tlog
c:\bci2000.python3\build\cmakefiles\contrib\signalprocessing\fieldtripbuffer\fieldtripbuffer.dir\release\fieldtripbuffer.tlog\rc.read.1.tlog
c:\bci2000.python3\build\cmakefiles\contrib\signalprocessing\fieldtripbuffer\fieldtripbuffer.dir\release\fieldtripbuffer.tlog\rc.write.1.tlog
