c:\bci2000.python3\build\cmakefiles\contrib\bcpy2000\foundation\signalsource\release\pythonsource_core.pch
c:\bci2000.python3\build\cmakefiles\contrib\bcpy2000\foundation\signalsource\pythonsource.dir\release\corepch.obj
c:\bci2000.python3\build\cmakefiles\contrib\bcpy2000\foundation\signalsource\pythonsource.dir\release\winmain.obj
c:\bci2000.python3\build\cmakefiles\contrib\bcpy2000\foundation\signalsource\pythonsource.dir\release\version.obj
c:\bci2000.python3\build\cmakefiles\contrib\bcpy2000\foundation\signalsource\pythonsource.dir\release\bcistream_module.obj
c:\bci2000.python3\build\cmakefiles\contrib\bcpy2000\foundation\signalsource\pythonsource.dir\release\coremodule.obj
c:\bci2000.python3\build\cmakefiles\contrib\bcpy2000\foundation\signalsource\pythonsource.dir\release\pythonsource.obj
c:\bci2000.python3\build\cmakefiles\contrib\bcpy2000\foundation\signalsource\pythonsource.dir\release\pythonwrapper.obj
c:\bci2000.python3\build\cmakefiles\contrib\bcpy2000\foundation\signalsource\pythonsource.dir\release\pythonfilter.obj
c:\bci2000.python3\build\cmakefiles\contrib\bcpy2000\foundation\signalsource\cmakefiles\generate.stamp
c:\bci2000.python3\build\cmakefiles\contrib\bcpy2000\foundation\signalsource\release\pythonsource.exe
c:\bci2000.python3\build\cmakefiles\contrib\bcpy2000\foundation\signalsource\pythonsource.dir\release\version.res
c:\bci2000.python3\build\cmakefiles\contrib\bcpy2000\foundation\signalsource\pythonsource.dir\release\appicon.res
c:\bci2000.python3\build\cmakefiles\contrib\bcpy2000\foundation\signalsource\pythonsource.dir\release\pythonsource.tlog\cl.command.1.tlog
c:\bci2000.python3\build\cmakefiles\contrib\bcpy2000\foundation\signalsource\pythonsource.dir\release\pythonsource.tlog\cl.read.1.tlog
c:\bci2000.python3\build\cmakefiles\contrib\bcpy2000\foundation\signalsource\pythonsource.dir\release\pythonsource.tlog\cl.write.1.tlog
c:\bci2000.python3\build\cmakefiles\contrib\bcpy2000\foundation\signalsource\pythonsource.dir\release\pythonsource.tlog\custombuild.command.1.tlog
c:\bci2000.python3\build\cmakefiles\contrib\bcpy2000\foundation\signalsource\pythonsource.dir\release\pythonsource.tlog\custombuild.read.1.tlog
c:\bci2000.python3\build\cmakefiles\contrib\bcpy2000\foundation\signalsource\pythonsource.dir\release\pythonsource.tlog\custombuild.write.1.tlog
c:\bci2000.python3\build\cmakefiles\contrib\bcpy2000\foundation\signalsource\pythonsource.dir\release\pythonsource.tlog\link.command.1.tlog
c:\bci2000.python3\build\cmakefiles\contrib\bcpy2000\foundation\signalsource\pythonsource.dir\release\pythonsource.tlog\link.read.1.tlog
c:\bci2000.python3\build\cmakefiles\contrib\bcpy2000\foundation\signalsource\pythonsource.dir\release\pythonsource.tlog\link.write.1.tlog
c:\bci2000.python3\build\cmakefiles\contrib\bcpy2000\foundation\signalsource\pythonsource.dir\release\pythonsource.tlog\rc.command.1.tlog
c:\bci2000.python3\build\cmakefiles\contrib\bcpy2000\foundation\signalsource\pythonsource.dir\release\pythonsource.tlog\rc.read.1.tlog
c:\bci2000.python3\build\cmakefiles\contrib\bcpy2000\foundation\signalsource\pythonsource.dir\release\pythonsource.tlog\rc.write.1.tlog
