c:\bci2000.python3\build\cmakefiles\core\signalprocessing\spectral\release\spectralsignalprocessing_core.pch
c:\bci2000.python3\build\cmakefiles\core\signalprocessing\spectral\spectralsignalprocessing.dir\release\corepch.obj
c:\bci2000.python3\build\cmakefiles\core\signalprocessing\spectral\spectralsignalprocessing.dir\release\winmain.obj
c:\bci2000.python3\build\cmakefiles\core\signalprocessing\spectral\spectralsignalprocessing.dir\release\version.obj
c:\bci2000.python3\build\cmakefiles\core\signalprocessing\spectral\spectralsignalprocessing.dir\release\bcistream_module.obj
c:\bci2000.python3\build\cmakefiles\core\signalprocessing\spectral\spectralsignalprocessing.dir\release\coremodule.obj
c:\bci2000.python3\build\cmakefiles\core\signalprocessing\spectral\spectralsignalprocessing.dir\release\coremain.obj
c:\bci2000.python3\build\cmakefiles\core\signalprocessing\spectral\spectralsignalprocessing.dir\release\pipedefinition.obj
c:\bci2000.python3\build\cmakefiles\core\signalprocessing\spectral\cmakefiles\generate.stamp
c:\bci2000.python3\build\cmakefiles\core\signalprocessing\spectral\release\spectralsignalprocessing.exe
c:\bci2000.python3\build\cmakefiles\core\signalprocessing\spectral\spectralsignalprocessing.dir\release\version.res
c:\bci2000.python3\build\cmakefiles\core\signalprocessing\spectral\spectralsignalprocessing.dir\release\appicon.res
c:\bci2000.python3\build\cmakefiles\core\signalprocessing\spectral\spectralsignalprocessing.dir\release\spectral.aa0da9ba.tlog\cl.command.1.tlog
c:\bci2000.python3\build\cmakefiles\core\signalprocessing\spectral\spectralsignalprocessing.dir\release\spectral.aa0da9ba.tlog\cl.read.1.tlog
c:\bci2000.python3\build\cmakefiles\core\signalprocessing\spectral\spectralsignalprocessing.dir\release\spectral.aa0da9ba.tlog\cl.write.1.tlog
c:\bci2000.python3\build\cmakefiles\core\signalprocessing\spectral\spectralsignalprocessing.dir\release\spectral.aa0da9ba.tlog\custombuild.command.1.tlog
c:\bci2000.python3\build\cmakefiles\core\signalprocessing\spectral\spectralsignalprocessing.dir\release\spectral.aa0da9ba.tlog\custombuild.read.1.tlog
c:\bci2000.python3\build\cmakefiles\core\signalprocessing\spectral\spectralsignalprocessing.dir\release\spectral.aa0da9ba.tlog\custombuild.write.1.tlog
c:\bci2000.python3\build\cmakefiles\core\signalprocessing\spectral\spectralsignalprocessing.dir\release\spectral.aa0da9ba.tlog\link.command.1.tlog
c:\bci2000.python3\build\cmakefiles\core\signalprocessing\spectral\spectralsignalprocessing.dir\release\spectral.aa0da9ba.tlog\link.read.1.tlog
c:\bci2000.python3\build\cmakefiles\core\signalprocessing\spectral\spectralsignalprocessing.dir\release\spectral.aa0da9ba.tlog\link.write.1.tlog
c:\bci2000.python3\build\cmakefiles\core\signalprocessing\spectral\spectralsignalprocessing.dir\release\spectral.aa0da9ba.tlog\rc.command.1.tlog
c:\bci2000.python3\build\cmakefiles\core\signalprocessing\spectral\spectralsignalprocessing.dir\release\spectral.aa0da9ba.tlog\rc.read.1.tlog
c:\bci2000.python3\build\cmakefiles\core\signalprocessing\spectral\spectralsignalprocessing.dir\release\spectral.aa0da9ba.tlog\rc.write.1.tlog
