c:\bci2000.python3\build\cmakefiles\contrib\signalprocessing\coherencefft\release\coherencefftsignalprocessing_core.pch
c:\bci2000.python3\build\cmakefiles\contrib\signalprocessing\coherencefft\coherencefftsignalprocessing.dir\release\corepch.obj
c:\bci2000.python3\build\cmakefiles\contrib\signalprocessing\coherencefft\coherencefftsignalprocessing.dir\release\winmain.obj
c:\bci2000.python3\build\cmakefiles\contrib\signalprocessing\coherencefft\coherencefftsignalprocessing.dir\release\version.obj
c:\bci2000.python3\build\cmakefiles\contrib\signalprocessing\coherencefft\coherencefftsignalprocessing.dir\release\fftw3.imports.obj
c:\bci2000.python3\build\cmakefiles\contrib\signalprocessing\coherencefft\coherencefftsignalprocessing.dir\release\fftlibwrap.obj
c:\bci2000.python3\build\cmakefiles\contrib\signalprocessing\coherencefft\coherencefftsignalprocessing.dir\release\bcistream_module.obj
c:\bci2000.python3\build\cmakefiles\contrib\signalprocessing\coherencefft\coherencefftsignalprocessing.dir\release\coremodule.obj
c:\bci2000.python3\build\cmakefiles\contrib\signalprocessing\coherencefft\coherencefftsignalprocessing.dir\release\coremain.obj
c:\bci2000.python3\build\cmakefiles\contrib\signalprocessing\coherencefft\coherencefftsignalprocessing.dir\release\fftfilter.obj
c:\bci2000.python3\build\cmakefiles\contrib\signalprocessing\coherencefft\coherencefftsignalprocessing.dir\release\coherencefilter.obj
c:\bci2000.python3\build\cmakefiles\contrib\signalprocessing\coherencefft\coherencefftsignalprocessing.dir\release\coherencefftfilter.obj
c:\bci2000.python3\build\cmakefiles\contrib\signalprocessing\coherencefft\coherencefftsignalprocessing.dir\release\pipedefinition.obj
c:\bci2000.python3\build\cmakefiles\contrib\signalprocessing\coherencefft\cmakefiles\generate.stamp
c:\bci2000.python3\build\cmakefiles\contrib\signalprocessing\coherencefft\release\coherencefftsignalprocessing.exe
c:\bci2000.python3\build\cmakefiles\contrib\signalprocessing\coherencefft\coherencefftsignalprocessing.dir\release\version.res
c:\bci2000.python3\build\cmakefiles\contrib\signalprocessing\coherencefft\coherencefftsignalprocessing.dir\release\appicon.res
c:\bci2000.python3\build\cmakefiles\contrib\signalprocessing\coherencefft\coherencefftsignalprocessing.dir\release\coherenc.6869853e.tlog\cl.command.1.tlog
c:\bci2000.python3\build\cmakefiles\contrib\signalprocessing\coherencefft\coherencefftsignalprocessing.dir\release\coherenc.6869853e.tlog\cl.read.1.tlog
c:\bci2000.python3\build\cmakefiles\contrib\signalprocessing\coherencefft\coherencefftsignalprocessing.dir\release\coherenc.6869853e.tlog\cl.write.1.tlog
c:\bci2000.python3\build\cmakefiles\contrib\signalprocessing\coherencefft\coherencefftsignalprocessing.dir\release\coherenc.6869853e.tlog\custombuild.command.1.tlog
c:\bci2000.python3\build\cmakefiles\contrib\signalprocessing\coherencefft\coherencefftsignalprocessing.dir\release\coherenc.6869853e.tlog\custombuild.read.1.tlog
c:\bci2000.python3\build\cmakefiles\contrib\signalprocessing\coherencefft\coherencefftsignalprocessing.dir\release\coherenc.6869853e.tlog\custombuild.write.1.tlog
c:\bci2000.python3\build\cmakefiles\contrib\signalprocessing\coherencefft\coherencefftsignalprocessing.dir\release\coherenc.6869853e.tlog\link.command.1.tlog
c:\bci2000.python3\build\cmakefiles\contrib\signalprocessing\coherencefft\coherencefftsignalprocessing.dir\release\coherenc.6869853e.tlog\link.read.1.tlog
c:\bci2000.python3\build\cmakefiles\contrib\signalprocessing\coherencefft\coherencefftsignalprocessing.dir\release\coherenc.6869853e.tlog\link.write.1.tlog
c:\bci2000.python3\build\cmakefiles\contrib\signalprocessing\coherencefft\coherencefftsignalprocessing.dir\release\coherenc.6869853e.tlog\rc.command.1.tlog
c:\bci2000.python3\build\cmakefiles\contrib\signalprocessing\coherencefft\coherencefftsignalprocessing.dir\release\coherenc.6869853e.tlog\rc.read.1.tlog
c:\bci2000.python3\build\cmakefiles\contrib\signalprocessing\coherencefft\coherencefftsignalprocessing.dir\release\coherenc.6869853e.tlog\rc.write.1.tlog
