  Building Custom Rule C:/BCI2000.python3/src/contrib/SignalProcessing/CoherenceFFT/CMakeLists.txt
  CMake does not need to re-run because C:/BCI2000.python3/build/CMakeFiles/contrib/SignalProcessing/CoherenceFFT/CMakeFiles/generate.stamp is up-to-date.
  CorePCH.cpp
  PipeDefinition.cpp
  CoherenceFFTFilter.cpp
  CoherenceFilter.cpp
  FFTFilter.cpp
  CoreMain.cpp
  CoreModule.cpp
  BCIStream_module.cpp
  FFTLibWrap.cpp
  fftw3.imports.cpp
  Version.cpp
  WinMain.cpp
  Generating Code...
  CoherenceFFTSignalProcessing.vcxproj -> C:\BCI2000.python3\build\CMakeFiles\contrib\SignalProcessing\CoherenceFFT\Release\CoherenceFFTSignalProcessing.exe
  	Deploying executable
  copying files:
  Copying CoherenceFFTSignalProcessing.exe ...
  Copying msvcp140.dll ...
  Copying vcruntime140.dll ...
  Copying vcomp140.dll ...
  Copying libfftw3-3.dll ...
  Done.
