  Building Custom Rule C:/BCI2000.python3/src/contrib/BCPy2000/foundation/SignalProcessing/CMakeLists.txt
  CMake does not need to re-run because C:/BCI2000.python3/build/CMakeFiles/contrib/BCPy2000/foundation/SignalProcessing/CMakeFiles/generate.stamp is up-to-date.
  CorePCH.cpp
  PythonFilter.cpp
  PythonWrapper.cpp
  PythonSignalProcessing.cpp
  CoreModule.cpp
  BCIStream_module.cpp
  Version.cpp
  WinMain.cpp
  Generating Code...
  PythonSignalProcessing.vcxproj -> C:\BCI2000.python3\build\CMakeFiles\contrib\BCPy2000\foundation\SignalProcessing\Release\PythonSignalProcessing.exe
  	Deploying executable
  copying files:
  Copying PythonSignalProcessing.exe ...
  Copying msvcp140.dll ...
  Copying vcruntime140.dll ...
  Copying vcomp140.dll ...
  Copying libfftw3-3.dll ...
  Done.
