c:\bci2000.python3\build\cmakefiles\contrib\bcpy2000\foundation\signalprocessing\release\pythonsignalprocessing_core.pch
c:\bci2000.python3\build\cmakefiles\contrib\bcpy2000\foundation\signalprocessing\pythonsignalprocessing.dir\release\corepch.obj
c:\bci2000.python3\build\cmakefiles\contrib\bcpy2000\foundation\signalprocessing\pythonsignalprocessing.dir\release\winmain.obj
c:\bci2000.python3\build\cmakefiles\contrib\bcpy2000\foundation\signalprocessing\pythonsignalprocessing.dir\release\version.obj
c:\bci2000.python3\build\cmakefiles\contrib\bcpy2000\foundation\signalprocessing\pythonsignalprocessing.dir\release\bcistream_module.obj
c:\bci2000.python3\build\cmakefiles\contrib\bcpy2000\foundation\signalprocessing\pythonsignalprocessing.dir\release\coremodule.obj
c:\bci2000.python3\build\cmakefiles\contrib\bcpy2000\foundation\signalprocessing\pythonsignalprocessing.dir\release\pythonsignalprocessing.obj
c:\bci2000.python3\build\cmakefiles\contrib\bcpy2000\foundation\signalprocessing\pythonsignalprocessing.dir\release\pythonwrapper.obj
c:\bci2000.python3\build\cmakefiles\contrib\bcpy2000\foundation\signalprocessing\pythonsignalprocessing.dir\release\pythonfilter.obj
c:\bci2000.python3\build\cmakefiles\contrib\bcpy2000\foundation\signalprocessing\cmakefiles\generate.stamp
c:\bci2000.python3\build\cmakefiles\contrib\bcpy2000\foundation\signalprocessing\release\pythonsignalprocessing.exe
c:\bci2000.python3\build\cmakefiles\contrib\bcpy2000\foundation\signalprocessing\pythonsignalprocessing.dir\release\version.res
c:\bci2000.python3\build\cmakefiles\contrib\bcpy2000\foundation\signalprocessing\pythonsignalprocessing.dir\release\appicon.res
c:\bci2000.python3\build\cmakefiles\contrib\bcpy2000\foundation\signalprocessing\pythonsignalprocessing.dir\release\pythonsi.0013aa11.tlog\cl.command.1.tlog
c:\bci2000.python3\build\cmakefiles\contrib\bcpy2000\foundation\signalprocessing\pythonsignalprocessing.dir\release\pythonsi.0013aa11.tlog\cl.read.1.tlog
c:\bci2000.python3\build\cmakefiles\contrib\bcpy2000\foundation\signalprocessing\pythonsignalprocessing.dir\release\pythonsi.0013aa11.tlog\cl.write.1.tlog
c:\bci2000.python3\build\cmakefiles\contrib\bcpy2000\foundation\signalprocessing\pythonsignalprocessing.dir\release\pythonsi.0013aa11.tlog\custombuild.command.1.tlog
c:\bci2000.python3\build\cmakefiles\contrib\bcpy2000\foundation\signalprocessing\pythonsignalprocessing.dir\release\pythonsi.0013aa11.tlog\custombuild.read.1.tlog
c:\bci2000.python3\build\cmakefiles\contrib\bcpy2000\foundation\signalprocessing\pythonsignalprocessing.dir\release\pythonsi.0013aa11.tlog\custombuild.write.1.tlog
c:\bci2000.python3\build\cmakefiles\contrib\bcpy2000\foundation\signalprocessing\pythonsignalprocessing.dir\release\pythonsi.0013aa11.tlog\link.command.1.tlog
c:\bci2000.python3\build\cmakefiles\contrib\bcpy2000\foundation\signalprocessing\pythonsignalprocessing.dir\release\pythonsi.0013aa11.tlog\link.read.1.tlog
c:\bci2000.python3\build\cmakefiles\contrib\bcpy2000\foundation\signalprocessing\pythonsignalprocessing.dir\release\pythonsi.0013aa11.tlog\link.write.1.tlog
c:\bci2000.python3\build\cmakefiles\contrib\bcpy2000\foundation\signalprocessing\pythonsignalprocessing.dir\release\pythonsi.0013aa11.tlog\rc.command.1.tlog
c:\bci2000.python3\build\cmakefiles\contrib\bcpy2000\foundation\signalprocessing\pythonsignalprocessing.dir\release\pythonsi.0013aa11.tlog\rc.read.1.tlog
c:\bci2000.python3\build\cmakefiles\contrib\bcpy2000\foundation\signalprocessing\pythonsignalprocessing.dir\release\pythonsi.0013aa11.tlog\rc.write.1.tlog
