c:\bci2000.python3\build\cmakefiles\contrib\signalprocessing\peakdetector\release\peakdetectsignalprocessing_core.pch
c:\bci2000.python3\build\cmakefiles\contrib\signalprocessing\peakdetector\peakdetectsignalprocessing.dir\release\corepch.obj
c:\bci2000.python3\build\cmakefiles\contrib\signalprocessing\peakdetector\peakdetectsignalprocessing.dir\release\winmain.obj
c:\bci2000.python3\build\cmakefiles\contrib\signalprocessing\peakdetector\peakdetectsignalprocessing.dir\release\version.obj
c:\bci2000.python3\build\cmakefiles\contrib\signalprocessing\peakdetector\peakdetectsignalprocessing.dir\release\bcistream_module.obj
c:\bci2000.python3\build\cmakefiles\contrib\signalprocessing\peakdetector\peakdetectsignalprocessing.dir\release\coremodule.obj
c:\bci2000.python3\build\cmakefiles\contrib\signalprocessing\peakdetector\peakdetectsignalprocessing.dir\release\coremain.obj
c:\bci2000.python3\build\cmakefiles\contrib\signalprocessing\peakdetector\peakdetectsignalprocessing.dir\release\pipedefinition.obj
c:\bci2000.python3\build\cmakefiles\contrib\signalprocessing\peakdetector\peakdetectsignalprocessing.dir\release\upeakdetector.obj
c:\bci2000.python3\build\cmakefiles\contrib\signalprocessing\peakdetector\cmakefiles\generate.stamp
c:\bci2000.python3\build\cmakefiles\contrib\signalprocessing\peakdetector\release\peakdetectsignalprocessing.exe
c:\bci2000.python3\build\cmakefiles\contrib\signalprocessing\peakdetector\peakdetectsignalprocessing.dir\release\version.res
c:\bci2000.python3\build\cmakefiles\contrib\signalprocessing\peakdetector\peakdetectsignalprocessing.dir\release\appicon.res
c:\bci2000.python3\build\cmakefiles\contrib\signalprocessing\peakdetector\peakdetectsignalprocessing.dir\release\peakdete.1139ba18.tlog\cl.command.1.tlog
c:\bci2000.python3\build\cmakefiles\contrib\signalprocessing\peakdetector\peakdetectsignalprocessing.dir\release\peakdete.1139ba18.tlog\cl.read.1.tlog
c:\bci2000.python3\build\cmakefiles\contrib\signalprocessing\peakdetector\peakdetectsignalprocessing.dir\release\peakdete.1139ba18.tlog\cl.write.1.tlog
c:\bci2000.python3\build\cmakefiles\contrib\signalprocessing\peakdetector\peakdetectsignalprocessing.dir\release\peakdete.1139ba18.tlog\custombuild.command.1.tlog
c:\bci2000.python3\build\cmakefiles\contrib\signalprocessing\peakdetector\peakdetectsignalprocessing.dir\release\peakdete.1139ba18.tlog\custombuild.read.1.tlog
c:\bci2000.python3\build\cmakefiles\contrib\signalprocessing\peakdetector\peakdetectsignalprocessing.dir\release\peakdete.1139ba18.tlog\custombuild.write.1.tlog
c:\bci2000.python3\build\cmakefiles\contrib\signalprocessing\peakdetector\peakdetectsignalprocessing.dir\release\peakdete.1139ba18.tlog\link.command.1.tlog
c:\bci2000.python3\build\cmakefiles\contrib\signalprocessing\peakdetector\peakdetectsignalprocessing.dir\release\peakdete.1139ba18.tlog\link.read.1.tlog
c:\bci2000.python3\build\cmakefiles\contrib\signalprocessing\peakdetector\peakdetectsignalprocessing.dir\release\peakdete.1139ba18.tlog\link.write.1.tlog
c:\bci2000.python3\build\cmakefiles\contrib\signalprocessing\peakdetector\peakdetectsignalprocessing.dir\release\peakdete.1139ba18.tlog\rc.command.1.tlog
c:\bci2000.python3\build\cmakefiles\contrib\signalprocessing\peakdetector\peakdetectsignalprocessing.dir\release\peakdete.1139ba18.tlog\rc.read.1.tlog
c:\bci2000.python3\build\cmakefiles\contrib\signalprocessing\peakdetector\peakdetectsignalprocessing.dir\release\peakdete.1139ba18.tlog\rc.write.1.tlog
