c:\bci2000.python3\build\cmakefiles\contrib\signalsource\openbcisource\release\openbcisource_core.pch
c:\bci2000.python3\build\cmakefiles\contrib\signalsource\openbcisource\openbcisource.dir\release\corepch.obj
c:\bci2000.python3\build\cmakefiles\contrib\signalsource\openbcisource\openbcisource.dir\release\winmain.obj
c:\bci2000.python3\build\cmakefiles\contrib\signalsource\openbcisource\openbcisource.dir\release\version.obj
c:\bci2000.python3\build\cmakefiles\contrib\signalsource\openbcisource\openbcisource.dir\release\bcistream_module.obj
c:\bci2000.python3\build\cmakefiles\contrib\signalsource\openbcisource\openbcisource.dir\release\coremodule.obj
c:\bci2000.python3\build\cmakefiles\contrib\signalsource\openbcisource\openbcisource.dir\release\coremain.obj
c:\bci2000.python3\build\cmakefiles\contrib\signalsource\openbcisource\openbcisource.dir\release\openbciadc.obj
c:\bci2000.python3\build\cmakefiles\contrib\signalsource\openbcisource\cmakefiles\generate.stamp
c:\bci2000.python3\build\cmakefiles\contrib\signalsource\openbcisource\release\openbcisource.exe
c:\bci2000.python3\build\cmakefiles\contrib\signalsource\openbcisource\openbcisource.dir\release\version.res
c:\bci2000.python3\build\cmakefiles\contrib\signalsource\openbcisource\openbcisource.dir\release\appicon.res
c:\bci2000.python3\build\cmakefiles\contrib\signalsource\openbcisource\openbcisource.dir\release\openbcisource.tlog\cl.command.1.tlog
c:\bci2000.python3\build\cmakefiles\contrib\signalsource\openbcisource\openbcisource.dir\release\openbcisource.tlog\cl.read.1.tlog
c:\bci2000.python3\build\cmakefiles\contrib\signalsource\openbcisource\openbcisource.dir\release\openbcisource.tlog\cl.write.1.tlog
c:\bci2000.python3\build\cmakefiles\contrib\signalsource\openbcisource\openbcisource.dir\release\openbcisource.tlog\custombuild.command.1.tlog
c:\bci2000.python3\build\cmakefiles\contrib\signalsource\openbcisource\openbcisource.dir\release\openbcisource.tlog\custombuild.read.1.tlog
c:\bci2000.python3\build\cmakefiles\contrib\signalsource\openbcisource\openbcisource.dir\release\openbcisource.tlog\custombuild.write.1.tlog
c:\bci2000.python3\build\cmakefiles\contrib\signalsource\openbcisource\openbcisource.dir\release\openbcisource.tlog\link.command.1.tlog
c:\bci2000.python3\build\cmakefiles\contrib\signalsource\openbcisource\openbcisource.dir\release\openbcisource.tlog\link.read.1.tlog
c:\bci2000.python3\build\cmakefiles\contrib\signalsource\openbcisource\openbcisource.dir\release\openbcisource.tlog\link.write.1.tlog
c:\bci2000.python3\build\cmakefiles\contrib\signalsource\openbcisource\openbcisource.dir\release\openbcisource.tlog\rc.command.1.tlog
c:\bci2000.python3\build\cmakefiles\contrib\signalsource\openbcisource\openbcisource.dir\release\openbcisource.tlog\rc.read.1.tlog
c:\bci2000.python3\build\cmakefiles\contrib\signalsource\openbcisource\openbcisource.dir\release\openbcisource.tlog\rc.write.1.tlog
