c:\bci2000.python3\build\cmakefiles\contrib\signalsource\neuroscanaccesssdk\release\neuroscanaccess_core.pch
c:\bci2000.python3\build\cmakefiles\contrib\signalsource\neuroscanaccesssdk\neuroscanaccess.dir\release\corepch.obj
c:\bci2000.python3\build\cmakefiles\contrib\signalsource\neuroscanaccesssdk\neuroscanaccess.dir\release\winmain.obj
c:\bci2000.python3\build\cmakefiles\contrib\signalsource\neuroscanaccesssdk\neuroscanaccess.dir\release\version.obj
c:\bci2000.python3\build\cmakefiles\contrib\signalsource\neuroscanaccesssdk\neuroscanaccess.dir\release\bcistream_module.obj
c:\bci2000.python3\build\cmakefiles\contrib\signalsource\neuroscanaccesssdk\neuroscanaccess.dir\release\coremodule.obj
c:\bci2000.python3\build\cmakefiles\contrib\signalsource\neuroscanaccesssdk\neuroscanaccess.dir\release\coremain.obj
c:\bci2000.python3\build\cmakefiles\contrib\signalsource\neuroscanaccesssdk\neuroscanaccess.dir\release\nsdevice.imports.obj
c:\bci2000.python3\build\cmakefiles\contrib\signalsource\neuroscanaccesssdk\neuroscanaccess.dir\release\neuroscanadc.obj
c:\bci2000.python3\build\cmakefiles\contrib\signalsource\neuroscanaccesssdk\cmakefiles\generate.stamp
c:\bci2000.python3\build\cmakefiles\contrib\signalsource\neuroscanaccesssdk\release\neuroscanaccess.exe
c:\bci2000.python3\build\cmakefiles\contrib\signalsource\neuroscanaccesssdk\neuroscanaccess.dir\release\version.res
c:\bci2000.python3\build\cmakefiles\contrib\signalsource\neuroscanaccesssdk\neuroscanaccess.dir\release\appicon.res
c:\bci2000.python3\build\cmakefiles\contrib\signalsource\neuroscanaccesssdk\neuroscanaccess.dir\release\neuroscanaccess.tlog\cl.command.1.tlog
c:\bci2000.python3\build\cmakefiles\contrib\signalsource\neuroscanaccesssdk\neuroscanaccess.dir\release\neuroscanaccess.tlog\cl.read.1.tlog
c:\bci2000.python3\build\cmakefiles\contrib\signalsource\neuroscanaccesssdk\neuroscanaccess.dir\release\neuroscanaccess.tlog\cl.write.1.tlog
c:\bci2000.python3\build\cmakefiles\contrib\signalsource\neuroscanaccesssdk\neuroscanaccess.dir\release\neuroscanaccess.tlog\custombuild.command.1.tlog
c:\bci2000.python3\build\cmakefiles\contrib\signalsource\neuroscanaccesssdk\neuroscanaccess.dir\release\neuroscanaccess.tlog\custombuild.read.1.tlog
c:\bci2000.python3\build\cmakefiles\contrib\signalsource\neuroscanaccesssdk\neuroscanaccess.dir\release\neuroscanaccess.tlog\custombuild.write.1.tlog
c:\bci2000.python3\build\cmakefiles\contrib\signalsource\neuroscanaccesssdk\neuroscanaccess.dir\release\neuroscanaccess.tlog\link.command.1.tlog
c:\bci2000.python3\build\cmakefiles\contrib\signalsource\neuroscanaccesssdk\neuroscanaccess.dir\release\neuroscanaccess.tlog\link.read.1.tlog
c:\bci2000.python3\build\cmakefiles\contrib\signalsource\neuroscanaccesssdk\neuroscanaccess.dir\release\neuroscanaccess.tlog\link.write.1.tlog
c:\bci2000.python3\build\cmakefiles\contrib\signalsource\neuroscanaccesssdk\neuroscanaccess.dir\release\neuroscanaccess.tlog\rc.command.1.tlog
c:\bci2000.python3\build\cmakefiles\contrib\signalsource\neuroscanaccesssdk\neuroscanaccess.dir\release\neuroscanaccess.tlog\rc.read.1.tlog
c:\bci2000.python3\build\cmakefiles\contrib\signalsource\neuroscanaccesssdk\neuroscanaccess.dir\release\neuroscanaccess.tlog\rc.write.1.tlog
