  Building Custom Rule C:/BCI2000.python3/src/core/SignalSource/g.Unicorn/CMakeLists.txt
  CMake does not need to re-run because C:/BCI2000.python3/build/CMakeFiles/core/SignalSource/g.Unicorn/CMakeFiles/generate.stamp is up-to-date.
  CorePCH.cpp
  gTecUnicornADC.cpp
  Unicorn.imports.cpp
  CoreMain.cpp
  CoreModule.cpp
  BCIStream_module.cpp
  SourceFilter.cpp
  IIRFilterBase.cpp
  FilterDesign.cpp
  Version.cpp
  WinMain.cpp
  Generating Code...
  gUnicornADC.vcxproj -> C:\BCI2000.python3\build\CMakeFiles\core\SignalSource\g.Unicorn\Release\gUnicornADC.exe
  	Deploying executable
  copying files:
  Copying gUnicornADC.exe ...
  Copying msvcp140.dll ...
  Copying vcruntime140.dll ...
  Done.
