c:\bci2000.python3\build\cmakefiles\core\signalsource\g.unicorn\release\gunicornadc_core.pch
c:\bci2000.python3\build\cmakefiles\core\signalsource\g.unicorn\gunicornadc.dir\release\corepch.obj
c:\bci2000.python3\build\cmakefiles\core\signalsource\g.unicorn\gunicornadc.dir\release\winmain.obj
c:\bci2000.python3\build\cmakefiles\core\signalsource\g.unicorn\gunicornadc.dir\release\version.obj
c:\bci2000.python3\build\cmakefiles\core\signalsource\g.unicorn\gunicornadc.dir\release\filterdesign.obj
c:\bci2000.python3\build\cmakefiles\core\signalsource\g.unicorn\gunicornadc.dir\release\iirfilterbase.obj
c:\bci2000.python3\build\cmakefiles\core\signalsource\g.unicorn\gunicornadc.dir\release\sourcefilter.obj
c:\bci2000.python3\build\cmakefiles\core\signalsource\g.unicorn\gunicornadc.dir\release\bcistream_module.obj
c:\bci2000.python3\build\cmakefiles\core\signalsource\g.unicorn\gunicornadc.dir\release\coremodule.obj
c:\bci2000.python3\build\cmakefiles\core\signalsource\g.unicorn\gunicornadc.dir\release\coremain.obj
c:\bci2000.python3\build\cmakefiles\core\signalsource\g.unicorn\gunicornadc.dir\release\unicorn.imports.obj
c:\bci2000.python3\build\cmakefiles\core\signalsource\g.unicorn\gunicornadc.dir\release\gtecunicornadc.obj
c:\bci2000.python3\build\cmakefiles\core\signalsource\g.unicorn\cmakefiles\generate.stamp
c:\bci2000.python3\build\cmakefiles\core\signalsource\g.unicorn\release\gunicornadc.exe
c:\bci2000.python3\build\cmakefiles\core\signalsource\g.unicorn\gunicornadc.dir\release\version.res
c:\bci2000.python3\build\cmakefiles\core\signalsource\g.unicorn\gunicornadc.dir\release\appicon.res
c:\bci2000.python3\build\cmakefiles\core\signalsource\g.unicorn\gunicornadc.dir\release\gunicornadc.tlog\cl.command.1.tlog
c:\bci2000.python3\build\cmakefiles\core\signalsource\g.unicorn\gunicornadc.dir\release\gunicornadc.tlog\cl.read.1.tlog
c:\bci2000.python3\build\cmakefiles\core\signalsource\g.unicorn\gunicornadc.dir\release\gunicornadc.tlog\cl.write.1.tlog
c:\bci2000.python3\build\cmakefiles\core\signalsource\g.unicorn\gunicornadc.dir\release\gunicornadc.tlog\custombuild.command.1.tlog
c:\bci2000.python3\build\cmakefiles\core\signalsource\g.unicorn\gunicornadc.dir\release\gunicornadc.tlog\custombuild.read.1.tlog
c:\bci2000.python3\build\cmakefiles\core\signalsource\g.unicorn\gunicornadc.dir\release\gunicornadc.tlog\custombuild.write.1.tlog
c:\bci2000.python3\build\cmakefiles\core\signalsource\g.unicorn\gunicornadc.dir\release\gunicornadc.tlog\link.command.1.tlog
c:\bci2000.python3\build\cmakefiles\core\signalsource\g.unicorn\gunicornadc.dir\release\gunicornadc.tlog\link.read.1.tlog
c:\bci2000.python3\build\cmakefiles\core\signalsource\g.unicorn\gunicornadc.dir\release\gunicornadc.tlog\link.write.1.tlog
c:\bci2000.python3\build\cmakefiles\core\signalsource\g.unicorn\gunicornadc.dir\release\gunicornadc.tlog\rc.command.1.tlog
c:\bci2000.python3\build\cmakefiles\core\signalsource\g.unicorn\gunicornadc.dir\release\gunicornadc.tlog\rc.read.1.tlog
c:\bci2000.python3\build\cmakefiles\core\signalsource\g.unicorn\gunicornadc.dir\release\gunicornadc.tlog\rc.write.1.tlog
