  Generating qrc_configdialog.cpp
  Generating moc_configdialog.cpp
  Generating moc_pages.cpp
  Building Custom Rule C:/BCI2000.python3/src/core/Tools/P300Classifier/CMakeLists.txt
  CMake does not need to re-run because C:/BCI2000.python3/build/CMakeFiles/core/Tools/P300Classifier/CMakeFiles/generate.stamp is up-to-date.
  CorePCH.cpp
  main.cpp
  CARfilter.cpp
  CDataFile.cpp
  Check_Consistency_Files.cpp
  CmdLine.cpp
  configdialog.cpp
  downsampling.cpp
  filter.cpp
  GetP3Responses.cpp
  GetScore.cpp
  in_out_variable.cpp
  load_BCIdat.cpp
  nrerror.cpp
  P300_Classify.cpp
  pages.cpp
  ReadIniParameters.cpp
  solve_linear_equation.cpp
  StimulusPresentation_Classify.cpp
  SWLDA.cpp
  WritePRM.cpp
  Generating Code...
  Compiling...
  BCIStream_guiapp.cpp
  AboutBox.cpp
  ExecutableHelp.cpp
  Settings.cpp
  ColorListChooser.cpp
  QtMain.cpp
  ap.cpp
  betacf.cpp
  betai.cpp
  blas.cpp
  gammln.cpp
  qr.cpp
  reflections.cpp
  remmean.cpp
  stepcalc.cpp
  stepnext.cpp
  stepwisefit.cpp
  tcdf.cpp
  QtMessageHandler.cpp
  moc_configdialog.cpp
  Generating Code...
  Compiling...
  qrc_configdialog.cpp
  moc_pages.cpp
  Version.cpp
  WinMain.cpp
  Generating Code...
  P300Classifier.vcxproj -> C:\BCI2000.python3\build\CMakeFiles\core\Tools\P300Classifier\Release\P300Classifier.exe
  	Deploying executable
  copying files:
  Copying P300Classifier.exe ...
  Copying Qt5Gui.dll ...
  Copying Qt5Widgets.dll ...
  Copying Qt5Core.dll ...
  Copying msvcp140.dll ...
  Copying vcruntime140.dll ...
  Copying qwindows.dll ...
  Done.
