c:\bci2000.python3\build\cmakefiles\core\tools\p300classifier\release\p300classifier_core.pch
c:\bci2000.python3\build\cmakefiles\core\tools\p300classifier\p300classifier.dir\release\corepch.obj
c:\bci2000.python3\build\cmakefiles\core\tools\p300classifier\p300classifier.dir\release\writeprm.obj
c:\bci2000.python3\build\cmakefiles\core\tools\p300classifier\p300classifier.dir\release\swlda.obj
c:\bci2000.python3\build\cmakefiles\core\tools\p300classifier\p300classifier.dir\release\stimuluspresentation_classify.obj
c:\bci2000.python3\build\cmakefiles\core\tools\p300classifier\p300classifier.dir\release\solve_linear_equation.obj
c:\bci2000.python3\build\cmakefiles\core\tools\p300classifier\p300classifier.dir\release\readiniparameters.obj
c:\bci2000.python3\build\cmakefiles\core\tools\p300classifier\p300classifier.dir\release\pages.obj
c:\bci2000.python3\build\cmakefiles\core\tools\p300classifier\p300classifier.dir\release\p300_classify.obj
c:\bci2000.python3\build\cmakefiles\core\tools\p300classifier\p300classifier.dir\release\nrerror.obj
c:\bci2000.python3\build\cmakefiles\core\tools\p300classifier\p300classifier.dir\release\load_bcidat.obj
c:\bci2000.python3\build\cmakefiles\core\tools\p300classifier\p300classifier.dir\release\in_out_variable.obj
c:\bci2000.python3\build\cmakefiles\core\tools\p300classifier\p300classifier.dir\release\getscore.obj
c:\bci2000.python3\build\cmakefiles\core\tools\p300classifier\p300classifier.dir\release\getp3responses.obj
c:\bci2000.python3\build\cmakefiles\core\tools\p300classifier\p300classifier.dir\release\filter.obj
c:\bci2000.python3\build\cmakefiles\core\tools\p300classifier\p300classifier.dir\release\downsampling.obj
c:\bci2000.python3\build\cmakefiles\core\tools\p300classifier\p300classifier.dir\release\configdialog.obj
c:\bci2000.python3\build\cmakefiles\core\tools\p300classifier\p300classifier.dir\release\cmdline.obj
c:\bci2000.python3\build\cmakefiles\core\tools\p300classifier\p300classifier.dir\release\check_consistency_files.obj
c:\bci2000.python3\build\cmakefiles\core\tools\p300classifier\p300classifier.dir\release\cdatafile.obj
c:\bci2000.python3\build\cmakefiles\core\tools\p300classifier\p300classifier.dir\release\carfilter.obj
c:\bci2000.python3\build\cmakefiles\core\tools\p300classifier\p300classifier.dir\release\main.obj
c:\bci2000.python3\build\cmakefiles\core\tools\p300classifier\p300classifier.dir\release\moc_configdialog.obj
c:\bci2000.python3\build\cmakefiles\core\tools\p300classifier\p300classifier.dir\release\qtmessagehandler.obj
c:\bci2000.python3\build\cmakefiles\core\tools\p300classifier\p300classifier.dir\release\tcdf.obj
c:\bci2000.python3\build\cmakefiles\core\tools\p300classifier\p300classifier.dir\release\stepwisefit.obj
c:\bci2000.python3\build\cmakefiles\core\tools\p300classifier\p300classifier.dir\release\stepnext.obj
c:\bci2000.python3\build\cmakefiles\core\tools\p300classifier\p300classifier.dir\release\stepcalc.obj
c:\bci2000.python3\build\cmakefiles\core\tools\p300classifier\p300classifier.dir\release\remmean.obj
c:\bci2000.python3\build\cmakefiles\core\tools\p300classifier\p300classifier.dir\release\reflections.obj
c:\bci2000.python3\build\cmakefiles\core\tools\p300classifier\p300classifier.dir\release\qr.obj
c:\bci2000.python3\build\cmakefiles\core\tools\p300classifier\p300classifier.dir\release\gammln.obj
c:\bci2000.python3\build\cmakefiles\core\tools\p300classifier\p300classifier.dir\release\blas.obj
c:\bci2000.python3\build\cmakefiles\core\tools\p300classifier\p300classifier.dir\release\betai.obj
c:\bci2000.python3\build\cmakefiles\core\tools\p300classifier\p300classifier.dir\release\betacf.obj
c:\bci2000.python3\build\cmakefiles\core\tools\p300classifier\p300classifier.dir\release\ap.obj
c:\bci2000.python3\build\cmakefiles\core\tools\p300classifier\p300classifier.dir\release\qtmain.obj
c:\bci2000.python3\build\cmakefiles\core\tools\p300classifier\p300classifier.dir\release\colorlistchooser.obj
c:\bci2000.python3\build\cmakefiles\core\tools\p300classifier\p300classifier.dir\release\settings.obj
c:\bci2000.python3\build\cmakefiles\core\tools\p300classifier\p300classifier.dir\release\executablehelp.obj
c:\bci2000.python3\build\cmakefiles\core\tools\p300classifier\p300classifier.dir\release\aboutbox.obj
c:\bci2000.python3\build\cmakefiles\core\tools\p300classifier\p300classifier.dir\release\bcistream_guiapp.obj
c:\bci2000.python3\build\cmakefiles\core\tools\p300classifier\p300classifier.dir\release\winmain.obj
c:\bci2000.python3\build\cmakefiles\core\tools\p300classifier\p300classifier.dir\release\version.obj
c:\bci2000.python3\build\cmakefiles\core\tools\p300classifier\p300classifier.dir\release\moc_pages.obj
c:\bci2000.python3\build\cmakefiles\core\tools\p300classifier\p300classifier.dir\release\qrc_configdialog.obj
c:\bci2000.python3\build\cmakefiles\core\tools\p300classifier\qrc_configdialog.cpp
c:\bci2000.python3\build\cmakefiles\core\tools\p300classifier\moc_configdialog.cpp
c:\bci2000.python3\build\cmakefiles\core\tools\p300classifier\moc_pages.cpp
c:\bci2000.python3\build\cmakefiles\core\tools\p300classifier\cmakefiles\generate.stamp
c:\bci2000.python3\build\cmakefiles\core\tools\p300classifier\release\p300classifier.exe
c:\bci2000.python3\build\cmakefiles\core\tools\p300classifier\p300classifier.dir\release\version.res
c:\bci2000.python3\build\cmakefiles\core\tools\p300classifier\p300classifier.dir\release\appicon.res
c:\bci2000.python3\build\cmakefiles\core\tools\p300classifier\p300classifier.dir\release\p300classifier.tlog\cl.command.1.tlog
c:\bci2000.python3\build\cmakefiles\core\tools\p300classifier\p300classifier.dir\release\p300classifier.tlog\cl.read.1.tlog
c:\bci2000.python3\build\cmakefiles\core\tools\p300classifier\p300classifier.dir\release\p300classifier.tlog\cl.write.1.tlog
c:\bci2000.python3\build\cmakefiles\core\tools\p300classifier\p300classifier.dir\release\p300classifier.tlog\custombuild.command.1.tlog
c:\bci2000.python3\build\cmakefiles\core\tools\p300classifier\p300classifier.dir\release\p300classifier.tlog\custombuild.read.1.tlog
c:\bci2000.python3\build\cmakefiles\core\tools\p300classifier\p300classifier.dir\release\p300classifier.tlog\custombuild.write.1.tlog
c:\bci2000.python3\build\cmakefiles\core\tools\p300classifier\p300classifier.dir\release\p300classifier.tlog\link.command.1.tlog
c:\bci2000.python3\build\cmakefiles\core\tools\p300classifier\p300classifier.dir\release\p300classifier.tlog\link.read.1.tlog
c:\bci2000.python3\build\cmakefiles\core\tools\p300classifier\p300classifier.dir\release\p300classifier.tlog\link.write.1.tlog
c:\bci2000.python3\build\cmakefiles\core\tools\p300classifier\p300classifier.dir\release\p300classifier.tlog\rc.command.1.tlog
c:\bci2000.python3\build\cmakefiles\core\tools\p300classifier\p300classifier.dir\release\p300classifier.tlog\rc.read.1.tlog
c:\bci2000.python3\build\cmakefiles\core\tools\p300classifier\p300classifier.dir\release\p300classifier.tlog\rc.write.1.tlog
