  Building Custom Rule C:/BCI2000.python3/src/contrib/SignalSource/Biosemi/CMakeLists.txt
  CMake does not need to re-run because C:/BCI2000.python3/build/CMakeFiles/contrib/SignalSource/Biosemi/CMakeFiles/generate.stamp is up-to-date.
  CorePCH.cpp
  Biosemi2ADC.cpp
  Biosemi2Client.cpp
  Labview_DLL.imports.cpp
  CoreMain.cpp
  CoreModule.cpp
  BCIStream_module.cpp
  SourceFilter.cpp
  IIRFilterBase.cpp
  FilterDesign.cpp
  Version.cpp
  WinMain.cpp
  Generating Code...
  Biosemi2.vcxproj -> C:\BCI2000.python3\build\CMakeFiles\contrib\SignalSource\Biosemi\Release\Biosemi2.exe
  	Deploying executable
  copying files:
  Copying Biosemi2.exe ...
  Copying Labview_DLL64.dll ...
  Copying msvcp140.dll ...
  Copying vcruntime140.dll ...
  Done.
