c:\bci2000.python3\build\cmakefiles\contrib\signalsource\biosemi\release\biosemi2_core.pch
c:\bci2000.python3\build\cmakefiles\contrib\signalsource\biosemi\biosemi2.dir\release\corepch.obj
c:\bci2000.python3\build\cmakefiles\contrib\signalsource\biosemi\biosemi2.dir\release\winmain.obj
c:\bci2000.python3\build\cmakefiles\contrib\signalsource\biosemi\biosemi2.dir\release\version.obj
c:\bci2000.python3\build\cmakefiles\contrib\signalsource\biosemi\biosemi2.dir\release\filterdesign.obj
c:\bci2000.python3\build\cmakefiles\contrib\signalsource\biosemi\biosemi2.dir\release\iirfilterbase.obj
c:\bci2000.python3\build\cmakefiles\contrib\signalsource\biosemi\biosemi2.dir\release\sourcefilter.obj
c:\bci2000.python3\build\cmakefiles\contrib\signalsource\biosemi\biosemi2.dir\release\bcistream_module.obj
c:\bci2000.python3\build\cmakefiles\contrib\signalsource\biosemi\biosemi2.dir\release\coremodule.obj
c:\bci2000.python3\build\cmakefiles\contrib\signalsource\biosemi\biosemi2.dir\release\coremain.obj
c:\bci2000.python3\build\cmakefiles\contrib\signalsource\biosemi\biosemi2.dir\release\labview_dll.imports.obj
c:\bci2000.python3\build\cmakefiles\contrib\signalsource\biosemi\biosemi2.dir\release\biosemi2client.obj
c:\bci2000.python3\build\cmakefiles\contrib\signalsource\biosemi\biosemi2.dir\release\biosemi2adc.obj
c:\bci2000.python3\build\cmakefiles\contrib\signalsource\biosemi\cmakefiles\generate.stamp
c:\bci2000.python3\build\cmakefiles\contrib\signalsource\biosemi\release\biosemi2.exe
c:\bci2000.python3\build\cmakefiles\contrib\signalsource\biosemi\biosemi2.dir\release\version.res
c:\bci2000.python3\build\cmakefiles\contrib\signalsource\biosemi\biosemi2.dir\release\appicon.res
c:\bci2000.python3\build\cmakefiles\contrib\signalsource\biosemi\biosemi2.dir\release\biosemi2.tlog\cl.command.1.tlog
c:\bci2000.python3\build\cmakefiles\contrib\signalsource\biosemi\biosemi2.dir\release\biosemi2.tlog\cl.read.1.tlog
c:\bci2000.python3\build\cmakefiles\contrib\signalsource\biosemi\biosemi2.dir\release\biosemi2.tlog\cl.write.1.tlog
c:\bci2000.python3\build\cmakefiles\contrib\signalsource\biosemi\biosemi2.dir\release\biosemi2.tlog\custombuild.command.1.tlog
c:\bci2000.python3\build\cmakefiles\contrib\signalsource\biosemi\biosemi2.dir\release\biosemi2.tlog\custombuild.read.1.tlog
c:\bci2000.python3\build\cmakefiles\contrib\signalsource\biosemi\biosemi2.dir\release\biosemi2.tlog\custombuild.write.1.tlog
c:\bci2000.python3\build\cmakefiles\contrib\signalsource\biosemi\biosemi2.dir\release\biosemi2.tlog\link.command.1.tlog
c:\bci2000.python3\build\cmakefiles\contrib\signalsource\biosemi\biosemi2.dir\release\biosemi2.tlog\link.read.1.tlog
c:\bci2000.python3\build\cmakefiles\contrib\signalsource\biosemi\biosemi2.dir\release\biosemi2.tlog\link.write.1.tlog
c:\bci2000.python3\build\cmakefiles\contrib\signalsource\biosemi\biosemi2.dir\release\biosemi2.tlog\rc.command.1.tlog
c:\bci2000.python3\build\cmakefiles\contrib\signalsource\biosemi\biosemi2.dir\release\biosemi2.tlog\rc.read.1.tlog
c:\bci2000.python3\build\cmakefiles\contrib\signalsource\biosemi\biosemi2.dir\release\biosemi2.tlog\rc.write.1.tlog
