  moc_ConfigWindow.cpp
  moc_EditMatrix.cpp
  moc_ParamDisplay.cpp
  moc_PrefDialog.cpp
  moc_ShowParameters.cpp
  moc_bci2000fileinfo.cpp
  Version.cpp
  ConfigWindow.cpp
  EditMatrix.cpp
  PrefDialog.cpp
  ShowParameters.cpp
  bci2000fileinfo.cpp
  Generating Code...
  BCI2000FileInfo.vcxproj -> C:\BCI2000.python3\build\CMakeFiles\core\Tools\BCI2000FileInfoQt\Debug\BCI2000FileInfo.exe
  	Deploying executable
  copying files:
  Copying BCI2000FileInfo.exe ...
  Copying Qt5Guid.dll ...
  Copying Qt5Widgetsd.dll ...
  Copying Qt5Cored.dll ...
  Copying msvcp140d.dll ...
  Copying vcruntime140d.dll ...
  Copying qwindowsd.dll ...
  Done.
