  Building Custom Rule C:/BCI2000.python3/src/core/SignalSource/g.NautilusSource/CMakeLists.txt
  CMake does not need to re-run because C:/BCI2000.python3/build/CMakeFiles/core/SignalSource/g.NautilusSource/CMakeFiles/generate.stamp is up-to-date.
  CorePCH.cpp
  gNautilusADC.cpp
  gNautilusDevice.cpp
  GDSClientAPI.imports.cpp
  CoreMain.cpp
  CoreModule.cpp
  BCIStream_module.cpp
  Version.cpp
  WinMain.cpp
  Generating Code...
  gNautilusSource.vcxproj -> C:\BCI2000.python3\build\CMakeFiles\core\SignalSource\g.NautilusSource\Release\gNautilusSource.exe
  	Deploying executable
  copying files:
  Copying gNautilusSource.exe ...
  Copying gAPI.dll ...
  Copying GDSServer.dll ...
  Copying GDSClientAPI.dll ...
  Copying Networking.dll ...
  Copying msvcp140.dll ...
  Copying vcruntime140.dll ...
  Copying GDSAmplifierFeatures.h5 ...
  Done.
