c:\bci2000.python3\build\cmakefiles\core\signalsource\g.nautilussource\release\gnautilussource_core.pch
c:\bci2000.python3\build\cmakefiles\core\signalsource\g.nautilussource\gnautilussource.dir\release\corepch.obj
c:\bci2000.python3\build\cmakefiles\core\signalsource\g.nautilussource\gnautilussource.dir\release\winmain.obj
c:\bci2000.python3\build\cmakefiles\core\signalsource\g.nautilussource\gnautilussource.dir\release\version.obj
c:\bci2000.python3\build\cmakefiles\core\signalsource\g.nautilussource\gnautilussource.dir\release\bcistream_module.obj
c:\bci2000.python3\build\cmakefiles\core\signalsource\g.nautilussource\gnautilussource.dir\release\coremodule.obj
c:\bci2000.python3\build\cmakefiles\core\signalsource\g.nautilussource\gnautilussource.dir\release\coremain.obj
c:\bci2000.python3\build\cmakefiles\core\signalsource\g.nautilussource\gnautilussource.dir\release\gdsclientapi.imports.obj
c:\bci2000.python3\build\cmakefiles\core\signalsource\g.nautilussource\gnautilussource.dir\release\gnautilusdevice.obj
c:\bci2000.python3\build\cmakefiles\core\signalsource\g.nautilussource\gnautilussource.dir\release\gnautilusadc.obj
c:\bci2000.python3\build\cmakefiles\core\signalsource\g.nautilussource\cmakefiles\generate.stamp
c:\bci2000.python3\build\cmakefiles\core\signalsource\g.nautilussource\release\gnautilussource.exe
c:\bci2000.python3\build\cmakefiles\core\signalsource\g.nautilussource\gnautilussource.dir\release\version.res
c:\bci2000.python3\build\cmakefiles\core\signalsource\g.nautilussource\gnautilussource.dir\release\appicon.res
c:\bci2000.python3\build\cmakefiles\core\signalsource\g.nautilussource\gnautilussource.dir\release\gnautilussource.tlog\cl.command.1.tlog
c:\bci2000.python3\build\cmakefiles\core\signalsource\g.nautilussource\gnautilussource.dir\release\gnautilussource.tlog\cl.read.1.tlog
c:\bci2000.python3\build\cmakefiles\core\signalsource\g.nautilussource\gnautilussource.dir\release\gnautilussource.tlog\cl.write.1.tlog
c:\bci2000.python3\build\cmakefiles\core\signalsource\g.nautilussource\gnautilussource.dir\release\gnautilussource.tlog\custombuild.command.1.tlog
c:\bci2000.python3\build\cmakefiles\core\signalsource\g.nautilussource\gnautilussource.dir\release\gnautilussource.tlog\custombuild.read.1.tlog
c:\bci2000.python3\build\cmakefiles\core\signalsource\g.nautilussource\gnautilussource.dir\release\gnautilussource.tlog\custombuild.write.1.tlog
c:\bci2000.python3\build\cmakefiles\core\signalsource\g.nautilussource\gnautilussource.dir\release\gnautilussource.tlog\link.command.1.tlog
c:\bci2000.python3\build\cmakefiles\core\signalsource\g.nautilussource\gnautilussource.dir\release\gnautilussource.tlog\link.read.1.tlog
c:\bci2000.python3\build\cmakefiles\core\signalsource\g.nautilussource\gnautilussource.dir\release\gnautilussource.tlog\link.write.1.tlog
c:\bci2000.python3\build\cmakefiles\core\signalsource\g.nautilussource\gnautilussource.dir\release\gnautilussource.tlog\rc.command.1.tlog
c:\bci2000.python3\build\cmakefiles\core\signalsource\g.nautilussource\gnautilussource.dir\release\gnautilussource.tlog\rc.read.1.tlog
c:\bci2000.python3\build\cmakefiles\core\signalsource\g.nautilussource\gnautilussource.dir\release\gnautilussource.tlog\rc.write.1.tlog
