c:\bci2000.python3\build\cmakefiles\contrib\signalsource\neurosky\release\neurosky_core.pch
c:\bci2000.python3\build\cmakefiles\contrib\signalsource\neurosky\neurosky.dir\release\corepch.obj
c:\bci2000.python3\build\cmakefiles\contrib\signalsource\neurosky\neurosky.dir\release\winmain.obj
c:\bci2000.python3\build\cmakefiles\contrib\signalsource\neurosky\neurosky.dir\release\version.obj
c:\bci2000.python3\build\cmakefiles\contrib\signalsource\neurosky\neurosky.dir\release\bcistream_module.obj
c:\bci2000.python3\build\cmakefiles\contrib\signalsource\neurosky\neurosky.dir\release\coremodule.obj
c:\bci2000.python3\build\cmakefiles\contrib\signalsource\neurosky\neurosky.dir\release\coremain.obj
c:\bci2000.python3\build\cmakefiles\contrib\signalsource\neurosky\neurosky.dir\release\thinkgear.imports.obj
c:\bci2000.python3\build\cmakefiles\contrib\signalsource\neurosky\neurosky.dir\release\neuroskyadc.obj
c:\bci2000.python3\build\cmakefiles\contrib\signalsource\neurosky\cmakefiles\generate.stamp
c:\bci2000.python3\build\cmakefiles\contrib\signalsource\neurosky\release\neurosky.exe
c:\bci2000.python3\build\cmakefiles\contrib\signalsource\neurosky\neurosky.dir\release\version.res
c:\bci2000.python3\build\cmakefiles\contrib\signalsource\neurosky\neurosky.dir\release\appicon.res
c:\bci2000.python3\build\cmakefiles\contrib\signalsource\neurosky\neurosky.dir\release\neurosky.tlog\cl.command.1.tlog
c:\bci2000.python3\build\cmakefiles\contrib\signalsource\neurosky\neurosky.dir\release\neurosky.tlog\cl.read.1.tlog
c:\bci2000.python3\build\cmakefiles\contrib\signalsource\neurosky\neurosky.dir\release\neurosky.tlog\cl.write.1.tlog
c:\bci2000.python3\build\cmakefiles\contrib\signalsource\neurosky\neurosky.dir\release\neurosky.tlog\custombuild.command.1.tlog
c:\bci2000.python3\build\cmakefiles\contrib\signalsource\neurosky\neurosky.dir\release\neurosky.tlog\custombuild.read.1.tlog
c:\bci2000.python3\build\cmakefiles\contrib\signalsource\neurosky\neurosky.dir\release\neurosky.tlog\custombuild.write.1.tlog
c:\bci2000.python3\build\cmakefiles\contrib\signalsource\neurosky\neurosky.dir\release\neurosky.tlog\link.command.1.tlog
c:\bci2000.python3\build\cmakefiles\contrib\signalsource\neurosky\neurosky.dir\release\neurosky.tlog\link.read.1.tlog
c:\bci2000.python3\build\cmakefiles\contrib\signalsource\neurosky\neurosky.dir\release\neurosky.tlog\link.write.1.tlog
c:\bci2000.python3\build\cmakefiles\contrib\signalsource\neurosky\neurosky.dir\release\neurosky.tlog\rc.command.1.tlog
c:\bci2000.python3\build\cmakefiles\contrib\signalsource\neurosky\neurosky.dir\release\neurosky.tlog\rc.read.1.tlog
c:\bci2000.python3\build\cmakefiles\contrib\signalsource\neurosky\neurosky.dir\release\neurosky.tlog\rc.write.1.tlog
