  CorePCH.cpp
  BCI2000MediaPlayer.cpp
  ClockTick.cpp
  QtProxyThread.cpp
  DisplayWindow.cpp
  GraphDisplay.cpp
  GraphObject.cpp
  OpenGLContext.cpp
  DisplayClock.cpp
  SpinningWheel.cpp
  TextField.cpp
  GUI.cpp
  Bitmap.cpp
  AVUtils.cpp
  AVDecoder.cpp
  AVPlayer.cpp
  AudioDevice.cpp
  AudioSink.cpp
  VideoPlayer.cpp
  AudioPlayer.cpp
  BCIStream_guiapp.cpp
  Generating Code...
  Compiling...
  AboutBox.cpp
  ExecutableHelp.cpp
  Settings.cpp
  ColorListChooser.cpp
  QtMain.cpp
  ObserverMemory.cpp
  ObserverBase.cpp
  PowerSumObserver.cpp
  HistogramObserver.cpp
  Histogram.cpp
  QtMessageHandler.cpp
  Version.cpp
  WinMain.cpp
  Generating Code...
LINK : warning LNK4098: defaultlib 'LIBCMT' conflicts with use of other libs; use /NODEFAULTLIB:library
  BCI2000MediaPlayer.vcxproj -> C:\BCI2000.python3\build\CMakeFiles\core\Tools\BCI2000MediaPlayer\Release\BCI2000MediaPlayer.exe
  	Deploying executable
  copying files:
  Copying BCI2000MediaPlayer.exe ...
  Copying Qt5Gui.dll ...
  Copying Qt5Widgets.dll ...
  Copying Qt5Core.dll ...
  Copying msvcp140.dll ...
  Copying vcruntime140.dll ...
  Copying qwindows.dll ...
  Done.
