c:\bci2000.python3\build\cmakefiles\core\tools\bci2000mediaplayer\release\bci2000mediaplayer_core.pch
c:\bci2000.python3\build\cmakefiles\core\tools\bci2000mediaplayer\bci2000mediaplayer.dir\release\corepch.obj
c:\bci2000.python3\build\cmakefiles\core\tools\bci2000mediaplayer\bci2000mediaplayer.dir\release\bcistream_guiapp.obj
c:\bci2000.python3\build\cmakefiles\core\tools\bci2000mediaplayer\bci2000mediaplayer.dir\release\audioplayer.obj
c:\bci2000.python3\build\cmakefiles\core\tools\bci2000mediaplayer\bci2000mediaplayer.dir\release\videoplayer.obj
c:\bci2000.python3\build\cmakefiles\core\tools\bci2000mediaplayer\bci2000mediaplayer.dir\release\audiosink.obj
c:\bci2000.python3\build\cmakefiles\core\tools\bci2000mediaplayer\bci2000mediaplayer.dir\release\audiodevice.obj
c:\bci2000.python3\build\cmakefiles\core\tools\bci2000mediaplayer\bci2000mediaplayer.dir\release\avplayer.obj
c:\bci2000.python3\build\cmakefiles\core\tools\bci2000mediaplayer\bci2000mediaplayer.dir\release\avdecoder.obj
c:\bci2000.python3\build\cmakefiles\core\tools\bci2000mediaplayer\bci2000mediaplayer.dir\release\avutils.obj
c:\bci2000.python3\build\cmakefiles\core\tools\bci2000mediaplayer\bci2000mediaplayer.dir\release\bitmap.obj
c:\bci2000.python3\build\cmakefiles\core\tools\bci2000mediaplayer\bci2000mediaplayer.dir\release\gui.obj
c:\bci2000.python3\build\cmakefiles\core\tools\bci2000mediaplayer\bci2000mediaplayer.dir\release\textfield.obj
c:\bci2000.python3\build\cmakefiles\core\tools\bci2000mediaplayer\bci2000mediaplayer.dir\release\spinningwheel.obj
c:\bci2000.python3\build\cmakefiles\core\tools\bci2000mediaplayer\bci2000mediaplayer.dir\release\displayclock.obj
c:\bci2000.python3\build\cmakefiles\core\tools\bci2000mediaplayer\bci2000mediaplayer.dir\release\openglcontext.obj
c:\bci2000.python3\build\cmakefiles\core\tools\bci2000mediaplayer\bci2000mediaplayer.dir\release\graphobject.obj
c:\bci2000.python3\build\cmakefiles\core\tools\bci2000mediaplayer\bci2000mediaplayer.dir\release\graphdisplay.obj
c:\bci2000.python3\build\cmakefiles\core\tools\bci2000mediaplayer\bci2000mediaplayer.dir\release\displaywindow.obj
c:\bci2000.python3\build\cmakefiles\core\tools\bci2000mediaplayer\bci2000mediaplayer.dir\release\qtproxythread.obj
c:\bci2000.python3\build\cmakefiles\core\tools\bci2000mediaplayer\bci2000mediaplayer.dir\release\clocktick.obj
c:\bci2000.python3\build\cmakefiles\core\tools\bci2000mediaplayer\bci2000mediaplayer.dir\release\bci2000mediaplayer.obj
c:\bci2000.python3\build\cmakefiles\core\tools\bci2000mediaplayer\bci2000mediaplayer.dir\release\winmain.obj
c:\bci2000.python3\build\cmakefiles\core\tools\bci2000mediaplayer\bci2000mediaplayer.dir\release\version.obj
c:\bci2000.python3\build\cmakefiles\core\tools\bci2000mediaplayer\bci2000mediaplayer.dir\release\qtmessagehandler.obj
c:\bci2000.python3\build\cmakefiles\core\tools\bci2000mediaplayer\bci2000mediaplayer.dir\release\histogram.obj
c:\bci2000.python3\build\cmakefiles\core\tools\bci2000mediaplayer\bci2000mediaplayer.dir\release\histogramobserver.obj
c:\bci2000.python3\build\cmakefiles\core\tools\bci2000mediaplayer\bci2000mediaplayer.dir\release\powersumobserver.obj
c:\bci2000.python3\build\cmakefiles\core\tools\bci2000mediaplayer\bci2000mediaplayer.dir\release\observerbase.obj
c:\bci2000.python3\build\cmakefiles\core\tools\bci2000mediaplayer\bci2000mediaplayer.dir\release\observermemory.obj
c:\bci2000.python3\build\cmakefiles\core\tools\bci2000mediaplayer\bci2000mediaplayer.dir\release\qtmain.obj
c:\bci2000.python3\build\cmakefiles\core\tools\bci2000mediaplayer\bci2000mediaplayer.dir\release\colorlistchooser.obj
c:\bci2000.python3\build\cmakefiles\core\tools\bci2000mediaplayer\bci2000mediaplayer.dir\release\settings.obj
c:\bci2000.python3\build\cmakefiles\core\tools\bci2000mediaplayer\bci2000mediaplayer.dir\release\executablehelp.obj
c:\bci2000.python3\build\cmakefiles\core\tools\bci2000mediaplayer\bci2000mediaplayer.dir\release\aboutbox.obj
c:\bci2000.python3\build\cmakefiles\core\tools\bci2000mediaplayer\release\bci2000mediaplayer.exe
c:\bci2000.python3\build\cmakefiles\core\tools\bci2000mediaplayer\bci2000mediaplayer.dir\release\version.res
c:\bci2000.python3\build\cmakefiles\core\tools\bci2000mediaplayer\bci2000mediaplayer.dir\release\appicon.res
c:\bci2000.python3\build\cmakefiles\core\tools\bci2000mediaplayer\bci2000mediaplayer.dir\release\bci2000m.717f1428.tlog\cl.command.1.tlog
c:\bci2000.python3\build\cmakefiles\core\tools\bci2000mediaplayer\bci2000mediaplayer.dir\release\bci2000m.717f1428.tlog\cl.read.1.tlog
c:\bci2000.python3\build\cmakefiles\core\tools\bci2000mediaplayer\bci2000mediaplayer.dir\release\bci2000m.717f1428.tlog\cl.write.1.tlog
c:\bci2000.python3\build\cmakefiles\core\tools\bci2000mediaplayer\bci2000mediaplayer.dir\release\bci2000m.717f1428.tlog\link.command.1.tlog
c:\bci2000.python3\build\cmakefiles\core\tools\bci2000mediaplayer\bci2000mediaplayer.dir\release\bci2000m.717f1428.tlog\link.read.1.tlog
c:\bci2000.python3\build\cmakefiles\core\tools\bci2000mediaplayer\bci2000mediaplayer.dir\release\bci2000m.717f1428.tlog\link.write.1.tlog
c:\bci2000.python3\build\cmakefiles\core\tools\bci2000mediaplayer\bci2000mediaplayer.dir\release\bci2000m.717f1428.tlog\rc.command.1.tlog
c:\bci2000.python3\build\cmakefiles\core\tools\bci2000mediaplayer\bci2000mediaplayer.dir\release\bci2000m.717f1428.tlog\rc.read.1.tlog
c:\bci2000.python3\build\cmakefiles\core\tools\bci2000mediaplayer\bci2000mediaplayer.dir\release\bci2000m.717f1428.tlog\rc.write.1.tlog
