  Building Custom Rule C:/BCI2000.python3/src/contrib/SignalSource/BioRadio/CMakeLists.txt
  CMake does not need to re-run because C:/BCI2000.python3/build/CMakeFiles/contrib/SignalSource/BioRadio/CMakeFiles/generate.stamp is up-to-date.
  CorePCH.cpp
  BioRadioADC.cpp
  bioutils.cpp
  BR150.cpp
  Bioradio150DLL.imports.cpp
  CoreMain.cpp
  CoreModule.cpp
  BCIStream_module.cpp
  Version.cpp
  WinMain.cpp
  Generating Code...
  BioRadio.vcxproj -> C:\BCI2000.python3\build\CMakeFiles\contrib\SignalSource\BioRadio\Release\BioRadio.exe
  	Deploying executable
  copying files:
  Copying BioRadio.exe ...
  Copying BioRadio150DLL.dll ...
  Copying msvcp140.dll ...
  Copying vcruntime140.dll ...
  Done.
