c:\bci2000.python3\build\cmakefiles\contrib\signalsource\bioradio\release\bioradio_core.pch
c:\bci2000.python3\build\cmakefiles\contrib\signalsource\bioradio\bioradio.dir\release\corepch.obj
c:\bci2000.python3\build\cmakefiles\contrib\signalsource\bioradio\bioradio.dir\release\winmain.obj
c:\bci2000.python3\build\cmakefiles\contrib\signalsource\bioradio\bioradio.dir\release\version.obj
c:\bci2000.python3\build\cmakefiles\contrib\signalsource\bioradio\bioradio.dir\release\bcistream_module.obj
c:\bci2000.python3\build\cmakefiles\contrib\signalsource\bioradio\bioradio.dir\release\coremodule.obj
c:\bci2000.python3\build\cmakefiles\contrib\signalsource\bioradio\bioradio.dir\release\coremain.obj
c:\bci2000.python3\build\cmakefiles\contrib\signalsource\bioradio\bioradio.dir\release\bioradio150dll.imports.obj
c:\bci2000.python3\build\cmakefiles\contrib\signalsource\bioradio\bioradio.dir\release\br150.obj
c:\bci2000.python3\build\cmakefiles\contrib\signalsource\bioradio\bioradio.dir\release\bioutils.obj
c:\bci2000.python3\build\cmakefiles\contrib\signalsource\bioradio\bioradio.dir\release\bioradioadc.obj
c:\bci2000.python3\build\cmakefiles\contrib\signalsource\bioradio\cmakefiles\generate.stamp
c:\bci2000.python3\build\cmakefiles\contrib\signalsource\bioradio\release\bioradio.exe
c:\bci2000.python3\build\cmakefiles\contrib\signalsource\bioradio\bioradio.dir\release\version.res
c:\bci2000.python3\build\cmakefiles\contrib\signalsource\bioradio\bioradio.dir\release\appicon.res
c:\bci2000.python3\build\cmakefiles\contrib\signalsource\bioradio\bioradio.dir\release\bioradio.tlog\cl.command.1.tlog
c:\bci2000.python3\build\cmakefiles\contrib\signalsource\bioradio\bioradio.dir\release\bioradio.tlog\cl.read.1.tlog
c:\bci2000.python3\build\cmakefiles\contrib\signalsource\bioradio\bioradio.dir\release\bioradio.tlog\cl.write.1.tlog
c:\bci2000.python3\build\cmakefiles\contrib\signalsource\bioradio\bioradio.dir\release\bioradio.tlog\custombuild.command.1.tlog
c:\bci2000.python3\build\cmakefiles\contrib\signalsource\bioradio\bioradio.dir\release\bioradio.tlog\custombuild.read.1.tlog
c:\bci2000.python3\build\cmakefiles\contrib\signalsource\bioradio\bioradio.dir\release\bioradio.tlog\custombuild.write.1.tlog
c:\bci2000.python3\build\cmakefiles\contrib\signalsource\bioradio\bioradio.dir\release\bioradio.tlog\link.command.1.tlog
c:\bci2000.python3\build\cmakefiles\contrib\signalsource\bioradio\bioradio.dir\release\bioradio.tlog\link.read.1.tlog
c:\bci2000.python3\build\cmakefiles\contrib\signalsource\bioradio\bioradio.dir\release\bioradio.tlog\link.write.1.tlog
c:\bci2000.python3\build\cmakefiles\contrib\signalsource\bioradio\bioradio.dir\release\bioradio.tlog\rc.command.1.tlog
c:\bci2000.python3\build\cmakefiles\contrib\signalsource\bioradio\bioradio.dir\release\bioradio.tlog\rc.read.1.tlog
c:\bci2000.python3\build\cmakefiles\contrib\signalsource\bioradio\bioradio.dir\release\bioradio.tlog\rc.write.1.tlog
