c:\bci2000.python3\build\cmakefiles\frameworks\sigsrcmodulelib\debug\bci2000frameworksigsrcmodule_core.pch
c:\bci2000.python3\build\cmakefiles\frameworks\sigsrcmodulelib\bci2000frameworksigsrcmodule.dir\debug\bci2000frameworksigsrcmodule.pdb
c:\bci2000.python3\build\cmakefiles\frameworks\sigsrcmodulelib\bci2000frameworksigsrcmodule.dir\debug\corepch.obj
c:\bci2000.python3\build\cmakefiles\frameworks\sigsrcmodulelib\bci2000frameworksigsrcmodule.dir\debug\bciregistry.obj
c:\bci2000.python3\build\cmakefiles\frameworks\sigsrcmodulelib\bci2000frameworksigsrcmodule.dir\debug\keylogger.obj
c:\bci2000.python3\build\cmakefiles\frameworks\sigsrcmodulelib\bci2000frameworksigsrcmodule.dir\debug\joysticklogger.obj
c:\bci2000.python3\build\cmakefiles\frameworks\sigsrcmodulelib\bci2000frameworksigsrcmodule.dir\debug\eventlink.obj
c:\bci2000.python3\build\cmakefiles\frameworks\sigsrcmodulelib\bci2000frameworksigsrcmodule.dir\debug\transmissionfilter.obj
c:\bci2000.python3\build\cmakefiles\frameworks\sigsrcmodulelib\bci2000frameworksigsrcmodule.dir\debug\dataiofilter.obj
c:\bci2000.python3\build\cmakefiles\frameworks\sigsrcmodulelib\bci2000frameworksigsrcmodule.dir\debug\alignmentfilter.obj
c:\bci2000.python3\build\cmakefiles\frameworks\sigsrcmodulelib\bci2000frameworksigsrcmodule.dir\debug\bufferedadc.obj
c:\bci2000.python3\build\cmakefiles\frameworks\sigsrcmodulelib\bci2000frameworksigsrcmodule.dir\debug\gdfoutputformat.obj
c:\bci2000.python3\build\cmakefiles\frameworks\sigsrcmodulelib\bci2000frameworksigsrcmodule.dir\debug\gdffilewriter.obj
c:\bci2000.python3\build\cmakefiles\frameworks\sigsrcmodulelib\bci2000frameworksigsrcmodule.dir\debug\gdf.obj
c:\bci2000.python3\build\cmakefiles\frameworks\sigsrcmodulelib\bci2000frameworksigsrcmodule.dir\debug\edfoutputformat.obj
c:\bci2000.python3\build\cmakefiles\frameworks\sigsrcmodulelib\bci2000frameworksigsrcmodule.dir\debug\edfoutputbase.obj
c:\bci2000.python3\build\cmakefiles\frameworks\sigsrcmodulelib\bci2000frameworksigsrcmodule.dir\debug\edffilewriter.obj
c:\bci2000.python3\build\cmakefiles\frameworks\sigsrcmodulelib\bci2000frameworksigsrcmodule.dir\debug\edfheader.obj
c:\bci2000.python3\build\cmakefiles\frameworks\sigsrcmodulelib\bci2000frameworksigsrcmodule.dir\debug\bci2000outputformat.obj
c:\bci2000.python3\build\cmakefiles\frameworks\sigsrcmodulelib\bci2000frameworksigsrcmodule.dir\debug\bci2000filewriter.obj
c:\bci2000.python3\build\cmakefiles\frameworks\sigsrcmodulelib\bci2000frameworksigsrcmodule.dir\debug\nullfilewriter.obj
c:\bci2000.python3\build\cmakefiles\frameworks\sigsrcmodulelib\bci2000frameworksigsrcmodule.dir\debug\genericfilewriter.obj
c:\bci2000.python3\build\cmakefiles\frameworks\sigsrcmodulelib\bci2000frameworksigsrcmodule.dir\debug\filewriterbase.obj
c:\bci2000.python3\build\cmakefiles\frameworks\sigsrcmodulelib\sigsrcregistry.inc
c:\bci2000.python3\build\cmakefiles\frameworks\sigsrcmodulelib\cmakefiles\generate.stamp
c:\bci2000.python3\build\cmakefiles\frameworks\sigsrcmodulelib\debug\bci2000frameworksigsrcmodule.lib
c:\bci2000.python3\build\cmakefiles\frameworks\sigsrcmodulelib\debug\bci2000frameworksigsrcmodule.pdb
c:\bci2000.python3\build\cmakefiles\frameworks\sigsrcmodulelib\bci2000frameworksigsrcmodule.dir\debug\bci2000f.b433e419.tlog\cl.command.1.tlog
c:\bci2000.python3\build\cmakefiles\frameworks\sigsrcmodulelib\bci2000frameworksigsrcmodule.dir\debug\bci2000f.b433e419.tlog\cl.read.1.tlog
c:\bci2000.python3\build\cmakefiles\frameworks\sigsrcmodulelib\bci2000frameworksigsrcmodule.dir\debug\bci2000f.b433e419.tlog\cl.write.1.tlog
c:\bci2000.python3\build\cmakefiles\frameworks\sigsrcmodulelib\bci2000frameworksigsrcmodule.dir\debug\bci2000f.b433e419.tlog\custombuild.command.1.tlog
c:\bci2000.python3\build\cmakefiles\frameworks\sigsrcmodulelib\bci2000frameworksigsrcmodule.dir\debug\bci2000f.b433e419.tlog\custombuild.read.1.tlog
c:\bci2000.python3\build\cmakefiles\frameworks\sigsrcmodulelib\bci2000frameworksigsrcmodule.dir\debug\bci2000f.b433e419.tlog\custombuild.write.1.tlog
c:\bci2000.python3\build\cmakefiles\frameworks\sigsrcmodulelib\bci2000frameworksigsrcmodule.dir\debug\bci2000f.b433e419.tlog\lib-link.read.1.tlog
c:\bci2000.python3\build\cmakefiles\frameworks\sigsrcmodulelib\bci2000frameworksigsrcmodule.dir\debug\bci2000f.b433e419.tlog\lib-link.write.1.tlog
c:\bci2000.python3\build\cmakefiles\frameworks\sigsrcmodulelib\bci2000frameworksigsrcmodule.dir\debug\bci2000f.b433e419.tlog\lib.command.1.tlog
