c:\bci2000.python3\build\cmakefiles\contrib\signalsource\b-alert\release\balertsource_core.pch
c:\bci2000.python3\build\cmakefiles\contrib\signalsource\b-alert\balertsource.dir\release\corepch.obj
c:\bci2000.python3\build\cmakefiles\contrib\signalsource\b-alert\balertsource.dir\release\winmain.obj
c:\bci2000.python3\build\cmakefiles\contrib\signalsource\b-alert\balertsource.dir\release\version.obj
c:\bci2000.python3\build\cmakefiles\contrib\signalsource\b-alert\balertsource.dir\release\filterdesign.obj
c:\bci2000.python3\build\cmakefiles\contrib\signalsource\b-alert\balertsource.dir\release\iirfilterbase.obj
c:\bci2000.python3\build\cmakefiles\contrib\signalsource\b-alert\balertsource.dir\release\sourcefilter.obj
c:\bci2000.python3\build\cmakefiles\contrib\signalsource\b-alert\balertsource.dir\release\bcistream_module.obj
c:\bci2000.python3\build\cmakefiles\contrib\signalsource\b-alert\balertsource.dir\release\coremodule.obj
c:\bci2000.python3\build\cmakefiles\contrib\signalsource\b-alert\balertsource.dir\release\coremain.obj
c:\bci2000.python3\build\cmakefiles\contrib\signalsource\b-alert\balertsource.dir\release\balert.imports.obj
c:\bci2000.python3\build\cmakefiles\contrib\signalsource\b-alert\balertsource.dir\release\balertadc.obj
c:\bci2000.python3\build\cmakefiles\contrib\signalsource\b-alert\cmakefiles\generate.stamp
c:\bci2000.python3\build\cmakefiles\contrib\signalsource\b-alert\release\balertsource.exe
c:\bci2000.python3\build\cmakefiles\contrib\signalsource\b-alert\balertsource.dir\release\version.res
c:\bci2000.python3\build\cmakefiles\contrib\signalsource\b-alert\balertsource.dir\release\appicon.res
c:\bci2000.python3\build\cmakefiles\contrib\signalsource\b-alert\balertsource.dir\release\balertsource.tlog\cl.command.1.tlog
c:\bci2000.python3\build\cmakefiles\contrib\signalsource\b-alert\balertsource.dir\release\balertsource.tlog\cl.read.1.tlog
c:\bci2000.python3\build\cmakefiles\contrib\signalsource\b-alert\balertsource.dir\release\balertsource.tlog\cl.write.1.tlog
c:\bci2000.python3\build\cmakefiles\contrib\signalsource\b-alert\balertsource.dir\release\balertsource.tlog\custombuild.command.1.tlog
c:\bci2000.python3\build\cmakefiles\contrib\signalsource\b-alert\balertsource.dir\release\balertsource.tlog\custombuild.read.1.tlog
c:\bci2000.python3\build\cmakefiles\contrib\signalsource\b-alert\balertsource.dir\release\balertsource.tlog\custombuild.write.1.tlog
c:\bci2000.python3\build\cmakefiles\contrib\signalsource\b-alert\balertsource.dir\release\balertsource.tlog\link.command.1.tlog
c:\bci2000.python3\build\cmakefiles\contrib\signalsource\b-alert\balertsource.dir\release\balertsource.tlog\link.read.1.tlog
c:\bci2000.python3\build\cmakefiles\contrib\signalsource\b-alert\balertsource.dir\release\balertsource.tlog\link.write.1.tlog
c:\bci2000.python3\build\cmakefiles\contrib\signalsource\b-alert\balertsource.dir\release\balertsource.tlog\rc.command.1.tlog
c:\bci2000.python3\build\cmakefiles\contrib\signalsource\b-alert\balertsource.dir\release\balertsource.tlog\rc.read.1.tlog
c:\bci2000.python3\build\cmakefiles\contrib\signalsource\b-alert\balertsource.dir\release\balertsource.tlog\rc.write.1.tlog
