c:\bci2000.python3\build\cmakefiles\contrib\signalsource\fieldtripbuffersource\release\fieldtripbuffersource_core.pch
c:\bci2000.python3\build\cmakefiles\contrib\signalsource\fieldtripbuffersource\fieldtripbuffersource.dir\release\corepch.obj
c:\bci2000.python3\build\cmakefiles\contrib\signalsource\fieldtripbuffersource\fieldtripbuffersource.dir\release\winmain.obj
c:\bci2000.python3\build\cmakefiles\contrib\signalsource\fieldtripbuffersource\fieldtripbuffersource.dir\release\version.obj
c:\bci2000.python3\build\cmakefiles\contrib\signalsource\fieldtripbuffersource\fieldtripbuffersource.dir\release\gettimeofday.obj
c:\bci2000.python3\build\cmakefiles\contrib\signalsource\fieldtripbuffersource\fieldtripbuffersource.dir\release\util.obj
c:\bci2000.python3\build\cmakefiles\contrib\signalsource\fieldtripbuffersource\fieldtripbuffersource.dir\release\tcpsocket.obj
c:\bci2000.python3\build\cmakefiles\contrib\signalsource\fieldtripbuffersource\fieldtripbuffersource.dir\release\tcpserver.obj
c:\bci2000.python3\build\cmakefiles\contrib\signalsource\fieldtripbuffersource\fieldtripbuffersource.dir\release\tcprequest.obj
c:\bci2000.python3\build\cmakefiles\contrib\signalsource\fieldtripbuffersource\fieldtripbuffersource.dir\release\swapbytes.obj
c:\bci2000.python3\build\cmakefiles\contrib\signalsource\fieldtripbuffersource\fieldtripbuffersource.dir\release\printstruct.obj
c:\bci2000.python3\build\cmakefiles\contrib\signalsource\fieldtripbuffersource\fieldtripbuffersource.dir\release\extern.obj
c:\bci2000.python3\build\cmakefiles\contrib\signalsource\fieldtripbuffersource\fieldtripbuffersource.dir\release\endianutil.obj
c:\bci2000.python3\build\cmakefiles\contrib\signalsource\fieldtripbuffersource\fieldtripbuffersource.dir\release\dmarequest.obj
c:\bci2000.python3\build\cmakefiles\contrib\signalsource\fieldtripbuffersource\fieldtripbuffersource.dir\release\clientrequest.obj
c:\bci2000.python3\build\cmakefiles\contrib\signalsource\fieldtripbuffersource\fieldtripbuffersource.dir\release\cleanup.obj
c:\bci2000.python3\build\cmakefiles\contrib\signalsource\fieldtripbuffersource\fieldtripbuffersource.dir\release\bcistream_module.obj
c:\bci2000.python3\build\cmakefiles\contrib\signalsource\fieldtripbuffersource\fieldtripbuffersource.dir\release\coremodule.obj
c:\bci2000.python3\build\cmakefiles\contrib\signalsource\fieldtripbuffersource\fieldtripbuffersource.dir\release\coremain.obj
c:\bci2000.python3\build\cmakefiles\contrib\signalsource\fieldtripbuffersource\fieldtripbuffersource.dir\release\fieldtripbufferadc.obj
c:\bci2000.python3\build\cmakefiles\contrib\signalsource\fieldtripbuffersource\cmakefiles\generate.stamp
c:\bci2000.python3\build\cmakefiles\contrib\signalsource\fieldtripbuffersource\release\fieldtripbuffersource.exe
c:\bci2000.python3\build\cmakefiles\contrib\signalsource\fieldtripbuffersource\fieldtripbuffersource.dir\release\version.res
c:\bci2000.python3\build\cmakefiles\contrib\signalsource\fieldtripbuffersource\fieldtripbuffersource.dir\release\appicon.res
c:\bci2000.python3\build\cmakefiles\contrib\signalsource\fieldtripbuffersource\fieldtripbuffersource.dir\release\fieldtri.4cccadd7.tlog\cl.command.1.tlog
c:\bci2000.python3\build\cmakefiles\contrib\signalsource\fieldtripbuffersource\fieldtripbuffersource.dir\release\fieldtri.4cccadd7.tlog\cl.read.1.tlog
c:\bci2000.python3\build\cmakefiles\contrib\signalsource\fieldtripbuffersource\fieldtripbuffersource.dir\release\fieldtri.4cccadd7.tlog\cl.write.1.tlog
c:\bci2000.python3\build\cmakefiles\contrib\signalsource\fieldtripbuffersource\fieldtripbuffersource.dir\release\fieldtri.4cccadd7.tlog\custombuild.command.1.tlog
c:\bci2000.python3\build\cmakefiles\contrib\signalsource\fieldtripbuffersource\fieldtripbuffersource.dir\release\fieldtri.4cccadd7.tlog\custombuild.read.1.tlog
c:\bci2000.python3\build\cmakefiles\contrib\signalsource\fieldtripbuffersource\fieldtripbuffersource.dir\release\fieldtri.4cccadd7.tlog\custombuild.write.1.tlog
c:\bci2000.python3\build\cmakefiles\contrib\signalsource\fieldtripbuffersource\fieldtripbuffersource.dir\release\fieldtri.4cccadd7.tlog\link.command.1.tlog
c:\bci2000.python3\build\cmakefiles\contrib\signalsource\fieldtripbuffersource\fieldtripbuffersource.dir\release\fieldtri.4cccadd7.tlog\link.read.1.tlog
c:\bci2000.python3\build\cmakefiles\contrib\signalsource\fieldtripbuffersource\fieldtripbuffersource.dir\release\fieldtri.4cccadd7.tlog\link.write.1.tlog
c:\bci2000.python3\build\cmakefiles\contrib\signalsource\fieldtripbuffersource\fieldtripbuffersource.dir\release\fieldtri.4cccadd7.tlog\rc.command.1.tlog
c:\bci2000.python3\build\cmakefiles\contrib\signalsource\fieldtripbuffersource\fieldtripbuffersource.dir\release\fieldtri.4cccadd7.tlog\rc.read.1.tlog
c:\bci2000.python3\build\cmakefiles\contrib\signalsource\fieldtripbuffersource\fieldtripbuffersource.dir\release\fieldtri.4cccadd7.tlog\rc.write.1.tlog
