  Generating moc_MainDialog.cpp
  Building Custom Rule C:/BCI2000.python3/src/contrib/SignalSource/TuckerDavis/TDTSampleRate/CMakeLists.txt
  CMake does not need to re-run because C:/BCI2000.python3/build/CMakeFiles/contrib/SignalSource/TuckerDavis/TDTSampleRate/CMakeFiles/generate.stamp is up-to-date.
  TDTSampleRate.cpp
  MainDialog.cpp
  QtMessageHandler.cpp
  moc_MainDialog.cpp
  WinMain.cpp
  Generating Code...
  TDTSampleRate.vcxproj -> C:\BCI2000.python3\build\CMakeFiles\contrib\SignalSource\TuckerDavis\TDTSampleRate\Release\TDTSampleRate.exe
  Deploying executable
  copying files:
  Copying TDTSampleRate.exe ...
  Copying Qt5Gui.dll ...
  Copying Qt5Widgets.dll ...
  Copying Qt5Core.dll ...
  Copying msvcp140.dll ...
  Copying vcruntime140.dll ...
  Copying qwindows.dll ...
  Done.
