  Generating ui_BCI2000Viewer.h
  Generating moc_BCI2000Viewer.cpp
  Generating moc_SignalWidget.cpp
  CorePCH.cpp
  main.cpp
  BCI2000Viewer.cpp
c:\bci2000.python3\src\core\tools\bci2000viewerqt\bci2000viewer.cpp(37): fatal error C1083: Cannot open include file: 'AudioSink.h': No such file or directory
  SignalWidget.cpp
  SignalDisplay.cpp
  DisplayFilter.cpp
  BCIStream_guiapp.cpp
  AboutBox.cpp
  ExecutableHelp.cpp
  Settings.cpp
  ColorListChooser.cpp
  QtMain.cpp
  FilterDesign.cpp
  QtMessageHandler.cpp
  moc_BCI2000Viewer.cpp
  moc_SignalWidget.cpp
  Version.cpp
  WinMain.cpp
  Generating Code...
