c:\bci2000.python3\build\cmakefiles\core\tools\bci2000viewerqt\release\bci2000viewer_core.pch
c:\bci2000.python3\build\cmakefiles\core\tools\bci2000viewerqt\bci2000viewer.dir\release\corepch.obj
c:\bci2000.python3\build\cmakefiles\core\tools\bci2000viewerqt\bci2000viewer.dir\release\winmain.obj
c:\bci2000.python3\build\cmakefiles\core\tools\bci2000viewerqt\bci2000viewer.dir\release\version.obj
c:\bci2000.python3\build\cmakefiles\core\tools\bci2000viewerqt\bci2000viewer.dir\release\moc_signalwidget.obj
c:\bci2000.python3\build\cmakefiles\core\tools\bci2000viewerqt\bci2000viewer.dir\release\moc_bci2000viewer.obj
c:\bci2000.python3\build\cmakefiles\core\tools\bci2000viewerqt\bci2000viewer.dir\release\qtmessagehandler.obj
c:\bci2000.python3\build\cmakefiles\core\tools\bci2000viewerqt\bci2000viewer.dir\release\filterdesign.obj
c:\bci2000.python3\build\cmakefiles\core\tools\bci2000viewerqt\bci2000viewer.dir\release\qtmain.obj
c:\bci2000.python3\build\cmakefiles\core\tools\bci2000viewerqt\bci2000viewer.dir\release\colorlistchooser.obj
c:\bci2000.python3\build\cmakefiles\core\tools\bci2000viewerqt\bci2000viewer.dir\release\settings.obj
c:\bci2000.python3\build\cmakefiles\core\tools\bci2000viewerqt\bci2000viewer.dir\release\executablehelp.obj
c:\bci2000.python3\build\cmakefiles\core\tools\bci2000viewerqt\bci2000viewer.dir\release\aboutbox.obj
c:\bci2000.python3\build\cmakefiles\core\tools\bci2000viewerqt\bci2000viewer.dir\release\bcistream_guiapp.obj
c:\bci2000.python3\build\cmakefiles\core\tools\bci2000viewerqt\bci2000viewer.dir\release\displayfilter.obj
c:\bci2000.python3\build\cmakefiles\core\tools\bci2000viewerqt\bci2000viewer.dir\release\signaldisplay.obj
c:\bci2000.python3\build\cmakefiles\core\tools\bci2000viewerqt\bci2000viewer.dir\release\signalwidget.obj
c:\bci2000.python3\build\cmakefiles\core\tools\bci2000viewerqt\bci2000viewer.dir\release\bci2000viewer.obj
c:\bci2000.python3\build\cmakefiles\core\tools\bci2000viewerqt\bci2000viewer.dir\release\main.obj
c:\bci2000.python3\build\cmakefiles\core\tools\bci2000viewerqt\ui_bci2000viewer.h
c:\bci2000.python3\build\cmakefiles\core\tools\bci2000viewerqt\moc_bci2000viewer.cpp
c:\bci2000.python3\build\cmakefiles\core\tools\bci2000viewerqt\moc_signalwidget.cpp
c:\bci2000.python3\build\cmakefiles\core\tools\bci2000viewerqt\release\bci2000viewer.exe
c:\bci2000.python3\build\cmakefiles\core\tools\bci2000viewerqt\bci2000viewer.dir\release\version.res
c:\bci2000.python3\build\cmakefiles\core\tools\bci2000viewerqt\bci2000viewer.dir\release\appicon.res
c:\bci2000.python3\build\cmakefiles\core\tools\bci2000viewerqt\bci2000viewer.dir\release\bci2000viewer.tlog\cl.command.1.tlog
c:\bci2000.python3\build\cmakefiles\core\tools\bci2000viewerqt\bci2000viewer.dir\release\bci2000viewer.tlog\cl.read.1.tlog
c:\bci2000.python3\build\cmakefiles\core\tools\bci2000viewerqt\bci2000viewer.dir\release\bci2000viewer.tlog\cl.write.1.tlog
c:\bci2000.python3\build\cmakefiles\core\tools\bci2000viewerqt\bci2000viewer.dir\release\bci2000viewer.tlog\custombuild.command.1.tlog
c:\bci2000.python3\build\cmakefiles\core\tools\bci2000viewerqt\bci2000viewer.dir\release\bci2000viewer.tlog\custombuild.read.1.tlog
c:\bci2000.python3\build\cmakefiles\core\tools\bci2000viewerqt\bci2000viewer.dir\release\bci2000viewer.tlog\custombuild.write.1.tlog
c:\bci2000.python3\build\cmakefiles\core\tools\bci2000viewerqt\bci2000viewer.dir\release\bci2000viewer.tlog\link.command.1.tlog
c:\bci2000.python3\build\cmakefiles\core\tools\bci2000viewerqt\bci2000viewer.dir\release\bci2000viewer.tlog\link.read.1.tlog
c:\bci2000.python3\build\cmakefiles\core\tools\bci2000viewerqt\bci2000viewer.dir\release\bci2000viewer.tlog\link.write.1.tlog
c:\bci2000.python3\build\cmakefiles\core\tools\bci2000viewerqt\bci2000viewer.dir\release\bci2000viewer.tlog\rc.command.1.tlog
c:\bci2000.python3\build\cmakefiles\core\tools\bci2000viewerqt\bci2000viewer.dir\release\bci2000viewer.tlog\rc.read.1.tlog
c:\bci2000.python3\build\cmakefiles\core\tools\bci2000viewerqt\bci2000viewer.dir\release\bci2000viewer.tlog\rc.write.1.tlog
