c:\bci2000.python3\build\cmakefiles\contrib\externallinks\bci2000automation\release\bci2000automation.lib
c:\bci2000.python3\build\cmakefiles\contrib\externallinks\bci2000automation\release\bci2000automation.exp
c:\bci2000.python3\build\cmakefiles\contrib\externallinks\bci2000automation\bci2000automation.dir\release\comstrings.obj
c:\bci2000.python3\build\cmakefiles\contrib\externallinks\bci2000automation\bci2000automation.dir\release\comregistrar.obj
c:\bci2000.python3\build\cmakefiles\contrib\externallinks\bci2000automation\bci2000automation.dir\release\comclassfactory.obj
c:\bci2000.python3\build\cmakefiles\contrib\externallinks\bci2000automation\bci2000automation.dir\release\commodule.obj
c:\bci2000.python3\build\cmakefiles\contrib\externallinks\bci2000automation\bci2000automation.dir\release\bci2000connection.obj
c:\bci2000.python3\build\cmakefiles\contrib\externallinks\bci2000automation\bci2000automation.dir\release\bci2000remote.obj
c:\bci2000.python3\build\cmakefiles\contrib\externallinks\bci2000automation\bci2000automation.dir\release\sockstream.obj
c:\bci2000.python3\build\cmakefiles\contrib\externallinks\bci2000automation\bci2000automation.dir\release\cbci2000remote.obj
c:\bci2000.python3\build\cmakefiles\contrib\externallinks\bci2000automation\bci2000automation.dir\release\bci2000automation.obj
c:\bci2000.python3\build\cmakefiles\contrib\externallinks\bci2000automation\bci2000automation.dir\release\bci2000automation_i.obj
c:\bci2000.python3\build\cmakefiles\contrib\externallinks\bci2000automation\cmakefiles\generate.stamp
c:\bci2000.python3\build\cmakefiles\contrib\externallinks\bci2000automation\release\bci2000automation.dll
c:\bci2000.python3\build\cmakefiles\contrib\externallinks\bci2000automation\bci2000automation.dir\release\bci2000automation.res
c:\bci2000.python3\build\cmakefiles\contrib\externallinks\bci2000automation\bci2000automation.dir\release\version.res
c:\bci2000.python3\build\cmakefiles\contrib\externallinks\bci2000automation\bci2000automation.dir\release\appicon.res
c:\bci2000.python3\build\cmakefiles\contrib\externallinks\bci2000automation\bci2000automation.dir\release\bci2000a.4190de96.tlog\bci2000automation.write.1u.tlog
c:\bci2000.python3\build\cmakefiles\contrib\externallinks\bci2000automation\bci2000automation.dir\release\bci2000a.4190de96.tlog\cl.command.1.tlog
c:\bci2000.python3\build\cmakefiles\contrib\externallinks\bci2000automation\bci2000automation.dir\release\bci2000a.4190de96.tlog\cl.read.1.tlog
c:\bci2000.python3\build\cmakefiles\contrib\externallinks\bci2000automation\bci2000automation.dir\release\bci2000a.4190de96.tlog\cl.write.1.tlog
c:\bci2000.python3\build\cmakefiles\contrib\externallinks\bci2000automation\bci2000automation.dir\release\bci2000a.4190de96.tlog\custombuild.command.1.tlog
c:\bci2000.python3\build\cmakefiles\contrib\externallinks\bci2000automation\bci2000automation.dir\release\bci2000a.4190de96.tlog\custombuild.read.1.tlog
c:\bci2000.python3\build\cmakefiles\contrib\externallinks\bci2000automation\bci2000automation.dir\release\bci2000a.4190de96.tlog\custombuild.write.1.tlog
c:\bci2000.python3\build\cmakefiles\contrib\externallinks\bci2000automation\bci2000automation.dir\release\bci2000a.4190de96.tlog\link.command.1.tlog
c:\bci2000.python3\build\cmakefiles\contrib\externallinks\bci2000automation\bci2000automation.dir\release\bci2000a.4190de96.tlog\link.read.1.tlog
c:\bci2000.python3\build\cmakefiles\contrib\externallinks\bci2000automation\bci2000automation.dir\release\bci2000a.4190de96.tlog\link.write.1.tlog
c:\bci2000.python3\build\cmakefiles\contrib\externallinks\bci2000automation\bci2000automation.dir\release\bci2000a.4190de96.tlog\rc.command.1.tlog
c:\bci2000.python3\build\cmakefiles\contrib\externallinks\bci2000automation\bci2000automation.dir\release\bci2000a.4190de96.tlog\rc.read.1.tlog
c:\bci2000.python3\build\cmakefiles\contrib\externallinks\bci2000automation\bci2000automation.dir\release\bci2000a.4190de96.tlog\rc.write.1.tlog
