c:\bci2000.python3\build\cmakefiles\core\application\feedbackdemo\release\feedbackdemo_core.pch
c:\bci2000.python3\build\cmakefiles\core\application\feedbackdemo\feedbackdemo.dir\release\corepch.obj
c:\bci2000.python3\build\cmakefiles\core\application\feedbackdemo\feedbackdemo.dir\release\winmain.obj
c:\bci2000.python3\build\cmakefiles\core\application\feedbackdemo\feedbackdemo.dir\release\version.obj
c:\bci2000.python3\build\cmakefiles\core\application\feedbackdemo\feedbackdemo.dir\release\qtmessagehandler.obj
c:\bci2000.python3\build\cmakefiles\core\application\feedbackdemo\feedbackdemo.dir\release\coremodule_qt.obj
c:\bci2000.python3\build\cmakefiles\core\application\feedbackdemo\feedbackdemo.dir\release\bcistream_module.obj
c:\bci2000.python3\build\cmakefiles\core\application\feedbackdemo\feedbackdemo.dir\release\coremodule.obj
c:\bci2000.python3\build\cmakefiles\core\application\feedbackdemo\feedbackdemo.dir\release\coremain.obj
c:\bci2000.python3\build\cmakefiles\core\application\feedbackdemo\feedbackdemo.dir\release\feedbackdemotask.obj
c:\bci2000.python3\build\cmakefiles\core\application\feedbackdemo\cmakefiles\generate.stamp
c:\bci2000.python3\build\cmakefiles\core\application\feedbackdemo\release\feedbackdemo.exe
c:\bci2000.python3\build\cmakefiles\core\application\feedbackdemo\feedbackdemo.dir\release\version.res
c:\bci2000.python3\build\cmakefiles\core\application\feedbackdemo\feedbackdemo.dir\release\appicon.res
c:\bci2000.python3\build\cmakefiles\core\application\feedbackdemo\feedbackdemo.dir\release\feedbackdemo.tlog\cl.command.1.tlog
c:\bci2000.python3\build\cmakefiles\core\application\feedbackdemo\feedbackdemo.dir\release\feedbackdemo.tlog\cl.read.1.tlog
c:\bci2000.python3\build\cmakefiles\core\application\feedbackdemo\feedbackdemo.dir\release\feedbackdemo.tlog\cl.write.1.tlog
c:\bci2000.python3\build\cmakefiles\core\application\feedbackdemo\feedbackdemo.dir\release\feedbackdemo.tlog\custombuild.command.1.tlog
c:\bci2000.python3\build\cmakefiles\core\application\feedbackdemo\feedbackdemo.dir\release\feedbackdemo.tlog\custombuild.read.1.tlog
c:\bci2000.python3\build\cmakefiles\core\application\feedbackdemo\feedbackdemo.dir\release\feedbackdemo.tlog\custombuild.write.1.tlog
c:\bci2000.python3\build\cmakefiles\core\application\feedbackdemo\feedbackdemo.dir\release\feedbackdemo.tlog\link.command.1.tlog
c:\bci2000.python3\build\cmakefiles\core\application\feedbackdemo\feedbackdemo.dir\release\feedbackdemo.tlog\link.read.1.tlog
c:\bci2000.python3\build\cmakefiles\core\application\feedbackdemo\feedbackdemo.dir\release\feedbackdemo.tlog\link.write.1.tlog
c:\bci2000.python3\build\cmakefiles\core\application\feedbackdemo\feedbackdemo.dir\release\feedbackdemo.tlog\rc.command.1.tlog
c:\bci2000.python3\build\cmakefiles\core\application\feedbackdemo\feedbackdemo.dir\release\feedbackdemo.tlog\rc.read.1.tlog
c:\bci2000.python3\build\cmakefiles\core\application\feedbackdemo\feedbackdemo.dir\release\feedbackdemo.tlog\rc.write.1.tlog
