c:\bci2000.python3\build\cmakefiles\contrib\externallinks\bci2000presentationlink\release\bci2000presentationlink.lib
c:\bci2000.python3\build\cmakefiles\contrib\externallinks\bci2000presentationlink\release\bci2000presentationlink.exp
c:\bci2000.python3\build\cmakefiles\contrib\externallinks\bci2000presentationlink\bci2000presentationlink.dir\release\version.obj
c:\bci2000.python3\build\cmakefiles\contrib\externallinks\bci2000presentationlink\bci2000presentationlink.dir\release\comstrings.obj
c:\bci2000.python3\build\cmakefiles\contrib\externallinks\bci2000presentationlink\bci2000presentationlink.dir\release\comregistrar.obj
c:\bci2000.python3\build\cmakefiles\contrib\externallinks\bci2000presentationlink\bci2000presentationlink.dir\release\comclassfactory.obj
c:\bci2000.python3\build\cmakefiles\contrib\externallinks\bci2000presentationlink\bci2000presentationlink.dir\release\commodule.obj
c:\bci2000.python3\build\cmakefiles\contrib\externallinks\bci2000presentationlink\bci2000presentationlink.dir\release\bci2000connection.obj
c:\bci2000.python3\build\cmakefiles\contrib\externallinks\bci2000presentationlink\bci2000presentationlink.dir\release\bci2000remote.obj
c:\bci2000.python3\build\cmakefiles\contrib\externallinks\bci2000presentationlink\bci2000presentationlink.dir\release\versioninfo.obj
c:\bci2000.python3\build\cmakefiles\contrib\externallinks\bci2000presentationlink\bci2000presentationlink.dir\release\utils.obj
c:\bci2000.python3\build\cmakefiles\contrib\externallinks\bci2000presentationlink\bci2000presentationlink.dir\release\bci2000controller.obj
c:\bci2000.python3\build\cmakefiles\contrib\externallinks\bci2000presentationlink\bci2000presentationlink.dir\release\bci2000controllertype.obj
c:\bci2000.python3\build\cmakefiles\contrib\externallinks\bci2000presentationlink\bci2000presentationlink.dir\release\bci2000pcllibrary.obj
c:\bci2000.python3\build\cmakefiles\contrib\externallinks\bci2000presentationlink\bci2000presentationlink.dir\release\bci2000activedataport.obj
c:\bci2000.python3\build\cmakefiles\contrib\externallinks\bci2000presentationlink\bci2000presentationlink.dir\release\bci2000dataport.obj
c:\bci2000.python3\build\cmakefiles\contrib\externallinks\bci2000presentationlink\bci2000presentationlink.dir\release\bci2000dataportextension.obj
c:\bci2000.python3\build\cmakefiles\contrib\externallinks\bci2000presentationlink\bci2000presentationlink.dir\release\bci2000presentationlink.obj
c:\bci2000.python3\build\cmakefiles\contrib\externallinks\bci2000presentationlink\bci2000presentationlink.dir\release\pclextension_i.obj
c:\bci2000.python3\build\cmakefiles\contrib\externallinks\bci2000presentationlink\bci2000presentationlink.dir\release\dataportextension_i.obj
c:\bci2000.python3\build\cmakefiles\contrib\externallinks\bci2000presentationlink\bci2000presentationlink.dir\release\bci2000presentationlink_i.obj
c:\bci2000.python3\build\cmakefiles\contrib\externallinks\bci2000presentationlink\cmakefiles\generate.stamp
c:\bci2000.python3\build\cmakefiles\contrib\externallinks\bci2000presentationlink\release\bci2000presentationlink.dll
c:\bci2000.python3\build\cmakefiles\contrib\externallinks\bci2000presentationlink\bci2000presentationlink.dir\release\bci2000presentationlink.res
c:\bci2000.python3\build\cmakefiles\contrib\externallinks\bci2000presentationlink\bci2000presentationlink.dir\release\version.res
c:\bci2000.python3\build\cmakefiles\contrib\externallinks\bci2000presentationlink\bci2000presentationlink.dir\release\appicon.res
c:\bci2000.python3\build\cmakefiles\contrib\externallinks\bci2000presentationlink\bci2000presentationlink.dir\release\bci2000p.74d019a4.tlog\bci2000presentationlink.write.1u.tlog
c:\bci2000.python3\build\cmakefiles\contrib\externallinks\bci2000presentationlink\bci2000presentationlink.dir\release\bci2000p.74d019a4.tlog\cl.command.1.tlog
c:\bci2000.python3\build\cmakefiles\contrib\externallinks\bci2000presentationlink\bci2000presentationlink.dir\release\bci2000p.74d019a4.tlog\cl.read.1.tlog
c:\bci2000.python3\build\cmakefiles\contrib\externallinks\bci2000presentationlink\bci2000presentationlink.dir\release\bci2000p.74d019a4.tlog\cl.write.1.tlog
c:\bci2000.python3\build\cmakefiles\contrib\externallinks\bci2000presentationlink\bci2000presentationlink.dir\release\bci2000p.74d019a4.tlog\custombuild.command.1.tlog
c:\bci2000.python3\build\cmakefiles\contrib\externallinks\bci2000presentationlink\bci2000presentationlink.dir\release\bci2000p.74d019a4.tlog\custombuild.read.1.tlog
c:\bci2000.python3\build\cmakefiles\contrib\externallinks\bci2000presentationlink\bci2000presentationlink.dir\release\bci2000p.74d019a4.tlog\custombuild.write.1.tlog
c:\bci2000.python3\build\cmakefiles\contrib\externallinks\bci2000presentationlink\bci2000presentationlink.dir\release\bci2000p.74d019a4.tlog\link.command.1.tlog
c:\bci2000.python3\build\cmakefiles\contrib\externallinks\bci2000presentationlink\bci2000presentationlink.dir\release\bci2000p.74d019a4.tlog\link.read.1.tlog
c:\bci2000.python3\build\cmakefiles\contrib\externallinks\bci2000presentationlink\bci2000presentationlink.dir\release\bci2000p.74d019a4.tlog\link.write.1.tlog
c:\bci2000.python3\build\cmakefiles\contrib\externallinks\bci2000presentationlink\bci2000presentationlink.dir\release\bci2000p.74d019a4.tlog\rc.command.1.tlog
c:\bci2000.python3\build\cmakefiles\contrib\externallinks\bci2000presentationlink\bci2000presentationlink.dir\release\bci2000p.74d019a4.tlog\rc.read.1.tlog
c:\bci2000.python3\build\cmakefiles\contrib\externallinks\bci2000presentationlink\bci2000presentationlink.dir\release\bci2000p.74d019a4.tlog\rc.write.1.tlog
