c:\bci2000.python3\build\cmakefiles\contrib\signalsource\ampserverpro\release\ampserverpro_core.pch
c:\bci2000.python3\build\cmakefiles\contrib\signalsource\ampserverpro\ampserverpro.dir\release\corepch.obj
c:\bci2000.python3\build\cmakefiles\contrib\signalsource\ampserverpro\ampserverpro.dir\release\winmain.obj
c:\bci2000.python3\build\cmakefiles\contrib\signalsource\ampserverpro\ampserverpro.dir\release\version.obj
c:\bci2000.python3\build\cmakefiles\contrib\signalsource\ampserverpro\ampserverpro.dir\release\bcistream_module.obj
c:\bci2000.python3\build\cmakefiles\contrib\signalsource\ampserverpro\ampserverpro.dir\release\coremodule.obj
c:\bci2000.python3\build\cmakefiles\contrib\signalsource\ampserverpro\ampserverpro.dir\release\coremain.obj
c:\bci2000.python3\build\cmakefiles\contrib\signalsource\ampserverpro\ampserverpro.dir\release\ampserverproadc.obj
c:\bci2000.python3\build\cmakefiles\contrib\signalsource\ampserverpro\cmakefiles\generate.stamp
c:\bci2000.python3\build\cmakefiles\contrib\signalsource\ampserverpro\release\ampserverpro.exe
c:\bci2000.python3\build\cmakefiles\contrib\signalsource\ampserverpro\ampserverpro.dir\release\version.res
c:\bci2000.python3\build\cmakefiles\contrib\signalsource\ampserverpro\ampserverpro.dir\release\appicon.res
c:\bci2000.python3\build\cmakefiles\contrib\signalsource\ampserverpro\ampserverpro.dir\release\ampserverpro.tlog\cl.command.1.tlog
c:\bci2000.python3\build\cmakefiles\contrib\signalsource\ampserverpro\ampserverpro.dir\release\ampserverpro.tlog\cl.read.1.tlog
c:\bci2000.python3\build\cmakefiles\contrib\signalsource\ampserverpro\ampserverpro.dir\release\ampserverpro.tlog\cl.write.1.tlog
c:\bci2000.python3\build\cmakefiles\contrib\signalsource\ampserverpro\ampserverpro.dir\release\ampserverpro.tlog\custombuild.command.1.tlog
c:\bci2000.python3\build\cmakefiles\contrib\signalsource\ampserverpro\ampserverpro.dir\release\ampserverpro.tlog\custombuild.read.1.tlog
c:\bci2000.python3\build\cmakefiles\contrib\signalsource\ampserverpro\ampserverpro.dir\release\ampserverpro.tlog\custombuild.write.1.tlog
c:\bci2000.python3\build\cmakefiles\contrib\signalsource\ampserverpro\ampserverpro.dir\release\ampserverpro.tlog\link.command.1.tlog
c:\bci2000.python3\build\cmakefiles\contrib\signalsource\ampserverpro\ampserverpro.dir\release\ampserverpro.tlog\link.read.1.tlog
c:\bci2000.python3\build\cmakefiles\contrib\signalsource\ampserverpro\ampserverpro.dir\release\ampserverpro.tlog\link.write.1.tlog
c:\bci2000.python3\build\cmakefiles\contrib\signalsource\ampserverpro\ampserverpro.dir\release\ampserverpro.tlog\rc.command.1.tlog
c:\bci2000.python3\build\cmakefiles\contrib\signalsource\ampserverpro\ampserverpro.dir\release\ampserverpro.tlog\rc.read.1.tlog
c:\bci2000.python3\build\cmakefiles\contrib\signalsource\ampserverpro\ampserverpro.dir\release\ampserverpro.tlog\rc.write.1.tlog
