c:\bci2000.python3\build\cmakefiles\core\operator\bci2000remote\release\bci2000remotelib.lib
c:\bci2000.python3\build\cmakefiles\core\operator\bci2000remote\release\bci2000remotelib.exp
c:\bci2000.python3\build\cmakefiles\core\operator\bci2000remote\bci2000remotelib.dir\release\sockstream.obj
c:\bci2000.python3\build\cmakefiles\core\operator\bci2000remote\bci2000remotelib.dir\release\bci2000remote.obj
c:\bci2000.python3\build\cmakefiles\core\operator\bci2000remote\bci2000remotelib.dir\release\bci2000connection.obj
c:\bci2000.python3\build\cmakefiles\core\operator\bci2000remote\bci2000remotelib.dir\release\bci2000remotelib.obj
c:\bci2000.python3\build\cmakefiles\core\operator\bci2000remote\cmakefiles\generate.stamp
c:\bci2000.python3\build\cmakefiles\core\operator\bci2000remote\release\bci2000remotelib.dll
c:\bci2000.python3\build\cmakefiles\core\operator\bci2000remote\bci2000remotelib.dir\release\version.res
c:\bci2000.python3\build\cmakefiles\core\operator\bci2000remote\bci2000remotelib.dir\release\appicon.res
c:\bci2000.python3\build\cmakefiles\core\operator\bci2000remote\bci2000remotelib.dir\release\bci2000remotelib.tlog\bci2000remotelib.write.1u.tlog
c:\bci2000.python3\build\cmakefiles\core\operator\bci2000remote\bci2000remotelib.dir\release\bci2000remotelib.tlog\cl.command.1.tlog
c:\bci2000.python3\build\cmakefiles\core\operator\bci2000remote\bci2000remotelib.dir\release\bci2000remotelib.tlog\cl.read.1.tlog
c:\bci2000.python3\build\cmakefiles\core\operator\bci2000remote\bci2000remotelib.dir\release\bci2000remotelib.tlog\cl.write.1.tlog
c:\bci2000.python3\build\cmakefiles\core\operator\bci2000remote\bci2000remotelib.dir\release\bci2000remotelib.tlog\custombuild.command.1.tlog
c:\bci2000.python3\build\cmakefiles\core\operator\bci2000remote\bci2000remotelib.dir\release\bci2000remotelib.tlog\custombuild.read.1.tlog
c:\bci2000.python3\build\cmakefiles\core\operator\bci2000remote\bci2000remotelib.dir\release\bci2000remotelib.tlog\custombuild.write.1.tlog
c:\bci2000.python3\build\cmakefiles\core\operator\bci2000remote\bci2000remotelib.dir\release\bci2000remotelib.tlog\link.command.1.tlog
c:\bci2000.python3\build\cmakefiles\core\operator\bci2000remote\bci2000remotelib.dir\release\bci2000remotelib.tlog\link.read.1.tlog
c:\bci2000.python3\build\cmakefiles\core\operator\bci2000remote\bci2000remotelib.dir\release\bci2000remotelib.tlog\link.write.1.tlog
c:\bci2000.python3\build\cmakefiles\core\operator\bci2000remote\bci2000remotelib.dir\release\bci2000remotelib.tlog\rc.command.1.tlog
c:\bci2000.python3\build\cmakefiles\core\operator\bci2000remote\bci2000remotelib.dir\release\bci2000remotelib.tlog\rc.read.1.tlog
c:\bci2000.python3\build\cmakefiles\core\operator\bci2000remote\bci2000remotelib.dir\release\bci2000remotelib.tlog\rc.write.1.tlog
