c:\bci2000.python3\build\cmakefiles\core\signalprocessing\ar\release\arsignalprocessing_core.pch
c:\bci2000.python3\build\cmakefiles\core\signalprocessing\ar\arsignalprocessing.dir\release\corepch.obj
c:\bci2000.python3\build\cmakefiles\core\signalprocessing\ar\arsignalprocessing.dir\release\winmain.obj
c:\bci2000.python3\build\cmakefiles\core\signalprocessing\ar\arsignalprocessing.dir\release\version.obj
c:\bci2000.python3\build\cmakefiles\core\signalprocessing\ar\arsignalprocessing.dir\release\bcistream_module.obj
c:\bci2000.python3\build\cmakefiles\core\signalprocessing\ar\arsignalprocessing.dir\release\coremodule.obj
c:\bci2000.python3\build\cmakefiles\core\signalprocessing\ar\arsignalprocessing.dir\release\coremain.obj
c:\bci2000.python3\build\cmakefiles\core\signalprocessing\ar\arsignalprocessing.dir\release\pipedefinition.obj
c:\bci2000.python3\build\cmakefiles\core\signalprocessing\ar\release\arsignalprocessing.exe
c:\bci2000.python3\build\cmakefiles\core\signalprocessing\ar\arsignalprocessing.dir\release\version.res
c:\bci2000.python3\build\cmakefiles\core\signalprocessing\ar\arsignalprocessing.dir\release\appicon.res
c:\bci2000.python3\build\cmakefiles\core\signalprocessing\ar\arsignalprocessing.dir\release\arsignal.26f602f3.tlog\cl.command.1.tlog
c:\bci2000.python3\build\cmakefiles\core\signalprocessing\ar\arsignalprocessing.dir\release\arsignal.26f602f3.tlog\cl.read.1.tlog
c:\bci2000.python3\build\cmakefiles\core\signalprocessing\ar\arsignalprocessing.dir\release\arsignal.26f602f3.tlog\cl.write.1.tlog
c:\bci2000.python3\build\cmakefiles\core\signalprocessing\ar\arsignalprocessing.dir\release\arsignal.26f602f3.tlog\link.command.1.tlog
c:\bci2000.python3\build\cmakefiles\core\signalprocessing\ar\arsignalprocessing.dir\release\arsignal.26f602f3.tlog\link.read.1.tlog
c:\bci2000.python3\build\cmakefiles\core\signalprocessing\ar\arsignalprocessing.dir\release\arsignal.26f602f3.tlog\link.write.1.tlog
c:\bci2000.python3\build\cmakefiles\core\signalprocessing\ar\arsignalprocessing.dir\release\arsignal.26f602f3.tlog\rc.command.1.tlog
c:\bci2000.python3\build\cmakefiles\core\signalprocessing\ar\arsignalprocessing.dir\release\arsignal.26f602f3.tlog\rc.read.1.tlog
c:\bci2000.python3\build\cmakefiles\core\signalprocessing\ar\arsignalprocessing.dir\release\arsignal.26f602f3.tlog\rc.write.1.tlog
