c:\bci2000.python3\build\cmakefiles\contrib\signalsource\eegosource\release\eego_core.pch
c:\bci2000.python3\build\cmakefiles\contrib\signalsource\eegosource\eego.dir\release\corepch.obj
c:\bci2000.python3\build\cmakefiles\contrib\signalsource\eegosource\eego.dir\release\winmain.obj
c:\bci2000.python3\build\cmakefiles\contrib\signalsource\eegosource\eego.dir\release\version.obj
c:\bci2000.python3\build\cmakefiles\contrib\signalsource\eegosource\eego.dir\release\bcistream_module.obj
c:\bci2000.python3\build\cmakefiles\contrib\signalsource\eegosource\eego.dir\release\coremodule.obj
c:\bci2000.python3\build\cmakefiles\contrib\signalsource\eegosource\eego.dir\release\coremain.obj
c:\bci2000.python3\build\cmakefiles\contrib\signalsource\eegosource\eego.dir\release\wrapper.obj
c:\bci2000.python3\build\cmakefiles\contrib\signalsource\eegosource\eego.dir\release\eego.obj
c:\bci2000.python3\build\cmakefiles\contrib\signalsource\eegosource\cmakefiles\generate.stamp
c:\bci2000.python3\build\cmakefiles\contrib\signalsource\eegosource\release\eego.exe
c:\bci2000.python3\build\cmakefiles\contrib\signalsource\eegosource\eego.dir\release\version.res
c:\bci2000.python3\build\cmakefiles\contrib\signalsource\eegosource\eego.dir\release\appicon.res
c:\bci2000.python3\build\cmakefiles\contrib\signalsource\eegosource\eego.dir\release\eego.tlog\cl.command.1.tlog
c:\bci2000.python3\build\cmakefiles\contrib\signalsource\eegosource\eego.dir\release\eego.tlog\cl.read.1.tlog
c:\bci2000.python3\build\cmakefiles\contrib\signalsource\eegosource\eego.dir\release\eego.tlog\cl.write.1.tlog
c:\bci2000.python3\build\cmakefiles\contrib\signalsource\eegosource\eego.dir\release\eego.tlog\custombuild.command.1.tlog
c:\bci2000.python3\build\cmakefiles\contrib\signalsource\eegosource\eego.dir\release\eego.tlog\custombuild.read.1.tlog
c:\bci2000.python3\build\cmakefiles\contrib\signalsource\eegosource\eego.dir\release\eego.tlog\custombuild.write.1.tlog
c:\bci2000.python3\build\cmakefiles\contrib\signalsource\eegosource\eego.dir\release\eego.tlog\link.command.1.tlog
c:\bci2000.python3\build\cmakefiles\contrib\signalsource\eegosource\eego.dir\release\eego.tlog\link.read.1.tlog
c:\bci2000.python3\build\cmakefiles\contrib\signalsource\eegosource\eego.dir\release\eego.tlog\link.write.1.tlog
c:\bci2000.python3\build\cmakefiles\contrib\signalsource\eegosource\eego.dir\release\eego.tlog\rc.command.1.tlog
c:\bci2000.python3\build\cmakefiles\contrib\signalsource\eegosource\eego.dir\release\eego.tlog\rc.read.1.tlog
c:\bci2000.python3\build\cmakefiles\contrib\signalsource\eegosource\eego.dir\release\eego.tlog\rc.write.1.tlog
