  Building Custom Rule C:/BCI2000.python3/src/contrib/SignalSource/EEGOSource/CMakeLists.txt
  CMake does not need to re-run because C:/BCI2000.python3/build/CMakeFiles/contrib/SignalSource/EEGOSource/CMakeFiles/generate.stamp is up-to-date.
  CorePCH.cpp
  EEGO.cpp
  wrapper.cc
  CoreMain.cpp
  CoreModule.cpp
  BCIStream_module.cpp
  Version.cpp
  WinMain.cpp
  Generating Code...
  EEGO.vcxproj -> C:\BCI2000.python3\build\CMakeFiles\contrib\SignalSource\EEGOSource\Release\EEGO.exe
  				Deploying executable
  copying files:
  Copying EEGO.exe ...
  Copying msvcp120.dll ...
  Copying msvcr120.dll ...
  Copying eego-SDK.dll ...
  Copying msvcp140.dll ...
  Copying vcruntime140.dll ...
  Done.
