  Building Custom Rule C:/BCI2000.python3/src/core/SignalSource/g.MOBIlab/CMakeLists.txt
  CMake does not need to re-run because C:/BCI2000.python3/build/CMakeFiles/core/SignalSource/g.MOBIlab/CMakeFiles/generate.stamp is up-to-date.
  CorePCH.cpp
  gMOBIlabADC.cpp
  spa20a.imports.cpp
  CoreMain.cpp
  CoreModule.cpp
  BCIStream_module.cpp
  SourceFilter.cpp
  IIRFilterBase.cpp
  FilterDesign.cpp
  Version.cpp
  WinMain.cpp
  Generating Code...
  gMOBIlab.vcxproj -> C:\BCI2000.python3\build\CMakeFiles\core\SignalSource\g.MOBIlab\Release\gMOBIlab.exe
  	Deploying executable
  copying files:
  Copying gMOBIlab.exe ...
  Copying msvcp140.dll ...
  Copying vcruntime140.dll ...
  Done.
