c:\bci2000.python3\build\cmakefiles\core\signalsource\g.mobilab\release\gmobilab_core.pch
c:\bci2000.python3\build\cmakefiles\core\signalsource\g.mobilab\gmobilab.dir\release\corepch.obj
c:\bci2000.python3\build\cmakefiles\core\signalsource\g.mobilab\gmobilab.dir\release\winmain.obj
c:\bci2000.python3\build\cmakefiles\core\signalsource\g.mobilab\gmobilab.dir\release\version.obj
c:\bci2000.python3\build\cmakefiles\core\signalsource\g.mobilab\gmobilab.dir\release\filterdesign.obj
c:\bci2000.python3\build\cmakefiles\core\signalsource\g.mobilab\gmobilab.dir\release\iirfilterbase.obj
c:\bci2000.python3\build\cmakefiles\core\signalsource\g.mobilab\gmobilab.dir\release\sourcefilter.obj
c:\bci2000.python3\build\cmakefiles\core\signalsource\g.mobilab\gmobilab.dir\release\bcistream_module.obj
c:\bci2000.python3\build\cmakefiles\core\signalsource\g.mobilab\gmobilab.dir\release\coremodule.obj
c:\bci2000.python3\build\cmakefiles\core\signalsource\g.mobilab\gmobilab.dir\release\coremain.obj
c:\bci2000.python3\build\cmakefiles\core\signalsource\g.mobilab\gmobilab.dir\release\spa20a.imports.obj
c:\bci2000.python3\build\cmakefiles\core\signalsource\g.mobilab\gmobilab.dir\release\gmobilabadc.obj
c:\bci2000.python3\build\cmakefiles\core\signalsource\g.mobilab\cmakefiles\generate.stamp
c:\bci2000.python3\build\cmakefiles\core\signalsource\g.mobilab\release\gmobilab.exe
c:\bci2000.python3\build\cmakefiles\core\signalsource\g.mobilab\gmobilab.dir\release\version.res
c:\bci2000.python3\build\cmakefiles\core\signalsource\g.mobilab\gmobilab.dir\release\appicon.res
c:\bci2000.python3\build\cmakefiles\core\signalsource\g.mobilab\gmobilab.dir\release\gmobilab.tlog\cl.command.1.tlog
c:\bci2000.python3\build\cmakefiles\core\signalsource\g.mobilab\gmobilab.dir\release\gmobilab.tlog\cl.read.1.tlog
c:\bci2000.python3\build\cmakefiles\core\signalsource\g.mobilab\gmobilab.dir\release\gmobilab.tlog\cl.write.1.tlog
c:\bci2000.python3\build\cmakefiles\core\signalsource\g.mobilab\gmobilab.dir\release\gmobilab.tlog\custombuild.command.1.tlog
c:\bci2000.python3\build\cmakefiles\core\signalsource\g.mobilab\gmobilab.dir\release\gmobilab.tlog\custombuild.read.1.tlog
c:\bci2000.python3\build\cmakefiles\core\signalsource\g.mobilab\gmobilab.dir\release\gmobilab.tlog\custombuild.write.1.tlog
c:\bci2000.python3\build\cmakefiles\core\signalsource\g.mobilab\gmobilab.dir\release\gmobilab.tlog\link.command.1.tlog
c:\bci2000.python3\build\cmakefiles\core\signalsource\g.mobilab\gmobilab.dir\release\gmobilab.tlog\link.read.1.tlog
c:\bci2000.python3\build\cmakefiles\core\signalsource\g.mobilab\gmobilab.dir\release\gmobilab.tlog\link.write.1.tlog
c:\bci2000.python3\build\cmakefiles\core\signalsource\g.mobilab\gmobilab.dir\release\gmobilab.tlog\rc.command.1.tlog
c:\bci2000.python3\build\cmakefiles\core\signalsource\g.mobilab\gmobilab.dir\release\gmobilab.tlog\rc.read.1.tlog
c:\bci2000.python3\build\cmakefiles\core\signalsource\g.mobilab\gmobilab.dir\release\gmobilab.tlog\rc.write.1.tlog
