c:\bci2000.python3\build\cmakefiles\contrib\signalprocessing\fir\release\firprocessing_core.pch
c:\bci2000.python3\build\cmakefiles\contrib\signalprocessing\fir\firprocessing.dir\release\corepch.obj
c:\bci2000.python3\build\cmakefiles\contrib\signalprocessing\fir\firprocessing.dir\release\winmain.obj
c:\bci2000.python3\build\cmakefiles\contrib\signalprocessing\fir\firprocessing.dir\release\version.obj
c:\bci2000.python3\build\cmakefiles\contrib\signalprocessing\fir\firprocessing.dir\release\bcistream_module.obj
c:\bci2000.python3\build\cmakefiles\contrib\signalprocessing\fir\firprocessing.dir\release\coremodule.obj
c:\bci2000.python3\build\cmakefiles\contrib\signalprocessing\fir\firprocessing.dir\release\coremain.obj
c:\bci2000.python3\build\cmakefiles\contrib\signalprocessing\fir\firprocessing.dir\release\pipedefinition.obj
c:\bci2000.python3\build\cmakefiles\contrib\signalprocessing\fir\firprocessing.dir\release\firfilter.obj
c:\bci2000.python3\build\cmakefiles\contrib\signalprocessing\fir\cmakefiles\generate.stamp
c:\bci2000.python3\build\cmakefiles\contrib\signalprocessing\fir\release\firprocessing.exe
c:\bci2000.python3\build\cmakefiles\contrib\signalprocessing\fir\firprocessing.dir\release\version.res
c:\bci2000.python3\build\cmakefiles\contrib\signalprocessing\fir\firprocessing.dir\release\appicon.res
c:\bci2000.python3\build\cmakefiles\contrib\signalprocessing\fir\firprocessing.dir\release\firprocessing.tlog\cl.command.1.tlog
c:\bci2000.python3\build\cmakefiles\contrib\signalprocessing\fir\firprocessing.dir\release\firprocessing.tlog\cl.read.1.tlog
c:\bci2000.python3\build\cmakefiles\contrib\signalprocessing\fir\firprocessing.dir\release\firprocessing.tlog\cl.write.1.tlog
c:\bci2000.python3\build\cmakefiles\contrib\signalprocessing\fir\firprocessing.dir\release\firprocessing.tlog\custombuild.command.1.tlog
c:\bci2000.python3\build\cmakefiles\contrib\signalprocessing\fir\firprocessing.dir\release\firprocessing.tlog\custombuild.read.1.tlog
c:\bci2000.python3\build\cmakefiles\contrib\signalprocessing\fir\firprocessing.dir\release\firprocessing.tlog\custombuild.write.1.tlog
c:\bci2000.python3\build\cmakefiles\contrib\signalprocessing\fir\firprocessing.dir\release\firprocessing.tlog\link.command.1.tlog
c:\bci2000.python3\build\cmakefiles\contrib\signalprocessing\fir\firprocessing.dir\release\firprocessing.tlog\link.read.1.tlog
c:\bci2000.python3\build\cmakefiles\contrib\signalprocessing\fir\firprocessing.dir\release\firprocessing.tlog\link.write.1.tlog
c:\bci2000.python3\build\cmakefiles\contrib\signalprocessing\fir\firprocessing.dir\release\firprocessing.tlog\rc.command.1.tlog
c:\bci2000.python3\build\cmakefiles\contrib\signalprocessing\fir\firprocessing.dir\release\firprocessing.tlog\rc.read.1.tlog
c:\bci2000.python3\build\cmakefiles\contrib\signalprocessing\fir\firprocessing.dir\release\firprocessing.tlog\rc.write.1.tlog
