  Building Custom Rule C:/BCI2000.python3/src/contrib/SignalProcessing/FIR/CMakeLists.txt
  CMake does not need to re-run because C:/BCI2000.python3/build/CMakeFiles/contrib/SignalProcessing/FIR/CMakeFiles/generate.stamp is up-to-date.
  CorePCH.cpp
  FIRFilter.cpp
  PipeDefinition.cpp
  CoreMain.cpp
  CoreModule.cpp
  BCIStream_module.cpp
  Version.cpp
  WinMain.cpp
  Generating Code...
  FIRProcessing.vcxproj -> C:\BCI2000.python3\build\CMakeFiles\contrib\SignalProcessing\FIR\Release\FIRProcessing.exe
  	Deploying executable
  copying files:
  Copying FIRProcessing.exe ...
  Copying msvcp140.dll ...
  Copying vcruntime140.dll ...
  Copying vcomp140.dll ...
  Copying libfftw3-3.dll ...
  Done.
