c:\bci2000.python3\build\cmakefiles\core\signalsource\g.hiampsource\release\ghiampsource_core.pch
c:\bci2000.python3\build\cmakefiles\core\signalsource\g.hiampsource\ghiampsource.dir\release\corepch.obj
c:\bci2000.python3\build\cmakefiles\core\signalsource\g.hiampsource\ghiampsource.dir\release\winmain.obj
c:\bci2000.python3\build\cmakefiles\core\signalsource\g.hiampsource\ghiampsource.dir\release\version.obj
c:\bci2000.python3\build\cmakefiles\core\signalsource\g.hiampsource\ghiampsource.dir\release\bcistream_module.obj
c:\bci2000.python3\build\cmakefiles\core\signalsource\g.hiampsource\ghiampsource.dir\release\coremodule.obj
c:\bci2000.python3\build\cmakefiles\core\signalsource\g.hiampsource\ghiampsource.dir\release\coremain.obj
c:\bci2000.python3\build\cmakefiles\core\signalsource\g.hiampsource\ghiampsource.dir\release\ghiamp.imports.obj
c:\bci2000.python3\build\cmakefiles\core\signalsource\g.hiampsource\ghiampsource.dir\release\ghiampdevice.obj
c:\bci2000.python3\build\cmakefiles\core\signalsource\g.hiampsource\ghiampsource.dir\release\ghiampadc.obj
c:\bci2000.python3\build\cmakefiles\core\signalsource\g.hiampsource\cmakefiles\generate.stamp
c:\bci2000.python3\build\cmakefiles\core\signalsource\g.hiampsource\release\ghiampsource.exe
c:\bci2000.python3\build\cmakefiles\core\signalsource\g.hiampsource\ghiampsource.dir\release\version.res
c:\bci2000.python3\build\cmakefiles\core\signalsource\g.hiampsource\ghiampsource.dir\release\appicon.res
c:\bci2000.python3\build\cmakefiles\core\signalsource\g.hiampsource\ghiampsource.dir\release\ghiampsource.tlog\cl.command.1.tlog
c:\bci2000.python3\build\cmakefiles\core\signalsource\g.hiampsource\ghiampsource.dir\release\ghiampsource.tlog\cl.read.1.tlog
c:\bci2000.python3\build\cmakefiles\core\signalsource\g.hiampsource\ghiampsource.dir\release\ghiampsource.tlog\cl.write.1.tlog
c:\bci2000.python3\build\cmakefiles\core\signalsource\g.hiampsource\ghiampsource.dir\release\ghiampsource.tlog\custombuild.command.1.tlog
c:\bci2000.python3\build\cmakefiles\core\signalsource\g.hiampsource\ghiampsource.dir\release\ghiampsource.tlog\custombuild.read.1.tlog
c:\bci2000.python3\build\cmakefiles\core\signalsource\g.hiampsource\ghiampsource.dir\release\ghiampsource.tlog\custombuild.write.1.tlog
c:\bci2000.python3\build\cmakefiles\core\signalsource\g.hiampsource\ghiampsource.dir\release\ghiampsource.tlog\link.command.1.tlog
c:\bci2000.python3\build\cmakefiles\core\signalsource\g.hiampsource\ghiampsource.dir\release\ghiampsource.tlog\link.read.1.tlog
c:\bci2000.python3\build\cmakefiles\core\signalsource\g.hiampsource\ghiampsource.dir\release\ghiampsource.tlog\link.write.1.tlog
c:\bci2000.python3\build\cmakefiles\core\signalsource\g.hiampsource\ghiampsource.dir\release\ghiampsource.tlog\rc.command.1.tlog
c:\bci2000.python3\build\cmakefiles\core\signalsource\g.hiampsource\ghiampsource.dir\release\ghiampsource.tlog\rc.read.1.tlog
c:\bci2000.python3\build\cmakefiles\core\signalsource\g.hiampsource\ghiampsource.dir\release\ghiampsource.tlog\rc.write.1.tlog
