  Building Custom Rule C:/BCI2000.python3/src/contrib/SignalSource/DSISerial/CMakeLists.txt
  CMake does not need to re-run because C:/BCI2000.python3/build/CMakeFiles/contrib/SignalSource/DSISerial/CMakeFiles/generate.stamp is up-to-date.
  CorePCH.cpp
  DSISerialADC.cpp
  DSI_API_Loader.c
  CoreMain.cpp
  CoreModule.cpp
  BCIStream_module.cpp
  SourceFilter.cpp
  IIRFilterBase.cpp
  FilterDesign.cpp
  Version.cpp
  WinMain.cpp
  Generating Code...
  DSISerial.vcxproj -> C:\BCI2000.python3\build\CMakeFiles\contrib\SignalSource\DSISerial\Release\DSISerial.exe
  	Deploying executable
  copying files:
  Copying DSISerial.exe ...
  Copying libDSI-Windows-i386.dll ...
  Copying msvcp140.dll ...
  Copying vcruntime140.dll ...
  Done.
