c:\bci2000.python3\build\cmakefiles\contrib\signalsource\dsiserial\release\dsiserial_core.pch
c:\bci2000.python3\build\cmakefiles\contrib\signalsource\dsiserial\dsiserial.dir\release\corepch.obj
c:\bci2000.python3\build\cmakefiles\contrib\signalsource\dsiserial\dsiserial.dir\release\winmain.obj
c:\bci2000.python3\build\cmakefiles\contrib\signalsource\dsiserial\dsiserial.dir\release\version.obj
c:\bci2000.python3\build\cmakefiles\contrib\signalsource\dsiserial\dsiserial.dir\release\filterdesign.obj
c:\bci2000.python3\build\cmakefiles\contrib\signalsource\dsiserial\dsiserial.dir\release\iirfilterbase.obj
c:\bci2000.python3\build\cmakefiles\contrib\signalsource\dsiserial\dsiserial.dir\release\sourcefilter.obj
c:\bci2000.python3\build\cmakefiles\contrib\signalsource\dsiserial\dsiserial.dir\release\bcistream_module.obj
c:\bci2000.python3\build\cmakefiles\contrib\signalsource\dsiserial\dsiserial.dir\release\coremodule.obj
c:\bci2000.python3\build\cmakefiles\contrib\signalsource\dsiserial\dsiserial.dir\release\coremain.obj
c:\bci2000.python3\build\cmakefiles\contrib\signalsource\dsiserial\dsiserial.dir\release\dsi_api_loader.obj
c:\bci2000.python3\build\cmakefiles\contrib\signalsource\dsiserial\dsiserial.dir\release\dsiserialadc.obj
c:\bci2000.python3\build\cmakefiles\contrib\signalsource\dsiserial\cmakefiles\generate.stamp
c:\bci2000.python3\build\cmakefiles\contrib\signalsource\dsiserial\release\dsiserial.exe
c:\bci2000.python3\build\cmakefiles\contrib\signalsource\dsiserial\dsiserial.dir\release\version.res
c:\bci2000.python3\build\cmakefiles\contrib\signalsource\dsiserial\dsiserial.dir\release\appicon.res
c:\bci2000.python3\build\cmakefiles\contrib\signalsource\dsiserial\dsiserial.dir\release\dsiserial.tlog\cl.command.1.tlog
c:\bci2000.python3\build\cmakefiles\contrib\signalsource\dsiserial\dsiserial.dir\release\dsiserial.tlog\cl.read.1.tlog
c:\bci2000.python3\build\cmakefiles\contrib\signalsource\dsiserial\dsiserial.dir\release\dsiserial.tlog\cl.write.1.tlog
c:\bci2000.python3\build\cmakefiles\contrib\signalsource\dsiserial\dsiserial.dir\release\dsiserial.tlog\custombuild.command.1.tlog
c:\bci2000.python3\build\cmakefiles\contrib\signalsource\dsiserial\dsiserial.dir\release\dsiserial.tlog\custombuild.read.1.tlog
c:\bci2000.python3\build\cmakefiles\contrib\signalsource\dsiserial\dsiserial.dir\release\dsiserial.tlog\custombuild.write.1.tlog
c:\bci2000.python3\build\cmakefiles\contrib\signalsource\dsiserial\dsiserial.dir\release\dsiserial.tlog\link.command.1.tlog
c:\bci2000.python3\build\cmakefiles\contrib\signalsource\dsiserial\dsiserial.dir\release\dsiserial.tlog\link.read.1.tlog
c:\bci2000.python3\build\cmakefiles\contrib\signalsource\dsiserial\dsiserial.dir\release\dsiserial.tlog\link.write.1.tlog
c:\bci2000.python3\build\cmakefiles\contrib\signalsource\dsiserial\dsiserial.dir\release\dsiserial.tlog\rc.command.1.tlog
c:\bci2000.python3\build\cmakefiles\contrib\signalsource\dsiserial\dsiserial.dir\release\dsiserial.tlog\rc.read.1.tlog
c:\bci2000.python3\build\cmakefiles\contrib\signalsource\dsiserial\dsiserial.dir\release\dsiserial.tlog\rc.write.1.tlog
