c:\bci2000.python3\build\cmakefiles\contrib\signalsource\dassource\release\dassource_core.pch
c:\bci2000.python3\build\cmakefiles\contrib\signalsource\dassource\dassource.dir\release\corepch.obj
c:\bci2000.python3\build\cmakefiles\contrib\signalsource\dassource\dassource.dir\release\winmain.obj
c:\bci2000.python3\build\cmakefiles\contrib\signalsource\dassource\dassource.dir\release\version.obj
c:\bci2000.python3\build\cmakefiles\contrib\signalsource\dassource\dassource.dir\release\bcistream_module.obj
c:\bci2000.python3\build\cmakefiles\contrib\signalsource\dassource\dassource.dir\release\coremodule.obj
c:\bci2000.python3\build\cmakefiles\contrib\signalsource\dassource\dassource.dir\release\coremain.obj
c:\bci2000.python3\build\cmakefiles\contrib\signalsource\dassource\dassource.dir\release\dasqueue.obj
c:\bci2000.python3\build\cmakefiles\contrib\signalsource\dassource\dassource.dir\release\das_adc.obj
c:\bci2000.python3\build\cmakefiles\contrib\signalsource\dassource\dassource.dir\release\cbw32_imports.obj
c:\bci2000.python3\build\cmakefiles\contrib\signalsource\dassource\dassource.dir\release\dasutils.obj
c:\bci2000.python3\build\cmakefiles\contrib\signalsource\dassource\cmakefiles\generate.stamp
c:\bci2000.python3\build\cmakefiles\contrib\signalsource\dassource\release\dassource.exe
c:\bci2000.python3\build\cmakefiles\contrib\signalsource\dassource\dassource.dir\release\version.res
c:\bci2000.python3\build\cmakefiles\contrib\signalsource\dassource\dassource.dir\release\appicon.res
c:\bci2000.python3\build\cmakefiles\contrib\signalsource\dassource\dassource.dir\release\dassource.tlog\cl.command.1.tlog
c:\bci2000.python3\build\cmakefiles\contrib\signalsource\dassource\dassource.dir\release\dassource.tlog\cl.read.1.tlog
c:\bci2000.python3\build\cmakefiles\contrib\signalsource\dassource\dassource.dir\release\dassource.tlog\cl.write.1.tlog
c:\bci2000.python3\build\cmakefiles\contrib\signalsource\dassource\dassource.dir\release\dassource.tlog\custombuild.command.1.tlog
c:\bci2000.python3\build\cmakefiles\contrib\signalsource\dassource\dassource.dir\release\dassource.tlog\custombuild.read.1.tlog
c:\bci2000.python3\build\cmakefiles\contrib\signalsource\dassource\dassource.dir\release\dassource.tlog\custombuild.write.1.tlog
c:\bci2000.python3\build\cmakefiles\contrib\signalsource\dassource\dassource.dir\release\dassource.tlog\link.command.1.tlog
c:\bci2000.python3\build\cmakefiles\contrib\signalsource\dassource\dassource.dir\release\dassource.tlog\link.read.1.tlog
c:\bci2000.python3\build\cmakefiles\contrib\signalsource\dassource\dassource.dir\release\dassource.tlog\link.write.1.tlog
c:\bci2000.python3\build\cmakefiles\contrib\signalsource\dassource\dassource.dir\release\dassource.tlog\rc.command.1.tlog
c:\bci2000.python3\build\cmakefiles\contrib\signalsource\dassource\dassource.dir\release\dassource.tlog\rc.read.1.tlog
c:\bci2000.python3\build\cmakefiles\contrib\signalsource\dassource\dassource.dir\release\dassource.tlog\rc.write.1.tlog
