  Building Custom Rule C:/BCI2000.python3/src/contrib/SignalSource/LiveAmp/CMakeLists.txt
  CMake does not need to re-run because C:/BCI2000.python3/build/CMakeFiles/contrib/SignalSource/LiveAmp/CMakeFiles/generate.stamp is up-to-date.
  CorePCH.cpp
  LiveAmpADC.cpp
  LiveAmpLib2.imports.cpp
  CoreMain.cpp
  CoreModule.cpp
  BCIStream_module.cpp
  SourceFilter.cpp
  IIRFilterBase.cpp
  FilterDesign.cpp
  Version.cpp
  WinMain.cpp
  Generating Code...
  LiveAmpSource.vcxproj -> C:\BCI2000.python3\build\CMakeFiles\contrib\SignalSource\LiveAmp\Release\LiveAmpSource.exe
  	Deploying executable
  copying files:
  Copying LiveAmpSource.exe ...
  Copying LiveAmpLib2.dll ...
  Copying msvcp140.dll ...
  Copying vcruntime140.dll ...
  Done.
