c:\bci2000.python3\build\cmakefiles\contrib\signalsource\liveamp\release\liveampsource_core.pch
c:\bci2000.python3\build\cmakefiles\contrib\signalsource\liveamp\liveampsource.dir\release\corepch.obj
c:\bci2000.python3\build\cmakefiles\contrib\signalsource\liveamp\liveampsource.dir\release\winmain.obj
c:\bci2000.python3\build\cmakefiles\contrib\signalsource\liveamp\liveampsource.dir\release\version.obj
c:\bci2000.python3\build\cmakefiles\contrib\signalsource\liveamp\liveampsource.dir\release\filterdesign.obj
c:\bci2000.python3\build\cmakefiles\contrib\signalsource\liveamp\liveampsource.dir\release\iirfilterbase.obj
c:\bci2000.python3\build\cmakefiles\contrib\signalsource\liveamp\liveampsource.dir\release\sourcefilter.obj
c:\bci2000.python3\build\cmakefiles\contrib\signalsource\liveamp\liveampsource.dir\release\bcistream_module.obj
c:\bci2000.python3\build\cmakefiles\contrib\signalsource\liveamp\liveampsource.dir\release\coremodule.obj
c:\bci2000.python3\build\cmakefiles\contrib\signalsource\liveamp\liveampsource.dir\release\coremain.obj
c:\bci2000.python3\build\cmakefiles\contrib\signalsource\liveamp\liveampsource.dir\release\liveamplib2.imports.obj
c:\bci2000.python3\build\cmakefiles\contrib\signalsource\liveamp\liveampsource.dir\release\liveampadc.obj
c:\bci2000.python3\build\cmakefiles\contrib\signalsource\liveamp\cmakefiles\generate.stamp
c:\bci2000.python3\build\cmakefiles\contrib\signalsource\liveamp\release\liveampsource.exe
c:\bci2000.python3\build\cmakefiles\contrib\signalsource\liveamp\liveampsource.dir\release\version.res
c:\bci2000.python3\build\cmakefiles\contrib\signalsource\liveamp\liveampsource.dir\release\appicon.res
c:\bci2000.python3\build\cmakefiles\contrib\signalsource\liveamp\liveampsource.dir\release\liveampsource.tlog\cl.command.1.tlog
c:\bci2000.python3\build\cmakefiles\contrib\signalsource\liveamp\liveampsource.dir\release\liveampsource.tlog\cl.read.1.tlog
c:\bci2000.python3\build\cmakefiles\contrib\signalsource\liveamp\liveampsource.dir\release\liveampsource.tlog\cl.write.1.tlog
c:\bci2000.python3\build\cmakefiles\contrib\signalsource\liveamp\liveampsource.dir\release\liveampsource.tlog\custombuild.command.1.tlog
c:\bci2000.python3\build\cmakefiles\contrib\signalsource\liveamp\liveampsource.dir\release\liveampsource.tlog\custombuild.read.1.tlog
c:\bci2000.python3\build\cmakefiles\contrib\signalsource\liveamp\liveampsource.dir\release\liveampsource.tlog\custombuild.write.1.tlog
c:\bci2000.python3\build\cmakefiles\contrib\signalsource\liveamp\liveampsource.dir\release\liveampsource.tlog\link.command.1.tlog
c:\bci2000.python3\build\cmakefiles\contrib\signalsource\liveamp\liveampsource.dir\release\liveampsource.tlog\link.read.1.tlog
c:\bci2000.python3\build\cmakefiles\contrib\signalsource\liveamp\liveampsource.dir\release\liveampsource.tlog\link.write.1.tlog
c:\bci2000.python3\build\cmakefiles\contrib\signalsource\liveamp\liveampsource.dir\release\liveampsource.tlog\rc.command.1.tlog
c:\bci2000.python3\build\cmakefiles\contrib\signalsource\liveamp\liveampsource.dir\release\liveampsource.tlog\rc.read.1.tlog
c:\bci2000.python3\build\cmakefiles\contrib\signalsource\liveamp\liveampsource.dir\release\liveampsource.tlog\rc.write.1.tlog
