c:\bci2000.python3\build\cmakefiles\core\signalsource\g.usbamp\getinfo\release\gusbampgetinfo_core.pch
c:\bci2000.python3\build\cmakefiles\core\signalsource\g.usbamp\getinfo\gusbampgetinfo.dir\release\corepch.obj
c:\bci2000.python3\build\cmakefiles\core\signalsource\g.usbamp\getinfo\gusbampgetinfo.dir\release\winmain.obj
c:\bci2000.python3\build\cmakefiles\core\signalsource\g.usbamp\getinfo\gusbampgetinfo.dir\release\version.obj
c:\bci2000.python3\build\cmakefiles\core\signalsource\g.usbamp\getinfo\gusbampgetinfo.dir\release\gusbamp.imports.obj
c:\bci2000.python3\build\cmakefiles\core\signalsource\g.usbamp\getinfo\gusbampgetinfo.dir\release\gusbampgetinfo.obj
c:\bci2000.python3\build\cmakefiles\core\signalsource\g.usbamp\getinfo\cmakefiles\generate.stamp
c:\bci2000.python3\build\cmakefiles\core\signalsource\g.usbamp\getinfo\release\gusbampgetinfo.exe
c:\bci2000.python3\build\cmakefiles\core\signalsource\g.usbamp\getinfo\gusbampgetinfo.dir\release\version.res
c:\bci2000.python3\build\cmakefiles\core\signalsource\g.usbamp\getinfo\gusbampgetinfo.dir\release\gusbampgetinfo.tlog\cl.command.1.tlog
c:\bci2000.python3\build\cmakefiles\core\signalsource\g.usbamp\getinfo\gusbampgetinfo.dir\release\gusbampgetinfo.tlog\cl.read.1.tlog
c:\bci2000.python3\build\cmakefiles\core\signalsource\g.usbamp\getinfo\gusbampgetinfo.dir\release\gusbampgetinfo.tlog\cl.write.1.tlog
c:\bci2000.python3\build\cmakefiles\core\signalsource\g.usbamp\getinfo\gusbampgetinfo.dir\release\gusbampgetinfo.tlog\custombuild.command.1.tlog
c:\bci2000.python3\build\cmakefiles\core\signalsource\g.usbamp\getinfo\gusbampgetinfo.dir\release\gusbampgetinfo.tlog\custombuild.read.1.tlog
c:\bci2000.python3\build\cmakefiles\core\signalsource\g.usbamp\getinfo\gusbampgetinfo.dir\release\gusbampgetinfo.tlog\custombuild.write.1.tlog
c:\bci2000.python3\build\cmakefiles\core\signalsource\g.usbamp\getinfo\gusbampgetinfo.dir\release\gusbampgetinfo.tlog\link.command.1.tlog
c:\bci2000.python3\build\cmakefiles\core\signalsource\g.usbamp\getinfo\gusbampgetinfo.dir\release\gusbampgetinfo.tlog\link.read.1.tlog
c:\bci2000.python3\build\cmakefiles\core\signalsource\g.usbamp\getinfo\gusbampgetinfo.dir\release\gusbampgetinfo.tlog\link.write.1.tlog
c:\bci2000.python3\build\cmakefiles\core\signalsource\g.usbamp\getinfo\gusbampgetinfo.dir\release\gusbampgetinfo.tlog\rc.command.1.tlog
c:\bci2000.python3\build\cmakefiles\core\signalsource\g.usbamp\getinfo\gusbampgetinfo.dir\release\gusbampgetinfo.tlog\rc.read.1.tlog
c:\bci2000.python3\build\cmakefiles\core\signalsource\g.usbamp\getinfo\gusbampgetinfo.dir\release\gusbampgetinfo.tlog\rc.write.1.tlog
