  Building Custom Rule C:/BCI2000.python3/src/core/Application/P3Speller/CMakeLists.txt
  CMake does not need to re-run because C:/BCI2000.python3/build/CMakeFiles/core/Application/P3Speller/CMakeFiles/generate.stamp is up-to-date.
  CorePCH.cpp
  P3SpellerTask.cpp
  CoreMain.cpp
  CoreModule.cpp
  BCIStream_module.cpp
  CoreModule_Qt.cpp
  QtMessageHandler.cpp
  Version.cpp
  WinMain.cpp
  Generating Code...
MSVCRT.lib(initializers.obj) : warning LNK4098: defaultlib 'libcmt.lib' conflicts with use of other libs; use /NODEFAULTLIB:library
  P3Speller.vcxproj -> C:\BCI2000.python3\build\CMakeFiles\core\Application\P3Speller\Release\P3Speller.exe
  			Deploying executable
  copying files:
  Copying P3Speller.exe ...
  Copying Qt5Gui.dll ...
  Copying Qt5Widgets.dll ...
  Copying Qt5Core.dll ...
  Copying msvcp140.dll ...
  Copying vcruntime140.dll ...
  Copying qwindows.dll ...
  Done.
