c:\bci2000.python3\build\cmakefiles\core\application\p3speller\release\p3speller_core.pch
c:\bci2000.python3\build\cmakefiles\core\application\p3speller\p3speller.dir\release\corepch.obj
c:\bci2000.python3\build\cmakefiles\core\application\p3speller\p3speller.dir\release\winmain.obj
c:\bci2000.python3\build\cmakefiles\core\application\p3speller\p3speller.dir\release\version.obj
c:\bci2000.python3\build\cmakefiles\core\application\p3speller\p3speller.dir\release\qtmessagehandler.obj
c:\bci2000.python3\build\cmakefiles\core\application\p3speller\p3speller.dir\release\coremodule_qt.obj
c:\bci2000.python3\build\cmakefiles\core\application\p3speller\p3speller.dir\release\bcistream_module.obj
c:\bci2000.python3\build\cmakefiles\core\application\p3speller\p3speller.dir\release\coremodule.obj
c:\bci2000.python3\build\cmakefiles\core\application\p3speller\p3speller.dir\release\coremain.obj
c:\bci2000.python3\build\cmakefiles\core\application\p3speller\p3speller.dir\release\p3spellertask.obj
c:\bci2000.python3\build\cmakefiles\core\application\p3speller\cmakefiles\generate.stamp
c:\bci2000.python3\build\cmakefiles\core\application\p3speller\release\p3speller.exe
c:\bci2000.python3\build\cmakefiles\core\application\p3speller\p3speller.dir\release\version.res
c:\bci2000.python3\build\cmakefiles\core\application\p3speller\p3speller.dir\release\appicon.res
c:\bci2000.python3\build\cmakefiles\core\application\p3speller\p3speller.dir\release\p3speller.tlog\cl.command.1.tlog
c:\bci2000.python3\build\cmakefiles\core\application\p3speller\p3speller.dir\release\p3speller.tlog\cl.read.1.tlog
c:\bci2000.python3\build\cmakefiles\core\application\p3speller\p3speller.dir\release\p3speller.tlog\cl.write.1.tlog
c:\bci2000.python3\build\cmakefiles\core\application\p3speller\p3speller.dir\release\p3speller.tlog\custombuild.command.1.tlog
c:\bci2000.python3\build\cmakefiles\core\application\p3speller\p3speller.dir\release\p3speller.tlog\custombuild.read.1.tlog
c:\bci2000.python3\build\cmakefiles\core\application\p3speller\p3speller.dir\release\p3speller.tlog\custombuild.write.1.tlog
c:\bci2000.python3\build\cmakefiles\core\application\p3speller\p3speller.dir\release\p3speller.tlog\link.command.1.tlog
c:\bci2000.python3\build\cmakefiles\core\application\p3speller\p3speller.dir\release\p3speller.tlog\link.read.1.tlog
c:\bci2000.python3\build\cmakefiles\core\application\p3speller\p3speller.dir\release\p3speller.tlog\link.write.1.tlog
c:\bci2000.python3\build\cmakefiles\core\application\p3speller\p3speller.dir\release\p3speller.tlog\rc.command.1.tlog
c:\bci2000.python3\build\cmakefiles\core\application\p3speller\p3speller.dir\release\p3speller.tlog\rc.read.1.tlog
c:\bci2000.python3\build\cmakefiles\core\application\p3speller\p3speller.dir\release\p3speller.tlog\rc.write.1.tlog
