  Building Custom Rule C:/BCI2000.python3/src/contrib/SignalSource/RDAClient/CMakeLists.txt
  CMake does not need to re-run because C:/BCI2000.python3/build/CMakeFiles/contrib/SignalSource/RDAClient/CMakeFiles/generate.stamp is up-to-date.
  CorePCH.cpp
  RDAClientADC.cpp
  RDAProtocol.cpp
  CoreMain.cpp
  CoreModule.cpp
  BCIStream_module.cpp
  SourceFilter.cpp
  IIRFilterBase.cpp
  FilterDesign.cpp
  Version.cpp
  WinMain.cpp
  Generating Code...
  RDAClient.vcxproj -> C:\BCI2000.python3\build\CMakeFiles\contrib\SignalSource\RDAClient\Release\RDAClient.exe
  	Deploying executable
  copying files:
  Copying RDAClient.exe ...
  Copying msvcp140.dll ...
  Copying vcruntime140.dll ...
  Done.
