c:\bci2000.python3\build\cmakefiles\contrib\signalsource\rdaclient\release\rdaclient_core.pch
c:\bci2000.python3\build\cmakefiles\contrib\signalsource\rdaclient\rdaclient.dir\release\corepch.obj
c:\bci2000.python3\build\cmakefiles\contrib\signalsource\rdaclient\rdaclient.dir\release\winmain.obj
c:\bci2000.python3\build\cmakefiles\contrib\signalsource\rdaclient\rdaclient.dir\release\version.obj
c:\bci2000.python3\build\cmakefiles\contrib\signalsource\rdaclient\rdaclient.dir\release\filterdesign.obj
c:\bci2000.python3\build\cmakefiles\contrib\signalsource\rdaclient\rdaclient.dir\release\iirfilterbase.obj
c:\bci2000.python3\build\cmakefiles\contrib\signalsource\rdaclient\rdaclient.dir\release\sourcefilter.obj
c:\bci2000.python3\build\cmakefiles\contrib\signalsource\rdaclient\rdaclient.dir\release\bcistream_module.obj
c:\bci2000.python3\build\cmakefiles\contrib\signalsource\rdaclient\rdaclient.dir\release\coremodule.obj
c:\bci2000.python3\build\cmakefiles\contrib\signalsource\rdaclient\rdaclient.dir\release\coremain.obj
c:\bci2000.python3\build\cmakefiles\contrib\signalsource\rdaclient\rdaclient.dir\release\rdaprotocol.obj
c:\bci2000.python3\build\cmakefiles\contrib\signalsource\rdaclient\rdaclient.dir\release\rdaclientadc.obj
c:\bci2000.python3\build\cmakefiles\contrib\signalsource\rdaclient\cmakefiles\generate.stamp
c:\bci2000.python3\build\cmakefiles\contrib\signalsource\rdaclient\release\rdaclient.exe
c:\bci2000.python3\build\cmakefiles\contrib\signalsource\rdaclient\rdaclient.dir\release\version.res
c:\bci2000.python3\build\cmakefiles\contrib\signalsource\rdaclient\rdaclient.dir\release\appicon.res
c:\bci2000.python3\build\cmakefiles\contrib\signalsource\rdaclient\rdaclient.dir\release\rdaclient.tlog\cl.command.1.tlog
c:\bci2000.python3\build\cmakefiles\contrib\signalsource\rdaclient\rdaclient.dir\release\rdaclient.tlog\cl.read.1.tlog
c:\bci2000.python3\build\cmakefiles\contrib\signalsource\rdaclient\rdaclient.dir\release\rdaclient.tlog\cl.write.1.tlog
c:\bci2000.python3\build\cmakefiles\contrib\signalsource\rdaclient\rdaclient.dir\release\rdaclient.tlog\custombuild.command.1.tlog
c:\bci2000.python3\build\cmakefiles\contrib\signalsource\rdaclient\rdaclient.dir\release\rdaclient.tlog\custombuild.read.1.tlog
c:\bci2000.python3\build\cmakefiles\contrib\signalsource\rdaclient\rdaclient.dir\release\rdaclient.tlog\custombuild.write.1.tlog
c:\bci2000.python3\build\cmakefiles\contrib\signalsource\rdaclient\rdaclient.dir\release\rdaclient.tlog\link.command.1.tlog
c:\bci2000.python3\build\cmakefiles\contrib\signalsource\rdaclient\rdaclient.dir\release\rdaclient.tlog\link.read.1.tlog
c:\bci2000.python3\build\cmakefiles\contrib\signalsource\rdaclient\rdaclient.dir\release\rdaclient.tlog\link.write.1.tlog
c:\bci2000.python3\build\cmakefiles\contrib\signalsource\rdaclient\rdaclient.dir\release\rdaclient.tlog\rc.command.1.tlog
c:\bci2000.python3\build\cmakefiles\contrib\signalsource\rdaclient\rdaclient.dir\release\rdaclient.tlog\rc.read.1.tlog
c:\bci2000.python3\build\cmakefiles\contrib\signalsource\rdaclient\rdaclient.dir\release\rdaclient.tlog\rc.write.1.tlog
