  Building Custom Rule C:/BCI2000.python3/build/cmake/frameworks/LibTiny/StaticCrt/CMakeLists.txt
  CMake does not need to re-run because C:/BCI2000.python3/build/CMakeFiles/frameworks/LibTiny/StaticCrt/CMakeFiles/generate.stamp is up-to-date.
  Lockable.cpp
  Broadcaster.cpp
  Mutex.cpp
  SelfPipe.cpp
  Waitable.cpp
  WaitableEvent.cpp
  Semaphore.cpp
  WaitableImplementation.cpp
  Thread.cpp
  ReusableThread.cpp
  ThreadLocal.cpp
  ThreadUtils.cpp
  ChildProcess.cpp
  ProcessUtils.cpp
  FilePath.cpp
  FileUtils.cpp
  DylibImports.cpp
  SysError.cpp
  SharedMemory.cpp
  StringUtils.cpp
  Generating Code...
  Compiling...
  EscapedString.cpp
  ClassName.cpp
  WildcardMatch.cpp
  EnvVariable.cpp
  TimeUtils.cpp
  Clock.cpp
  IOObjects.cpp
  Streambuf.cpp
  sockstream.cpp
  MemoryBuffer.cpp
  FdObject.cpp
  Sockets.cpp
  Files.cpp
  FileMapping.cpp
  ExceptionCatcher.cpp
  Exception.cpp
  Debugging.cpp
c:\program files (x86)\windows kits\8.1\include\um\dbghelp.h(1544): warning C4091: 'typedef ': ignored on left of '' when no variable is declared
c:\program files (x86)\windows kits\8.1\include\um\dbghelp.h(3190): warning C4091: 'typedef ': ignored on left of '' when no variable is declared
  LCRandomGenerator.cpp
  BinaryData.cpp
  Ratio.cpp
  Generating Code...
  Compiling...
  msvc_stdlib.cpp
  PEHeader.cpp
  Generating Code...
  LibTiny_StaticCrt.vcxproj -> C:\BCI2000.python3\build\CMakeFiles\frameworks\LibTiny\StaticCrt\Release\LibTiny_StaticCrt.lib
