c:\bci2000.python3\build\cmakefiles\buildutils\bootstrapcustomprojects\newbci2000module.dir\release\templatefilter.h.in.res.obj
c:\bci2000.python3\build\cmakefiles\buildutils\bootstrapcustomprojects\newbci2000module.dir\release\templatefilter.cpp.in.res.obj
c:\bci2000.python3\build\cmakefiles\buildutils\bootstrapcustomprojects\newbci2000module.dir\release\templatebufferedadc.h.in.res.obj
c:\bci2000.python3\build\cmakefiles\buildutils\bootstrapcustomprojects\newbci2000module.dir\release\templatebufferedadc.cpp.in.res.obj
c:\bci2000.python3\build\cmakefiles\buildutils\bootstrapcustomprojects\newbci2000module.dir\release\templateapplication.h.in.res.obj
c:\bci2000.python3\build\cmakefiles\buildutils\bootstrapcustomprojects\newbci2000module.dir\release\templateapplication.cpp.in.res.obj
c:\bci2000.python3\build\cmakefiles\buildutils\bootstrapcustomprojects\newbci2000module.dir\release\pipedefinition.cpp.in.res.obj
c:\bci2000.python3\build\cmakefiles\buildutils\bootstrapcustomprojects\newbci2000module.dir\release\cmakelists-signalsource.txt.in.res.obj
c:\bci2000.python3\build\cmakefiles\buildutils\bootstrapcustomprojects\newbci2000module.dir\release\cmakelists-signalprocessing.txt.in.res.obj
c:\bci2000.python3\build\cmakefiles\buildutils\bootstrapcustomprojects\newbci2000module.dir\release\cmakelists-application.txt.in.res.obj
c:\bci2000.python3\build\cmakefiles\buildutils\bootstrapcustomprojects\newbci2000module.dir\release\bootstrapcustomprojects.obj
c:\bci2000.python3\build\cmakefiles\buildutils\bootstrapcustomprojects\newbci2000module\cmakelists-application.txt.in.res.cpp
c:\bci2000.python3\build\cmakefiles\buildutils\bootstrapcustomprojects\newbci2000module\cmakelists-signalprocessing.txt.in.res.cpp
c:\bci2000.python3\build\cmakefiles\buildutils\bootstrapcustomprojects\newbci2000module\cmakelists-signalsource.txt.in.res.cpp
c:\bci2000.python3\build\cmakefiles\buildutils\bootstrapcustomprojects\newbci2000module\pipedefinition.cpp.in.res.cpp
c:\bci2000.python3\build\cmakefiles\buildutils\bootstrapcustomprojects\newbci2000module\templateapplication.cpp.in.res.cpp
c:\bci2000.python3\build\cmakefiles\buildutils\bootstrapcustomprojects\newbci2000module\templateapplication.h.in.res.cpp
c:\bci2000.python3\build\cmakefiles\buildutils\bootstrapcustomprojects\newbci2000module\templatebufferedadc.cpp.in.res.cpp
c:\bci2000.python3\build\cmakefiles\buildutils\bootstrapcustomprojects\newbci2000module\templatebufferedadc.h.in.res.cpp
c:\bci2000.python3\build\cmakefiles\buildutils\bootstrapcustomprojects\newbci2000module\templatefilter.cpp.in.res.cpp
c:\bci2000.python3\build\cmakefiles\buildutils\bootstrapcustomprojects\newbci2000module\templatefilter.h.in.res.cpp
c:\bci2000.python3\build\cmakefiles\buildutils\bootstrapcustomprojects\cmakefiles\generate.stamp
c:\bci2000.python3\build\cmakefiles\buildutils\bootstrapcustomprojects\release\newbci2000module.exe
c:\bci2000.python3\build\cmakefiles\buildutils\bootstrapcustomprojects\newbci2000module.dir\release\newbci2000module.tlog\cl.command.1.tlog
c:\bci2000.python3\build\cmakefiles\buildutils\bootstrapcustomprojects\newbci2000module.dir\release\newbci2000module.tlog\cl.read.1.tlog
c:\bci2000.python3\build\cmakefiles\buildutils\bootstrapcustomprojects\newbci2000module.dir\release\newbci2000module.tlog\cl.write.1.tlog
c:\bci2000.python3\build\cmakefiles\buildutils\bootstrapcustomprojects\newbci2000module.dir\release\newbci2000module.tlog\custombuild.command.1.tlog
c:\bci2000.python3\build\cmakefiles\buildutils\bootstrapcustomprojects\newbci2000module.dir\release\newbci2000module.tlog\custombuild.read.1.tlog
c:\bci2000.python3\build\cmakefiles\buildutils\bootstrapcustomprojects\newbci2000module.dir\release\newbci2000module.tlog\custombuild.write.1.tlog
c:\bci2000.python3\build\cmakefiles\buildutils\bootstrapcustomprojects\newbci2000module.dir\release\newbci2000module.tlog\link.command.1.tlog
c:\bci2000.python3\build\cmakefiles\buildutils\bootstrapcustomprojects\newbci2000module.dir\release\newbci2000module.tlog\link.read.1.tlog
c:\bci2000.python3\build\cmakefiles\buildutils\bootstrapcustomprojects\newbci2000module.dir\release\newbci2000module.tlog\link.write.1.tlog
