c:\bci2000.python3\build\cmakefiles\core\tools\bci2000certification\bci2000certificationanalysis\release\bci2000certanalysis_core.pch
c:\bci2000.python3\build\cmakefiles\core\tools\bci2000certification\bci2000certificationanalysis\bci2000certanalysis.dir\release\corepch.obj
c:\bci2000.python3\build\cmakefiles\core\tools\bci2000certification\bci2000certificationanalysis\bci2000certanalysis.dir\release\inputdata.obj
c:\bci2000.python3\build\cmakefiles\core\tools\bci2000certification\bci2000certificationanalysis\bci2000certanalysis.dir\release\thresholdanalysis.obj
c:\bci2000.python3\build\cmakefiles\core\tools\bci2000certification\bci2000certificationanalysis\bci2000certanalysis.dir\release\timestamp.obj
c:\bci2000.python3\build\cmakefiles\core\tools\bci2000certification\bci2000certificationanalysis\bci2000certanalysis.dir\release\sampleclock.obj
c:\bci2000.python3\build\cmakefiles\core\tools\bci2000certification\bci2000certificationanalysis\bci2000certanalysis.dir\release\timeseriesdataobject.obj
c:\bci2000.python3\build\cmakefiles\core\tools\bci2000certification\bci2000certificationanalysis\bci2000certanalysis.dir\release\sampledataobject.obj
c:\bci2000.python3\build\cmakefiles\core\tools\bci2000certification\bci2000certificationanalysis\bci2000certanalysis.dir\release\analysisdataobject.obj
c:\bci2000.python3\build\cmakefiles\core\tools\bci2000certification\bci2000certificationanalysis\bci2000certanalysis.dir\release\dataplot.obj
c:\bci2000.python3\build\cmakefiles\core\tools\bci2000certification\bci2000certificationanalysis\bci2000certanalysis.dir\release\separability.obj
c:\bci2000.python3\build\cmakefiles\core\tools\bci2000certification\bci2000certificationanalysis\bci2000certanalysis.dir\release\histogram.obj
c:\bci2000.python3\build\cmakefiles\core\tools\bci2000certification\bci2000certificationanalysis\bci2000certanalysis.dir\release\basicstatistics.obj
c:\bci2000.python3\build\cmakefiles\core\tools\bci2000certification\bci2000certificationanalysis\bci2000certanalysis.dir\release\analysisengine.obj
c:\bci2000.python3\build\cmakefiles\core\tools\bci2000certification\bci2000certificationanalysis\bci2000certanalysis.dir\release\property.obj
c:\bci2000.python3\build\cmakefiles\core\tools\bci2000certification\bci2000certificationanalysis\bci2000certanalysis.dir\release\tasktype.obj
c:\bci2000.python3\build\cmakefiles\core\tools\bci2000certification\bci2000certificationanalysis\bci2000certanalysis.dir\release\collapsiblegroup.obj
c:\bci2000.python3\build\cmakefiles\core\tools\bci2000certification\bci2000certificationanalysis\bci2000certanalysis.dir\release\scripteditor.obj
c:\bci2000.python3\build\cmakefiles\core\tools\bci2000certification\bci2000certificationanalysis\bci2000certanalysis.dir\release\resultstreemodel.obj
c:\bci2000.python3\build\cmakefiles\core\tools\bci2000certification\bci2000certificationanalysis\bci2000certanalysis.dir\release\analyzer.obj
c:\bci2000.python3\build\cmakefiles\core\tools\bci2000certification\bci2000certificationanalysis\bci2000certanalysis.dir\release\analysisgui.obj
c:\bci2000.python3\build\cmakefiles\core\tools\bci2000certification\bci2000certificationanalysis\bci2000certanalysis.dir\release\main.obj
c:\bci2000.python3\build\cmakefiles\core\tools\bci2000certification\bci2000certificationanalysis\bci2000certanalysis.dir\release\moc_analysisgui.obj
c:\bci2000.python3\build\cmakefiles\core\tools\bci2000certification\bci2000certificationanalysis\bci2000certanalysis.dir\release\videoframerequirements.bcireq.res.obj
c:\bci2000.python3\build\cmakefiles\core\tools\bci2000certification\bci2000certificationanalysis\bci2000certanalysis.dir\release\videoframeanalysis.bciscript.res.obj
c:\bci2000.python3\build\cmakefiles\core\tools\bci2000certification\bci2000certificationanalysis\bci2000certanalysis.dir\release\latencyrequirements.bcireq.res.obj
c:\bci2000.python3\build\cmakefiles\core\tools\bci2000certification\bci2000certificationanalysis\bci2000certanalysis.dir\release\latencyanalysis.bciscript.res.obj
c:\bci2000.python3\build\cmakefiles\core\tools\bci2000certification\bci2000certificationanalysis\bci2000certanalysis.dir\release\defaultinput.bciscript.res.obj
c:\bci2000.python3\build\cmakefiles\core\tools\bci2000certification\bci2000certificationanalysis\bci2000certanalysis.dir\release\init.bciscript.res.obj
c:\bci2000.python3\build\cmakefiles\core\tools\bci2000certification\bci2000certificationanalysis\bci2000certanalysis.dir\release\qtmessagehandler.obj
c:\bci2000.python3\build\cmakefiles\core\tools\bci2000certification\bci2000certificationanalysis\bci2000certanalysis.dir\release\qtmain.obj
c:\bci2000.python3\build\cmakefiles\core\tools\bci2000certification\bci2000certificationanalysis\bci2000certanalysis.dir\release\colorlistchooser.obj
c:\bci2000.python3\build\cmakefiles\core\tools\bci2000certification\bci2000certificationanalysis\bci2000certanalysis.dir\release\settings.obj
c:\bci2000.python3\build\cmakefiles\core\tools\bci2000certification\bci2000certificationanalysis\bci2000certanalysis.dir\release\executablehelp.obj
c:\bci2000.python3\build\cmakefiles\core\tools\bci2000certification\bci2000certificationanalysis\bci2000certanalysis.dir\release\aboutbox.obj
c:\bci2000.python3\build\cmakefiles\core\tools\bci2000certification\bci2000certificationanalysis\bci2000certanalysis.dir\release\bcistream_guiapp.obj
c:\bci2000.python3\build\cmakefiles\core\tools\bci2000certification\bci2000certificationanalysis\bci2000certanalysis.dir\release\group.obj
c:\bci2000.python3\build\cmakefiles\core\tools\bci2000certification\bci2000certificationanalysis\bci2000certanalysis.dir\release\framestatistics.obj
c:\bci2000.python3\build\cmakefiles\core\tools\bci2000certification\bci2000certificationanalysis\bci2000certanalysis.dir\release\statistics.obj
c:\bci2000.python3\build\cmakefiles\core\tools\bci2000certification\bci2000certificationanalysis\bci2000certanalysis.dir\release\interval.obj
c:\bci2000.python3\build\cmakefiles\core\tools\bci2000certification\bci2000certificationanalysis\bci2000certanalysis.dir\release\event.obj
c:\bci2000.python3\build\cmakefiles\core\tools\bci2000certification\bci2000certificationanalysis\bci2000certanalysis.dir\release\computedtimeseries.obj
c:\bci2000.python3\build\cmakefiles\core\tools\bci2000certification\bci2000certificationanalysis\bci2000certanalysis.dir\release\winmain.obj
c:\bci2000.python3\build\cmakefiles\core\tools\bci2000certification\bci2000certificationanalysis\bci2000certanalysis.dir\release\version.obj
c:\bci2000.python3\build\cmakefiles\core\tools\bci2000certification\bci2000certificationanalysis\bci2000certanalysis.dir\release\moc_qtsignalconnector.obj
c:\bci2000.python3\build\cmakefiles\core\tools\bci2000certification\bci2000certificationanalysis\bci2000certanalysis.dir\release\moc_scripteditor.obj
c:\bci2000.python3\build\cmakefiles\core\tools\bci2000certification\bci2000certificationanalysis\bci2000certanalysis\init.bciscript.res.cpp
c:\bci2000.python3\build\cmakefiles\core\tools\bci2000certification\bci2000certificationanalysis\bci2000certanalysis\defaultinput.bciscript.res.cpp
c:\bci2000.python3\build\cmakefiles\core\tools\bci2000certification\bci2000certificationanalysis\bci2000certanalysis\latencyanalysis.bciscript.res.cpp
c:\bci2000.python3\build\cmakefiles\core\tools\bci2000certification\bci2000certificationanalysis\bci2000certanalysis\latencyrequirements.bcireq.res.cpp
c:\bci2000.python3\build\cmakefiles\core\tools\bci2000certification\bci2000certificationanalysis\bci2000certanalysis\videoframeanalysis.bciscript.res.cpp
c:\bci2000.python3\build\cmakefiles\core\tools\bci2000certification\bci2000certificationanalysis\bci2000certanalysis\videoframerequirements.bcireq.res.cpp
c:\bci2000.python3\build\cmakefiles\core\tools\bci2000certification\bci2000certificationanalysis\moc_analysisgui.cpp
c:\bci2000.python3\build\cmakefiles\core\tools\bci2000certification\bci2000certificationanalysis\gui\moc_scripteditor.cpp
c:\bci2000.python3\build\cmakefiles\core\tools\bci2000certification\bci2000certificationanalysis\__\__\__\__\shared\utils\moc_qtsignalconnector.cpp
c:\bci2000.python3\build\cmakefiles\core\tools\bci2000certification\bci2000certificationanalysis\cmakefiles\generate.stamp
c:\bci2000.python3\build\cmakefiles\core\tools\bci2000certification\bci2000certificationanalysis\release\bci2000certanalysis.exe
c:\bci2000.python3\build\cmakefiles\core\tools\bci2000certification\bci2000certificationanalysis\bci2000certanalysis.dir\release\version.res
c:\bci2000.python3\build\cmakefiles\core\tools\bci2000certification\bci2000certificationanalysis\bci2000certanalysis.dir\release\appicon.res
c:\bci2000.python3\build\cmakefiles\core\tools\bci2000certification\bci2000certificationanalysis\bci2000certanalysis.dir\release\bci2000c.e33cff1e.tlog\cl.command.1.tlog
c:\bci2000.python3\build\cmakefiles\core\tools\bci2000certification\bci2000certificationanalysis\bci2000certanalysis.dir\release\bci2000c.e33cff1e.tlog\cl.read.1.tlog
c:\bci2000.python3\build\cmakefiles\core\tools\bci2000certification\bci2000certificationanalysis\bci2000certanalysis.dir\release\bci2000c.e33cff1e.tlog\cl.write.1.tlog
c:\bci2000.python3\build\cmakefiles\core\tools\bci2000certification\bci2000certificationanalysis\bci2000certanalysis.dir\release\bci2000c.e33cff1e.tlog\custombuild.command.1.tlog
c:\bci2000.python3\build\cmakefiles\core\tools\bci2000certification\bci2000certificationanalysis\bci2000certanalysis.dir\release\bci2000c.e33cff1e.tlog\custombuild.read.1.tlog
c:\bci2000.python3\build\cmakefiles\core\tools\bci2000certification\bci2000certificationanalysis\bci2000certanalysis.dir\release\bci2000c.e33cff1e.tlog\custombuild.write.1.tlog
c:\bci2000.python3\build\cmakefiles\core\tools\bci2000certification\bci2000certificationanalysis\bci2000certanalysis.dir\release\bci2000c.e33cff1e.tlog\link.command.1.tlog
c:\bci2000.python3\build\cmakefiles\core\tools\bci2000certification\bci2000certificationanalysis\bci2000certanalysis.dir\release\bci2000c.e33cff1e.tlog\link.read.1.tlog
c:\bci2000.python3\build\cmakefiles\core\tools\bci2000certification\bci2000certificationanalysis\bci2000certanalysis.dir\release\bci2000c.e33cff1e.tlog\link.write.1.tlog
c:\bci2000.python3\build\cmakefiles\core\tools\bci2000certification\bci2000certificationanalysis\bci2000certanalysis.dir\release\bci2000c.e33cff1e.tlog\rc.command.1.tlog
c:\bci2000.python3\build\cmakefiles\core\tools\bci2000certification\bci2000certificationanalysis\bci2000certanalysis.dir\release\bci2000c.e33cff1e.tlog\rc.read.1.tlog
c:\bci2000.python3\build\cmakefiles\core\tools\bci2000certification\bci2000certificationanalysis\bci2000certanalysis.dir\release\bci2000c.e33cff1e.tlog\rc.write.1.tlog
