  Generating ui_bci2000fileinfo.h
  Generating ui_PrefDialog.h
  Generating ui_ConfigWindow.h
  Generating ui_EditMatrix.h
  Generating ui_ShowParameters.h
  Generating moc_bci2000fileinfo.cpp
  Generating __/__/Operator/OperatorQt/moc_PrefDialog.cpp
  Generating __/__/Operator/OperatorQt/moc_ConfigWindow.cpp
  Generating __/__/Operator/OperatorQt/moc_EditMatrix.cpp
  Generating __/__/Operator/OperatorQt/moc_ShowParameters.cpp
  Generating __/__/Operator/OperatorQt/moc_ParamDisplay.cpp
  CorePCH.cpp
  main.cpp
  bci2000fileinfo.cpp
  PrefDialog.cpp
  ConfigWindow.cpp
  EditMatrix.cpp
  ShowParameters.cpp
  Preferences.cpp
  OperatorUtils.cpp
  ParsedComment.cpp
  ParamDisplay.cpp
  ExecutableHelp.cpp
  BCIStream_guiapp.cpp
  AboutBox.cpp
  Settings.cpp
  ColorListChooser.cpp
  QtMain.cpp
  QtMessageHandler.cpp
  moc_bci2000fileinfo.cpp
  moc_PrefDialog.cpp
  moc_ConfigWindow.cpp
  Generating Code...
  Compiling...
  moc_EditMatrix.cpp
  moc_ShowParameters.cpp
  moc_ParamDisplay.cpp
  Version.cpp
  WinMain.cpp
  Generating Code...
  BCI2000FileInfo.vcxproj -> C:\BCI2000.python3\build\CMakeFiles\core\Tools\BCI2000FileInfoQt\Release\BCI2000FileInfo.exe
  	Deploying executable
  copying files:
  Copying BCI2000FileInfo.exe ...
  Copying Qt5Gui.dll ...
  Copying Qt5Widgets.dll ...
  Copying Qt5Core.dll ...
  Copying msvcp140.dll ...
  Copying vcruntime140.dll ...
  Copying qwindows.dll ...
  Done.
