c:\bci2000.python3\build\cmakefiles\core\tools\bci2000fileinfoqt\release\bci2000fileinfo_core.pch
c:\bci2000.python3\build\cmakefiles\core\tools\bci2000fileinfoqt\bci2000fileinfo.dir\release\corepch.obj
c:\bci2000.python3\build\cmakefiles\core\tools\bci2000fileinfoqt\bci2000fileinfo.dir\release\moc_configwindow.obj
c:\bci2000.python3\build\cmakefiles\core\tools\bci2000fileinfoqt\bci2000fileinfo.dir\release\moc_prefdialog.obj
c:\bci2000.python3\build\cmakefiles\core\tools\bci2000fileinfoqt\bci2000fileinfo.dir\release\moc_bci2000fileinfo.obj
c:\bci2000.python3\build\cmakefiles\core\tools\bci2000fileinfoqt\bci2000fileinfo.dir\release\qtmessagehandler.obj
c:\bci2000.python3\build\cmakefiles\core\tools\bci2000fileinfoqt\bci2000fileinfo.dir\release\qtmain.obj
c:\bci2000.python3\build\cmakefiles\core\tools\bci2000fileinfoqt\bci2000fileinfo.dir\release\colorlistchooser.obj
c:\bci2000.python3\build\cmakefiles\core\tools\bci2000fileinfoqt\bci2000fileinfo.dir\release\settings.obj
c:\bci2000.python3\build\cmakefiles\core\tools\bci2000fileinfoqt\bci2000fileinfo.dir\release\aboutbox.obj
c:\bci2000.python3\build\cmakefiles\core\tools\bci2000fileinfoqt\bci2000fileinfo.dir\release\bcistream_guiapp.obj
c:\bci2000.python3\build\cmakefiles\core\tools\bci2000fileinfoqt\bci2000fileinfo.dir\release\executablehelp.obj
c:\bci2000.python3\build\cmakefiles\core\tools\bci2000fileinfoqt\bci2000fileinfo.dir\release\paramdisplay.obj
c:\bci2000.python3\build\cmakefiles\core\tools\bci2000fileinfoqt\bci2000fileinfo.dir\release\parsedcomment.obj
c:\bci2000.python3\build\cmakefiles\core\tools\bci2000fileinfoqt\bci2000fileinfo.dir\release\operatorutils.obj
c:\bci2000.python3\build\cmakefiles\core\tools\bci2000fileinfoqt\bci2000fileinfo.dir\release\preferences.obj
c:\bci2000.python3\build\cmakefiles\core\tools\bci2000fileinfoqt\bci2000fileinfo.dir\release\showparameters.obj
c:\bci2000.python3\build\cmakefiles\core\tools\bci2000fileinfoqt\bci2000fileinfo.dir\release\editmatrix.obj
c:\bci2000.python3\build\cmakefiles\core\tools\bci2000fileinfoqt\bci2000fileinfo.dir\release\configwindow.obj
c:\bci2000.python3\build\cmakefiles\core\tools\bci2000fileinfoqt\bci2000fileinfo.dir\release\prefdialog.obj
c:\bci2000.python3\build\cmakefiles\core\tools\bci2000fileinfoqt\bci2000fileinfo.dir\release\bci2000fileinfo.obj
c:\bci2000.python3\build\cmakefiles\core\tools\bci2000fileinfoqt\bci2000fileinfo.dir\release\main.obj
c:\bci2000.python3\build\cmakefiles\core\tools\bci2000fileinfoqt\bci2000fileinfo.dir\release\winmain.obj
c:\bci2000.python3\build\cmakefiles\core\tools\bci2000fileinfoqt\bci2000fileinfo.dir\release\version.obj
c:\bci2000.python3\build\cmakefiles\core\tools\bci2000fileinfoqt\bci2000fileinfo.dir\release\moc_paramdisplay.obj
c:\bci2000.python3\build\cmakefiles\core\tools\bci2000fileinfoqt\bci2000fileinfo.dir\release\moc_showparameters.obj
c:\bci2000.python3\build\cmakefiles\core\tools\bci2000fileinfoqt\bci2000fileinfo.dir\release\moc_editmatrix.obj
c:\bci2000.python3\build\cmakefiles\core\tools\bci2000fileinfoqt\ui_bci2000fileinfo.h
c:\bci2000.python3\build\cmakefiles\core\tools\bci2000fileinfoqt\ui_prefdialog.h
c:\bci2000.python3\build\cmakefiles\core\tools\bci2000fileinfoqt\ui_configwindow.h
c:\bci2000.python3\build\cmakefiles\core\tools\bci2000fileinfoqt\ui_editmatrix.h
c:\bci2000.python3\build\cmakefiles\core\tools\bci2000fileinfoqt\ui_showparameters.h
c:\bci2000.python3\build\cmakefiles\core\tools\bci2000fileinfoqt\moc_bci2000fileinfo.cpp
c:\bci2000.python3\build\cmakefiles\core\tools\bci2000fileinfoqt\__\__\operator\operatorqt\moc_prefdialog.cpp
c:\bci2000.python3\build\cmakefiles\core\tools\bci2000fileinfoqt\__\__\operator\operatorqt\moc_configwindow.cpp
c:\bci2000.python3\build\cmakefiles\core\tools\bci2000fileinfoqt\__\__\operator\operatorqt\moc_editmatrix.cpp
c:\bci2000.python3\build\cmakefiles\core\tools\bci2000fileinfoqt\__\__\operator\operatorqt\moc_showparameters.cpp
c:\bci2000.python3\build\cmakefiles\core\tools\bci2000fileinfoqt\__\__\operator\operatorqt\moc_paramdisplay.cpp
c:\bci2000.python3\build\cmakefiles\core\tools\bci2000fileinfoqt\release\bci2000fileinfo.exe
c:\bci2000.python3\build\cmakefiles\core\tools\bci2000fileinfoqt\bci2000fileinfo.dir\release\version.res
c:\bci2000.python3\build\cmakefiles\core\tools\bci2000fileinfoqt\bci2000fileinfo.dir\release\appicon.res
c:\bci2000.python3\build\cmakefiles\core\tools\bci2000fileinfoqt\bci2000fileinfo.dir\release\bci2000fileinfo.tlog\cl.command.1.tlog
c:\bci2000.python3\build\cmakefiles\core\tools\bci2000fileinfoqt\bci2000fileinfo.dir\release\bci2000fileinfo.tlog\cl.read.1.tlog
c:\bci2000.python3\build\cmakefiles\core\tools\bci2000fileinfoqt\bci2000fileinfo.dir\release\bci2000fileinfo.tlog\cl.write.1.tlog
c:\bci2000.python3\build\cmakefiles\core\tools\bci2000fileinfoqt\bci2000fileinfo.dir\release\bci2000fileinfo.tlog\custombuild.command.1.tlog
c:\bci2000.python3\build\cmakefiles\core\tools\bci2000fileinfoqt\bci2000fileinfo.dir\release\bci2000fileinfo.tlog\custombuild.read.1.tlog
c:\bci2000.python3\build\cmakefiles\core\tools\bci2000fileinfoqt\bci2000fileinfo.dir\release\bci2000fileinfo.tlog\custombuild.write.1.tlog
c:\bci2000.python3\build\cmakefiles\core\tools\bci2000fileinfoqt\bci2000fileinfo.dir\release\bci2000fileinfo.tlog\link.command.1.tlog
c:\bci2000.python3\build\cmakefiles\core\tools\bci2000fileinfoqt\bci2000fileinfo.dir\release\bci2000fileinfo.tlog\link.read.1.tlog
c:\bci2000.python3\build\cmakefiles\core\tools\bci2000fileinfoqt\bci2000fileinfo.dir\release\bci2000fileinfo.tlog\link.write.1.tlog
c:\bci2000.python3\build\cmakefiles\core\tools\bci2000fileinfoqt\bci2000fileinfo.dir\release\bci2000fileinfo.tlog\rc.command.1.tlog
c:\bci2000.python3\build\cmakefiles\core\tools\bci2000fileinfoqt\bci2000fileinfo.dir\release\bci2000fileinfo.tlog\rc.read.1.tlog
c:\bci2000.python3\build\cmakefiles\core\tools\bci2000fileinfoqt\bci2000fileinfo.dir\release\bci2000fileinfo.tlog\rc.write.1.tlog
