c:\bci2000.python3\build\cmakefiles\contrib\signalsource\nidaq-mx\release\nidaq_mx_source_core.pch
c:\bci2000.python3\build\cmakefiles\contrib\signalsource\nidaq-mx\nidaq_mx_source.dir\release\corepch.obj
c:\bci2000.python3\build\cmakefiles\contrib\signalsource\nidaq-mx\nidaq_mx_source.dir\release\winmain.obj
c:\bci2000.python3\build\cmakefiles\contrib\signalsource\nidaq-mx\nidaq_mx_source.dir\release\version.obj
c:\bci2000.python3\build\cmakefiles\contrib\signalsource\nidaq-mx\nidaq_mx_source.dir\release\bcistream_module.obj
c:\bci2000.python3\build\cmakefiles\contrib\signalsource\nidaq-mx\nidaq_mx_source.dir\release\coremodule.obj
c:\bci2000.python3\build\cmakefiles\contrib\signalsource\nidaq-mx\nidaq_mx_source.dir\release\coremain.obj
c:\bci2000.python3\build\cmakefiles\contrib\signalsource\nidaq-mx\nidaq_mx_source.dir\release\nidaqmx.imports.obj
c:\bci2000.python3\build\cmakefiles\contrib\signalsource\nidaq-mx\nidaq_mx_source.dir\release\nidaqlogger.obj
c:\bci2000.python3\build\cmakefiles\contrib\signalsource\nidaq-mx\nidaq_mx_source.dir\release\nidaqfilter.obj
c:\bci2000.python3\build\cmakefiles\contrib\signalsource\nidaq-mx\nidaq_mx_source.dir\release\niadc.obj
c:\bci2000.python3\build\cmakefiles\contrib\signalsource\nidaq-mx\cmakefiles\generate.stamp
c:\bci2000.python3\build\cmakefiles\contrib\signalsource\nidaq-mx\release\nidaq_mx_source.exe
c:\bci2000.python3\build\cmakefiles\contrib\signalsource\nidaq-mx\nidaq_mx_source.dir\release\version.res
c:\bci2000.python3\build\cmakefiles\contrib\signalsource\nidaq-mx\nidaq_mx_source.dir\release\appicon.res
c:\bci2000.python3\build\cmakefiles\contrib\signalsource\nidaq-mx\nidaq_mx_source.dir\release\nidaq_mx_source.tlog\cl.command.1.tlog
c:\bci2000.python3\build\cmakefiles\contrib\signalsource\nidaq-mx\nidaq_mx_source.dir\release\nidaq_mx_source.tlog\cl.read.1.tlog
c:\bci2000.python3\build\cmakefiles\contrib\signalsource\nidaq-mx\nidaq_mx_source.dir\release\nidaq_mx_source.tlog\cl.write.1.tlog
c:\bci2000.python3\build\cmakefiles\contrib\signalsource\nidaq-mx\nidaq_mx_source.dir\release\nidaq_mx_source.tlog\custombuild.command.1.tlog
c:\bci2000.python3\build\cmakefiles\contrib\signalsource\nidaq-mx\nidaq_mx_source.dir\release\nidaq_mx_source.tlog\custombuild.read.1.tlog
c:\bci2000.python3\build\cmakefiles\contrib\signalsource\nidaq-mx\nidaq_mx_source.dir\release\nidaq_mx_source.tlog\custombuild.write.1.tlog
c:\bci2000.python3\build\cmakefiles\contrib\signalsource\nidaq-mx\nidaq_mx_source.dir\release\nidaq_mx_source.tlog\link.command.1.tlog
c:\bci2000.python3\build\cmakefiles\contrib\signalsource\nidaq-mx\nidaq_mx_source.dir\release\nidaq_mx_source.tlog\link.read.1.tlog
c:\bci2000.python3\build\cmakefiles\contrib\signalsource\nidaq-mx\nidaq_mx_source.dir\release\nidaq_mx_source.tlog\link.write.1.tlog
c:\bci2000.python3\build\cmakefiles\contrib\signalsource\nidaq-mx\nidaq_mx_source.dir\release\nidaq_mx_source.tlog\rc.command.1.tlog
c:\bci2000.python3\build\cmakefiles\contrib\signalsource\nidaq-mx\nidaq_mx_source.dir\release\nidaq_mx_source.tlog\rc.read.1.tlog
c:\bci2000.python3\build\cmakefiles\contrib\signalsource\nidaq-mx\nidaq_mx_source.dir\release\nidaq_mx_source.tlog\rc.write.1.tlog
