c:\bci2000.python3\build\cmakefiles\contrib\bcpy2000\foundation\application\release\pythonapplication_core.pch
c:\bci2000.python3\build\cmakefiles\contrib\bcpy2000\foundation\application\pythonapplication.dir\release\corepch.obj
c:\bci2000.python3\build\cmakefiles\contrib\bcpy2000\foundation\application\pythonapplication.dir\release\winmain.obj
c:\bci2000.python3\build\cmakefiles\contrib\bcpy2000\foundation\application\pythonapplication.dir\release\version.obj
c:\bci2000.python3\build\cmakefiles\contrib\bcpy2000\foundation\application\pythonapplication.dir\release\qtmessagehandler.obj
c:\bci2000.python3\build\cmakefiles\contrib\bcpy2000\foundation\application\pythonapplication.dir\release\coremodule_qt.obj
c:\bci2000.python3\build\cmakefiles\contrib\bcpy2000\foundation\application\pythonapplication.dir\release\bcistream_module.obj
c:\bci2000.python3\build\cmakefiles\contrib\bcpy2000\foundation\application\pythonapplication.dir\release\coremodule.obj
c:\bci2000.python3\build\cmakefiles\contrib\bcpy2000\foundation\application\pythonapplication.dir\release\pythonapplication.obj
c:\bci2000.python3\build\cmakefiles\contrib\bcpy2000\foundation\application\pythonapplication.dir\release\pythonwrapper.obj
c:\bci2000.python3\build\cmakefiles\contrib\bcpy2000\foundation\application\pythonapplication.dir\release\pythonfilter.obj
c:\bci2000.python3\build\cmakefiles\contrib\bcpy2000\foundation\application\cmakefiles\generate.stamp
c:\bci2000.python3\build\cmakefiles\contrib\bcpy2000\foundation\application\release\pythonapplication.exe
c:\bci2000.python3\build\cmakefiles\contrib\bcpy2000\foundation\application\pythonapplication.dir\release\version.res
c:\bci2000.python3\build\cmakefiles\contrib\bcpy2000\foundation\application\pythonapplication.dir\release\appicon.res
c:\bci2000.python3\build\cmakefiles\contrib\bcpy2000\foundation\application\pythonapplication.dir\release\pythonap.328d9e81.tlog\cl.command.1.tlog
c:\bci2000.python3\build\cmakefiles\contrib\bcpy2000\foundation\application\pythonapplication.dir\release\pythonap.328d9e81.tlog\cl.read.1.tlog
c:\bci2000.python3\build\cmakefiles\contrib\bcpy2000\foundation\application\pythonapplication.dir\release\pythonap.328d9e81.tlog\cl.write.1.tlog
c:\bci2000.python3\build\cmakefiles\contrib\bcpy2000\foundation\application\pythonapplication.dir\release\pythonap.328d9e81.tlog\custombuild.command.1.tlog
c:\bci2000.python3\build\cmakefiles\contrib\bcpy2000\foundation\application\pythonapplication.dir\release\pythonap.328d9e81.tlog\custombuild.read.1.tlog
c:\bci2000.python3\build\cmakefiles\contrib\bcpy2000\foundation\application\pythonapplication.dir\release\pythonap.328d9e81.tlog\custombuild.write.1.tlog
c:\bci2000.python3\build\cmakefiles\contrib\bcpy2000\foundation\application\pythonapplication.dir\release\pythonap.328d9e81.tlog\link.command.1.tlog
c:\bci2000.python3\build\cmakefiles\contrib\bcpy2000\foundation\application\pythonapplication.dir\release\pythonap.328d9e81.tlog\link.read.1.tlog
c:\bci2000.python3\build\cmakefiles\contrib\bcpy2000\foundation\application\pythonapplication.dir\release\pythonap.328d9e81.tlog\link.write.1.tlog
c:\bci2000.python3\build\cmakefiles\contrib\bcpy2000\foundation\application\pythonapplication.dir\release\pythonap.328d9e81.tlog\rc.command.1.tlog
c:\bci2000.python3\build\cmakefiles\contrib\bcpy2000\foundation\application\pythonapplication.dir\release\pythonap.328d9e81.tlog\rc.read.1.tlog
c:\bci2000.python3\build\cmakefiles\contrib\bcpy2000\foundation\application\pythonapplication.dir\release\pythonap.328d9e81.tlog\rc.write.1.tlog
