  Building Custom Rule C:/BCI2000.python3/src/contrib/BCPy2000/foundation/Application/CMakeLists.txt
  CMake does not need to re-run because C:/BCI2000.python3/build/CMakeFiles/contrib/BCPy2000/foundation/Application/CMakeFiles/generate.stamp is up-to-date.
  CorePCH.cpp
  PythonFilter.cpp
  PythonWrapper.cpp
  PythonApplication.cpp
  CoreModule.cpp
  BCIStream_module.cpp
  CoreModule_Qt.cpp
  QtMessageHandler.cpp
  Version.cpp
  WinMain.cpp
  Generating Code...
  PythonApplication.vcxproj -> C:\BCI2000.python3\build\CMakeFiles\contrib\BCPy2000\foundation\Application\Release\PythonApplication.exe
  	Deploying executable
  copying files:
  Copying PythonApplication.exe ...
  Copying Qt5Gui.dll ...
  Copying Qt5Widgets.dll ...
  Copying Qt5Core.dll ...
  Copying msvcp140.dll ...
  Copying vcruntime140.dll ...
  Copying qwindows.dll ...
  Done.
