  DefaultInput.bciscript.res.cpp
  Init.bciscript.res.cpp
  LatencyAnalysis.bciscript.res.cpp
  LatencyRequirements.bcireq.res.cpp
  VideoFrameAnalysis.bciscript.res.cpp
  VideoFrameRequirements.bcireq.res.cpp
  moc_ScriptEditor.cpp
  moc_QtSignalConnector.cpp
  moc_AnalysisGui.cpp
  Version.cpp
  AnalysisGui.cpp
  Analyzer.cpp
  QtMain.cpp
  Generating Code...
  BCI2000CertAnalysis.vcxproj -> C:\BCI2000.python3\build\CMakeFiles\core\Tools\BCI2000Certification\BCI2000CertificationAnalysis\Debug\BCI2000CertAnalysis.exe
  	Deploying executable
  copying files:
  Copying BCI2000CertAnalysis.exe ...
  Copying Qt5Guid.dll ...
  Copying Qt5Widgetsd.dll ...
  Copying Qt5Cored.dll ...
  Copying msvcp140d.dll ...
  Copying vcruntime140d.dll ...
  Copying qwindowsd.dll ...
  Done.
