c:\bci2000.python3\build\cmakefiles\frameworks\libtiny\dynamiccrt\libtiny_dynamiccrt.dir\release\stringutils.obj
c:\bci2000.python3\build\cmakefiles\frameworks\libtiny\dynamiccrt\libtiny_dynamiccrt.dir\release\sharedmemory.obj
c:\bci2000.python3\build\cmakefiles\frameworks\libtiny\dynamiccrt\libtiny_dynamiccrt.dir\release\syserror.obj
c:\bci2000.python3\build\cmakefiles\frameworks\libtiny\dynamiccrt\libtiny_dynamiccrt.dir\release\dylibimports.obj
c:\bci2000.python3\build\cmakefiles\frameworks\libtiny\dynamiccrt\libtiny_dynamiccrt.dir\release\fileutils.obj
c:\bci2000.python3\build\cmakefiles\frameworks\libtiny\dynamiccrt\libtiny_dynamiccrt.dir\release\filepath.obj
c:\bci2000.python3\build\cmakefiles\frameworks\libtiny\dynamiccrt\libtiny_dynamiccrt.dir\release\processutils.obj
c:\bci2000.python3\build\cmakefiles\frameworks\libtiny\dynamiccrt\libtiny_dynamiccrt.dir\release\childprocess.obj
c:\bci2000.python3\build\cmakefiles\frameworks\libtiny\dynamiccrt\libtiny_dynamiccrt.dir\release\threadutils.obj
c:\bci2000.python3\build\cmakefiles\frameworks\libtiny\dynamiccrt\libtiny_dynamiccrt.dir\release\threadlocal.obj
c:\bci2000.python3\build\cmakefiles\frameworks\libtiny\dynamiccrt\libtiny_dynamiccrt.dir\release\reusablethread.obj
c:\bci2000.python3\build\cmakefiles\frameworks\libtiny\dynamiccrt\libtiny_dynamiccrt.dir\release\thread.obj
c:\bci2000.python3\build\cmakefiles\frameworks\libtiny\dynamiccrt\libtiny_dynamiccrt.dir\release\waitableimplementation.obj
c:\bci2000.python3\build\cmakefiles\frameworks\libtiny\dynamiccrt\libtiny_dynamiccrt.dir\release\semaphore.obj
c:\bci2000.python3\build\cmakefiles\frameworks\libtiny\dynamiccrt\libtiny_dynamiccrt.dir\release\waitableevent.obj
c:\bci2000.python3\build\cmakefiles\frameworks\libtiny\dynamiccrt\libtiny_dynamiccrt.dir\release\waitable.obj
c:\bci2000.python3\build\cmakefiles\frameworks\libtiny\dynamiccrt\libtiny_dynamiccrt.dir\release\selfpipe.obj
c:\bci2000.python3\build\cmakefiles\frameworks\libtiny\dynamiccrt\libtiny_dynamiccrt.dir\release\mutex.obj
c:\bci2000.python3\build\cmakefiles\frameworks\libtiny\dynamiccrt\libtiny_dynamiccrt.dir\release\broadcaster.obj
c:\bci2000.python3\build\cmakefiles\frameworks\libtiny\dynamiccrt\libtiny_dynamiccrt.dir\release\lockable.obj
c:\bci2000.python3\build\cmakefiles\frameworks\libtiny\dynamiccrt\libtiny_dynamiccrt.dir\release\ratio.obj
c:\bci2000.python3\build\cmakefiles\frameworks\libtiny\dynamiccrt\libtiny_dynamiccrt.dir\release\binarydata.obj
c:\bci2000.python3\build\cmakefiles\frameworks\libtiny\dynamiccrt\libtiny_dynamiccrt.dir\release\lcrandomgenerator.obj
c:\bci2000.python3\build\cmakefiles\frameworks\libtiny\dynamiccrt\libtiny_dynamiccrt.dir\release\debugging.obj
c:\bci2000.python3\build\cmakefiles\frameworks\libtiny\dynamiccrt\libtiny_dynamiccrt.dir\release\exception.obj
c:\bci2000.python3\build\cmakefiles\frameworks\libtiny\dynamiccrt\libtiny_dynamiccrt.dir\release\exceptioncatcher.obj
c:\bci2000.python3\build\cmakefiles\frameworks\libtiny\dynamiccrt\libtiny_dynamiccrt.dir\release\filemapping.obj
c:\bci2000.python3\build\cmakefiles\frameworks\libtiny\dynamiccrt\libtiny_dynamiccrt.dir\release\files.obj
c:\bci2000.python3\build\cmakefiles\frameworks\libtiny\dynamiccrt\libtiny_dynamiccrt.dir\release\sockets.obj
c:\bci2000.python3\build\cmakefiles\frameworks\libtiny\dynamiccrt\libtiny_dynamiccrt.dir\release\fdobject.obj
c:\bci2000.python3\build\cmakefiles\frameworks\libtiny\dynamiccrt\libtiny_dynamiccrt.dir\release\memorybuffer.obj
c:\bci2000.python3\build\cmakefiles\frameworks\libtiny\dynamiccrt\libtiny_dynamiccrt.dir\release\sockstream.obj
c:\bci2000.python3\build\cmakefiles\frameworks\libtiny\dynamiccrt\libtiny_dynamiccrt.dir\release\streambuf.obj
c:\bci2000.python3\build\cmakefiles\frameworks\libtiny\dynamiccrt\libtiny_dynamiccrt.dir\release\ioobjects.obj
c:\bci2000.python3\build\cmakefiles\frameworks\libtiny\dynamiccrt\libtiny_dynamiccrt.dir\release\clock.obj
c:\bci2000.python3\build\cmakefiles\frameworks\libtiny\dynamiccrt\libtiny_dynamiccrt.dir\release\timeutils.obj
c:\bci2000.python3\build\cmakefiles\frameworks\libtiny\dynamiccrt\libtiny_dynamiccrt.dir\release\envvariable.obj
c:\bci2000.python3\build\cmakefiles\frameworks\libtiny\dynamiccrt\libtiny_dynamiccrt.dir\release\wildcardmatch.obj
c:\bci2000.python3\build\cmakefiles\frameworks\libtiny\dynamiccrt\libtiny_dynamiccrt.dir\release\classname.obj
c:\bci2000.python3\build\cmakefiles\frameworks\libtiny\dynamiccrt\libtiny_dynamiccrt.dir\release\escapedstring.obj
c:\bci2000.python3\build\cmakefiles\frameworks\libtiny\dynamiccrt\libtiny_dynamiccrt.dir\release\peheader.obj
c:\bci2000.python3\build\cmakefiles\frameworks\libtiny\dynamiccrt\libtiny_dynamiccrt.dir\release\msvc_stdlib.obj
c:\bci2000.python3\build\cmakefiles\frameworks\libtiny\dynamiccrt\cmakefiles\generate.stamp
c:\bci2000.python3\build\cmakefiles\frameworks\libtiny\dynamiccrt\release\libtiny_dynamiccrt.lib
c:\bci2000.python3\build\cmakefiles\frameworks\libtiny\dynamiccrt\libtiny_dynamiccrt.dir\release\libtiny_.cd62784c.tlog\cl.command.1.tlog
c:\bci2000.python3\build\cmakefiles\frameworks\libtiny\dynamiccrt\libtiny_dynamiccrt.dir\release\libtiny_.cd62784c.tlog\cl.read.1.tlog
c:\bci2000.python3\build\cmakefiles\frameworks\libtiny\dynamiccrt\libtiny_dynamiccrt.dir\release\libtiny_.cd62784c.tlog\cl.write.1.tlog
c:\bci2000.python3\build\cmakefiles\frameworks\libtiny\dynamiccrt\libtiny_dynamiccrt.dir\release\libtiny_.cd62784c.tlog\custombuild.command.1.tlog
c:\bci2000.python3\build\cmakefiles\frameworks\libtiny\dynamiccrt\libtiny_dynamiccrt.dir\release\libtiny_.cd62784c.tlog\custombuild.read.1.tlog
c:\bci2000.python3\build\cmakefiles\frameworks\libtiny\dynamiccrt\libtiny_dynamiccrt.dir\release\libtiny_.cd62784c.tlog\custombuild.write.1.tlog
c:\bci2000.python3\build\cmakefiles\frameworks\libtiny\dynamiccrt\libtiny_dynamiccrt.dir\release\libtiny_.cd62784c.tlog\lib-link.read.1.tlog
c:\bci2000.python3\build\cmakefiles\frameworks\libtiny\dynamiccrt\libtiny_dynamiccrt.dir\release\libtiny_.cd62784c.tlog\lib-link.write.1.tlog
c:\bci2000.python3\build\cmakefiles\frameworks\libtiny\dynamiccrt\libtiny_dynamiccrt.dir\release\libtiny_.cd62784c.tlog\lib.command.1.tlog
