c:\bci2000.python3\build\cmakefiles\extlib\libsndfile\sndfile.dir\release\sds.obj
c:\bci2000.python3\build\cmakefiles\extlib\libsndfile\sndfile.dir\release\sd2.obj
c:\bci2000.python3\build\cmakefiles\extlib\libsndfile\sndfile.dir\release\rx2.obj
c:\bci2000.python3\build\cmakefiles\extlib\libsndfile\sndfile.dir\release\raw.obj
c:\bci2000.python3\build\cmakefiles\extlib\libsndfile\sndfile.dir\release\pvf.obj
c:\bci2000.python3\build\cmakefiles\extlib\libsndfile\sndfile.dir\release\paf.obj
c:\bci2000.python3\build\cmakefiles\extlib\libsndfile\sndfile.dir\release\nist.obj
c:\bci2000.python3\build\cmakefiles\extlib\libsndfile\sndfile.dir\release\mat5.obj
c:\bci2000.python3\build\cmakefiles\extlib\libsndfile\sndfile.dir\release\mat4.obj
c:\bci2000.python3\build\cmakefiles\extlib\libsndfile\sndfile.dir\release\macos.obj
c:\bci2000.python3\build\cmakefiles\extlib\libsndfile\sndfile.dir\release\macbinary3.obj
c:\bci2000.python3\build\cmakefiles\extlib\libsndfile\sndfile.dir\release\ircam.obj
c:\bci2000.python3\build\cmakefiles\extlib\libsndfile\sndfile.dir\release\htk.obj
c:\bci2000.python3\build\cmakefiles\extlib\libsndfile\sndfile.dir\release\flac.obj
c:\bci2000.python3\build\cmakefiles\extlib\libsndfile\sndfile.dir\release\dwd.obj
c:\bci2000.python3\build\cmakefiles\extlib\libsndfile\sndfile.dir\release\caf.obj
c:\bci2000.python3\build\cmakefiles\extlib\libsndfile\sndfile.dir\release\avr.obj
c:\bci2000.python3\build\cmakefiles\extlib\libsndfile\sndfile.dir\release\au.obj
c:\bci2000.python3\build\cmakefiles\extlib\libsndfile\sndfile.dir\release\aiff.obj
c:\bci2000.python3\build\cmakefiles\extlib\libsndfile\sndfile.dir\release\sndfile.obj
c:\bci2000.python3\build\cmakefiles\extlib\libsndfile\sndfile.dir\release\float32.obj
c:\bci2000.python3\build\cmakefiles\extlib\libsndfile\sndfile.dir\release\alaw.obj
c:\bci2000.python3\build\cmakefiles\extlib\libsndfile\sndfile.dir\release\ulaw.obj
c:\bci2000.python3\build\cmakefiles\extlib\libsndfile\sndfile.dir\release\pcm.obj
c:\bci2000.python3\build\cmakefiles\extlib\libsndfile\sndfile.dir\release\command.obj
c:\bci2000.python3\build\cmakefiles\extlib\libsndfile\sndfile.dir\release\file_io.obj
c:\bci2000.python3\build\cmakefiles\extlib\libsndfile\sndfile.dir\release\common.obj
c:\bci2000.python3\build\cmakefiles\extlib\libsndfile\sndfile.dir\release\ogg_pcm.obj
c:\bci2000.python3\build\cmakefiles\extlib\libsndfile\sndfile.dir\release\ogg_speex.obj
c:\bci2000.python3\build\cmakefiles\extlib\libsndfile\sndfile.dir\release\ogg_vorbis.obj
c:\bci2000.python3\build\cmakefiles\extlib\libsndfile\sndfile.dir\release\rf64.obj
c:\bci2000.python3\build\cmakefiles\extlib\libsndfile\sndfile.dir\release\mpc2k.obj
c:\bci2000.python3\build\cmakefiles\extlib\libsndfile\sndfile.dir\release\xi.obj
c:\bci2000.python3\build\cmakefiles\extlib\libsndfile\sndfile.dir\release\wav.obj
c:\bci2000.python3\build\cmakefiles\extlib\libsndfile\sndfile.dir\release\wav_w64.obj
c:\bci2000.python3\build\cmakefiles\extlib\libsndfile\sndfile.dir\release\w64.obj
c:\bci2000.python3\build\cmakefiles\extlib\libsndfile\sndfile.dir\release\wve.obj
c:\bci2000.python3\build\cmakefiles\extlib\libsndfile\sndfile.dir\release\voc.obj
c:\bci2000.python3\build\cmakefiles\extlib\libsndfile\sndfile.dir\release\txw.obj
c:\bci2000.python3\build\cmakefiles\extlib\libsndfile\sndfile.dir\release\svx.obj
c:\bci2000.python3\build\cmakefiles\extlib\libsndfile\sndfile.dir\release\g723_24.obj
c:\bci2000.python3\build\cmakefiles\extlib\libsndfile\sndfile.dir\release\g723_16.obj
c:\bci2000.python3\build\cmakefiles\extlib\libsndfile\sndfile.dir\release\g721.obj
c:\bci2000.python3\build\cmakefiles\extlib\libsndfile\sndfile.dir\release\id3.obj
c:\bci2000.python3\build\cmakefiles\extlib\libsndfile\sndfile.dir\release\windows.obj
c:\bci2000.python3\build\cmakefiles\extlib\libsndfile\sndfile.dir\release\chanmap.obj
c:\bci2000.python3\build\cmakefiles\extlib\libsndfile\sndfile.dir\release\ogg.obj
c:\bci2000.python3\build\cmakefiles\extlib\libsndfile\sndfile.dir\release\chunk.obj
c:\bci2000.python3\build\cmakefiles\extlib\libsndfile\sndfile.dir\release\ima_oki_adpcm.obj
c:\bci2000.python3\build\cmakefiles\extlib\libsndfile\sndfile.dir\release\audio_detect.obj
c:\bci2000.python3\build\cmakefiles\extlib\libsndfile\sndfile.dir\release\broadcast.obj
c:\bci2000.python3\build\cmakefiles\extlib\libsndfile\sndfile.dir\release\dither.obj
c:\bci2000.python3\build\cmakefiles\extlib\libsndfile\sndfile.dir\release\strings.obj
c:\bci2000.python3\build\cmakefiles\extlib\libsndfile\sndfile.dir\release\interleave.obj
c:\bci2000.python3\build\cmakefiles\extlib\libsndfile\sndfile.dir\release\vox_adpcm.obj
c:\bci2000.python3\build\cmakefiles\extlib\libsndfile\sndfile.dir\release\dwvw.obj
c:\bci2000.python3\build\cmakefiles\extlib\libsndfile\sndfile.dir\release\gsm610.obj
c:\bci2000.python3\build\cmakefiles\extlib\libsndfile\sndfile.dir\release\ms_adpcm.obj
c:\bci2000.python3\build\cmakefiles\extlib\libsndfile\sndfile.dir\release\ima_adpcm.obj
c:\bci2000.python3\build\cmakefiles\extlib\libsndfile\sndfile.dir\release\double64.obj
c:\bci2000.python3\build\cmakefiles\extlib\libsndfile\sndfile.dir\release\table.obj
c:\bci2000.python3\build\cmakefiles\extlib\libsndfile\sndfile.dir\release\short_term.obj
c:\bci2000.python3\build\cmakefiles\extlib\libsndfile\sndfile.dir\release\rpe.obj
c:\bci2000.python3\build\cmakefiles\extlib\libsndfile\sndfile.dir\release\preprocess.obj
c:\bci2000.python3\build\cmakefiles\extlib\libsndfile\sndfile.dir\release\lpc.obj
c:\bci2000.python3\build\cmakefiles\extlib\libsndfile\sndfile.dir\release\long_term.obj
c:\bci2000.python3\build\cmakefiles\extlib\libsndfile\sndfile.dir\release\gsm_option.obj
c:\bci2000.python3\build\cmakefiles\extlib\libsndfile\sndfile.dir\release\gsm_encode.obj
c:\bci2000.python3\build\cmakefiles\extlib\libsndfile\sndfile.dir\release\gsm_destroy.obj
c:\bci2000.python3\build\cmakefiles\extlib\libsndfile\sndfile.dir\release\gsm_decode.obj
c:\bci2000.python3\build\cmakefiles\extlib\libsndfile\sndfile.dir\release\gsm_create.obj
c:\bci2000.python3\build\cmakefiles\extlib\libsndfile\sndfile.dir\release\decode.obj
c:\bci2000.python3\build\cmakefiles\extlib\libsndfile\sndfile.dir\release\code.obj
c:\bci2000.python3\build\cmakefiles\extlib\libsndfile\sndfile.dir\release\add.obj
c:\bci2000.python3\build\cmakefiles\extlib\libsndfile\sndfile.dir\release\g723_40.obj
c:\bci2000.python3\build\cmakefiles\extlib\libsndfile\sndfile.dir\release\libsndfile-1.0.25\src\g72x.c.obj
c:\bci2000.python3\build\cmakefiles\extlib\libsndfile\sndfile.dir\release\libsndfile-1.0.25\src\g72x\g72x.c.obj
c:\bci2000.python3\build\cmakefiles\extlib\libsndfile\cmakefiles\generate.stamp
c:\bci2000.python3\build\cmakefiles\extlib\libsndfile\release\sndfile.lib
c:\bci2000.python3\build\cmakefiles\extlib\libsndfile\sndfile.dir\release\sndfile.tlog\cl.command.1.tlog
c:\bci2000.python3\build\cmakefiles\extlib\libsndfile\sndfile.dir\release\sndfile.tlog\cl.read.1.tlog
c:\bci2000.python3\build\cmakefiles\extlib\libsndfile\sndfile.dir\release\sndfile.tlog\cl.write.1.tlog
c:\bci2000.python3\build\cmakefiles\extlib\libsndfile\sndfile.dir\release\sndfile.tlog\custombuild.command.1.tlog
c:\bci2000.python3\build\cmakefiles\extlib\libsndfile\sndfile.dir\release\sndfile.tlog\custombuild.read.1.tlog
c:\bci2000.python3\build\cmakefiles\extlib\libsndfile\sndfile.dir\release\sndfile.tlog\custombuild.write.1.tlog
c:\bci2000.python3\build\cmakefiles\extlib\libsndfile\sndfile.dir\release\sndfile.tlog\lib-link.read.1.tlog
c:\bci2000.python3\build\cmakefiles\extlib\libsndfile\sndfile.dir\release\sndfile.tlog\lib-link.write.1.tlog
c:\bci2000.python3\build\cmakefiles\extlib\libsndfile\sndfile.dir\release\sndfile.tlog\lib.command.1.tlog
