  sndfile.c
  aiff.c
  au.c
  avr.c
  caf.c
  dwd.c
  flac.c
  htk.c
  ircam.c
  macbinary3.c
  macos.c
  mat4.c
  mat5.c
  nist.c
  paf.c
  pvf.c
  raw.c
  rx2.c
  sd2.c
  sds.c
  Generating Code...
  Compiling...
  svx.c
  txw.c
  voc.c
  wve.c
  w64.c
  wav_w64.c
  wav.c
  xi.c
  mpc2k.c
  rf64.c
  ogg_vorbis.c
  ogg_speex.c
  ogg_pcm.c
  common.c
  file_io.c
  command.c
  pcm.c
  ulaw.c
  alaw.c
  float32.c
  Generating Code...
  Compiling...
  double64.c
  ima_adpcm.c
  ms_adpcm.c
  gsm610.c
  dwvw.c
  vox_adpcm.c
  interleave.c
  strings.c
  dither.c
  broadcast.c
  audio_detect.c
  ima_oki_adpcm.c
  chunk.c
  ogg.c
  chanmap.c
  windows.c
  id3.c
  g721.c
  g723_16.c
  g723_24.c
  Generating Code...
  Compiling...
  g723_40.c
  add.c
  code.c
  decode.c
  gsm_create.c
  gsm_decode.c
  gsm_destroy.c
  gsm_encode.c
  gsm_option.c
  long_term.c
  lpc.c
  preprocess.c
  rpe.c
  short_term.c
  table.c
  Generating Code...
  g72x.c
  g72x.c
  Sndfile.vcxproj -> C:\BCI2000.python3\build\CMakeFiles\extlib\libsndfile\Debug\Sndfile.lib
