  CorePCH.cpp
  VersionInfo.cpp
  LogFile.cpp
  RandomGenerator.cpp
  MeasurementUnits.cpp
  PrecisionTime.cpp
  IndexList.cpp
  EventQueue.cpp
  AsyncIODevice.cpp
  ArithmeticExpression.cpp
  Expression.cpp
  ExpressionNodes.cpp
  ExpressionParser.cpp
  GenericFilter.cpp
  ChoiceCombination.cpp
  FilterCombination.cpp
  StandaloneFilters.cpp
  MessageChannel.cpp
  CoreConnection.cpp
  BitmapImage.cpp
  Blob.cpp
  Generating Code...
  Compiling...
  Tree.cpp
  Brackets.cpp
  CfgID.cpp
  Color.cpp
  EncodedString.cpp
  GenericSignal.cpp
  GenericVisualization.cpp
  HierarchicalLabel.cpp
  Label.cpp
  LabelIndex.cpp
  Param.cpp
  ParamList.cpp
  ParamListView.cpp
  PhysicalUnit.cpp
  SignalProperties.cpp
  SignalType.cpp
  State.cpp
  StateList.cpp
  StateVector.cpp
  Status.cpp
  Generating Code...
  Compiling...
  SysCommand.cpp
  VisID.cpp
  BCIEvent.cpp
  Environment.cpp
  ParamRef.cpp
  StateRef.cpp
  BCIStream.cpp
  RunManager.cpp
  BCI2000FileReader.cpp
  SerialStream.cpp
  Generating Code...
  BCI2000FrameworkCore_DynamicCrt.vcxproj -> C:\BCI2000.python3\build\CMakeFiles\frameworks\CoreLib\DynamicCrt\Debug\BCI2000FrameworkCore_DynamicCrt.lib
