c:\bci2000.python3\build\cmakefiles\frameworks\corelib\dynamiccrt\debug\bci2000frameworkcore_dynamiccrt_core.pch
c:\bci2000.python3\build\cmakefiles\frameworks\corelib\dynamiccrt\bci2000frameworkcore_dynamiccrt.dir\debug\bci2000frameworkcore_dynamiccrt.pdb
c:\bci2000.python3\build\cmakefiles\frameworks\corelib\dynamiccrt\bci2000frameworkcore_dynamiccrt.dir\debug\corepch.obj
c:\bci2000.python3\build\cmakefiles\frameworks\corelib\dynamiccrt\bci2000frameworkcore_dynamiccrt.dir\debug\blob.obj
c:\bci2000.python3\build\cmakefiles\frameworks\corelib\dynamiccrt\bci2000frameworkcore_dynamiccrt.dir\debug\bitmapimage.obj
c:\bci2000.python3\build\cmakefiles\frameworks\corelib\dynamiccrt\bci2000frameworkcore_dynamiccrt.dir\debug\coreconnection.obj
c:\bci2000.python3\build\cmakefiles\frameworks\corelib\dynamiccrt\bci2000frameworkcore_dynamiccrt.dir\debug\messagechannel.obj
c:\bci2000.python3\build\cmakefiles\frameworks\corelib\dynamiccrt\bci2000frameworkcore_dynamiccrt.dir\debug\standalonefilters.obj
c:\bci2000.python3\build\cmakefiles\frameworks\corelib\dynamiccrt\bci2000frameworkcore_dynamiccrt.dir\debug\filtercombination.obj
c:\bci2000.python3\build\cmakefiles\frameworks\corelib\dynamiccrt\bci2000frameworkcore_dynamiccrt.dir\debug\choicecombination.obj
c:\bci2000.python3\build\cmakefiles\frameworks\corelib\dynamiccrt\bci2000frameworkcore_dynamiccrt.dir\debug\genericfilter.obj
c:\bci2000.python3\build\cmakefiles\frameworks\corelib\dynamiccrt\bci2000frameworkcore_dynamiccrt.dir\debug\expressionparser.obj
c:\bci2000.python3\build\cmakefiles\frameworks\corelib\dynamiccrt\bci2000frameworkcore_dynamiccrt.dir\debug\expressionnodes.obj
c:\bci2000.python3\build\cmakefiles\frameworks\corelib\dynamiccrt\bci2000frameworkcore_dynamiccrt.dir\debug\expression.obj
c:\bci2000.python3\build\cmakefiles\frameworks\corelib\dynamiccrt\bci2000frameworkcore_dynamiccrt.dir\debug\arithmeticexpression.obj
c:\bci2000.python3\build\cmakefiles\frameworks\corelib\dynamiccrt\bci2000frameworkcore_dynamiccrt.dir\debug\asynciodevice.obj
c:\bci2000.python3\build\cmakefiles\frameworks\corelib\dynamiccrt\bci2000frameworkcore_dynamiccrt.dir\debug\eventqueue.obj
c:\bci2000.python3\build\cmakefiles\frameworks\corelib\dynamiccrt\bci2000frameworkcore_dynamiccrt.dir\debug\indexlist.obj
c:\bci2000.python3\build\cmakefiles\frameworks\corelib\dynamiccrt\bci2000frameworkcore_dynamiccrt.dir\debug\precisiontime.obj
c:\bci2000.python3\build\cmakefiles\frameworks\corelib\dynamiccrt\bci2000frameworkcore_dynamiccrt.dir\debug\measurementunits.obj
c:\bci2000.python3\build\cmakefiles\frameworks\corelib\dynamiccrt\bci2000frameworkcore_dynamiccrt.dir\debug\randomgenerator.obj
c:\bci2000.python3\build\cmakefiles\frameworks\corelib\dynamiccrt\bci2000frameworkcore_dynamiccrt.dir\debug\logfile.obj
c:\bci2000.python3\build\cmakefiles\frameworks\corelib\dynamiccrt\bci2000frameworkcore_dynamiccrt.dir\debug\versioninfo.obj
c:\bci2000.python3\build\cmakefiles\frameworks\corelib\dynamiccrt\bci2000frameworkcore_dynamiccrt.dir\debug\status.obj
c:\bci2000.python3\build\cmakefiles\frameworks\corelib\dynamiccrt\bci2000frameworkcore_dynamiccrt.dir\debug\statevector.obj
c:\bci2000.python3\build\cmakefiles\frameworks\corelib\dynamiccrt\bci2000frameworkcore_dynamiccrt.dir\debug\statelist.obj
c:\bci2000.python3\build\cmakefiles\frameworks\corelib\dynamiccrt\bci2000frameworkcore_dynamiccrt.dir\debug\state.obj
c:\bci2000.python3\build\cmakefiles\frameworks\corelib\dynamiccrt\bci2000frameworkcore_dynamiccrt.dir\debug\signaltype.obj
c:\bci2000.python3\build\cmakefiles\frameworks\corelib\dynamiccrt\bci2000frameworkcore_dynamiccrt.dir\debug\signalproperties.obj
c:\bci2000.python3\build\cmakefiles\frameworks\corelib\dynamiccrt\bci2000frameworkcore_dynamiccrt.dir\debug\physicalunit.obj
c:\bci2000.python3\build\cmakefiles\frameworks\corelib\dynamiccrt\bci2000frameworkcore_dynamiccrt.dir\debug\paramlistview.obj
c:\bci2000.python3\build\cmakefiles\frameworks\corelib\dynamiccrt\bci2000frameworkcore_dynamiccrt.dir\debug\paramlist.obj
c:\bci2000.python3\build\cmakefiles\frameworks\corelib\dynamiccrt\bci2000frameworkcore_dynamiccrt.dir\debug\param.obj
c:\bci2000.python3\build\cmakefiles\frameworks\corelib\dynamiccrt\bci2000frameworkcore_dynamiccrt.dir\debug\labelindex.obj
c:\bci2000.python3\build\cmakefiles\frameworks\corelib\dynamiccrt\bci2000frameworkcore_dynamiccrt.dir\debug\label.obj
c:\bci2000.python3\build\cmakefiles\frameworks\corelib\dynamiccrt\bci2000frameworkcore_dynamiccrt.dir\debug\hierarchicallabel.obj
c:\bci2000.python3\build\cmakefiles\frameworks\corelib\dynamiccrt\bci2000frameworkcore_dynamiccrt.dir\debug\genericvisualization.obj
c:\bci2000.python3\build\cmakefiles\frameworks\corelib\dynamiccrt\bci2000frameworkcore_dynamiccrt.dir\debug\genericsignal.obj
c:\bci2000.python3\build\cmakefiles\frameworks\corelib\dynamiccrt\bci2000frameworkcore_dynamiccrt.dir\debug\encodedstring.obj
c:\bci2000.python3\build\cmakefiles\frameworks\corelib\dynamiccrt\bci2000frameworkcore_dynamiccrt.dir\debug\color.obj
c:\bci2000.python3\build\cmakefiles\frameworks\corelib\dynamiccrt\bci2000frameworkcore_dynamiccrt.dir\debug\cfgid.obj
c:\bci2000.python3\build\cmakefiles\frameworks\corelib\dynamiccrt\bci2000frameworkcore_dynamiccrt.dir\debug\brackets.obj
c:\bci2000.python3\build\cmakefiles\frameworks\corelib\dynamiccrt\bci2000frameworkcore_dynamiccrt.dir\debug\tree.obj
c:\bci2000.python3\build\cmakefiles\frameworks\corelib\dynamiccrt\bci2000frameworkcore_dynamiccrt.dir\debug\serialstream.obj
c:\bci2000.python3\build\cmakefiles\frameworks\corelib\dynamiccrt\bci2000frameworkcore_dynamiccrt.dir\debug\bci2000filereader.obj
c:\bci2000.python3\build\cmakefiles\frameworks\corelib\dynamiccrt\bci2000frameworkcore_dynamiccrt.dir\debug\runmanager.obj
c:\bci2000.python3\build\cmakefiles\frameworks\corelib\dynamiccrt\bci2000frameworkcore_dynamiccrt.dir\debug\bcistream.obj
c:\bci2000.python3\build\cmakefiles\frameworks\corelib\dynamiccrt\bci2000frameworkcore_dynamiccrt.dir\debug\stateref.obj
c:\bci2000.python3\build\cmakefiles\frameworks\corelib\dynamiccrt\bci2000frameworkcore_dynamiccrt.dir\debug\paramref.obj
c:\bci2000.python3\build\cmakefiles\frameworks\corelib\dynamiccrt\bci2000frameworkcore_dynamiccrt.dir\debug\environment.obj
c:\bci2000.python3\build\cmakefiles\frameworks\corelib\dynamiccrt\bci2000frameworkcore_dynamiccrt.dir\debug\bcievent.obj
c:\bci2000.python3\build\cmakefiles\frameworks\corelib\dynamiccrt\bci2000frameworkcore_dynamiccrt.dir\debug\visid.obj
c:\bci2000.python3\build\cmakefiles\frameworks\corelib\dynamiccrt\bci2000frameworkcore_dynamiccrt.dir\debug\syscommand.obj
c:\bci2000.python3\build\cmakefiles\frameworks\corelib\dynamiccrt\cmakefiles\generate.stamp
c:\bci2000.python3\build\cmakefiles\frameworks\corelib\dynamiccrt\debug\bci2000frameworkcore_dynamiccrt.lib
c:\bci2000.python3\build\cmakefiles\frameworks\corelib\dynamiccrt\debug\bci2000frameworkcore_dynamiccrt.pdb
c:\bci2000.python3\build\cmakefiles\frameworks\corelib\dynamiccrt\bci2000frameworkcore_dynamiccrt.dir\debug\bci2000f.18218554.tlog\cl.command.1.tlog
c:\bci2000.python3\build\cmakefiles\frameworks\corelib\dynamiccrt\bci2000frameworkcore_dynamiccrt.dir\debug\bci2000f.18218554.tlog\cl.read.1.tlog
c:\bci2000.python3\build\cmakefiles\frameworks\corelib\dynamiccrt\bci2000frameworkcore_dynamiccrt.dir\debug\bci2000f.18218554.tlog\cl.write.1.tlog
c:\bci2000.python3\build\cmakefiles\frameworks\corelib\dynamiccrt\bci2000frameworkcore_dynamiccrt.dir\debug\bci2000f.18218554.tlog\custombuild.command.1.tlog
c:\bci2000.python3\build\cmakefiles\frameworks\corelib\dynamiccrt\bci2000frameworkcore_dynamiccrt.dir\debug\bci2000f.18218554.tlog\custombuild.read.1.tlog
c:\bci2000.python3\build\cmakefiles\frameworks\corelib\dynamiccrt\bci2000frameworkcore_dynamiccrt.dir\debug\bci2000f.18218554.tlog\custombuild.write.1.tlog
c:\bci2000.python3\build\cmakefiles\frameworks\corelib\dynamiccrt\bci2000frameworkcore_dynamiccrt.dir\debug\bci2000f.18218554.tlog\lib-link.read.1.tlog
c:\bci2000.python3\build\cmakefiles\frameworks\corelib\dynamiccrt\bci2000frameworkcore_dynamiccrt.dir\debug\bci2000f.18218554.tlog\lib-link.write.1.tlog
c:\bci2000.python3\build\cmakefiles\frameworks\corelib\dynamiccrt\bci2000frameworkcore_dynamiccrt.dir\debug\bci2000f.18218554.tlog\lib.command.1.tlog
