c:\bci2000.python3\build\cmakefiles\contrib\signalsource\tmsi\release\tmsi_core.pch
c:\bci2000.python3\build\cmakefiles\contrib\signalsource\tmsi\tmsi.dir\release\corepch.obj
c:\bci2000.python3\build\cmakefiles\contrib\signalsource\tmsi\tmsi.dir\release\winmain.obj
c:\bci2000.python3\build\cmakefiles\contrib\signalsource\tmsi\tmsi.dir\release\version.obj
c:\bci2000.python3\build\cmakefiles\contrib\signalsource\tmsi\tmsi.dir\release\bcistream_module.obj
c:\bci2000.python3\build\cmakefiles\contrib\signalsource\tmsi\tmsi.dir\release\coremodule.obj
c:\bci2000.python3\build\cmakefiles\contrib\signalsource\tmsi\tmsi.dir\release\coremain.obj
c:\bci2000.python3\build\cmakefiles\contrib\signalsource\tmsi\tmsi.dir\release\rtdevice.obj
c:\bci2000.python3\build\cmakefiles\contrib\signalsource\tmsi\tmsi.dir\release\feature.obj
c:\bci2000.python3\build\cmakefiles\contrib\signalsource\tmsi\tmsi.dir\release\tmsiadc.obj
c:\bci2000.python3\build\cmakefiles\contrib\signalsource\tmsi\cmakefiles\generate.stamp
c:\bci2000.python3\build\cmakefiles\contrib\signalsource\tmsi\release\tmsi.exe
c:\bci2000.python3\build\cmakefiles\contrib\signalsource\tmsi\tmsi.dir\release\version.res
c:\bci2000.python3\build\cmakefiles\contrib\signalsource\tmsi\tmsi.dir\release\appicon.res
c:\bci2000.python3\build\cmakefiles\contrib\signalsource\tmsi\tmsi.dir\release\tmsi.tlog\cl.command.1.tlog
c:\bci2000.python3\build\cmakefiles\contrib\signalsource\tmsi\tmsi.dir\release\tmsi.tlog\cl.read.1.tlog
c:\bci2000.python3\build\cmakefiles\contrib\signalsource\tmsi\tmsi.dir\release\tmsi.tlog\cl.write.1.tlog
c:\bci2000.python3\build\cmakefiles\contrib\signalsource\tmsi\tmsi.dir\release\tmsi.tlog\custombuild.command.1.tlog
c:\bci2000.python3\build\cmakefiles\contrib\signalsource\tmsi\tmsi.dir\release\tmsi.tlog\custombuild.read.1.tlog
c:\bci2000.python3\build\cmakefiles\contrib\signalsource\tmsi\tmsi.dir\release\tmsi.tlog\custombuild.write.1.tlog
c:\bci2000.python3\build\cmakefiles\contrib\signalsource\tmsi\tmsi.dir\release\tmsi.tlog\link.command.1.tlog
c:\bci2000.python3\build\cmakefiles\contrib\signalsource\tmsi\tmsi.dir\release\tmsi.tlog\link.read.1.tlog
c:\bci2000.python3\build\cmakefiles\contrib\signalsource\tmsi\tmsi.dir\release\tmsi.tlog\link.write.1.tlog
c:\bci2000.python3\build\cmakefiles\contrib\signalsource\tmsi\tmsi.dir\release\tmsi.tlog\rc.command.1.tlog
c:\bci2000.python3\build\cmakefiles\contrib\signalsource\tmsi\tmsi.dir\release\tmsi.tlog\rc.read.1.tlog
c:\bci2000.python3\build\cmakefiles\contrib\signalsource\tmsi\tmsi.dir\release\tmsi.tlog\rc.write.1.tlog
