c:\bci2000.python3\build\cmakefiles\core\operator\operatorqt\release\operator_core.pch
c:\bci2000.python3\build\cmakefiles\core\operator\operatorqt\operator.dir\release\corepch.obj
c:\bci2000.python3\build\cmakefiles\core\operator\operatorqt\operator.dir\release\visdisplaybase.obj
c:\bci2000.python3\build\cmakefiles\core\operator\operatorqt\operator.dir\release\visdisplaylayer.obj
c:\bci2000.python3\build\cmakefiles\core\operator\operatorqt\operator.dir\release\visdisplaywindow.obj
c:\bci2000.python3\build\cmakefiles\core\operator\operatorqt\operator.dir\release\visdisplay.obj
c:\bci2000.python3\build\cmakefiles\core\operator\operatorqt\operator.dir\release\parsertoken.obj
c:\bci2000.python3\build\cmakefiles\core\operator\operatorqt\operator.dir\release\executablehelp.obj
c:\bci2000.python3\build\cmakefiles\core\operator\operatorqt\operator.dir\release\paramdisplay.obj
c:\bci2000.python3\build\cmakefiles\core\operator\operatorqt\operator.dir\release\parsedcomment.obj
c:\bci2000.python3\build\cmakefiles\core\operator\operatorqt\operator.dir\release\operatorutils.obj
c:\bci2000.python3\build\cmakefiles\core\operator\operatorqt\operator.dir\release\preferences.obj
c:\bci2000.python3\build\cmakefiles\core\operator\operatorqt\operator.dir\release\showparameters.obj
c:\bci2000.python3\build\cmakefiles\core\operator\operatorqt\operator.dir\release\editmatrix.obj
c:\bci2000.python3\build\cmakefiles\core\operator\operatorqt\operator.dir\release\configwindow.obj
c:\bci2000.python3\build\cmakefiles\core\operator\operatorqt\operator.dir\release\prefdialog.obj
c:\bci2000.python3\build\cmakefiles\core\operator\operatorqt\operator.dir\release\syslog.obj
c:\bci2000.python3\build\cmakefiles\core\operator\operatorqt\operator.dir\release\watcheswindow.obj
c:\bci2000.python3\build\cmakefiles\core\operator\operatorqt\operator.dir\release\showstates.obj
c:\bci2000.python3\build\cmakefiles\core\operator\operatorqt\operator.dir\release\connectioninfo.obj
c:\bci2000.python3\build\cmakefiles\core\operator\operatorqt\operator.dir\release\mainwindow.obj
c:\bci2000.python3\build\cmakefiles\core\operator\operatorqt\operator.dir\release\main.obj
c:\bci2000.python3\build\cmakefiles\core\operator\operatorqt\operator.dir\release\moc_prefdialog.obj
c:\bci2000.python3\build\cmakefiles\core\operator\operatorqt\operator.dir\release\moc_syslog.obj
c:\bci2000.python3\build\cmakefiles\core\operator\operatorqt\operator.dir\release\moc_watcheswindow.obj
c:\bci2000.python3\build\cmakefiles\core\operator\operatorqt\operator.dir\release\moc_showstates.obj
c:\bci2000.python3\build\cmakefiles\core\operator\operatorqt\operator.dir\release\moc_connectioninfo.obj
c:\bci2000.python3\build\cmakefiles\core\operator\operatorqt\operator.dir\release\moc_mainwindow.obj
c:\bci2000.python3\build\cmakefiles\core\operator\operatorqt\operator.dir\release\qtmessagehandler.obj
c:\bci2000.python3\build\cmakefiles\core\operator\operatorqt\operator.dir\release\filterdesign.obj
c:\bci2000.python3\build\cmakefiles\core\operator\operatorqt\operator.dir\release\qtmain.obj
c:\bci2000.python3\build\cmakefiles\core\operator\operatorqt\operator.dir\release\settings.obj
c:\bci2000.python3\build\cmakefiles\core\operator\operatorqt\operator.dir\release\colorlistchooser.obj
c:\bci2000.python3\build\cmakefiles\core\operator\operatorqt\operator.dir\release\aboutbox.obj
c:\bci2000.python3\build\cmakefiles\core\operator\operatorqt\operator.dir\release\signaldisplay.obj
c:\bci2000.python3\build\cmakefiles\core\operator\operatorqt\operator.dir\release\bcistream_guiapp.obj
c:\bci2000.python3\build\cmakefiles\core\operator\operatorqt\operator.dir\release\scaleobservationfilter.obj
c:\bci2000.python3\build\cmakefiles\core\operator\operatorqt\operator.dir\release\decimationfilter.obj
c:\bci2000.python3\build\cmakefiles\core\operator\operatorqt\operator.dir\release\displayfilter.obj
c:\bci2000.python3\build\cmakefiles\core\operator\operatorqt\operator.dir\release\visdisplaybitmap.obj
c:\bci2000.python3\build\cmakefiles\core\operator\operatorqt\operator.dir\release\visdisplaygraph.obj
c:\bci2000.python3\build\cmakefiles\core\operator\operatorqt\operator.dir\release\visdisplaymemo.obj
c:\bci2000.python3\build\cmakefiles\core\operator\operatorqt\operator.dir\release\winmain.obj
c:\bci2000.python3\build\cmakefiles\core\operator\operatorqt\operator.dir\release\version.obj
c:\bci2000.python3\build\cmakefiles\core\operator\operatorqt\operator.dir\release\moc_qtsignalconnector.obj
c:\bci2000.python3\build\cmakefiles\core\operator\operatorqt\operator.dir\release\moc_visdisplaybitmap.obj
c:\bci2000.python3\build\cmakefiles\core\operator\operatorqt\operator.dir\release\moc_visdisplaygraph.obj
c:\bci2000.python3\build\cmakefiles\core\operator\operatorqt\operator.dir\release\moc_visdisplaymemo.obj
c:\bci2000.python3\build\cmakefiles\core\operator\operatorqt\operator.dir\release\moc_visdisplaybase.obj
c:\bci2000.python3\build\cmakefiles\core\operator\operatorqt\operator.dir\release\moc_visdisplaylayer.obj
c:\bci2000.python3\build\cmakefiles\core\operator\operatorqt\operator.dir\release\moc_visdisplaywindow.obj
c:\bci2000.python3\build\cmakefiles\core\operator\operatorqt\operator.dir\release\moc_visdisplay.obj
c:\bci2000.python3\build\cmakefiles\core\operator\operatorqt\operator.dir\release\moc_paramdisplay.obj
c:\bci2000.python3\build\cmakefiles\core\operator\operatorqt\operator.dir\release\moc_showparameters.obj
c:\bci2000.python3\build\cmakefiles\core\operator\operatorqt\operator.dir\release\moc_editmatrix.obj
c:\bci2000.python3\build\cmakefiles\core\operator\operatorqt\operator.dir\release\moc_configwindow.obj
c:\bci2000.python3\build\cmakefiles\core\operator\operatorqt\ui_mainwindow.h
c:\bci2000.python3\build\cmakefiles\core\operator\operatorqt\ui_prefdialog.h
c:\bci2000.python3\build\cmakefiles\core\operator\operatorqt\ui_configwindow.h
c:\bci2000.python3\build\cmakefiles\core\operator\operatorqt\ui_editmatrix.h
c:\bci2000.python3\build\cmakefiles\core\operator\operatorqt\ui_showparameters.h
c:\bci2000.python3\build\cmakefiles\core\operator\operatorqt\moc_mainwindow.cpp
c:\bci2000.python3\build\cmakefiles\core\operator\operatorqt\moc_connectioninfo.cpp
c:\bci2000.python3\build\cmakefiles\core\operator\operatorqt\moc_showstates.cpp
c:\bci2000.python3\build\cmakefiles\core\operator\operatorqt\moc_watcheswindow.cpp
c:\bci2000.python3\build\cmakefiles\core\operator\operatorqt\moc_syslog.cpp
c:\bci2000.python3\build\cmakefiles\core\operator\operatorqt\moc_prefdialog.cpp
c:\bci2000.python3\build\cmakefiles\core\operator\operatorqt\moc_configwindow.cpp
c:\bci2000.python3\build\cmakefiles\core\operator\operatorqt\moc_editmatrix.cpp
c:\bci2000.python3\build\cmakefiles\core\operator\operatorqt\moc_showparameters.cpp
c:\bci2000.python3\build\cmakefiles\core\operator\operatorqt\moc_paramdisplay.cpp
c:\bci2000.python3\build\cmakefiles\core\operator\operatorqt\moc_visdisplay.cpp
c:\bci2000.python3\build\cmakefiles\core\operator\operatorqt\moc_visdisplaywindow.cpp
c:\bci2000.python3\build\cmakefiles\core\operator\operatorqt\moc_visdisplaylayer.cpp
c:\bci2000.python3\build\cmakefiles\core\operator\operatorqt\moc_visdisplaybase.cpp
c:\bci2000.python3\build\cmakefiles\core\operator\operatorqt\moc_visdisplaymemo.cpp
c:\bci2000.python3\build\cmakefiles\core\operator\operatorqt\moc_visdisplaygraph.cpp
c:\bci2000.python3\build\cmakefiles\core\operator\operatorqt\moc_visdisplaybitmap.cpp
c:\bci2000.python3\build\cmakefiles\core\operator\operatorqt\__\__\__\shared\utils\moc_qtsignalconnector.cpp
c:\bci2000.python3\build\cmakefiles\core\operator\operatorqt\release\operator.exe
c:\bci2000.python3\build\cmakefiles\core\operator\operatorqt\operator.dir\release\version.res
c:\bci2000.python3\build\cmakefiles\core\operator\operatorqt\operator.dir\release\appicon.res
c:\bci2000.python3\build\cmakefiles\core\operator\operatorqt\operator.dir\release\operator.tlog\cl.command.1.tlog
c:\bci2000.python3\build\cmakefiles\core\operator\operatorqt\operator.dir\release\operator.tlog\cl.read.1.tlog
c:\bci2000.python3\build\cmakefiles\core\operator\operatorqt\operator.dir\release\operator.tlog\cl.write.1.tlog
c:\bci2000.python3\build\cmakefiles\core\operator\operatorqt\operator.dir\release\operator.tlog\custombuild.command.1.tlog
c:\bci2000.python3\build\cmakefiles\core\operator\operatorqt\operator.dir\release\operator.tlog\custombuild.read.1.tlog
c:\bci2000.python3\build\cmakefiles\core\operator\operatorqt\operator.dir\release\operator.tlog\custombuild.write.1.tlog
c:\bci2000.python3\build\cmakefiles\core\operator\operatorqt\operator.dir\release\operator.tlog\link.command.1.tlog
c:\bci2000.python3\build\cmakefiles\core\operator\operatorqt\operator.dir\release\operator.tlog\link.read.1.tlog
c:\bci2000.python3\build\cmakefiles\core\operator\operatorqt\operator.dir\release\operator.tlog\link.write.1.tlog
c:\bci2000.python3\build\cmakefiles\core\operator\operatorqt\operator.dir\release\operator.tlog\rc.command.1.tlog
c:\bci2000.python3\build\cmakefiles\core\operator\operatorqt\operator.dir\release\operator.tlog\rc.read.1.tlog
c:\bci2000.python3\build\cmakefiles\core\operator\operatorqt\operator.dir\release\operator.tlog\rc.write.1.tlog
