c:\bci2000.python3\build\cmakefiles\contrib\bcpy2000\foundation\signalsource\debug\pythonsource_core.pch
c:\bci2000.python3\build\cmakefiles\contrib\bcpy2000\foundation\signalsource\pythonsource.dir\debug\vc141.pdb
c:\bci2000.python3\build\cmakefiles\contrib\bcpy2000\foundation\signalsource\pythonsource.dir\debug\corepch.obj
c:\bci2000.python3\build\cmakefiles\contrib\bcpy2000\foundation\signalsource\pythonsource.dir\debug\winmain.obj
c:\bci2000.python3\build\cmakefiles\contrib\bcpy2000\foundation\signalsource\pythonsource.dir\debug\version.obj
c:\bci2000.python3\build\cmakefiles\contrib\bcpy2000\foundation\signalsource\pythonsource.dir\debug\bcistream_module.obj
c:\bci2000.python3\build\cmakefiles\contrib\bcpy2000\foundation\signalsource\pythonsource.dir\debug\coremodule.obj
c:\bci2000.python3\build\cmakefiles\contrib\bcpy2000\foundation\signalsource\pythonsource.dir\debug\pythonsource.obj
c:\bci2000.python3\build\cmakefiles\contrib\bcpy2000\foundation\signalsource\pythonsource.dir\debug\pythonwrapper.obj
c:\bci2000.python3\build\cmakefiles\contrib\bcpy2000\foundation\signalsource\pythonsource.dir\debug\pythonfilter.obj
c:\bci2000.python3\build\cmakefiles\contrib\bcpy2000\foundation\signalsource\cmakefiles\generate.stamp
c:\bci2000.python3\build\cmakefiles\contrib\bcpy2000\foundation\signalsource\debug\pythonsource.exe
c:\bci2000.python3\build\cmakefiles\contrib\bcpy2000\foundation\signalsource\debug\pythonsource.pdb
c:\bci2000.python3\build\cmakefiles\contrib\bcpy2000\foundation\signalsource\pythonsource.dir\debug\version.res
c:\bci2000.python3\build\cmakefiles\contrib\bcpy2000\foundation\signalsource\pythonsource.dir\debug\appicon.res
c:\bci2000.python3\build\cmakefiles\contrib\bcpy2000\foundation\signalsource\pythonsource.dir\debug\pythonsource.tlog\cl.command.1.tlog
c:\bci2000.python3\build\cmakefiles\contrib\bcpy2000\foundation\signalsource\pythonsource.dir\debug\pythonsource.tlog\cl.read.1.tlog
c:\bci2000.python3\build\cmakefiles\contrib\bcpy2000\foundation\signalsource\pythonsource.dir\debug\pythonsource.tlog\cl.write.1.tlog
c:\bci2000.python3\build\cmakefiles\contrib\bcpy2000\foundation\signalsource\pythonsource.dir\debug\pythonsource.tlog\custombuild.command.1.tlog
c:\bci2000.python3\build\cmakefiles\contrib\bcpy2000\foundation\signalsource\pythonsource.dir\debug\pythonsource.tlog\custombuild.read.1.tlog
c:\bci2000.python3\build\cmakefiles\contrib\bcpy2000\foundation\signalsource\pythonsource.dir\debug\pythonsource.tlog\custombuild.write.1.tlog
c:\bci2000.python3\build\cmakefiles\contrib\bcpy2000\foundation\signalsource\pythonsource.dir\debug\pythonsource.tlog\link.command.1.tlog
c:\bci2000.python3\build\cmakefiles\contrib\bcpy2000\foundation\signalsource\pythonsource.dir\debug\pythonsource.tlog\link.read.1.tlog
c:\bci2000.python3\build\cmakefiles\contrib\bcpy2000\foundation\signalsource\pythonsource.dir\debug\pythonsource.tlog\link.write.1.tlog
c:\bci2000.python3\build\cmakefiles\contrib\bcpy2000\foundation\signalsource\pythonsource.dir\debug\pythonsource.tlog\rc.command.1.tlog
c:\bci2000.python3\build\cmakefiles\contrib\bcpy2000\foundation\signalsource\pythonsource.dir\debug\pythonsource.tlog\rc.read.1.tlog
c:\bci2000.python3\build\cmakefiles\contrib\bcpy2000\foundation\signalsource\pythonsource.dir\debug\pythonsource.tlog\rc.write.1.tlog
