c:\bci2000.python3\build\cmakefiles\contrib\externallinks\bci2000command\bci2000command.dir\release\winmain.obj
c:\bci2000.python3\build\cmakefiles\contrib\externallinks\bci2000command\bci2000command.dir\release\bci2000connection.obj
c:\bci2000.python3\build\cmakefiles\contrib\externallinks\bci2000command\bci2000command.dir\release\bci2000remote.obj
c:\bci2000.python3\build\cmakefiles\contrib\externallinks\bci2000command\bci2000command.dir\release\sockstream.obj
c:\bci2000.python3\build\cmakefiles\contrib\externallinks\bci2000command\bci2000command.dir\release\bci2000command.obj
c:\bci2000.python3\build\cmakefiles\contrib\externallinks\bci2000command\cmakefiles\generate.stamp
c:\bci2000.python3\build\cmakefiles\contrib\externallinks\bci2000command\release\bci2000command.exe
c:\bci2000.python3\build\cmakefiles\contrib\externallinks\bci2000command\bci2000command.dir\release\version.res
c:\bci2000.python3\build\cmakefiles\contrib\externallinks\bci2000command\bci2000command.dir\release\appicon.res
c:\bci2000.python3\build\cmakefiles\contrib\externallinks\bci2000command\bci2000command.dir\release\bci2000command.tlog\cl.command.1.tlog
c:\bci2000.python3\build\cmakefiles\contrib\externallinks\bci2000command\bci2000command.dir\release\bci2000command.tlog\cl.read.1.tlog
c:\bci2000.python3\build\cmakefiles\contrib\externallinks\bci2000command\bci2000command.dir\release\bci2000command.tlog\cl.write.1.tlog
c:\bci2000.python3\build\cmakefiles\contrib\externallinks\bci2000command\bci2000command.dir\release\bci2000command.tlog\custombuild.command.1.tlog
c:\bci2000.python3\build\cmakefiles\contrib\externallinks\bci2000command\bci2000command.dir\release\bci2000command.tlog\custombuild.read.1.tlog
c:\bci2000.python3\build\cmakefiles\contrib\externallinks\bci2000command\bci2000command.dir\release\bci2000command.tlog\custombuild.write.1.tlog
c:\bci2000.python3\build\cmakefiles\contrib\externallinks\bci2000command\bci2000command.dir\release\bci2000command.tlog\link.command.1.tlog
c:\bci2000.python3\build\cmakefiles\contrib\externallinks\bci2000command\bci2000command.dir\release\bci2000command.tlog\link.read.1.tlog
c:\bci2000.python3\build\cmakefiles\contrib\externallinks\bci2000command\bci2000command.dir\release\bci2000command.tlog\link.write.1.tlog
c:\bci2000.python3\build\cmakefiles\contrib\externallinks\bci2000command\bci2000command.dir\release\bci2000command.tlog\rc.command.1.tlog
c:\bci2000.python3\build\cmakefiles\contrib\externallinks\bci2000command\bci2000command.dir\release\bci2000command.tlog\rc.read.1.tlog
c:\bci2000.python3\build\cmakefiles\contrib\externallinks\bci2000command\bci2000command.dir\release\bci2000command.tlog\rc.write.1.tlog
