c:\bci2000.python3\build\cmakefiles\core\tools\bci2000launcherqt\release\bci2000launcher_core.pch
c:\bci2000.python3\build\cmakefiles\core\tools\bci2000launcherqt\bci2000launcher.dir\release\corepch.obj
c:\bci2000.python3\build\cmakefiles\core\tools\bci2000launcherqt\bci2000launcher.dir\release\winmain.obj
c:\bci2000.python3\build\cmakefiles\core\tools\bci2000launcherqt\bci2000launcher.dir\release\version.obj
c:\bci2000.python3\build\cmakefiles\core\tools\bci2000launcherqt\bci2000launcher.dir\release\moc_mainwindow.obj
c:\bci2000.python3\build\cmakefiles\core\tools\bci2000launcherqt\bci2000launcher.dir\release\qtmessagehandler.obj
c:\bci2000.python3\build\cmakefiles\core\tools\bci2000launcherqt\bci2000launcher.dir\release\qtmain.obj
c:\bci2000.python3\build\cmakefiles\core\tools\bci2000launcherqt\bci2000launcher.dir\release\colorlistchooser.obj
c:\bci2000.python3\build\cmakefiles\core\tools\bci2000launcherqt\bci2000launcher.dir\release\settings.obj
c:\bci2000.python3\build\cmakefiles\core\tools\bci2000launcherqt\bci2000launcher.dir\release\executablehelp.obj
c:\bci2000.python3\build\cmakefiles\core\tools\bci2000launcherqt\bci2000launcher.dir\release\aboutbox.obj
c:\bci2000.python3\build\cmakefiles\core\tools\bci2000launcherqt\bci2000launcher.dir\release\bcistream_guiapp.obj
c:\bci2000.python3\build\cmakefiles\core\tools\bci2000launcherqt\bci2000launcher.dir\release\moduleinventory.obj
c:\bci2000.python3\build\cmakefiles\core\tools\bci2000launcherqt\bci2000launcher.dir\release\mainwindow.obj
c:\bci2000.python3\build\cmakefiles\core\tools\bci2000launcherqt\bci2000launcher.dir\release\main.obj
c:\bci2000.python3\build\cmakefiles\core\tools\bci2000launcherqt\ui_mainwindow.h
c:\bci2000.python3\build\cmakefiles\core\tools\bci2000launcherqt\moc_mainwindow.cpp
c:\bci2000.python3\build\cmakefiles\core\tools\bci2000launcherqt\cmakefiles\generate.stamp
c:\bci2000.python3\build\cmakefiles\core\tools\bci2000launcherqt\release\bci2000launcher.exe
c:\bci2000.python3\build\cmakefiles\core\tools\bci2000launcherqt\bci2000launcher.dir\release\version.res
c:\bci2000.python3\build\cmakefiles\core\tools\bci2000launcherqt\bci2000launcher.dir\release\appicon.res
c:\bci2000.python3\build\cmakefiles\core\tools\bci2000launcherqt\bci2000launcher.dir\release\bci2000launcher.tlog\cl.command.1.tlog
c:\bci2000.python3\build\cmakefiles\core\tools\bci2000launcherqt\bci2000launcher.dir\release\bci2000launcher.tlog\cl.read.1.tlog
c:\bci2000.python3\build\cmakefiles\core\tools\bci2000launcherqt\bci2000launcher.dir\release\bci2000launcher.tlog\cl.write.1.tlog
c:\bci2000.python3\build\cmakefiles\core\tools\bci2000launcherqt\bci2000launcher.dir\release\bci2000launcher.tlog\custombuild.command.1.tlog
c:\bci2000.python3\build\cmakefiles\core\tools\bci2000launcherqt\bci2000launcher.dir\release\bci2000launcher.tlog\custombuild.read.1.tlog
c:\bci2000.python3\build\cmakefiles\core\tools\bci2000launcherqt\bci2000launcher.dir\release\bci2000launcher.tlog\custombuild.write.1.tlog
c:\bci2000.python3\build\cmakefiles\core\tools\bci2000launcherqt\bci2000launcher.dir\release\bci2000launcher.tlog\link.command.1.tlog
c:\bci2000.python3\build\cmakefiles\core\tools\bci2000launcherqt\bci2000launcher.dir\release\bci2000launcher.tlog\link.read.1.tlog
c:\bci2000.python3\build\cmakefiles\core\tools\bci2000launcherqt\bci2000launcher.dir\release\bci2000launcher.tlog\link.write.1.tlog
c:\bci2000.python3\build\cmakefiles\core\tools\bci2000launcherqt\bci2000launcher.dir\release\bci2000launcher.tlog\rc.command.1.tlog
c:\bci2000.python3\build\cmakefiles\core\tools\bci2000launcherqt\bci2000launcher.dir\release\bci2000launcher.tlog\rc.read.1.tlog
c:\bci2000.python3\build\cmakefiles\core\tools\bci2000launcherqt\bci2000launcher.dir\release\bci2000launcher.tlog\rc.write.1.tlog
