c:\bci2000.python3\build\cmakefiles\buildutils\bootstrapcustomprojects\newbci2000filtertool.dir\release\templatefilter.h.in.res.obj
c:\bci2000.python3\build\cmakefiles\buildutils\bootstrapcustomprojects\newbci2000filtertool.dir\release\templatefilter.cpp.in.res.obj
c:\bci2000.python3\build\cmakefiles\buildutils\bootstrapcustomprojects\newbci2000filtertool.dir\release\templatebufferedadc.h.in.res.obj
c:\bci2000.python3\build\cmakefiles\buildutils\bootstrapcustomprojects\newbci2000filtertool.dir\release\templatebufferedadc.cpp.in.res.obj
c:\bci2000.python3\build\cmakefiles\buildutils\bootstrapcustomprojects\newbci2000filtertool.dir\release\templateapplication.h.in.res.obj
c:\bci2000.python3\build\cmakefiles\buildutils\bootstrapcustomprojects\newbci2000filtertool.dir\release\templateapplication.cpp.in.res.obj
c:\bci2000.python3\build\cmakefiles\buildutils\bootstrapcustomprojects\newbci2000filtertool.dir\release\pipedefinition.cpp.in.res.obj
c:\bci2000.python3\build\cmakefiles\buildutils\bootstrapcustomprojects\newbci2000filtertool.dir\release\cmakelists-signalsource.txt.in.res.obj
c:\bci2000.python3\build\cmakefiles\buildutils\bootstrapcustomprojects\newbci2000filtertool.dir\release\cmakelists-signalprocessing.txt.in.res.obj
c:\bci2000.python3\build\cmakefiles\buildutils\bootstrapcustomprojects\newbci2000filtertool.dir\release\cmakelists-application.txt.in.res.obj
c:\bci2000.python3\build\cmakefiles\buildutils\bootstrapcustomprojects\newbci2000filtertool.dir\release\bootstrapcustomprojects.obj
c:\bci2000.python3\build\cmakefiles\buildutils\bootstrapcustomprojects\newbci2000filtertool\cmakelists-application.txt.in.res.cpp
c:\bci2000.python3\build\cmakefiles\buildutils\bootstrapcustomprojects\newbci2000filtertool\cmakelists-signalprocessing.txt.in.res.cpp
c:\bci2000.python3\build\cmakefiles\buildutils\bootstrapcustomprojects\newbci2000filtertool\cmakelists-signalsource.txt.in.res.cpp
c:\bci2000.python3\build\cmakefiles\buildutils\bootstrapcustomprojects\newbci2000filtertool\pipedefinition.cpp.in.res.cpp
c:\bci2000.python3\build\cmakefiles\buildutils\bootstrapcustomprojects\newbci2000filtertool\templateapplication.cpp.in.res.cpp
c:\bci2000.python3\build\cmakefiles\buildutils\bootstrapcustomprojects\newbci2000filtertool\templateapplication.h.in.res.cpp
c:\bci2000.python3\build\cmakefiles\buildutils\bootstrapcustomprojects\newbci2000filtertool\templatebufferedadc.cpp.in.res.cpp
c:\bci2000.python3\build\cmakefiles\buildutils\bootstrapcustomprojects\newbci2000filtertool\templatebufferedadc.h.in.res.cpp
c:\bci2000.python3\build\cmakefiles\buildutils\bootstrapcustomprojects\newbci2000filtertool\templatefilter.cpp.in.res.cpp
c:\bci2000.python3\build\cmakefiles\buildutils\bootstrapcustomprojects\newbci2000filtertool\templatefilter.h.in.res.cpp
c:\bci2000.python3\build\cmakefiles\buildutils\bootstrapcustomprojects\cmakefiles\generate.stamp
c:\bci2000.python3\build\cmakefiles\buildutils\bootstrapcustomprojects\release\newbci2000filtertool.exe
c:\bci2000.python3\build\cmakefiles\buildutils\bootstrapcustomprojects\newbci2000filtertool.dir\release\newbci20.a5618a7a.tlog\cl.command.1.tlog
c:\bci2000.python3\build\cmakefiles\buildutils\bootstrapcustomprojects\newbci2000filtertool.dir\release\newbci20.a5618a7a.tlog\cl.read.1.tlog
c:\bci2000.python3\build\cmakefiles\buildutils\bootstrapcustomprojects\newbci2000filtertool.dir\release\newbci20.a5618a7a.tlog\cl.write.1.tlog
c:\bci2000.python3\build\cmakefiles\buildutils\bootstrapcustomprojects\newbci2000filtertool.dir\release\newbci20.a5618a7a.tlog\custombuild.command.1.tlog
c:\bci2000.python3\build\cmakefiles\buildutils\bootstrapcustomprojects\newbci2000filtertool.dir\release\newbci20.a5618a7a.tlog\custombuild.read.1.tlog
c:\bci2000.python3\build\cmakefiles\buildutils\bootstrapcustomprojects\newbci2000filtertool.dir\release\newbci20.a5618a7a.tlog\custombuild.write.1.tlog
c:\bci2000.python3\build\cmakefiles\buildutils\bootstrapcustomprojects\newbci2000filtertool.dir\release\newbci20.a5618a7a.tlog\link.command.1.tlog
c:\bci2000.python3\build\cmakefiles\buildutils\bootstrapcustomprojects\newbci2000filtertool.dir\release\newbci20.a5618a7a.tlog\link.read.1.tlog
c:\bci2000.python3\build\cmakefiles\buildutils\bootstrapcustomprojects\newbci2000filtertool.dir\release\newbci20.a5618a7a.tlog\link.write.1.tlog
