  Building Custom Rule C:/BCI2000.python3/src/contrib/ExternalLinks/PyffApplication/CMakeLists.txt
  CMake does not need to re-run because C:/BCI2000.python3/build/CMakeFiles/contrib/ExternalLinks/PyffApplication/CMakeFiles/generate.stamp is up-to-date.
  CorePCH.cpp
  PyffFilter.cpp
  BCI2000Connection.cpp
  PythonWrapper.cpp
  CoreMain.cpp
  CoreModule.cpp
  BCIStream_module.cpp
  CoreModule_Qt.cpp
  QtMessageHandler.cpp
  Version.cpp
  WinMain.cpp
  Generating Code...
  PyffApplication.vcxproj -> C:\BCI2000.python3\build\CMakeFiles\contrib\ExternalLinks\PyffApplication\Release\PyffApplication.exe
  	Deploying executable
  copying files:
  Copying PyffApplication.exe ...
  Copying Qt5Gui.dll ...
  Copying Qt5Widgets.dll ...
  Copying Qt5Core.dll ...
  Copying msvcp140.dll ...
  Copying vcruntime140.dll ...
  Copying qwindows.dll ...
  Done.
