c:\bci2000.python3\build\cmakefiles\contrib\externallinks\pyffapplication\release\pyffapplication_core.pch
c:\bci2000.python3\build\cmakefiles\contrib\externallinks\pyffapplication\pyffapplication.dir\release\corepch.obj
c:\bci2000.python3\build\cmakefiles\contrib\externallinks\pyffapplication\pyffapplication.dir\release\winmain.obj
c:\bci2000.python3\build\cmakefiles\contrib\externallinks\pyffapplication\pyffapplication.dir\release\version.obj
c:\bci2000.python3\build\cmakefiles\contrib\externallinks\pyffapplication\pyffapplication.dir\release\qtmessagehandler.obj
c:\bci2000.python3\build\cmakefiles\contrib\externallinks\pyffapplication\pyffapplication.dir\release\coremodule_qt.obj
c:\bci2000.python3\build\cmakefiles\contrib\externallinks\pyffapplication\pyffapplication.dir\release\bcistream_module.obj
c:\bci2000.python3\build\cmakefiles\contrib\externallinks\pyffapplication\pyffapplication.dir\release\coremodule.obj
c:\bci2000.python3\build\cmakefiles\contrib\externallinks\pyffapplication\pyffapplication.dir\release\coremain.obj
c:\bci2000.python3\build\cmakefiles\contrib\externallinks\pyffapplication\pyffapplication.dir\release\pythonwrapper.obj
c:\bci2000.python3\build\cmakefiles\contrib\externallinks\pyffapplication\pyffapplication.dir\release\bci2000connection.obj
c:\bci2000.python3\build\cmakefiles\contrib\externallinks\pyffapplication\pyffapplication.dir\release\pyfffilter.obj
c:\bci2000.python3\build\cmakefiles\contrib\externallinks\pyffapplication\cmakefiles\generate.stamp
c:\bci2000.python3\build\cmakefiles\contrib\externallinks\pyffapplication\release\pyffapplication.exe
c:\bci2000.python3\build\cmakefiles\contrib\externallinks\pyffapplication\pyffapplication.dir\release\version.res
c:\bci2000.python3\build\cmakefiles\contrib\externallinks\pyffapplication\pyffapplication.dir\release\appicon.res
c:\bci2000.python3\build\cmakefiles\contrib\externallinks\pyffapplication\pyffapplication.dir\release\pyffapplication.tlog\cl.command.1.tlog
c:\bci2000.python3\build\cmakefiles\contrib\externallinks\pyffapplication\pyffapplication.dir\release\pyffapplication.tlog\cl.read.1.tlog
c:\bci2000.python3\build\cmakefiles\contrib\externallinks\pyffapplication\pyffapplication.dir\release\pyffapplication.tlog\cl.write.1.tlog
c:\bci2000.python3\build\cmakefiles\contrib\externallinks\pyffapplication\pyffapplication.dir\release\pyffapplication.tlog\custombuild.command.1.tlog
c:\bci2000.python3\build\cmakefiles\contrib\externallinks\pyffapplication\pyffapplication.dir\release\pyffapplication.tlog\custombuild.read.1.tlog
c:\bci2000.python3\build\cmakefiles\contrib\externallinks\pyffapplication\pyffapplication.dir\release\pyffapplication.tlog\custombuild.write.1.tlog
c:\bci2000.python3\build\cmakefiles\contrib\externallinks\pyffapplication\pyffapplication.dir\release\pyffapplication.tlog\link.command.1.tlog
c:\bci2000.python3\build\cmakefiles\contrib\externallinks\pyffapplication\pyffapplication.dir\release\pyffapplication.tlog\link.read.1.tlog
c:\bci2000.python3\build\cmakefiles\contrib\externallinks\pyffapplication\pyffapplication.dir\release\pyffapplication.tlog\link.write.1.tlog
c:\bci2000.python3\build\cmakefiles\contrib\externallinks\pyffapplication\pyffapplication.dir\release\pyffapplication.tlog\rc.command.1.tlog
c:\bci2000.python3\build\cmakefiles\contrib\externallinks\pyffapplication\pyffapplication.dir\release\pyffapplication.tlog\rc.read.1.tlog
c:\bci2000.python3\build\cmakefiles\contrib\externallinks\pyffapplication\pyffapplication.dir\release\pyffapplication.tlog\rc.write.1.tlog
