  Generating AppRegistry.inc
  Building Custom Rule C:/BCI2000.python3/build/cmake/frameworks/AppModuleLib/CMakeLists.txt
  CMake does not need to re-run because C:/BCI2000.python3/build/CMakeFiles/frameworks/AppModuleLib/CMakeFiles/generate.stamp is up-to-date.
  CorePCH.cpp
  GUI.cpp
  GraphObject.cpp
  GraphDisplay.cpp
  Bitmap.cpp
  DisplayWindow.cpp
  OpenGLContext.cpp
  DisplayClock.cpp
  ClockTick.cpp
  TextField.cpp
  Shapes.cpp
  SpinningWheel.cpp
  DisplayStatisticsField.cpp
  ApplicationBase.cpp
  StimulusTask.cpp
  FeedbackTask.cpp
  AudioDevice.cpp
  AudioSink.cpp
  AVUtils.cpp
  AVDecoder.cpp
  AVPlayer.cpp
  Generating Code...
  Compiling...
  VideoPlayer.cpp
  AudioPlayer.cpp
  ImageViewer.cpp
  TextToSpeech.cpp
  WavePlayer.cpp
  ApplicationWindow.cpp
  TextWindow.cpp
  StatusBar.cpp
  TrialStatistics.cpp
  BlockRandSeq.cpp
  Localization.cpp
  Association.cpp
  AudioStimulus.cpp
  AVStimulus.cpp
  ImageStimulus.cpp
  TextStimulus.cpp
  VisualStimulus.cpp
  SpeechStimulus.cpp
  SoundStimulus.cpp
  SpellerCommand.cpp
  Generating Code...
  Compiling...
  Speller.cpp
  ConnectorFilters.cpp
  QtMain.cpp
  QtProxyThread.cpp
  MidiPlayer.cpp
  KeystrokeFilter.cpp
  BCIRegistry.cpp
  sapi.cpp
  buffers.cpp
  cameraNlight.cpp
  cuboids.cpp
  geomObj.cpp
  Load3DS.cpp
  model3D.cpp
  primObj.cpp
  Scene.cpp
  Primitives.cpp
  sphere.cpp
  threeDText.cpp
  twoDCursor.cpp
  Generating Code...
  Compiling...
  twoDOverlay.cpp
  twoDText.cpp
  Win32BmpFormat.cpp
  QtMessageHandler.cpp
  Generating Code...
  BCI2000FrameworkAppModule.vcxproj -> C:\BCI2000.python3\build\CMakeFiles\frameworks\AppModuleLib\Release\BCI2000FrameworkAppModule.lib
