c:\bci2000.python3\build\cmakefiles\frameworks\appmodulelib\release\bci2000frameworkappmodule_core.pch
c:\bci2000.python3\build\cmakefiles\frameworks\appmodulelib\bci2000frameworkappmodule.dir\release\corepch.obj
c:\bci2000.python3\build\cmakefiles\frameworks\appmodulelib\bci2000frameworkappmodule.dir\release\avplayer.obj
c:\bci2000.python3\build\cmakefiles\frameworks\appmodulelib\bci2000frameworkappmodule.dir\release\avdecoder.obj
c:\bci2000.python3\build\cmakefiles\frameworks\appmodulelib\bci2000frameworkappmodule.dir\release\avutils.obj
c:\bci2000.python3\build\cmakefiles\frameworks\appmodulelib\bci2000frameworkappmodule.dir\release\audiosink.obj
c:\bci2000.python3\build\cmakefiles\frameworks\appmodulelib\bci2000frameworkappmodule.dir\release\audiodevice.obj
c:\bci2000.python3\build\cmakefiles\frameworks\appmodulelib\bci2000frameworkappmodule.dir\release\feedbacktask.obj
c:\bci2000.python3\build\cmakefiles\frameworks\appmodulelib\bci2000frameworkappmodule.dir\release\stimulustask.obj
c:\bci2000.python3\build\cmakefiles\frameworks\appmodulelib\bci2000frameworkappmodule.dir\release\applicationbase.obj
c:\bci2000.python3\build\cmakefiles\frameworks\appmodulelib\bci2000frameworkappmodule.dir\release\displaystatisticsfield.obj
c:\bci2000.python3\build\cmakefiles\frameworks\appmodulelib\bci2000frameworkappmodule.dir\release\spinningwheel.obj
c:\bci2000.python3\build\cmakefiles\frameworks\appmodulelib\bci2000frameworkappmodule.dir\release\shapes.obj
c:\bci2000.python3\build\cmakefiles\frameworks\appmodulelib\bci2000frameworkappmodule.dir\release\textfield.obj
c:\bci2000.python3\build\cmakefiles\frameworks\appmodulelib\bci2000frameworkappmodule.dir\release\clocktick.obj
c:\bci2000.python3\build\cmakefiles\frameworks\appmodulelib\bci2000frameworkappmodule.dir\release\displayclock.obj
c:\bci2000.python3\build\cmakefiles\frameworks\appmodulelib\bci2000frameworkappmodule.dir\release\openglcontext.obj
c:\bci2000.python3\build\cmakefiles\frameworks\appmodulelib\bci2000frameworkappmodule.dir\release\displaywindow.obj
c:\bci2000.python3\build\cmakefiles\frameworks\appmodulelib\bci2000frameworkappmodule.dir\release\bitmap.obj
c:\bci2000.python3\build\cmakefiles\frameworks\appmodulelib\bci2000frameworkappmodule.dir\release\graphdisplay.obj
c:\bci2000.python3\build\cmakefiles\frameworks\appmodulelib\bci2000frameworkappmodule.dir\release\graphobject.obj
c:\bci2000.python3\build\cmakefiles\frameworks\appmodulelib\bci2000frameworkappmodule.dir\release\gui.obj
c:\bci2000.python3\build\cmakefiles\frameworks\appmodulelib\bci2000frameworkappmodule.dir\release\spellercommand.obj
c:\bci2000.python3\build\cmakefiles\frameworks\appmodulelib\bci2000frameworkappmodule.dir\release\soundstimulus.obj
c:\bci2000.python3\build\cmakefiles\frameworks\appmodulelib\bci2000frameworkappmodule.dir\release\speechstimulus.obj
c:\bci2000.python3\build\cmakefiles\frameworks\appmodulelib\bci2000frameworkappmodule.dir\release\visualstimulus.obj
c:\bci2000.python3\build\cmakefiles\frameworks\appmodulelib\bci2000frameworkappmodule.dir\release\textstimulus.obj
c:\bci2000.python3\build\cmakefiles\frameworks\appmodulelib\bci2000frameworkappmodule.dir\release\imagestimulus.obj
c:\bci2000.python3\build\cmakefiles\frameworks\appmodulelib\bci2000frameworkappmodule.dir\release\avstimulus.obj
c:\bci2000.python3\build\cmakefiles\frameworks\appmodulelib\bci2000frameworkappmodule.dir\release\audiostimulus.obj
c:\bci2000.python3\build\cmakefiles\frameworks\appmodulelib\bci2000frameworkappmodule.dir\release\association.obj
c:\bci2000.python3\build\cmakefiles\frameworks\appmodulelib\bci2000frameworkappmodule.dir\release\localization.obj
c:\bci2000.python3\build\cmakefiles\frameworks\appmodulelib\bci2000frameworkappmodule.dir\release\blockrandseq.obj
c:\bci2000.python3\build\cmakefiles\frameworks\appmodulelib\bci2000frameworkappmodule.dir\release\trialstatistics.obj
c:\bci2000.python3\build\cmakefiles\frameworks\appmodulelib\bci2000frameworkappmodule.dir\release\statusbar.obj
c:\bci2000.python3\build\cmakefiles\frameworks\appmodulelib\bci2000frameworkappmodule.dir\release\textwindow.obj
c:\bci2000.python3\build\cmakefiles\frameworks\appmodulelib\bci2000frameworkappmodule.dir\release\applicationwindow.obj
c:\bci2000.python3\build\cmakefiles\frameworks\appmodulelib\bci2000frameworkappmodule.dir\release\waveplayer.obj
c:\bci2000.python3\build\cmakefiles\frameworks\appmodulelib\bci2000frameworkappmodule.dir\release\texttospeech.obj
c:\bci2000.python3\build\cmakefiles\frameworks\appmodulelib\bci2000frameworkappmodule.dir\release\imageviewer.obj
c:\bci2000.python3\build\cmakefiles\frameworks\appmodulelib\bci2000frameworkappmodule.dir\release\audioplayer.obj
c:\bci2000.python3\build\cmakefiles\frameworks\appmodulelib\bci2000frameworkappmodule.dir\release\videoplayer.obj
c:\bci2000.python3\build\cmakefiles\frameworks\appmodulelib\bci2000frameworkappmodule.dir\release\twodcursor.obj
c:\bci2000.python3\build\cmakefiles\frameworks\appmodulelib\bci2000frameworkappmodule.dir\release\threedtext.obj
c:\bci2000.python3\build\cmakefiles\frameworks\appmodulelib\bci2000frameworkappmodule.dir\release\sphere.obj
c:\bci2000.python3\build\cmakefiles\frameworks\appmodulelib\bci2000frameworkappmodule.dir\release\primitives.obj
c:\bci2000.python3\build\cmakefiles\frameworks\appmodulelib\bci2000frameworkappmodule.dir\release\scene.obj
c:\bci2000.python3\build\cmakefiles\frameworks\appmodulelib\bci2000frameworkappmodule.dir\release\primobj.obj
c:\bci2000.python3\build\cmakefiles\frameworks\appmodulelib\bci2000frameworkappmodule.dir\release\model3d.obj
c:\bci2000.python3\build\cmakefiles\frameworks\appmodulelib\bci2000frameworkappmodule.dir\release\load3ds.obj
c:\bci2000.python3\build\cmakefiles\frameworks\appmodulelib\bci2000frameworkappmodule.dir\release\geomobj.obj
c:\bci2000.python3\build\cmakefiles\frameworks\appmodulelib\bci2000frameworkappmodule.dir\release\cuboids.obj
c:\bci2000.python3\build\cmakefiles\frameworks\appmodulelib\bci2000frameworkappmodule.dir\release\cameranlight.obj
c:\bci2000.python3\build\cmakefiles\frameworks\appmodulelib\bci2000frameworkappmodule.dir\release\buffers.obj
c:\bci2000.python3\build\cmakefiles\frameworks\appmodulelib\bci2000frameworkappmodule.dir\release\sapi.obj
c:\bci2000.python3\build\cmakefiles\frameworks\appmodulelib\bci2000frameworkappmodule.dir\release\bciregistry.obj
c:\bci2000.python3\build\cmakefiles\frameworks\appmodulelib\bci2000frameworkappmodule.dir\release\keystrokefilter.obj
c:\bci2000.python3\build\cmakefiles\frameworks\appmodulelib\bci2000frameworkappmodule.dir\release\midiplayer.obj
c:\bci2000.python3\build\cmakefiles\frameworks\appmodulelib\bci2000frameworkappmodule.dir\release\qtproxythread.obj
c:\bci2000.python3\build\cmakefiles\frameworks\appmodulelib\bci2000frameworkappmodule.dir\release\qtmain.obj
c:\bci2000.python3\build\cmakefiles\frameworks\appmodulelib\bci2000frameworkappmodule.dir\release\connectorfilters.obj
c:\bci2000.python3\build\cmakefiles\frameworks\appmodulelib\bci2000frameworkappmodule.dir\release\speller.obj
c:\bci2000.python3\build\cmakefiles\frameworks\appmodulelib\bci2000frameworkappmodule.dir\release\qtmessagehandler.obj
c:\bci2000.python3\build\cmakefiles\frameworks\appmodulelib\bci2000frameworkappmodule.dir\release\win32bmpformat.obj
c:\bci2000.python3\build\cmakefiles\frameworks\appmodulelib\bci2000frameworkappmodule.dir\release\twodtext.obj
c:\bci2000.python3\build\cmakefiles\frameworks\appmodulelib\bci2000frameworkappmodule.dir\release\twodoverlay.obj
c:\bci2000.python3\build\cmakefiles\frameworks\appmodulelib\cmakefiles\generate.stamp
c:\bci2000.python3\build\cmakefiles\frameworks\appmodulelib\appregistry.inc
c:\bci2000.python3\build\cmakefiles\frameworks\appmodulelib\release\bci2000frameworkappmodule.lib
c:\bci2000.python3\build\cmakefiles\frameworks\appmodulelib\bci2000frameworkappmodule.dir\release\bci2000f.547fefea.tlog\cl.command.1.tlog
c:\bci2000.python3\build\cmakefiles\frameworks\appmodulelib\bci2000frameworkappmodule.dir\release\bci2000f.547fefea.tlog\cl.read.1.tlog
c:\bci2000.python3\build\cmakefiles\frameworks\appmodulelib\bci2000frameworkappmodule.dir\release\bci2000f.547fefea.tlog\cl.write.1.tlog
c:\bci2000.python3\build\cmakefiles\frameworks\appmodulelib\bci2000frameworkappmodule.dir\release\bci2000f.547fefea.tlog\custombuild.command.1.tlog
c:\bci2000.python3\build\cmakefiles\frameworks\appmodulelib\bci2000frameworkappmodule.dir\release\bci2000f.547fefea.tlog\custombuild.read.1.tlog
c:\bci2000.python3\build\cmakefiles\frameworks\appmodulelib\bci2000frameworkappmodule.dir\release\bci2000f.547fefea.tlog\custombuild.write.1.tlog
c:\bci2000.python3\build\cmakefiles\frameworks\appmodulelib\bci2000frameworkappmodule.dir\release\bci2000f.547fefea.tlog\lib-link.read.1.tlog
c:\bci2000.python3\build\cmakefiles\frameworks\appmodulelib\bci2000frameworkappmodule.dir\release\bci2000f.547fefea.tlog\lib-link.write.1.tlog
c:\bci2000.python3\build\cmakefiles\frameworks\appmodulelib\bci2000frameworkappmodule.dir\release\bci2000f.547fefea.tlog\lib.command.1.tlog
