c:\bci2000.python3\build\cmakefiles\contrib\signalsource\lslsource\release\lslsource_core.pch
c:\bci2000.python3\build\cmakefiles\contrib\signalsource\lslsource\lslsource.dir\release\corepch.obj
c:\bci2000.python3\build\cmakefiles\contrib\signalsource\lslsource\lslsource.dir\release\winmain.obj
c:\bci2000.python3\build\cmakefiles\contrib\signalsource\lslsource\lslsource.dir\release\version.obj
c:\bci2000.python3\build\cmakefiles\contrib\signalsource\lslsource\lslsource.dir\release\filterdesign.obj
c:\bci2000.python3\build\cmakefiles\contrib\signalsource\lslsource\lslsource.dir\release\iirfilterbase.obj
c:\bci2000.python3\build\cmakefiles\contrib\signalsource\lslsource\lslsource.dir\release\sourcefilter.obj
c:\bci2000.python3\build\cmakefiles\contrib\signalsource\lslsource\lslsource.dir\release\bcistream_module.obj
c:\bci2000.python3\build\cmakefiles\contrib\signalsource\lslsource\lslsource.dir\release\coremodule.obj
c:\bci2000.python3\build\cmakefiles\contrib\signalsource\lslsource\lslsource.dir\release\coremain.obj
c:\bci2000.python3\build\cmakefiles\contrib\signalsource\lslsource\lslsource.dir\release\liblsl64.imports.obj
c:\bci2000.python3\build\cmakefiles\contrib\signalsource\lslsource\lslsource.dir\release\lsladc.obj
c:\bci2000.python3\build\cmakefiles\contrib\signalsource\lslsource\cmakefiles\generate.stamp
c:\bci2000.python3\build\cmakefiles\contrib\signalsource\lslsource\release\lslsource.exe
c:\bci2000.python3\build\cmakefiles\contrib\signalsource\lslsource\lslsource.dir\release\version.res
c:\bci2000.python3\build\cmakefiles\contrib\signalsource\lslsource\lslsource.dir\release\appicon.res
c:\bci2000.python3\build\cmakefiles\contrib\signalsource\lslsource\lslsource.dir\release\lslsource.tlog\cl.command.1.tlog
c:\bci2000.python3\build\cmakefiles\contrib\signalsource\lslsource\lslsource.dir\release\lslsource.tlog\cl.read.1.tlog
c:\bci2000.python3\build\cmakefiles\contrib\signalsource\lslsource\lslsource.dir\release\lslsource.tlog\cl.write.1.tlog
c:\bci2000.python3\build\cmakefiles\contrib\signalsource\lslsource\lslsource.dir\release\lslsource.tlog\custombuild.command.1.tlog
c:\bci2000.python3\build\cmakefiles\contrib\signalsource\lslsource\lslsource.dir\release\lslsource.tlog\custombuild.read.1.tlog
c:\bci2000.python3\build\cmakefiles\contrib\signalsource\lslsource\lslsource.dir\release\lslsource.tlog\custombuild.write.1.tlog
c:\bci2000.python3\build\cmakefiles\contrib\signalsource\lslsource\lslsource.dir\release\lslsource.tlog\link.command.1.tlog
c:\bci2000.python3\build\cmakefiles\contrib\signalsource\lslsource\lslsource.dir\release\lslsource.tlog\link.read.1.tlog
c:\bci2000.python3\build\cmakefiles\contrib\signalsource\lslsource\lslsource.dir\release\lslsource.tlog\link.write.1.tlog
c:\bci2000.python3\build\cmakefiles\contrib\signalsource\lslsource\lslsource.dir\release\lslsource.tlog\rc.command.1.tlog
c:\bci2000.python3\build\cmakefiles\contrib\signalsource\lslsource\lslsource.dir\release\lslsource.tlog\rc.read.1.tlog
c:\bci2000.python3\build\cmakefiles\contrib\signalsource\lslsource\lslsource.dir\release\lslsource.tlog\rc.write.1.tlog
