c:\bci2000.python3\build\cmakefiles\core\tools\cmdline\release\bci_stream2prm_core.pch
c:\bci2000.python3\build\cmakefiles\core\tools\cmdline\bci_stream2prm.dir\release\corepch.obj
c:\bci2000.python3\build\cmakefiles\core\tools\cmdline\bci_stream2prm.dir\release\version.obj
c:\bci2000.python3\build\cmakefiles\core\tools\cmdline\bci_stream2prm.dir\release\bcistream_tool.obj
c:\bci2000.python3\build\cmakefiles\core\tools\cmdline\bci_stream2prm.dir\release\bci_stream2prm.obj
c:\bci2000.python3\build\cmakefiles\core\tools\cmdline\bci_stream2prm.dir\release\bci_tool.obj
c:\bci2000.python3\build\cmakefiles\core\tools\cmdline\cmakefiles\generate.stamp
c:\bci2000.python3\build\cmakefiles\core\tools\cmdline\release\bci_stream2prm.exe
c:\bci2000.python3\build\cmakefiles\core\tools\cmdline\bci_stream2prm.dir\release\version.res
c:\bci2000.python3\build\cmakefiles\core\tools\cmdline\bci_stream2prm.dir\release\appicon.res
c:\bci2000.python3\build\cmakefiles\core\tools\cmdline\bci_stream2prm.dir\release\bci_stream2prm.tlog\cl.command.1.tlog
c:\bci2000.python3\build\cmakefiles\core\tools\cmdline\bci_stream2prm.dir\release\bci_stream2prm.tlog\cl.read.1.tlog
c:\bci2000.python3\build\cmakefiles\core\tools\cmdline\bci_stream2prm.dir\release\bci_stream2prm.tlog\cl.write.1.tlog
c:\bci2000.python3\build\cmakefiles\core\tools\cmdline\bci_stream2prm.dir\release\bci_stream2prm.tlog\custombuild.command.1.tlog
c:\bci2000.python3\build\cmakefiles\core\tools\cmdline\bci_stream2prm.dir\release\bci_stream2prm.tlog\custombuild.read.1.tlog
c:\bci2000.python3\build\cmakefiles\core\tools\cmdline\bci_stream2prm.dir\release\bci_stream2prm.tlog\custombuild.write.1.tlog
c:\bci2000.python3\build\cmakefiles\core\tools\cmdline\bci_stream2prm.dir\release\bci_stream2prm.tlog\link.command.1.tlog
c:\bci2000.python3\build\cmakefiles\core\tools\cmdline\bci_stream2prm.dir\release\bci_stream2prm.tlog\link.read.1.tlog
c:\bci2000.python3\build\cmakefiles\core\tools\cmdline\bci_stream2prm.dir\release\bci_stream2prm.tlog\link.write.1.tlog
c:\bci2000.python3\build\cmakefiles\core\tools\cmdline\bci_stream2prm.dir\release\bci_stream2prm.tlog\rc.command.1.tlog
c:\bci2000.python3\build\cmakefiles\core\tools\cmdline\bci_stream2prm.dir\release\bci_stream2prm.tlog\rc.read.1.tlog
c:\bci2000.python3\build\cmakefiles\core\tools\cmdline\bci_stream2prm.dir\release\bci_stream2prm.tlog\rc.write.1.tlog
