c:\bci2000.python3\build\cmakefiles\frameworks\corelib\staticcrt\release\bci2000frameworkcore_staticcrt_core.pch
c:\bci2000.python3\build\cmakefiles\frameworks\corelib\staticcrt\bci2000frameworkcore_staticcrt.dir\release\corepch.obj
c:\bci2000.python3\build\cmakefiles\frameworks\corelib\staticcrt\bci2000frameworkcore_staticcrt.dir\release\blob.obj
c:\bci2000.python3\build\cmakefiles\frameworks\corelib\staticcrt\bci2000frameworkcore_staticcrt.dir\release\bitmapimage.obj
c:\bci2000.python3\build\cmakefiles\frameworks\corelib\staticcrt\bci2000frameworkcore_staticcrt.dir\release\coreconnection.obj
c:\bci2000.python3\build\cmakefiles\frameworks\corelib\staticcrt\bci2000frameworkcore_staticcrt.dir\release\messagechannel.obj
c:\bci2000.python3\build\cmakefiles\frameworks\corelib\staticcrt\bci2000frameworkcore_staticcrt.dir\release\standalonefilters.obj
c:\bci2000.python3\build\cmakefiles\frameworks\corelib\staticcrt\bci2000frameworkcore_staticcrt.dir\release\filtercombination.obj
c:\bci2000.python3\build\cmakefiles\frameworks\corelib\staticcrt\bci2000frameworkcore_staticcrt.dir\release\choicecombination.obj
c:\bci2000.python3\build\cmakefiles\frameworks\corelib\staticcrt\bci2000frameworkcore_staticcrt.dir\release\genericfilter.obj
c:\bci2000.python3\build\cmakefiles\frameworks\corelib\staticcrt\bci2000frameworkcore_staticcrt.dir\release\expressionparser.obj
c:\bci2000.python3\build\cmakefiles\frameworks\corelib\staticcrt\bci2000frameworkcore_staticcrt.dir\release\expressionnodes.obj
c:\bci2000.python3\build\cmakefiles\frameworks\corelib\staticcrt\bci2000frameworkcore_staticcrt.dir\release\expression.obj
c:\bci2000.python3\build\cmakefiles\frameworks\corelib\staticcrt\bci2000frameworkcore_staticcrt.dir\release\arithmeticexpression.obj
c:\bci2000.python3\build\cmakefiles\frameworks\corelib\staticcrt\bci2000frameworkcore_staticcrt.dir\release\asynciodevice.obj
c:\bci2000.python3\build\cmakefiles\frameworks\corelib\staticcrt\bci2000frameworkcore_staticcrt.dir\release\eventqueue.obj
c:\bci2000.python3\build\cmakefiles\frameworks\corelib\staticcrt\bci2000frameworkcore_staticcrt.dir\release\indexlist.obj
c:\bci2000.python3\build\cmakefiles\frameworks\corelib\staticcrt\bci2000frameworkcore_staticcrt.dir\release\precisiontime.obj
c:\bci2000.python3\build\cmakefiles\frameworks\corelib\staticcrt\bci2000frameworkcore_staticcrt.dir\release\measurementunits.obj
c:\bci2000.python3\build\cmakefiles\frameworks\corelib\staticcrt\bci2000frameworkcore_staticcrt.dir\release\randomgenerator.obj
c:\bci2000.python3\build\cmakefiles\frameworks\corelib\staticcrt\bci2000frameworkcore_staticcrt.dir\release\logfile.obj
c:\bci2000.python3\build\cmakefiles\frameworks\corelib\staticcrt\bci2000frameworkcore_staticcrt.dir\release\versioninfo.obj
c:\bci2000.python3\build\cmakefiles\frameworks\corelib\staticcrt\bci2000frameworkcore_staticcrt.dir\release\status.obj
c:\bci2000.python3\build\cmakefiles\frameworks\corelib\staticcrt\bci2000frameworkcore_staticcrt.dir\release\statevector.obj
c:\bci2000.python3\build\cmakefiles\frameworks\corelib\staticcrt\bci2000frameworkcore_staticcrt.dir\release\statelist.obj
c:\bci2000.python3\build\cmakefiles\frameworks\corelib\staticcrt\bci2000frameworkcore_staticcrt.dir\release\state.obj
c:\bci2000.python3\build\cmakefiles\frameworks\corelib\staticcrt\bci2000frameworkcore_staticcrt.dir\release\signaltype.obj
c:\bci2000.python3\build\cmakefiles\frameworks\corelib\staticcrt\bci2000frameworkcore_staticcrt.dir\release\signalproperties.obj
c:\bci2000.python3\build\cmakefiles\frameworks\corelib\staticcrt\bci2000frameworkcore_staticcrt.dir\release\physicalunit.obj
c:\bci2000.python3\build\cmakefiles\frameworks\corelib\staticcrt\bci2000frameworkcore_staticcrt.dir\release\paramlistview.obj
c:\bci2000.python3\build\cmakefiles\frameworks\corelib\staticcrt\bci2000frameworkcore_staticcrt.dir\release\paramlist.obj
c:\bci2000.python3\build\cmakefiles\frameworks\corelib\staticcrt\bci2000frameworkcore_staticcrt.dir\release\param.obj
c:\bci2000.python3\build\cmakefiles\frameworks\corelib\staticcrt\bci2000frameworkcore_staticcrt.dir\release\labelindex.obj
c:\bci2000.python3\build\cmakefiles\frameworks\corelib\staticcrt\bci2000frameworkcore_staticcrt.dir\release\label.obj
c:\bci2000.python3\build\cmakefiles\frameworks\corelib\staticcrt\bci2000frameworkcore_staticcrt.dir\release\hierarchicallabel.obj
c:\bci2000.python3\build\cmakefiles\frameworks\corelib\staticcrt\bci2000frameworkcore_staticcrt.dir\release\genericvisualization.obj
c:\bci2000.python3\build\cmakefiles\frameworks\corelib\staticcrt\bci2000frameworkcore_staticcrt.dir\release\genericsignal.obj
c:\bci2000.python3\build\cmakefiles\frameworks\corelib\staticcrt\bci2000frameworkcore_staticcrt.dir\release\encodedstring.obj
c:\bci2000.python3\build\cmakefiles\frameworks\corelib\staticcrt\bci2000frameworkcore_staticcrt.dir\release\color.obj
c:\bci2000.python3\build\cmakefiles\frameworks\corelib\staticcrt\bci2000frameworkcore_staticcrt.dir\release\cfgid.obj
c:\bci2000.python3\build\cmakefiles\frameworks\corelib\staticcrt\bci2000frameworkcore_staticcrt.dir\release\brackets.obj
c:\bci2000.python3\build\cmakefiles\frameworks\corelib\staticcrt\bci2000frameworkcore_staticcrt.dir\release\tree.obj
c:\bci2000.python3\build\cmakefiles\frameworks\corelib\staticcrt\bci2000frameworkcore_staticcrt.dir\release\serialstream.obj
c:\bci2000.python3\build\cmakefiles\frameworks\corelib\staticcrt\bci2000frameworkcore_staticcrt.dir\release\bci2000filereader.obj
c:\bci2000.python3\build\cmakefiles\frameworks\corelib\staticcrt\bci2000frameworkcore_staticcrt.dir\release\runmanager.obj
c:\bci2000.python3\build\cmakefiles\frameworks\corelib\staticcrt\bci2000frameworkcore_staticcrt.dir\release\bcistream.obj
c:\bci2000.python3\build\cmakefiles\frameworks\corelib\staticcrt\bci2000frameworkcore_staticcrt.dir\release\stateref.obj
c:\bci2000.python3\build\cmakefiles\frameworks\corelib\staticcrt\bci2000frameworkcore_staticcrt.dir\release\paramref.obj
c:\bci2000.python3\build\cmakefiles\frameworks\corelib\staticcrt\bci2000frameworkcore_staticcrt.dir\release\environment.obj
c:\bci2000.python3\build\cmakefiles\frameworks\corelib\staticcrt\bci2000frameworkcore_staticcrt.dir\release\bcievent.obj
c:\bci2000.python3\build\cmakefiles\frameworks\corelib\staticcrt\bci2000frameworkcore_staticcrt.dir\release\visid.obj
c:\bci2000.python3\build\cmakefiles\frameworks\corelib\staticcrt\bci2000frameworkcore_staticcrt.dir\release\syscommand.obj
c:\bci2000.python3\build\cmakefiles\frameworks\corelib\staticcrt\cmakefiles\generate.stamp
c:\bci2000.python3\build\cmakefiles\frameworks\corelib\staticcrt\release\bci2000frameworkcore_staticcrt.lib
c:\bci2000.python3\build\cmakefiles\frameworks\corelib\staticcrt\bci2000frameworkcore_staticcrt.dir\release\bci2000f.29703b84.tlog\cl.command.1.tlog
c:\bci2000.python3\build\cmakefiles\frameworks\corelib\staticcrt\bci2000frameworkcore_staticcrt.dir\release\bci2000f.29703b84.tlog\cl.read.1.tlog
c:\bci2000.python3\build\cmakefiles\frameworks\corelib\staticcrt\bci2000frameworkcore_staticcrt.dir\release\bci2000f.29703b84.tlog\cl.write.1.tlog
c:\bci2000.python3\build\cmakefiles\frameworks\corelib\staticcrt\bci2000frameworkcore_staticcrt.dir\release\bci2000f.29703b84.tlog\custombuild.command.1.tlog
c:\bci2000.python3\build\cmakefiles\frameworks\corelib\staticcrt\bci2000frameworkcore_staticcrt.dir\release\bci2000f.29703b84.tlog\custombuild.read.1.tlog
c:\bci2000.python3\build\cmakefiles\frameworks\corelib\staticcrt\bci2000frameworkcore_staticcrt.dir\release\bci2000f.29703b84.tlog\custombuild.write.1.tlog
c:\bci2000.python3\build\cmakefiles\frameworks\corelib\staticcrt\bci2000frameworkcore_staticcrt.dir\release\bci2000f.29703b84.tlog\lib-link.read.1.tlog
c:\bci2000.python3\build\cmakefiles\frameworks\corelib\staticcrt\bci2000frameworkcore_staticcrt.dir\release\bci2000f.29703b84.tlog\lib-link.write.1.tlog
c:\bci2000.python3\build\cmakefiles\frameworks\corelib\staticcrt\bci2000frameworkcore_staticcrt.dir\release\bci2000f.29703b84.tlog\lib.command.1.tlog
