c:\bci2000.python3\build\cmakefiles\core\signalsource\signalgenerator\release\signalgenerator_core.pch
c:\bci2000.python3\build\cmakefiles\core\signalsource\signalgenerator\signalgenerator.dir\release\corepch.obj
c:\bci2000.python3\build\cmakefiles\core\signalsource\signalgenerator\signalgenerator.dir\release\winmain.obj
c:\bci2000.python3\build\cmakefiles\core\signalsource\signalgenerator\signalgenerator.dir\release\version.obj
c:\bci2000.python3\build\cmakefiles\core\signalsource\signalgenerator\signalgenerator.dir\release\filterdesign.obj
c:\bci2000.python3\build\cmakefiles\core\signalsource\signalgenerator\signalgenerator.dir\release\iirfilterbase.obj
c:\bci2000.python3\build\cmakefiles\core\signalsource\signalgenerator\signalgenerator.dir\release\sourcefilter.obj
c:\bci2000.python3\build\cmakefiles\core\signalsource\signalgenerator\signalgenerator.dir\release\bcistream_module.obj
c:\bci2000.python3\build\cmakefiles\core\signalsource\signalgenerator\signalgenerator.dir\release\coremodule.obj
c:\bci2000.python3\build\cmakefiles\core\signalsource\signalgenerator\signalgenerator.dir\release\coremain.obj
c:\bci2000.python3\build\cmakefiles\core\signalsource\signalgenerator\signalgenerator.dir\release\testlogger.obj
c:\bci2000.python3\build\cmakefiles\core\signalsource\signalgenerator\signalgenerator.dir\release\signalgeneratoradc.obj
c:\bci2000.python3\build\cmakefiles\core\signalsource\signalgenerator\release\signalgenerator.exe
c:\bci2000.python3\build\cmakefiles\core\signalsource\signalgenerator\signalgenerator.dir\release\version.res
c:\bci2000.python3\build\cmakefiles\core\signalsource\signalgenerator\signalgenerator.dir\release\appicon.res
c:\bci2000.python3\build\cmakefiles\core\signalsource\signalgenerator\signalgenerator.dir\release\signalgenerator.tlog\cl.command.1.tlog
c:\bci2000.python3\build\cmakefiles\core\signalsource\signalgenerator\signalgenerator.dir\release\signalgenerator.tlog\cl.read.1.tlog
c:\bci2000.python3\build\cmakefiles\core\signalsource\signalgenerator\signalgenerator.dir\release\signalgenerator.tlog\cl.write.1.tlog
c:\bci2000.python3\build\cmakefiles\core\signalsource\signalgenerator\signalgenerator.dir\release\signalgenerator.tlog\link.command.1.tlog
c:\bci2000.python3\build\cmakefiles\core\signalsource\signalgenerator\signalgenerator.dir\release\signalgenerator.tlog\link.read.1.tlog
c:\bci2000.python3\build\cmakefiles\core\signalsource\signalgenerator\signalgenerator.dir\release\signalgenerator.tlog\link.write.1.tlog
c:\bci2000.python3\build\cmakefiles\core\signalsource\signalgenerator\signalgenerator.dir\release\signalgenerator.tlog\rc.command.1.tlog
c:\bci2000.python3\build\cmakefiles\core\signalsource\signalgenerator\signalgenerator.dir\release\signalgenerator.tlog\rc.read.1.tlog
c:\bci2000.python3\build\cmakefiles\core\signalsource\signalgenerator\signalgenerator.dir\release\signalgenerator.tlog\rc.write.1.tlog
