c:\bci2000.python3\build\cmakefiles\contrib\signalsource\rdaclient\getparams\release\rdagetparams_core.pch
c:\bci2000.python3\build\cmakefiles\contrib\signalsource\rdaclient\getparams\rdagetparams.dir\release\corepch.obj
c:\bci2000.python3\build\cmakefiles\contrib\signalsource\rdaclient\getparams\rdagetparams.dir\release\winmain.obj
c:\bci2000.python3\build\cmakefiles\contrib\signalsource\rdaclient\getparams\rdagetparams.dir\release\version.obj
c:\bci2000.python3\build\cmakefiles\contrib\signalsource\rdaclient\getparams\rdagetparams.dir\release\bcistream_tool.obj
c:\bci2000.python3\build\cmakefiles\contrib\signalsource\rdaclient\getparams\rdagetparams.dir\release\rdaprotocol.obj
c:\bci2000.python3\build\cmakefiles\contrib\signalsource\rdaclient\getparams\rdagetparams.dir\release\rdagetparams.obj
c:\bci2000.python3\build\cmakefiles\contrib\signalsource\rdaclient\getparams\cmakefiles\generate.stamp
c:\bci2000.python3\build\cmakefiles\contrib\signalsource\rdaclient\getparams\release\rdagetparams.exe
c:\bci2000.python3\build\cmakefiles\contrib\signalsource\rdaclient\getparams\rdagetparams.dir\release\version.res
c:\bci2000.python3\build\cmakefiles\contrib\signalsource\rdaclient\getparams\rdagetparams.dir\release\rdagetparams.tlog\cl.command.1.tlog
c:\bci2000.python3\build\cmakefiles\contrib\signalsource\rdaclient\getparams\rdagetparams.dir\release\rdagetparams.tlog\cl.read.1.tlog
c:\bci2000.python3\build\cmakefiles\contrib\signalsource\rdaclient\getparams\rdagetparams.dir\release\rdagetparams.tlog\cl.write.1.tlog
c:\bci2000.python3\build\cmakefiles\contrib\signalsource\rdaclient\getparams\rdagetparams.dir\release\rdagetparams.tlog\custombuild.command.1.tlog
c:\bci2000.python3\build\cmakefiles\contrib\signalsource\rdaclient\getparams\rdagetparams.dir\release\rdagetparams.tlog\custombuild.read.1.tlog
c:\bci2000.python3\build\cmakefiles\contrib\signalsource\rdaclient\getparams\rdagetparams.dir\release\rdagetparams.tlog\custombuild.write.1.tlog
c:\bci2000.python3\build\cmakefiles\contrib\signalsource\rdaclient\getparams\rdagetparams.dir\release\rdagetparams.tlog\link.command.1.tlog
c:\bci2000.python3\build\cmakefiles\contrib\signalsource\rdaclient\getparams\rdagetparams.dir\release\rdagetparams.tlog\link.read.1.tlog
c:\bci2000.python3\build\cmakefiles\contrib\signalsource\rdaclient\getparams\rdagetparams.dir\release\rdagetparams.tlog\link.write.1.tlog
c:\bci2000.python3\build\cmakefiles\contrib\signalsource\rdaclient\getparams\rdagetparams.dir\release\rdagetparams.tlog\rc.command.1.tlog
c:\bci2000.python3\build\cmakefiles\contrib\signalsource\rdaclient\getparams\rdagetparams.dir\release\rdagetparams.tlog\rc.read.1.tlog
c:\bci2000.python3\build\cmakefiles\contrib\signalsource\rdaclient\getparams\rdagetparams.dir\release\rdagetparams.tlog\rc.write.1.tlog
