  Building Custom Rule C:/BCI2000.python3/src/contrib/SignalProcessing/HilbertSignalProcessing/CMakeLists.txt
  CMake does not need to re-run because C:/BCI2000.python3/build/CMakeFiles/contrib/SignalProcessing/HilbertSignalProcessing/CMakeFiles/generate.stamp is up-to-date.
  CorePCH.cpp
  PipeDefinition.cpp
  CustomFIRFilter.cpp
  CustomIIRFilter.cpp
  HilbertFilter.cpp
  DiffFilter.cpp
  CoreMain.cpp
  CoreModule.cpp
  BCIStream_module.cpp
  FilterDesign.cpp
  Version.cpp
  WinMain.cpp
  Generating Code...
  HilbertSignalProcessing.vcxproj -> C:\BCI2000.python3\build\CMakeFiles\contrib\SignalProcessing\HilbertSignalProcessing\Release\HilbertSignalProcessing.exe
  	Deploying executable
  copying files:
  Copying HilbertSignalProcessing.exe ...
  Copying msvcp140.dll ...
  Copying vcruntime140.dll ...
  Copying vcomp140.dll ...
  Copying libfftw3-3.dll ...
  Done.
