c:\bci2000.python3\build\cmakefiles\contrib\signalprocessing\hilbertsignalprocessing\release\hilbertsignalprocessing_core.pch
c:\bci2000.python3\build\cmakefiles\contrib\signalprocessing\hilbertsignalprocessing\hilbertsignalprocessing.dir\release\corepch.obj
c:\bci2000.python3\build\cmakefiles\contrib\signalprocessing\hilbertsignalprocessing\hilbertsignalprocessing.dir\release\winmain.obj
c:\bci2000.python3\build\cmakefiles\contrib\signalprocessing\hilbertsignalprocessing\hilbertsignalprocessing.dir\release\version.obj
c:\bci2000.python3\build\cmakefiles\contrib\signalprocessing\hilbertsignalprocessing\hilbertsignalprocessing.dir\release\filterdesign.obj
c:\bci2000.python3\build\cmakefiles\contrib\signalprocessing\hilbertsignalprocessing\hilbertsignalprocessing.dir\release\bcistream_module.obj
c:\bci2000.python3\build\cmakefiles\contrib\signalprocessing\hilbertsignalprocessing\hilbertsignalprocessing.dir\release\coremodule.obj
c:\bci2000.python3\build\cmakefiles\contrib\signalprocessing\hilbertsignalprocessing\hilbertsignalprocessing.dir\release\coremain.obj
c:\bci2000.python3\build\cmakefiles\contrib\signalprocessing\hilbertsignalprocessing\hilbertsignalprocessing.dir\release\difffilter.obj
c:\bci2000.python3\build\cmakefiles\contrib\signalprocessing\hilbertsignalprocessing\hilbertsignalprocessing.dir\release\hilbertfilter.obj
c:\bci2000.python3\build\cmakefiles\contrib\signalprocessing\hilbertsignalprocessing\hilbertsignalprocessing.dir\release\customiirfilter.obj
c:\bci2000.python3\build\cmakefiles\contrib\signalprocessing\hilbertsignalprocessing\hilbertsignalprocessing.dir\release\customfirfilter.obj
c:\bci2000.python3\build\cmakefiles\contrib\signalprocessing\hilbertsignalprocessing\hilbertsignalprocessing.dir\release\pipedefinition.obj
c:\bci2000.python3\build\cmakefiles\contrib\signalprocessing\hilbertsignalprocessing\cmakefiles\generate.stamp
c:\bci2000.python3\build\cmakefiles\contrib\signalprocessing\hilbertsignalprocessing\release\hilbertsignalprocessing.exe
c:\bci2000.python3\build\cmakefiles\contrib\signalprocessing\hilbertsignalprocessing\hilbertsignalprocessing.dir\release\version.res
c:\bci2000.python3\build\cmakefiles\contrib\signalprocessing\hilbertsignalprocessing\hilbertsignalprocessing.dir\release\appicon.res
c:\bci2000.python3\build\cmakefiles\contrib\signalprocessing\hilbertsignalprocessing\hilbertsignalprocessing.dir\release\hilberts.6b48d5b7.tlog\cl.command.1.tlog
c:\bci2000.python3\build\cmakefiles\contrib\signalprocessing\hilbertsignalprocessing\hilbertsignalprocessing.dir\release\hilberts.6b48d5b7.tlog\cl.read.1.tlog
c:\bci2000.python3\build\cmakefiles\contrib\signalprocessing\hilbertsignalprocessing\hilbertsignalprocessing.dir\release\hilberts.6b48d5b7.tlog\cl.write.1.tlog
c:\bci2000.python3\build\cmakefiles\contrib\signalprocessing\hilbertsignalprocessing\hilbertsignalprocessing.dir\release\hilberts.6b48d5b7.tlog\custombuild.command.1.tlog
c:\bci2000.python3\build\cmakefiles\contrib\signalprocessing\hilbertsignalprocessing\hilbertsignalprocessing.dir\release\hilberts.6b48d5b7.tlog\custombuild.read.1.tlog
c:\bci2000.python3\build\cmakefiles\contrib\signalprocessing\hilbertsignalprocessing\hilbertsignalprocessing.dir\release\hilberts.6b48d5b7.tlog\custombuild.write.1.tlog
c:\bci2000.python3\build\cmakefiles\contrib\signalprocessing\hilbertsignalprocessing\hilbertsignalprocessing.dir\release\hilberts.6b48d5b7.tlog\link.command.1.tlog
c:\bci2000.python3\build\cmakefiles\contrib\signalprocessing\hilbertsignalprocessing\hilbertsignalprocessing.dir\release\hilberts.6b48d5b7.tlog\link.read.1.tlog
c:\bci2000.python3\build\cmakefiles\contrib\signalprocessing\hilbertsignalprocessing\hilbertsignalprocessing.dir\release\hilberts.6b48d5b7.tlog\link.write.1.tlog
c:\bci2000.python3\build\cmakefiles\contrib\signalprocessing\hilbertsignalprocessing\hilbertsignalprocessing.dir\release\hilberts.6b48d5b7.tlog\rc.command.1.tlog
c:\bci2000.python3\build\cmakefiles\contrib\signalprocessing\hilbertsignalprocessing\hilbertsignalprocessing.dir\release\hilberts.6b48d5b7.tlog\rc.read.1.tlog
c:\bci2000.python3\build\cmakefiles\contrib\signalprocessing\hilbertsignalprocessing\hilbertsignalprocessing.dir\release\hilberts.6b48d5b7.tlog\rc.write.1.tlog
